2017-12-10 10:05:48 trace :
------------
String:
<xml><ToUserName><![CDATA[gh_7bcd94754b84]]></ToUserName>
<FromUserName><![CDATA[o01Wu01-zSLzut3cB22KEbJ3JxzY]]></FromUserName>
<CreateTime>1512871548</CreateTime>
<MsgType><![CDATA[event]]></MsgType>
<Event><![CDATA[VIEW]]></Event>
<EventKey><![CDATA[http://we7.oneap.net/app/index.php?i=2&c=entry&eid=15]]></EventKey>
<MenuId>817056163</MenuId>
</xml>

2017-12-10 10:05:48 params :
------------
String:
array (
  'rule' => -2,
  'module' => '',
  'message' => 
  array (
    'tousername' => 'gh_7bcd94754b84',
    'fromusername' => 'o01Wu01-zSLzut3cB22KEbJ3JxzY',
    'createtime' => '1512871548',
    'msgtype' => 'event',
    'event' => 'VIEW',
    'eventkey' => 'http://we7.oneap.net/app/index.php?i=2&c=entry&eid=15',
    'menuid' => '817056163',
    'from' => 'o01Wu01-zSLzut3cB22KEbJ3JxzY',
    'to' => 'gh_7bcd94754b84',
    'time' => '1512871548',
    'type' => 'text',
    'content' => 'http://we7.oneap.net/app/index.php?i=2&c=entry&eid=15',
    'redirection' => true,
    'source' => 'VIEW',
  ),
)

2017-12-10 10:05:48 response :
------------

2017-12-10 12:08:54 trace :
------------
String:
<xml><ToUserName><![CDATA[gh_7bcd94754b84]]></ToUserName>
<FromUserName><![CDATA[o01Wu01-zSLzut3cB22KEbJ3JxzY]]></FromUserName>
<CreateTime>1512878934</CreateTime>
<MsgType><![CDATA[event]]></MsgType>
<Event><![CDATA[VIEW]]></Event>
<EventKey><![CDATA[http://we7.oneap.net/app/index.php?i=2&c=entry&eid=15]]></EventKey>
<MenuId>817056163</MenuId>
</xml>

2017-12-10 12:08:54 params :
------------
String:
array (
  'rule' => -2,
  'module' => '',
  'message' => 
  array (
    'tousername' => 'gh_7bcd94754b84',
    'fromusername' => 'o01Wu01-zSLzut3cB22KEbJ3JxzY',
    'createtime' => '1512878934',
    'msgtype' => 'event',
    'event' => 'VIEW',
    'eventkey' => 'http://we7.oneap.net/app/index.php?i=2&c=entry&eid=15',
    'menuid' => '817056163',
    'from' => 'o01Wu01-zSLzut3cB22KEbJ3JxzY',
    'to' => 'gh_7bcd94754b84',
    'time' => '1512878934',
    'type' => 'text',
    'content' => 'http://we7.oneap.net/app/index.php?i=2&c=entry&eid=15',
    'redirection' => true,
    'source' => 'VIEW',
  ),
)

2017-12-10 12:08:54 response :
------------

2017-12-10 12:16:46 trace :
------------
String:
<xml><ToUserName><![CDATA[gh_7bcd94754b84]]></ToUserName>
<FromUserName><![CDATA[o01Wu01-zSLzut3cB22KEbJ3JxzY]]></FromUserName>
<CreateTime>1512879406</CreateTime>
<MsgType><![CDATA[event]]></MsgType>
<Event><![CDATA[VIEW]]></Event>
<EventKey><![CDATA[http://we7.oneap.net/app/index.php?i=2&c=entry&eid=15]]></EventKey>
<MenuId>817056163</MenuId>
</xml>

2017-12-10 12:16:46 params :
------------
String:
array (
  'rule' => -2,
  'module' => '',
  'message' => 
  array (
    'tousername' => 'gh_7bcd94754b84',
    'fromusername' => 'o01Wu01-zSLzut3cB22KEbJ3JxzY',
    'createtime' => '1512879406',
    'msgtype' => 'event',
    'event' => 'VIEW',
    'eventkey' => 'http://we7.oneap.net/app/index.php?i=2&c=entry&eid=15',
    'menuid' => '817056163',
    'from' => 'o01Wu01-zSLzut3cB22KEbJ3JxzY',
    'to' => 'gh_7bcd94754b84',
    'time' => '1512879406',
    'type' => 'text',
    'content' => 'http://we7.oneap.net/app/index.php?i=2&c=entry&eid=15',
    'redirection' => true,
    'source' => 'VIEW',
  ),
)

2017-12-10 12:16:46 response :
------------

2017-12-10 12:24:04 trace :
------------
String:
<xml><ToUserName><![CDATA[gh_7bcd94754b84]]></ToUserName>
<FromUserName><![CDATA[o01Wu01-zSLzut3cB22KEbJ3JxzY]]></FromUserName>
<CreateTime>1512879843</CreateTime>
<MsgType><![CDATA[event]]></MsgType>
<Event><![CDATA[VIEW]]></Event>
<EventKey><![CDATA[http://we7.oneap.net/app/index.php?i=2&c=entry&eid=15]]></EventKey>
<MenuId>817056163</MenuId>
</xml>

2017-12-10 12:24:04 params :
------------
String:
array (
  'rule' => -2,
  'module' => '',
  'message' => 
  array (
    'tousername' => 'gh_7bcd94754b84',
    'fromusername' => 'o01Wu01-zSLzut3cB22KEbJ3JxzY',
    'createtime' => '1512879843',
    'msgtype' => 'event',
    'event' => 'VIEW',
    'eventkey' => 'http://we7.oneap.net/app/index.php?i=2&c=entry&eid=15',
    'menuid' => '817056163',
    'from' => 'o01Wu01-zSLzut3cB22KEbJ3JxzY',
    'to' => 'gh_7bcd94754b84',
    'time' => '1512879843',
    'type' => 'text',
    'content' => 'http://we7.oneap.net/app/index.php?i=2&c=entry&eid=15',
    'redirection' => true,
    'source' => 'VIEW',
  ),
)

2017-12-10 12:24:04 response :
------------

2017-12-10 12:39:16 trace :
------------
String:
<xml><ToUserName><![CDATA[gh_7bcd94754b84]]></ToUserName>
<FromUserName><![CDATA[o01Wu01-zSLzut3cB22KEbJ3JxzY]]></FromUserName>
<CreateTime>1512880756</CreateTime>
<MsgType><![CDATA[event]]></MsgType>
<Event><![CDATA[VIEW]]></Event>
<EventKey><![CDATA[http://we7.oneap.net/app/index.php?i=2&c=entry&eid=15]]></EventKey>
<MenuId>817056163</MenuId>
</xml>

2017-12-10 12:39:16 params :
------------
String:
array (
  'rule' => -2,
  'module' => '',
  'message' => 
  array (
    'tousername' => 'gh_7bcd94754b84',
    'fromusername' => 'o01Wu01-zSLzut3cB22KEbJ3JxzY',
    'createtime' => '1512880756',
    'msgtype' => 'event',
    'event' => 'VIEW',
    'eventkey' => 'http://we7.oneap.net/app/index.php?i=2&c=entry&eid=15',
    'menuid' => '817056163',
    'from' => 'o01Wu01-zSLzut3cB22KEbJ3JxzY',
    'to' => 'gh_7bcd94754b84',
    'time' => '1512880756',
    'type' => 'text',
    'content' => 'http://we7.oneap.net/app/index.php?i=2&c=entry&eid=15',
    'redirection' => true,
    'source' => 'VIEW',
  ),
)

2017-12-10 12:39:16 response :
------------

2017-12-10 13:26:15 trace :
------------
String:
<xml><ToUserName><![CDATA[gh_7bcd94754b84]]></ToUserName>
<FromUserName><![CDATA[o01Wu01-zSLzut3cB22KEbJ3JxzY]]></FromUserName>
<CreateTime>1512883575</CreateTime>
<MsgType><![CDATA[event]]></MsgType>
<Event><![CDATA[VIEW]]></Event>
<EventKey><![CDATA[http://we7.oneap.net/app/index.php?i=2&c=entry&eid=15]]></EventKey>
<MenuId>817056163</MenuId>
</xml>

2017-12-10 13:26:15 params :
------------
String:
array (
  'rule' => -2,
  'module' => '',
  'message' => 
  array (
    'tousername' => 'gh_7bcd94754b84',
    'fromusername' => 'o01Wu01-zSLzut3cB22KEbJ3JxzY',
    'createtime' => '1512883575',
    'msgtype' => 'event',
    'event' => 'VIEW',
    'eventkey' => 'http://we7.oneap.net/app/index.php?i=2&c=entry&eid=15',
    'menuid' => '817056163',
    'from' => 'o01Wu01-zSLzut3cB22KEbJ3JxzY',
    'to' => 'gh_7bcd94754b84',
    'time' => '1512883575',
    'type' => 'text',
    'content' => 'http://we7.oneap.net/app/index.php?i=2&c=entry&eid=15',
    'redirection' => true,
    'source' => 'VIEW',
  ),
)

2017-12-10 13:26:15 response :
------------

2017-12-10 13:27:17 trace :
------------
String:
<xml><ToUserName><![CDATA[gh_7bcd94754b84]]></ToUserName>
<FromUserName><![CDATA[o01Wu01-zSLzut3cB22KEbJ3JxzY]]></FromUserName>
<CreateTime>1512883637</CreateTime>
<MsgType><![CDATA[event]]></MsgType>
<Event><![CDATA[VIEW]]></Event>
<EventKey><![CDATA[http://we7.oneap.net/app/index.php?i=2&c=entry&eid=15]]></EventKey>
<MenuId>817056163</MenuId>
</xml>

2017-12-10 13:27:17 params :
------------
String:
array (
  'rule' => -2,
  'module' => '',
  'message' => 
  array (
    'tousername' => 'gh_7bcd94754b84',
    'fromusername' => 'o01Wu01-zSLzut3cB22KEbJ3JxzY',
    'createtime' => '1512883637',
    'msgtype' => 'event',
    'event' => 'VIEW',
    'eventkey' => 'http://we7.oneap.net/app/index.php?i=2&c=entry&eid=15',
    'menuid' => '817056163',
    'from' => 'o01Wu01-zSLzut3cB22KEbJ3JxzY',
    'to' => 'gh_7bcd94754b84',
    'time' => '1512883637',
    'type' => 'text',
    'content' => 'http://we7.oneap.net/app/index.php?i=2&c=entry&eid=15',
    'redirection' => true,
    'source' => 'VIEW',
  ),
)

2017-12-10 13:27:17 response :
------------

2017-12-10 13:30:02 trace :
------------
String:
<xml><ToUserName><![CDATA[gh_7bcd94754b84]]></ToUserName>
<FromUserName><![CDATA[o01Wu01-zSLzut3cB22KEbJ3JxzY]]></FromUserName>
<CreateTime>1512883801</CreateTime>
<MsgType><![CDATA[event]]></MsgType>
<Event><![CDATA[VIEW]]></Event>
<EventKey><![CDATA[http://we7.oneap.net/app/index.php?i=2&c=entry&eid=15]]></EventKey>
<MenuId>817056163</MenuId>
</xml>

2017-12-10 13:30:02 params :
------------
String:
array (
  'rule' => -2,
  'module' => '',
  'message' => 
  array (
    'tousername' => 'gh_7bcd94754b84',
    'fromusername' => 'o01Wu01-zSLzut3cB22KEbJ3JxzY',
    'createtime' => '1512883801',
    'msgtype' => 'event',
    'event' => 'VIEW',
    'eventkey' => 'http://we7.oneap.net/app/index.php?i=2&c=entry&eid=15',
    'menuid' => '817056163',
    'from' => 'o01Wu01-zSLzut3cB22KEbJ3JxzY',
    'to' => 'gh_7bcd94754b84',
    'time' => '1512883801',
    'type' => 'text',
    'content' => 'http://we7.oneap.net/app/index.php?i=2&c=entry&eid=15',
    'redirection' => true,
    'source' => 'VIEW',
  ),
)

2017-12-10 13:30:02 response :
------------

2017-12-10 13:46:12 pay :
------------
String:
array (
  'appid' => 'wx6e79d28ccc2a8c05',
  'attach' => '2',
  'bank_type' => 'CFT',
  'cash_fee' => '48',
  'fee_type' => 'CNY',
  'is_subscribe' => 'Y',
  'mch_id' => '1490957872',
  'nonce_str' => 'FZuGXP6C',
  'openid' => 'o01Wu01-zSLzut3cB22KEbJ3JxzY',
  'out_trade_no' => '2017121013455200001200027343',
  'result_code' => 'SUCCESS',
  'return_code' => 'SUCCESS',
  'sign' => '84D2996876F7838D8F5B4237C0D0A64B',
  'time_end' => '20171210134611',
  'total_fee' => '48',
  'trade_type' => 'JSAPI',
  'transaction_id' => '4200000047201712101333150913',
)

2017-12-10 13:46:27 pay :
------------
String:
array (
  'appid' => 'wx6e79d28ccc2a8c05',
  'attach' => '2',
  'bank_type' => 'CFT',
  'cash_fee' => '48',
  'fee_type' => 'CNY',
  'is_subscribe' => 'Y',
  'mch_id' => '1490957872',
  'nonce_str' => 'FZuGXP6C',
  'openid' => 'o01Wu01-zSLzut3cB22KEbJ3JxzY',
  'out_trade_no' => '2017121013455200001200027343',
  'result_code' => 'SUCCESS',
  'return_code' => 'SUCCESS',
  'sign' => '84D2996876F7838D8F5B4237C0D0A64B',
  'time_end' => '20171210134611',
  'total_fee' => '48',
  'trade_type' => 'JSAPI',
  'transaction_id' => '4200000047201712101333150913',
)

2017-12-10 13:46:44 pay :
------------
String:
array (
  'appid' => 'wx6e79d28ccc2a8c05',
  'attach' => '2',
  'bank_type' => 'CFT',
  'cash_fee' => '48',
  'fee_type' => 'CNY',
  'is_subscribe' => 'Y',
  'mch_id' => '1490957872',
  'nonce_str' => 'FZuGXP6C',
  'openid' => 'o01Wu01-zSLzut3cB22KEbJ3JxzY',
  'out_trade_no' => '2017121013455200001200027343',
  'result_code' => 'SUCCESS',
  'return_code' => 'SUCCESS',
  'sign' => '84D2996876F7838D8F5B4237C0D0A64B',
  'time_end' => '20171210134611',
  'total_fee' => '48',
  'trade_type' => 'JSAPI',
  'transaction_id' => '4200000047201712101333150913',
)

2017-12-10 13:47:18 pay :
------------
String:
array (
  'appid' => 'wx6e79d28ccc2a8c05',
  'attach' => '2',
  'bank_type' => 'CFT',
  'cash_fee' => '48',
  'fee_type' => 'CNY',
  'is_subscribe' => 'Y',
  'mch_id' => '1490957872',
  'nonce_str' => 'FZuGXP6C',
  'openid' => 'o01Wu01-zSLzut3cB22KEbJ3JxzY',
  'out_trade_no' => '2017121013455200001200027343',
  'result_code' => 'SUCCESS',
  'return_code' => 'SUCCESS',
  'sign' => '84D2996876F7838D8F5B4237C0D0A64B',
  'time_end' => '20171210134611',
  'total_fee' => '48',
  'trade_type' => 'JSAPI',
  'transaction_id' => '4200000047201712101333150913',
)

2017-12-10 13:50:19 pay :
------------
String:
array (
  'appid' => 'wx6e79d28ccc2a8c05',
  'attach' => '2',
  'bank_type' => 'CFT',
  'cash_fee' => '48',
  'fee_type' => 'CNY',
  'is_subscribe' => 'Y',
  'mch_id' => '1490957872',
  'nonce_str' => 'FZuGXP6C',
  'openid' => 'o01Wu01-zSLzut3cB22KEbJ3JxzY',
  'out_trade_no' => '2017121013455200001200027343',
  'result_code' => 'SUCCESS',
  'return_code' => 'SUCCESS',
  'sign' => '84D2996876F7838D8F5B4237C0D0A64B',
  'time_end' => '20171210134611',
  'total_fee' => '48',
  'trade_type' => 'JSAPI',
  'transaction_id' => '4200000047201712101333150913',
)

2017-12-10 13:57:08 trace :
------------
String:
<xml><ToUserName><![CDATA[gh_7bcd94754b84]]></ToUserName>
<FromUserName><![CDATA[o01Wu01-zSLzut3cB22KEbJ3JxzY]]></FromUserName>
<CreateTime>1512885428</CreateTime>
<MsgType><![CDATA[event]]></MsgType>
<Event><![CDATA[VIEW]]></Event>
<EventKey><![CDATA[http://we7.oneap.net/app/index.php?i=2&c=entry&eid=15]]></EventKey>
<MenuId>817056163</MenuId>
</xml>

2017-12-10 13:57:08 params :
------------
String:
array (
  'rule' => -2,
  'module' => '',
  'message' => 
  array (
    'tousername' => 'gh_7bcd94754b84',
    'fromusername' => 'o01Wu01-zSLzut3cB22KEbJ3JxzY',
    'createtime' => '1512885428',
    'msgtype' => 'event',
    'event' => 'VIEW',
    'eventkey' => 'http://we7.oneap.net/app/index.php?i=2&c=entry&eid=15',
    'menuid' => '817056163',
    'from' => 'o01Wu01-zSLzut3cB22KEbJ3JxzY',
    'to' => 'gh_7bcd94754b84',
    'time' => '1512885428',
    'type' => 'text',
    'content' => 'http://we7.oneap.net/app/index.php?i=2&c=entry&eid=15',
    'redirection' => true,
    'source' => 'VIEW',
  ),
)

2017-12-10 13:57:08 response :
------------

2017-12-10 14:20:22 pay :
------------
String:
array (
  'appid' => 'wx6e79d28ccc2a8c05',
  'attach' => '2',
  'bank_type' => 'CFT',
  'cash_fee' => '48',
  'fee_type' => 'CNY',
  'is_subscribe' => 'Y',
  'mch_id' => '1490957872',
  'nonce_str' => 'FZuGXP6C',
  'openid' => 'o01Wu01-zSLzut3cB22KEbJ3JxzY',
  'out_trade_no' => '2017121013455200001200027343',
  'result_code' => 'SUCCESS',
  'return_code' => 'SUCCESS',
  'sign' => '84D2996876F7838D8F5B4237C0D0A64B',
  'time_end' => '20171210134611',
  'total_fee' => '48',
  'trade_type' => 'JSAPI',
  'transaction_id' => '4200000047201712101333150913',
)

2017-12-10 14:46:38 pay-alipay :
------------
String:
array (
  'payment_type' => '1',
  'trade_no' => '2017120921001004230557044899',
  'subject' => '餐饮20171209002486281685',
  'buyer_email' => 'hangming@msn.com',
  'gmt_create' => '2017-12-09 14:22:18',
  'notify_type' => 'trade_status_sync',
  'quantity' => '1',
  'out_trade_no' => '2017120914173400001242602229',
  'seller_id' => '2088621957819369',
  'notify_time' => '2017-12-10 14:46:37',
  'body' => '2',
  'trade_status' => 'TRADE_SUCCESS',
  'is_total_fee_adjust' => 'N',
  'total_fee' => '0.18',
  'gmt_payment' => '2017-12-09 14:22:20',
  'seller_email' => 'jin703@outlook.com',
  'price' => '0.18',
  'buyer_id' => '2088002328471230',
  'notify_id' => '2a611839f6343a62351cdcf8b695c8bhs1',
  'use_coupon' => 'N',
  'sign_type' => 'MD5',
  'sign' => '5d4c17f63b8165e1f00124bffc08bea7',
  'query_type' => 'notify',
)

2017-12-10 14:50:23 pay :
------------
String:
array (
  'appid' => 'wx6e79d28ccc2a8c05',
  'attach' => '2',
  'bank_type' => 'CFT',
  'cash_fee' => '48',
  'fee_type' => 'CNY',
  'is_subscribe' => 'Y',
  'mch_id' => '1490957872',
  'nonce_str' => 'FZuGXP6C',
  'openid' => 'o01Wu01-zSLzut3cB22KEbJ3JxzY',
  'out_trade_no' => '2017121013455200001200027343',
  'result_code' => 'SUCCESS',
  'return_code' => 'SUCCESS',
  'sign' => '84D2996876F7838D8F5B4237C0D0A64B',
  'time_end' => '20171210134611',
  'total_fee' => '48',
  'trade_type' => 'JSAPI',
  'transaction_id' => '4200000047201712101333150913',
)

2017-12-10 15:20:26 pay :
------------
String:
array (
  'appid' => 'wx6e79d28ccc2a8c05',
  'attach' => '2',
  'bank_type' => 'CFT',
  'cash_fee' => '48',
  'fee_type' => 'CNY',
  'is_subscribe' => 'Y',
  'mch_id' => '1490957872',
  'nonce_str' => 'FZuGXP6C',
  'openid' => 'o01Wu01-zSLzut3cB22KEbJ3JxzY',
  'out_trade_no' => '2017121013455200001200027343',
  'result_code' => 'SUCCESS',
  'return_code' => 'SUCCESS',
  'sign' => '84D2996876F7838D8F5B4237C0D0A64B',
  'time_end' => '20171210134611',
  'total_fee' => '48',
  'trade_type' => 'JSAPI',
  'transaction_id' => '4200000047201712101333150913',
)

2017-12-10 15:50:28 pay :
------------
String:
array (
  'appid' => 'wx6e79d28ccc2a8c05',
  'attach' => '2',
  'bank_type' => 'CFT',
  'cash_fee' => '48',
  'fee_type' => 'CNY',
  'is_subscribe' => 'Y',
  'mch_id' => '1490957872',
  'nonce_str' => 'FZuGXP6C',
  'openid' => 'o01Wu01-zSLzut3cB22KEbJ3JxzY',
  'out_trade_no' => '2017121013455200001200027343',
  'result_code' => 'SUCCESS',
  'return_code' => 'SUCCESS',
  'sign' => '84D2996876F7838D8F5B4237C0D0A64B',
  'time_end' => '20171210134611',
  'total_fee' => '48',
  'trade_type' => 'JSAPI',
  'transaction_id' => '4200000047201712101333150913',
)

2017-12-10 16:50:30 pay :
------------
String:
array (
  'appid' => 'wx6e79d28ccc2a8c05',
  'attach' => '2',
  'bank_type' => 'CFT',
  'cash_fee' => '48',
  'fee_type' => 'CNY',
  'is_subscribe' => 'Y',
  'mch_id' => '1490957872',
  'nonce_str' => 'FZuGXP6C',
  'openid' => 'o01Wu01-zSLzut3cB22KEbJ3JxzY',
  'out_trade_no' => '2017121013455200001200027343',
  'result_code' => 'SUCCESS',
  'return_code' => 'SUCCESS',
  'sign' => '84D2996876F7838D8F5B4237C0D0A64B',
  'time_end' => '20171210134611',
  'total_fee' => '48',
  'trade_type' => 'JSAPI',
  'transaction_id' => '4200000047201712101333150913',
)

