2017-12-20 12:22:04 trace :
------------
String:
<xml><ToUserName><![CDATA[gh_7bcd94754b84]]></ToUserName>
<FromUserName><![CDATA[o01Wu01-zSLzut3cB22KEbJ3JxzY]]></FromUserName>
<CreateTime>1513743724</CreateTime>
<MsgType><![CDATA[text]]></MsgType>
<Content><![CDATA[订餐]]></Content>
<MsgId>6501479789931732668</MsgId>
</xml>

2017-12-20 12:22:04 params :
------------
String:
array (
  'message' => 
  array (
    'tousername' => 'gh_7bcd94754b84',
    'fromusername' => 'o01Wu01-zSLzut3cB22KEbJ3JxzY',
    'createtime' => '1513743724',
    'msgtype' => 'text',
    'content' => '订餐',
    'msgid' => '6501479789931732668',
    'from' => 'o01Wu01-zSLzut3cB22KEbJ3JxzY',
    'to' => 'gh_7bcd94754b84',
    'time' => '1513743724',
    'type' => 'text',
    'event' => NULL,
    'redirection' => false,
    'source' => NULL,
  ),
  'module' => 'reply',
  'rule' => '22',
  'priority' => '0',
  'keyword' => 
  array (
    'id' => '66',
    'rid' => '22',
    'uniacid' => '2',
    'module' => 'reply',
    'content' => '订餐',
    'type' => '1',
    'displayorder' => '0',
    'status' => '1',
    'reply_type' => 
    array (
      0 => 'basic',
      1 => 'news',
    ),
  ),
  'reply_type' => 
  array (
    0 => 'basic',
    1 => 'news',
  ),
)

2017-12-20 12:22:04 response :
------------
Array:
FromUserName : gh_7bcd94754b84 ;
ToUserName : o01Wu01-zSLzut3cB22KEbJ3JxzY ;
MsgType : text ;
Content : 欢迎来到明达订餐平台。 ;

2017-12-20 12:24:48 trace :
------------
String:
<xml><ToUserName><![CDATA[gh_7bcd94754b84]]></ToUserName>
<FromUserName><![CDATA[o01Wu01-zSLzut3cB22KEbJ3JxzY]]></FromUserName>
<CreateTime>1513743887</CreateTime>
<MsgType><![CDATA[event]]></MsgType>
<Event><![CDATA[TEMPLATESENDJOBFINISH]]></Event>
<MsgID>69652569705725955</MsgID>
<Status><![CDATA[success]]></Status>
</xml>

2017-12-20 12:24:48 params :
------------
String:
array (
  'rule' => -2,
  'module' => '',
  'message' => 
  array (
    'tousername' => 'gh_7bcd94754b84',
    'fromusername' => 'o01Wu01-zSLzut3cB22KEbJ3JxzY',
    'createtime' => '1513743887',
    'msgtype' => 'event',
    'event' => 'TEMPLATESENDJOBFINISH',
    'msgid' => '69652569705725955',
    'status' => 'success',
    'from' => 'o01Wu01-zSLzut3cB22KEbJ3JxzY',
    'to' => 'gh_7bcd94754b84',
    'time' => '1513743887',
    'type' => 'event',
  ),
)

2017-12-20 12:24:48 response :
------------

2017-12-20 12:24:49 trace :
------------
String:
<xml><ToUserName><![CDATA[gh_7bcd94754b84]]></ToUserName>
<FromUserName><![CDATA[o01Wu09x8WFY1ZBV-HAf-R-a3ytI]]></FromUserName>
<CreateTime>1513743889</CreateTime>
<MsgType><![CDATA[event]]></MsgType>
<Event><![CDATA[TEMPLATESENDJOBFINISH]]></Event>
<MsgID>69652596935229441</MsgID>
<Status><![CDATA[success]]></Status>
</xml>

2017-12-20 12:24:49 params :
------------
String:
array (
  'rule' => -2,
  'module' => '',
  'message' => 
  array (
    'tousername' => 'gh_7bcd94754b84',
    'fromusername' => 'o01Wu09x8WFY1ZBV-HAf-R-a3ytI',
    'createtime' => '1513743889',
    'msgtype' => 'event',
    'event' => 'TEMPLATESENDJOBFINISH',
    'msgid' => '69652596935229441',
    'status' => 'success',
    'from' => 'o01Wu09x8WFY1ZBV-HAf-R-a3ytI',
    'to' => 'gh_7bcd94754b84',
    'time' => '1513743889',
    'type' => 'event',
  ),
)

2017-12-20 12:24:49 response :
------------

