2017-12-25 11:09:47 trace :
------------
String:
<xml><ToUserName><![CDATA[gh_7bcd94754b84]]></ToUserName>
<FromUserName><![CDATA[o01Wu01-zSLzut3cB22KEbJ3JxzY]]></FromUserName>
<CreateTime>1514171387</CreateTime>
<MsgType><![CDATA[event]]></MsgType>
<Event><![CDATA[VIEW]]></Event>
<EventKey><![CDATA[http://we7.oneap.net/app/index.php?i=2&c=entry&eid=15]]></EventKey>
<MenuId>817056163</MenuId>
</xml>

2017-12-25 11:09:47 params :
------------
String:
array (
  'rule' => -2,
  'module' => '',
  'message' => 
  array (
    'tousername' => 'gh_7bcd94754b84',
    'fromusername' => 'o01Wu01-zSLzut3cB22KEbJ3JxzY',
    'createtime' => '1514171387',
    'msgtype' => 'event',
    'event' => 'VIEW',
    'eventkey' => 'http://we7.oneap.net/app/index.php?i=2&c=entry&eid=15',
    'menuid' => '817056163',
    'from' => 'o01Wu01-zSLzut3cB22KEbJ3JxzY',
    'to' => 'gh_7bcd94754b84',
    'time' => '1514171387',
    'type' => 'text',
    'content' => 'http://we7.oneap.net/app/index.php?i=2&c=entry&eid=15',
    'redirection' => true,
    'source' => 'VIEW',
  ),
)

2017-12-25 11:09:47 response :
------------

2017-12-25 11:09:59 trace :
------------
String:
<xml><ToUserName><![CDATA[gh_7bcd94754b84]]></ToUserName>
<FromUserName><![CDATA[o01Wu01-zSLzut3cB22KEbJ3JxzY]]></FromUserName>
<CreateTime>1514171398</CreateTime>
<MsgType><![CDATA[event]]></MsgType>
<Event><![CDATA[VIEW]]></Event>
<EventKey><![CDATA[http://we7.oneap.net/app/index.php?i=2&c=entry&eid=15]]></EventKey>
<MenuId>817056163</MenuId>
</xml>

2017-12-25 11:09:59 params :
------------
String:
array (
  'rule' => -2,
  'module' => '',
  'message' => 
  array (
    'tousername' => 'gh_7bcd94754b84',
    'fromusername' => 'o01Wu01-zSLzut3cB22KEbJ3JxzY',
    'createtime' => '1514171398',
    'msgtype' => 'event',
    'event' => 'VIEW',
    'eventkey' => 'http://we7.oneap.net/app/index.php?i=2&c=entry&eid=15',
    'menuid' => '817056163',
    'from' => 'o01Wu01-zSLzut3cB22KEbJ3JxzY',
    'to' => 'gh_7bcd94754b84',
    'time' => '1514171398',
    'type' => 'text',
    'content' => 'http://we7.oneap.net/app/index.php?i=2&c=entry&eid=15',
    'redirection' => true,
    'source' => 'VIEW',
  ),
)

2017-12-25 11:09:59 response :
------------

2017-12-25 11:13:05 trace :
------------
String:
<xml><ToUserName><![CDATA[gh_7bcd94754b84]]></ToUserName>
<FromUserName><![CDATA[o01Wu01-zSLzut3cB22KEbJ3JxzY]]></FromUserName>
<CreateTime>1514171585</CreateTime>
<MsgType><![CDATA[event]]></MsgType>
<Event><![CDATA[VIEW]]></Event>
<EventKey><![CDATA[http://we7.oneap.net/app/index.php?i=2&c=entry&eid=15]]></EventKey>
<MenuId>817056163</MenuId>
</xml>

2017-12-25 11:13:05 params :
------------
String:
array (
  'rule' => -2,
  'module' => '',
  'message' => 
  array (
    'tousername' => 'gh_7bcd94754b84',
    'fromusername' => 'o01Wu01-zSLzut3cB22KEbJ3JxzY',
    'createtime' => '1514171585',
    'msgtype' => 'event',
    'event' => 'VIEW',
    'eventkey' => 'http://we7.oneap.net/app/index.php?i=2&c=entry&eid=15',
    'menuid' => '817056163',
    'from' => 'o01Wu01-zSLzut3cB22KEbJ3JxzY',
    'to' => 'gh_7bcd94754b84',
    'time' => '1514171585',
    'type' => 'text',
    'content' => 'http://we7.oneap.net/app/index.php?i=2&c=entry&eid=15',
    'redirection' => true,
    'source' => 'VIEW',
  ),
)

2017-12-25 11:13:05 response :
------------

2017-12-25 11:13:52 trace :
------------
String:
<xml><ToUserName><![CDATA[gh_7bcd94754b84]]></ToUserName>
<FromUserName><![CDATA[o01Wu01-zSLzut3cB22KEbJ3JxzY]]></FromUserName>
<CreateTime>1514171632</CreateTime>
<MsgType><![CDATA[event]]></MsgType>
<Event><![CDATA[TEMPLATESENDJOBFINISH]]></Event>
<MsgID>76828935316357120</MsgID>
<Status><![CDATA[success]]></Status>
</xml>

2017-12-25 11:13:52 params :
------------
String:
array (
  'rule' => -2,
  'module' => '',
  'message' => 
  array (
    'tousername' => 'gh_7bcd94754b84',
    'fromusername' => 'o01Wu01-zSLzut3cB22KEbJ3JxzY',
    'createtime' => '1514171632',
    'msgtype' => 'event',
    'event' => 'TEMPLATESENDJOBFINISH',
    'msgid' => '76828935316357120',
    'status' => 'success',
    'from' => 'o01Wu01-zSLzut3cB22KEbJ3JxzY',
    'to' => 'gh_7bcd94754b84',
    'time' => '1514171632',
    'type' => 'event',
  ),
)

2017-12-25 11:13:52 response :
------------

2017-12-25 11:13:54 trace :
------------
String:
<xml><ToUserName><![CDATA[gh_7bcd94754b84]]></ToUserName>
<FromUserName><![CDATA[o01Wu09x8WFY1ZBV-HAf-R-a3ytI]]></FromUserName>
<CreateTime>1514171634</CreateTime>
<MsgType><![CDATA[event]]></MsgType>
<Event><![CDATA[TEMPLATESENDJOBFINISH]]></Event>
<MsgID>76828961421787136</MsgID>
<Status><![CDATA[success]]></Status>
</xml>

2017-12-25 11:13:54 params :
------------
String:
array (
  'rule' => -2,
  'module' => '',
  'message' => 
  array (
    'tousername' => 'gh_7bcd94754b84',
    'fromusername' => 'o01Wu09x8WFY1ZBV-HAf-R-a3ytI',
    'createtime' => '1514171634',
    'msgtype' => 'event',
    'event' => 'TEMPLATESENDJOBFINISH',
    'msgid' => '76828961421787136',
    'status' => 'success',
    'from' => 'o01Wu09x8WFY1ZBV-HAf-R-a3ytI',
    'to' => 'gh_7bcd94754b84',
    'time' => '1514171634',
    'type' => 'event',
  ),
)

2017-12-25 11:13:54 response :
------------

2017-12-25 11:14:59 trace :
------------
String:
<xml><ToUserName><![CDATA[gh_7bcd94754b84]]></ToUserName>
<FromUserName><![CDATA[o01Wu01-zSLzut3cB22KEbJ3JxzY]]></FromUserName>
<CreateTime>1514171699</CreateTime>
<MsgType><![CDATA[event]]></MsgType>
<Event><![CDATA[VIEW]]></Event>
<EventKey><![CDATA[http://we7.oneap.net/app/index.php?i=2&c=entry&eid=15]]></EventKey>
<MenuId>817056163</MenuId>
</xml>

2017-12-25 11:14:59 params :
------------
String:
array (
  'rule' => -2,
  'module' => '',
  'message' => 
  array (
    'tousername' => 'gh_7bcd94754b84',
    'fromusername' => 'o01Wu01-zSLzut3cB22KEbJ3JxzY',
    'createtime' => '1514171699',
    'msgtype' => 'event',
    'event' => 'VIEW',
    'eventkey' => 'http://we7.oneap.net/app/index.php?i=2&c=entry&eid=15',
    'menuid' => '817056163',
    'from' => 'o01Wu01-zSLzut3cB22KEbJ3JxzY',
    'to' => 'gh_7bcd94754b84',
    'time' => '1514171699',
    'type' => 'text',
    'content' => 'http://we7.oneap.net/app/index.php?i=2&c=entry&eid=15',
    'redirection' => true,
    'source' => 'VIEW',
  ),
)

2017-12-25 11:14:59 response :
------------

2017-12-25 11:16:13 trace :
------------
String:
<xml><ToUserName><![CDATA[gh_7bcd94754b84]]></ToUserName>
<FromUserName><![CDATA[o01Wu01-zSLzut3cB22KEbJ3JxzY]]></FromUserName>
<CreateTime>1514171773</CreateTime>
<MsgType><![CDATA[event]]></MsgType>
<Event><![CDATA[TEMPLATESENDJOBFINISH]]></Event>
<MsgID>76831302396985346</MsgID>
<Status><![CDATA[success]]></Status>
</xml>

2017-12-25 11:16:13 params :
------------
String:
array (
  'rule' => -2,
  'module' => '',
  'message' => 
  array (
    'tousername' => 'gh_7bcd94754b84',
    'fromusername' => 'o01Wu01-zSLzut3cB22KEbJ3JxzY',
    'createtime' => '1514171773',
    'msgtype' => 'event',
    'event' => 'TEMPLATESENDJOBFINISH',
    'msgid' => '76831302396985346',
    'status' => 'success',
    'from' => 'o01Wu01-zSLzut3cB22KEbJ3JxzY',
    'to' => 'gh_7bcd94754b84',
    'time' => '1514171773',
    'type' => 'event',
  ),
)

2017-12-25 11:16:13 response :
------------

2017-12-25 11:16:15 trace :
------------
String:
<xml><ToUserName><![CDATA[gh_7bcd94754b84]]></ToUserName>
<FromUserName><![CDATA[o01Wu09x8WFY1ZBV-HAf-R-a3ytI]]></FromUserName>
<CreateTime>1514171775</CreateTime>
<MsgType><![CDATA[event]]></MsgType>
<Event><![CDATA[TEMPLATESENDJOBFINISH]]></Event>
<MsgID>76831329509048320</MsgID>
<Status><![CDATA[success]]></Status>
</xml>

2017-12-25 11:16:15 params :
------------
String:
array (
  'rule' => -2,
  'module' => '',
  'message' => 
  array (
    'tousername' => 'gh_7bcd94754b84',
    'fromusername' => 'o01Wu09x8WFY1ZBV-HAf-R-a3ytI',
    'createtime' => '1514171775',
    'msgtype' => 'event',
    'event' => 'TEMPLATESENDJOBFINISH',
    'msgid' => '76831329509048320',
    'status' => 'success',
    'from' => 'o01Wu09x8WFY1ZBV-HAf-R-a3ytI',
    'to' => 'gh_7bcd94754b84',
    'time' => '1514171775',
    'type' => 'event',
  ),
)

2017-12-25 11:16:15 response :
------------

2017-12-25 11:16:37 trace :
------------
String:
<xml><ToUserName><![CDATA[gh_7bcd94754b84]]></ToUserName>
<FromUserName><![CDATA[o01Wu09x8WFY1ZBV-HAf-R-a3ytI]]></FromUserName>
<CreateTime>1514171796</CreateTime>
<MsgType><![CDATA[event]]></MsgType>
<Event><![CDATA[TEMPLATESENDJOBFINISH]]></Event>
<MsgID>76831692651888640</MsgID>
<Status><![CDATA[success]]></Status>
</xml>

2017-12-25 11:16:37 params :
------------
String:
array (
  'rule' => -2,
  'module' => '',
  'message' => 
  array (
    'tousername' => 'gh_7bcd94754b84',
    'fromusername' => 'o01Wu09x8WFY1ZBV-HAf-R-a3ytI',
    'createtime' => '1514171796',
    'msgtype' => 'event',
    'event' => 'TEMPLATESENDJOBFINISH',
    'msgid' => '76831692651888640',
    'status' => 'success',
    'from' => 'o01Wu09x8WFY1ZBV-HAf-R-a3ytI',
    'to' => 'gh_7bcd94754b84',
    'time' => '1514171796',
    'type' => 'event',
  ),
)

2017-12-25 11:16:37 response :
------------

2017-12-25 11:22:17 trace :
------------
String:
<xml><ToUserName><![CDATA[gh_7bcd94754b84]]></ToUserName>
<FromUserName><![CDATA[o01Wu01-zSLzut3cB22KEbJ3JxzY]]></FromUserName>
<CreateTime>1514172137</CreateTime>
<MsgType><![CDATA[event]]></MsgType>
<Event><![CDATA[VIEW]]></Event>
<EventKey><![CDATA[http://we7.oneap.net/app/index.php?i=2&c=entry&eid=17]]></EventKey>
<MenuId>817056163</MenuId>
</xml>

2017-12-25 11:22:17 params :
------------
String:
array (
  'rule' => -2,
  'module' => '',
  'message' => 
  array (
    'tousername' => 'gh_7bcd94754b84',
    'fromusername' => 'o01Wu01-zSLzut3cB22KEbJ3JxzY',
    'createtime' => '1514172137',
    'msgtype' => 'event',
    'event' => 'VIEW',
    'eventkey' => 'http://we7.oneap.net/app/index.php?i=2&c=entry&eid=17',
    'menuid' => '817056163',
    'from' => 'o01Wu01-zSLzut3cB22KEbJ3JxzY',
    'to' => 'gh_7bcd94754b84',
    'time' => '1514172137',
    'type' => 'text',
    'content' => 'http://we7.oneap.net/app/index.php?i=2&c=entry&eid=17',
    'redirection' => true,
    'source' => 'VIEW',
  ),
)

2017-12-25 11:22:17 response :
------------

2017-12-25 11:22:35 trace :
------------
String:
<xml><ToUserName><![CDATA[gh_7bcd94754b84]]></ToUserName>
<FromUserName><![CDATA[o01Wu09x8WFY1ZBV-HAf-R-a3ytI]]></FromUserName>
<CreateTime>1514172154</CreateTime>
<MsgType><![CDATA[event]]></MsgType>
<Event><![CDATA[TEMPLATESENDJOBFINISH]]></Event>
<MsgID>76837698089910274</MsgID>
<Status><![CDATA[success]]></Status>
</xml>

2017-12-25 11:22:35 params :
------------
String:
array (
  'rule' => -2,
  'module' => '',
  'message' => 
  array (
    'tousername' => 'gh_7bcd94754b84',
    'fromusername' => 'o01Wu09x8WFY1ZBV-HAf-R-a3ytI',
    'createtime' => '1514172154',
    'msgtype' => 'event',
    'event' => 'TEMPLATESENDJOBFINISH',
    'msgid' => '76837698089910274',
    'status' => 'success',
    'from' => 'o01Wu09x8WFY1ZBV-HAf-R-a3ytI',
    'to' => 'gh_7bcd94754b84',
    'time' => '1514172154',
    'type' => 'event',
  ),
)

2017-12-25 11:22:35 response :
------------

2017-12-25 11:27:17 trace :
------------
String:
<xml><ToUserName><![CDATA[gh_7bcd94754b84]]></ToUserName>
<FromUserName><![CDATA[o01Wu01-zSLzut3cB22KEbJ3JxzY]]></FromUserName>
<CreateTime>1514172437</CreateTime>
<MsgType><![CDATA[event]]></MsgType>
<Event><![CDATA[TEMPLATESENDJOBFINISH]]></Event>
<MsgID>76842439482064896</MsgID>
<Status><![CDATA[success]]></Status>
</xml>

2017-12-25 11:27:17 params :
------------
String:
array (
  'rule' => -2,
  'module' => '',
  'message' => 
  array (
    'tousername' => 'gh_7bcd94754b84',
    'fromusername' => 'o01Wu01-zSLzut3cB22KEbJ3JxzY',
    'createtime' => '1514172437',
    'msgtype' => 'event',
    'event' => 'TEMPLATESENDJOBFINISH',
    'msgid' => '76842439482064896',
    'status' => 'success',
    'from' => 'o01Wu01-zSLzut3cB22KEbJ3JxzY',
    'to' => 'gh_7bcd94754b84',
    'time' => '1514172437',
    'type' => 'event',
  ),
)

2017-12-25 11:27:17 response :
------------

2017-12-25 11:27:19 trace :
------------
String:
<xml><ToUserName><![CDATA[gh_7bcd94754b84]]></ToUserName>
<FromUserName><![CDATA[o01Wu09x8WFY1ZBV-HAf-R-a3ytI]]></FromUserName>
<CreateTime>1514172438</CreateTime>
<MsgType><![CDATA[event]]></MsgType>
<Event><![CDATA[TEMPLATESENDJOBFINISH]]></Event>
<MsgID>76842465688158208</MsgID>
<Status><![CDATA[success]]></Status>
</xml>

2017-12-25 11:27:19 params :
------------
String:
array (
  'rule' => -2,
  'module' => '',
  'message' => 
  array (
    'tousername' => 'gh_7bcd94754b84',
    'fromusername' => 'o01Wu09x8WFY1ZBV-HAf-R-a3ytI',
    'createtime' => '1514172438',
    'msgtype' => 'event',
    'event' => 'TEMPLATESENDJOBFINISH',
    'msgid' => '76842465688158208',
    'status' => 'success',
    'from' => 'o01Wu09x8WFY1ZBV-HAf-R-a3ytI',
    'to' => 'gh_7bcd94754b84',
    'time' => '1514172438',
    'type' => 'event',
  ),
)

2017-12-25 11:27:19 response :
------------

2017-12-25 11:30:48 trace :
------------
String:
<xml><ToUserName><![CDATA[gh_7bcd94754b84]]></ToUserName>
<FromUserName><![CDATA[o01Wu01-zSLzut3cB22KEbJ3JxzY]]></FromUserName>
<CreateTime>1514172647</CreateTime>
<MsgType><![CDATA[event]]></MsgType>
<Event><![CDATA[VIEW]]></Event>
<EventKey><![CDATA[http://we7.oneap.net/app/index.php?i=2&c=entry&eid=15]]></EventKey>
<MenuId>817056163</MenuId>
</xml>

2017-12-25 11:30:48 params :
------------
String:
array (
  'rule' => -2,
  'module' => '',
  'message' => 
  array (
    'tousername' => 'gh_7bcd94754b84',
    'fromusername' => 'o01Wu01-zSLzut3cB22KEbJ3JxzY',
    'createtime' => '1514172647',
    'msgtype' => 'event',
    'event' => 'VIEW',
    'eventkey' => 'http://we7.oneap.net/app/index.php?i=2&c=entry&eid=15',
    'menuid' => '817056163',
    'from' => 'o01Wu01-zSLzut3cB22KEbJ3JxzY',
    'to' => 'gh_7bcd94754b84',
    'time' => '1514172647',
    'type' => 'text',
    'content' => 'http://we7.oneap.net/app/index.php?i=2&c=entry&eid=15',
    'redirection' => true,
    'source' => 'VIEW',
  ),
)

2017-12-25 11:30:48 response :
------------

2017-12-25 11:31:39 trace :
------------
String:
<xml><ToUserName><![CDATA[gh_7bcd94754b84]]></ToUserName>
<FromUserName><![CDATA[o01Wu01-zSLzut3cB22KEbJ3JxzY]]></FromUserName>
<CreateTime>1514172699</CreateTime>
<MsgType><![CDATA[event]]></MsgType>
<Event><![CDATA[TEMPLATESENDJOBFINISH]]></Event>
<MsgID>76846832008871936</MsgID>
<Status><![CDATA[success]]></Status>
</xml>

2017-12-25 11:31:39 params :
------------
String:
array (
  'rule' => -2,
  'module' => '',
  'message' => 
  array (
    'tousername' => 'gh_7bcd94754b84',
    'fromusername' => 'o01Wu01-zSLzut3cB22KEbJ3JxzY',
    'createtime' => '1514172699',
    'msgtype' => 'event',
    'event' => 'TEMPLATESENDJOBFINISH',
    'msgid' => '76846832008871936',
    'status' => 'success',
    'from' => 'o01Wu01-zSLzut3cB22KEbJ3JxzY',
    'to' => 'gh_7bcd94754b84',
    'time' => '1514172699',
    'type' => 'event',
  ),
)

2017-12-25 11:31:39 response :
------------

2017-12-25 11:32:07 trace :
------------
String:
<xml><ToUserName><![CDATA[gh_7bcd94754b84]]></ToUserName>
<FromUserName><![CDATA[o01Wu01-zSLzut3cB22KEbJ3JxzY]]></FromUserName>
<CreateTime>1514172726</CreateTime>
<MsgType><![CDATA[event]]></MsgType>
<Event><![CDATA[TEMPLATESENDJOBFINISH]]></Event>
<MsgID>76847296855195650</MsgID>
<Status><![CDATA[success]]></Status>
</xml>

2017-12-25 11:32:07 params :
------------
String:
array (
  'rule' => -2,
  'module' => '',
  'message' => 
  array (
    'tousername' => 'gh_7bcd94754b84',
    'fromusername' => 'o01Wu01-zSLzut3cB22KEbJ3JxzY',
    'createtime' => '1514172726',
    'msgtype' => 'event',
    'event' => 'TEMPLATESENDJOBFINISH',
    'msgid' => '76847296855195650',
    'status' => 'success',
    'from' => 'o01Wu01-zSLzut3cB22KEbJ3JxzY',
    'to' => 'gh_7bcd94754b84',
    'time' => '1514172726',
    'type' => 'event',
  ),
)

2017-12-25 11:32:07 response :
------------

2017-12-25 13:16:05 trace :
------------
String:
<xml><ToUserName><![CDATA[gh_7bcd94754b84]]></ToUserName>
<FromUserName><![CDATA[o01Wu01-zSLzut3cB22KEbJ3JxzY]]></FromUserName>
<CreateTime>1514178965</CreateTime>
<MsgType><![CDATA[event]]></MsgType>
<Event><![CDATA[VIEW]]></Event>
<EventKey><![CDATA[http://we7.oneap.net/app/index.php?i=2&c=entry&eid=15]]></EventKey>
<MenuId>817056163</MenuId>
</xml>

2017-12-25 13:16:05 params :
------------
String:
array (
  'rule' => -2,
  'module' => '',
  'message' => 
  array (
    'tousername' => 'gh_7bcd94754b84',
    'fromusername' => 'o01Wu01-zSLzut3cB22KEbJ3JxzY',
    'createtime' => '1514178965',
    'msgtype' => 'event',
    'event' => 'VIEW',
    'eventkey' => 'http://we7.oneap.net/app/index.php?i=2&c=entry&eid=15',
    'menuid' => '817056163',
    'from' => 'o01Wu01-zSLzut3cB22KEbJ3JxzY',
    'to' => 'gh_7bcd94754b84',
    'time' => '1514178965',
    'type' => 'text',
    'content' => 'http://we7.oneap.net/app/index.php?i=2&c=entry&eid=15',
    'redirection' => true,
    'source' => 'VIEW',
  ),
)

2017-12-25 13:16:05 response :
------------

2017-12-25 23:11:54 trace :
------------
String:
<xml><ToUserName><![CDATA[gh_7bcd94754b84]]></ToUserName>
<FromUserName><![CDATA[o01Wu01-zSLzut3cB22KEbJ3JxzY]]></FromUserName>
<CreateTime>1514214714</CreateTime>
<MsgType><![CDATA[event]]></MsgType>
<Event><![CDATA[VIEW]]></Event>
<EventKey><![CDATA[http://we7.oneap.net/app/index.php?i=2&c=entry&eid=15]]></EventKey>
<MenuId>817056163</MenuId>
</xml>

2017-12-25 23:11:54 params :
------------
String:
array (
  'rule' => -2,
  'module' => '',
  'message' => 
  array (
    'tousername' => 'gh_7bcd94754b84',
    'fromusername' => 'o01Wu01-zSLzut3cB22KEbJ3JxzY',
    'createtime' => '1514214714',
    'msgtype' => 'event',
    'event' => 'VIEW',
    'eventkey' => 'http://we7.oneap.net/app/index.php?i=2&c=entry&eid=15',
    'menuid' => '817056163',
    'from' => 'o01Wu01-zSLzut3cB22KEbJ3JxzY',
    'to' => 'gh_7bcd94754b84',
    'time' => '1514214714',
    'type' => 'text',
    'content' => 'http://we7.oneap.net/app/index.php?i=2&c=entry&eid=15',
    'redirection' => true,
    'source' => 'VIEW',
  ),
)

2017-12-25 23:11:54 response :
------------

