2017-11-12 22:47:44 SQL Error :
------------
String:
SQL: <br/> SELECT * FROM `ims_mc_card` WHERE `uniacid` = :__uniacid_13  LIMIT 1<hr/>Params: <br/>array (
  ':__uniacid_13' => 2,
)<hr/>SQL Error: <br/>Table 'we7.ims_mc_card' doesn't exist<hr/>Traces: <br/>file: /framework/class/db.class.php; line: 408; <br />file: /framework/class/db.class.php; line: 139; <br />file: /framework/class/db.class.php; line: 195; <br />file: /framework/function/pdo.func.php; line: 54; <br />file: /app/source/mc/home.ctrl.php; line: 11; <br />file: /app/index.php; line: 114; <br />

2017-11-12 22:48:01 SQL Error :
------------
String:
SQL: <br/> SELECT * FROM `ims_mc_card` WHERE `uniacid` = :__uniacid_65 AND `status` = :__status_66  LIMIT 1<hr/>Params: <br/>array (
  ':__uniacid_65' => 2,
  ':__status_66' => '1',
)<hr/>SQL Error: <br/>Table 'we7.ims_mc_card' doesn't exist<hr/>Traces: <br/>file: /framework/class/db.class.php; line: 408; <br />file: /framework/class/db.class.php; line: 139; <br />file: /framework/class/db.class.php; line: 195; <br />file: /framework/function/pdo.func.php; line: 54; <br />file: /framework/model/card.mod.php; line: 91; <br />file: /framework/builtin/recharge/site.php; line: 16; <br />file: /app/source/entry/site.ctrl.php; line: 12; <br />file: /app/index.php; line: 114; <br />

2017-11-12 22:48:09 SQL Error :
------------
String:
SQL: <br/> SELECT * FROM `ims_mc_card` WHERE `uniacid` = :__uniacid_13  LIMIT 1<hr/>Params: <br/>array (
  ':__uniacid_13' => 2,
)<hr/>SQL Error: <br/>Table 'we7.ims_mc_card' doesn't exist<hr/>Traces: <br/>file: /framework/class/db.class.php; line: 408; <br />file: /framework/class/db.class.php; line: 139; <br />file: /framework/class/db.class.php; line: 195; <br />file: /framework/function/pdo.func.php; line: 54; <br />file: /app/source/mc/home.ctrl.php; line: 11; <br />file: /app/index.php; line: 114; <br />

2017-11-12 22:50:19 SQL Error :
------------
String:
SQL: <br/> SELECT * FROM `ims_mc_card` WHERE `uniacid` = :__uniacid_13  LIMIT 1<hr/>Params: <br/>array (
  ':__uniacid_13' => 2,
)<hr/>SQL Error: <br/>Table 'we7.ims_mc_card' doesn't exist<hr/>Traces: <br/>file: /framework/class/db.class.php; line: 408; <br />file: /framework/class/db.class.php; line: 139; <br />file: /framework/class/db.class.php; line: 195; <br />file: /framework/function/pdo.func.php; line: 54; <br />file: /app/source/mc/home.ctrl.php; line: 11; <br />file: /app/index.php; line: 114; <br />

2017-11-12 22:51:20 SQL Error :
------------
String:
SQL: <br/> SELECT * FROM `ims_mc_card` WHERE `uniacid` = :__uniacid_13  LIMIT 1<hr/>Params: <br/>array (
  ':__uniacid_13' => 2,
)<hr/>SQL Error: <br/>Table 'we7.ims_mc_card' doesn't exist<hr/>Traces: <br/>file: /framework/class/db.class.php; line: 408; <br />file: /framework/class/db.class.php; line: 139; <br />file: /framework/class/db.class.php; line: 195; <br />file: /framework/function/pdo.func.php; line: 54; <br />file: /app/source/mc/home.ctrl.php; line: 11; <br />file: /app/index.php; line: 114; <br />

2017-11-12 22:51:28 SQL Error :
------------
String:
SQL: <br/> SELECT * FROM `ims_mc_card` WHERE `uniacid` = :__uniacid_13  LIMIT 1<hr/>Params: <br/>array (
  ':__uniacid_13' => 2,
)<hr/>SQL Error: <br/>Table 'we7.ims_mc_card' doesn't exist<hr/>Traces: <br/>file: /framework/class/db.class.php; line: 408; <br />file: /framework/class/db.class.php; line: 139; <br />file: /framework/class/db.class.php; line: 195; <br />file: /framework/function/pdo.func.php; line: 54; <br />file: /app/source/mc/home.ctrl.php; line: 11; <br />file: /app/index.php; line: 114; <br />

2017-11-12 22:51:38 SQL Error :
------------
String:
SQL: <br/> SELECT * FROM `ims_mc_card` WHERE `uniacid` = :__uniacid_13  LIMIT 1<hr/>Params: <br/>array (
  ':__uniacid_13' => 2,
)<hr/>SQL Error: <br/>Table 'we7.ims_mc_card' doesn't exist<hr/>Traces: <br/>file: /framework/class/db.class.php; line: 408; <br />file: /framework/class/db.class.php; line: 139; <br />file: /framework/class/db.class.php; line: 195; <br />file: /framework/function/pdo.func.php; line: 54; <br />file: /app/source/mc/home.ctrl.php; line: 11; <br />file: /app/index.php; line: 114; <br />

2017-11-12 22:51:43 SQL Error :
------------
String:
SQL: <br/> SELECT * FROM `ims_mc_card` WHERE `uniacid` = :__uniacid_13  LIMIT 1<hr/>Params: <br/>array (
  ':__uniacid_13' => 2,
)<hr/>SQL Error: <br/>Table 'we7.ims_mc_card' doesn't exist<hr/>Traces: <br/>file: /framework/class/db.class.php; line: 408; <br />file: /framework/class/db.class.php; line: 139; <br />file: /framework/class/db.class.php; line: 195; <br />file: /framework/function/pdo.func.php; line: 54; <br />file: /app/source/mc/home.ctrl.php; line: 11; <br />file: /app/index.php; line: 114; <br />

2017-11-12 22:51:44 SQL Error :
------------
String:
SQL: <br/> SELECT * FROM `ims_mc_card` WHERE `uniacid` = :__uniacid_13  LIMIT 1<hr/>Params: <br/>array (
  ':__uniacid_13' => 2,
)<hr/>SQL Error: <br/>Table 'we7.ims_mc_card' doesn't exist<hr/>Traces: <br/>file: /framework/class/db.class.php; line: 408; <br />file: /framework/class/db.class.php; line: 139; <br />file: /framework/class/db.class.php; line: 195; <br />file: /framework/function/pdo.func.php; line: 54; <br />file: /app/source/mc/home.ctrl.php; line: 11; <br />file: /app/index.php; line: 114; <br />

2017-11-12 22:51:44 SQL Error :
------------
String:
SQL: <br/> SELECT * FROM `ims_mc_card` WHERE `uniacid` = :__uniacid_13  LIMIT 1<hr/>Params: <br/>array (
  ':__uniacid_13' => 2,
)<hr/>SQL Error: <br/>Table 'we7.ims_mc_card' doesn't exist<hr/>Traces: <br/>file: /framework/class/db.class.php; line: 408; <br />file: /framework/class/db.class.php; line: 139; <br />file: /framework/class/db.class.php; line: 195; <br />file: /framework/function/pdo.func.php; line: 54; <br />file: /app/source/mc/home.ctrl.php; line: 11; <br />file: /app/index.php; line: 114; <br />

2017-11-12 22:52:14 SQL Error :
------------
String:
SQL: <br/> SELECT * FROM `ims_mc_card` WHERE `uniacid` = :__uniacid_13  LIMIT 1<hr/>Params: <br/>array (
  ':__uniacid_13' => 2,
)<hr/>SQL Error: <br/>Table 'we7.ims_mc_card' doesn't exist<hr/>Traces: <br/>file: /framework/class/db.class.php; line: 408; <br />file: /framework/class/db.class.php; line: 139; <br />file: /framework/class/db.class.php; line: 195; <br />file: /framework/function/pdo.func.php; line: 54; <br />file: /app/source/mc/home.ctrl.php; line: 11; <br />file: /app/index.php; line: 114; <br />

2017-11-12 22:52:27 SQL Error :
------------
String:
SQL: <br/> SELECT * FROM `ims_mc_card` WHERE `uniacid` = :__uniacid_13  LIMIT 1<hr/>Params: <br/>array (
  ':__uniacid_13' => 2,
)<hr/>SQL Error: <br/>Table 'we7.ims_mc_card' doesn't exist<hr/>Traces: <br/>file: /framework/class/db.class.php; line: 408; <br />file: /framework/class/db.class.php; line: 139; <br />file: /framework/class/db.class.php; line: 195; <br />file: /framework/function/pdo.func.php; line: 54; <br />file: /app/source/mc/home.ctrl.php; line: 11; <br />file: /app/index.php; line: 114; <br />

2017-11-12 22:54:43 SQL Error :
------------
String:
SQL: <br/> SELECT * FROM `ims_mc_card` WHERE `uniacid` = :__uniacid_13  LIMIT 1<hr/>Params: <br/>array (
  ':__uniacid_13' => 2,
)<hr/>SQL Error: <br/>Table 'we7.ims_mc_card' doesn't exist<hr/>Traces: <br/>file: /framework/class/db.class.php; line: 408; <br />file: /framework/class/db.class.php; line: 139; <br />file: /framework/class/db.class.php; line: 195; <br />file: /framework/function/pdo.func.php; line: 54; <br />file: /app/source/mc/home.ctrl.php; line: 11; <br />file: /app/index.php; line: 114; <br />

2017-11-12 22:58:11 SQL Error :
------------
String:
SQL: <br/> SELECT * FROM `ims_mc_card` WHERE `uniacid` = :__uniacid_13  LIMIT 1<hr/>Params: <br/>array (
  ':__uniacid_13' => 2,
)<hr/>SQL Error: <br/>Table 'we7.ims_mc_card' doesn't exist<hr/>Traces: <br/>file: /framework/class/db.class.php; line: 408; <br />file: /framework/class/db.class.php; line: 139; <br />file: /framework/class/db.class.php; line: 195; <br />file: /framework/function/pdo.func.php; line: 54; <br />file: /app/source/mc/home.ctrl.php; line: 11; <br />file: /app/index.php; line: 114; <br />

2017-11-12 22:59:20 SQL Error :
------------
String:
SQL: <br/> SELECT * FROM `ims_mc_card` WHERE `uniacid` = :__uniacid_13  LIMIT 1<hr/>Params: <br/>array (
  ':__uniacid_13' => 2,
)<hr/>SQL Error: <br/>Table 'we7.ims_mc_card' doesn't exist<hr/>Traces: <br/>file: /framework/class/db.class.php; line: 408; <br />file: /framework/class/db.class.php; line: 139; <br />file: /framework/class/db.class.php; line: 195; <br />file: /framework/function/pdo.func.php; line: 54; <br />file: /app/source/mc/home.ctrl.php; line: 11; <br />file: /app/index.php; line: 114; <br />

2017-11-12 23:00:03 SQL Error :
------------
String:
SQL: <br/> SELECT * FROM `ims_mc_card` WHERE `uniacid` = :__uniacid_13  LIMIT 1<hr/>Params: <br/>array (
  ':__uniacid_13' => 2,
)<hr/>SQL Error: <br/>Table 'we7.ims_mc_card' doesn't exist<hr/>Traces: <br/>file: /framework/class/db.class.php; line: 408; <br />file: /framework/class/db.class.php; line: 139; <br />file: /framework/class/db.class.php; line: 195; <br />file: /framework/function/pdo.func.php; line: 54; <br />file: /app/source/mc/home.ctrl.php; line: 11; <br />file: /app/index.php; line: 114; <br />

2017-11-12 23:00:10 SQL Error :
------------
String:
SQL: <br/> SELECT * FROM `ims_mc_card` WHERE `uniacid` = :__uniacid_13  LIMIT 1<hr/>Params: <br/>array (
  ':__uniacid_13' => 2,
)<hr/>SQL Error: <br/>Table 'we7.ims_mc_card' doesn't exist<hr/>Traces: <br/>file: /framework/class/db.class.php; line: 408; <br />file: /framework/class/db.class.php; line: 139; <br />file: /framework/class/db.class.php; line: 195; <br />file: /framework/function/pdo.func.php; line: 54; <br />file: /app/source/mc/home.ctrl.php; line: 11; <br />file: /app/index.php; line: 114; <br />

2017-11-12 23:00:14 SQL Error :
------------
String:
SQL: <br/> SELECT * FROM `ims_mc_card` WHERE `uniacid` = :__uniacid_13  LIMIT 1<hr/>Params: <br/>array (
  ':__uniacid_13' => 2,
)<hr/>SQL Error: <br/>Table 'we7.ims_mc_card' doesn't exist<hr/>Traces: <br/>file: /framework/class/db.class.php; line: 408; <br />file: /framework/class/db.class.php; line: 139; <br />file: /framework/class/db.class.php; line: 195; <br />file: /framework/function/pdo.func.php; line: 54; <br />file: /app/source/mc/home.ctrl.php; line: 11; <br />file: /app/index.php; line: 114; <br />

2017-11-12 23:00:18 SQL Error :
------------
String:
SQL: <br/> SELECT * FROM `ims_mc_card` WHERE `uniacid` = :__uniacid_13  LIMIT 1<hr/>Params: <br/>array (
  ':__uniacid_13' => 2,
)<hr/>SQL Error: <br/>Table 'we7.ims_mc_card' doesn't exist<hr/>Traces: <br/>file: /framework/class/db.class.php; line: 408; <br />file: /framework/class/db.class.php; line: 139; <br />file: /framework/class/db.class.php; line: 195; <br />file: /framework/function/pdo.func.php; line: 54; <br />file: /app/source/mc/home.ctrl.php; line: 11; <br />file: /app/index.php; line: 114; <br />

2017-11-12 23:00:19 SQL Error :
------------
String:
SQL: <br/> SELECT * FROM `ims_mc_card` WHERE `uniacid` = :__uniacid_13  LIMIT 1<hr/>Params: <br/>array (
  ':__uniacid_13' => 2,
)<hr/>SQL Error: <br/>Table 'we7.ims_mc_card' doesn't exist<hr/>Traces: <br/>file: /framework/class/db.class.php; line: 408; <br />file: /framework/class/db.class.php; line: 139; <br />file: /framework/class/db.class.php; line: 195; <br />file: /framework/function/pdo.func.php; line: 54; <br />file: /app/source/mc/home.ctrl.php; line: 11; <br />file: /app/index.php; line: 114; <br />

2017-11-12 23:00:19 SQL Error :
------------
String:
SQL: <br/> SELECT * FROM `ims_mc_card` WHERE `uniacid` = :__uniacid_13  LIMIT 1<hr/>Params: <br/>array (
  ':__uniacid_13' => 2,
)<hr/>SQL Error: <br/>Table 'we7.ims_mc_card' doesn't exist<hr/>Traces: <br/>file: /framework/class/db.class.php; line: 408; <br />file: /framework/class/db.class.php; line: 139; <br />file: /framework/class/db.class.php; line: 195; <br />file: /framework/function/pdo.func.php; line: 54; <br />file: /app/source/mc/home.ctrl.php; line: 11; <br />file: /app/index.php; line: 114; <br />

2017-11-12 23:00:24 SQL Error :
------------
String:
SQL: <br/> SELECT * FROM `ims_mc_card` WHERE `uniacid` = :__uniacid_13  LIMIT 1<hr/>Params: <br/>array (
  ':__uniacid_13' => 2,
)<hr/>SQL Error: <br/>Table 'we7.ims_mc_card' doesn't exist<hr/>Traces: <br/>file: /framework/class/db.class.php; line: 408; <br />file: /framework/class/db.class.php; line: 139; <br />file: /framework/class/db.class.php; line: 195; <br />file: /framework/function/pdo.func.php; line: 54; <br />file: /app/source/mc/home.ctrl.php; line: 11; <br />file: /app/index.php; line: 114; <br />

2017-11-12 23:00:25 SQL Error :
------------
String:
SQL: <br/> SELECT * FROM `ims_mc_card` WHERE `uniacid` = :__uniacid_13  LIMIT 1<hr/>Params: <br/>array (
  ':__uniacid_13' => 2,
)<hr/>SQL Error: <br/>Table 'we7.ims_mc_card' doesn't exist<hr/>Traces: <br/>file: /framework/class/db.class.php; line: 408; <br />file: /framework/class/db.class.php; line: 139; <br />file: /framework/class/db.class.php; line: 195; <br />file: /framework/function/pdo.func.php; line: 54; <br />file: /app/source/mc/home.ctrl.php; line: 11; <br />file: /app/index.php; line: 114; <br />

2017-11-12 23:00:25 SQL Error :
------------
String:
SQL: <br/> SELECT * FROM `ims_mc_card` WHERE `uniacid` = :__uniacid_13  LIMIT 1<hr/>Params: <br/>array (
  ':__uniacid_13' => 2,
)<hr/>SQL Error: <br/>Table 'we7.ims_mc_card' doesn't exist<hr/>Traces: <br/>file: /framework/class/db.class.php; line: 408; <br />file: /framework/class/db.class.php; line: 139; <br />file: /framework/class/db.class.php; line: 195; <br />file: /framework/function/pdo.func.php; line: 54; <br />file: /app/source/mc/home.ctrl.php; line: 11; <br />file: /app/index.php; line: 114; <br />

2017-11-12 23:00:42 SQL Error :
------------
String:
SQL: <br/> SELECT * FROM `ims_mc_card` WHERE `uniacid` = :__uniacid_13  LIMIT 1<hr/>Params: <br/>array (
  ':__uniacid_13' => 2,
)<hr/>SQL Error: <br/>Table 'we7.ims_mc_card' doesn't exist<hr/>Traces: <br/>file: /framework/class/db.class.php; line: 408; <br />file: /framework/class/db.class.php; line: 139; <br />file: /framework/class/db.class.php; line: 195; <br />file: /framework/function/pdo.func.php; line: 54; <br />file: /app/source/mc/home.ctrl.php; line: 11; <br />file: /app/index.php; line: 114; <br />

