2017-11-18 00:15:08 pay :
------------
String:
array (
  'appid' => 'wx6e79d28ccc2a8c05',
  'attach' => '2',
  'bank_type' => 'CCB_DEBIT',
  'cash_fee' => '500',
  'fee_type' => 'CNY',
  'is_subscribe' => 'Y',
  'mch_id' => '1490957872',
  'nonce_str' => 'yemIxwf5',
  'openid' => 'o01Wu01-zSLzut3cB22KEbJ3JxzY',
  'out_trade_no' => '2017111615052900001211261672',
  'result_code' => 'SUCCESS',
  'return_code' => 'SUCCESS',
  'sign' => 'B935148FDE4DFE7B418C3206BD5101BC',
  'time_end' => '20171117231059',
  'total_fee' => '500',
  'trade_type' => 'JSAPI',
  'transaction_id' => '4200000037201711175341569078',
)

2017-11-18 00:45:10 pay :
------------
String:
array (
  'appid' => 'wx6e79d28ccc2a8c05',
  'attach' => '2',
  'bank_type' => 'CCB_DEBIT',
  'cash_fee' => '500',
  'fee_type' => 'CNY',
  'is_subscribe' => 'Y',
  'mch_id' => '1490957872',
  'nonce_str' => 'yemIxwf5',
  'openid' => 'o01Wu01-zSLzut3cB22KEbJ3JxzY',
  'out_trade_no' => '2017111615052900001211261672',
  'result_code' => 'SUCCESS',
  'return_code' => 'SUCCESS',
  'sign' => 'B935148FDE4DFE7B418C3206BD5101BC',
  'time_end' => '20171117231059',
  'total_fee' => '500',
  'trade_type' => 'JSAPI',
  'transaction_id' => '4200000037201711175341569078',
)

2017-11-18 01:15:11 pay :
------------
String:
array (
  'appid' => 'wx6e79d28ccc2a8c05',
  'attach' => '2',
  'bank_type' => 'CCB_DEBIT',
  'cash_fee' => '500',
  'fee_type' => 'CNY',
  'is_subscribe' => 'Y',
  'mch_id' => '1490957872',
  'nonce_str' => 'yemIxwf5',
  'openid' => 'o01Wu01-zSLzut3cB22KEbJ3JxzY',
  'out_trade_no' => '2017111615052900001211261672',
  'result_code' => 'SUCCESS',
  'return_code' => 'SUCCESS',
  'sign' => 'B935148FDE4DFE7B418C3206BD5101BC',
  'time_end' => '20171117231059',
  'total_fee' => '500',
  'trade_type' => 'JSAPI',
  'transaction_id' => '4200000037201711175341569078',
)

2017-11-18 02:15:12 pay :
------------
String:
array (
  'appid' => 'wx6e79d28ccc2a8c05',
  'attach' => '2',
  'bank_type' => 'CCB_DEBIT',
  'cash_fee' => '500',
  'fee_type' => 'CNY',
  'is_subscribe' => 'Y',
  'mch_id' => '1490957872',
  'nonce_str' => 'yemIxwf5',
  'openid' => 'o01Wu01-zSLzut3cB22KEbJ3JxzY',
  'out_trade_no' => '2017111615052900001211261672',
  'result_code' => 'SUCCESS',
  'return_code' => 'SUCCESS',
  'sign' => 'B935148FDE4DFE7B418C3206BD5101BC',
  'time_end' => '20171117231059',
  'total_fee' => '500',
  'trade_type' => 'JSAPI',
  'transaction_id' => '4200000037201711175341569078',
)

2017-11-18 10:14:41 trace :
------------
String:
<xml><ToUserName><![CDATA[toUser]]></ToUserName><FromUserName><![CDATA[fromUser]]></FromUserName><CreateTime>1510971281</CreateTime><MsgType><![CDATA[image]]></MsgType><PicUrl><![CDATA[http://www.baidu.com/img/bdlogo.gif]]></PicUrl><MsgId>1234567890123456</MsgId></xml>

2017-11-18 10:14:41 params :
------------
String:
array (
  'rule' => -2,
  'module' => '',
  'message' => 
  array (
    'tousername' => 'toUser',
    'fromusername' => 'fromUser',
    'createtime' => '1510971281',
    'msgtype' => 'image',
    'picurl' => 'http://www.baidu.com/img/bdlogo.gif',
    'msgid' => '1234567890123456',
    'from' => 'fromUser',
    'to' => 'toUser',
    'time' => '1510971281',
    'type' => 'image',
    'event' => NULL,
    'url' => 'http://www.baidu.com/img/bdlogo.gif',
  ),
)

2017-11-18 10:14:41 response :
------------

2017-11-18 10:14:47 trace :
------------
String:
<xml><ToUserName><![CDATA[toUser]]></ToUserName><FromUserName><![CDATA[fromUser]]></FromUserName><CreateTime>1510971288</CreateTime><MsgType><![CDATA[image]]></MsgType><PicUrl><![CDATA[http://www.baidu.com/img/bdlogo.gif]]></PicUrl><MsgId>1234567890123456</MsgId></xml>

2017-11-18 10:14:47 params :
------------
String:
array (
  'rule' => -2,
  'module' => '',
  'message' => 
  array (
    'tousername' => 'toUser',
    'fromusername' => 'fromUser',
    'createtime' => '1510971288',
    'msgtype' => 'image',
    'picurl' => 'http://www.baidu.com/img/bdlogo.gif',
    'msgid' => '1234567890123456',
    'from' => 'fromUser',
    'to' => 'toUser',
    'time' => '1510971288',
    'type' => 'image',
    'event' => NULL,
    'url' => 'http://www.baidu.com/img/bdlogo.gif',
  ),
)

2017-11-18 10:14:47 response :
------------

2017-11-18 10:14:54 trace :
------------
String:
<xml><ToUserName><![CDATA[toUser]]></ToUserName><FromUserName><![CDATA[fromUser]]></FromUserName><CreateTime>1510971294</CreateTime><MsgType><![CDATA[location]]></MsgType><Location_X>23.134521</Location_X><Location_Y>113.358803</Location_Y><Scale>20</Scale><Label><![CDATA[位置信息]]></Label><MsgId>1234567890123456</MsgId></xml>

2017-11-18 10:14:54 params :
------------
String:
array (
  'rule' => -2,
  'module' => '',
  'message' => 
  array (
    'tousername' => 'toUser',
    'fromusername' => 'fromUser',
    'createtime' => '1510971294',
    'msgtype' => 'location',
    'location_x' => '23.134521',
    'location_y' => '113.358803',
    'scale' => '20',
    'label' => '位置信息',
    'msgid' => '1234567890123456',
    'from' => 'fromUser',
    'to' => 'toUser',
    'time' => '1510971294',
    'type' => 'location',
    'event' => NULL,
  ),
)

2017-11-18 10:14:54 response :
------------

2017-11-18 10:15:00 trace :
------------
String:
<xml><ToUserName><![CDATA[toUser]]></ToUserName><FromUserName><![CDATA[fromUser]]></FromUserName><CreateTime>1510971301</CreateTime><MsgType><![CDATA[image]]></MsgType><PicUrl><![CDATA[http://www.baidu.com/img/bdlogo.gif]]></PicUrl><MsgId>1234567890123456</MsgId></xml>

2017-11-18 10:15:00 params :
------------
String:
array (
  'rule' => -2,
  'module' => '',
  'message' => 
  array (
    'tousername' => 'toUser',
    'fromusername' => 'fromUser',
    'createtime' => '1510971301',
    'msgtype' => 'image',
    'picurl' => 'http://www.baidu.com/img/bdlogo.gif',
    'msgid' => '1234567890123456',
    'from' => 'fromUser',
    'to' => 'toUser',
    'time' => '1510971301',
    'type' => 'image',
    'event' => NULL,
    'url' => 'http://www.baidu.com/img/bdlogo.gif',
  ),
)

2017-11-18 10:15:00 response :
------------

2017-11-18 10:15:04 trace :
------------
String:
<xml><ToUserName><![CDATA[toUser]]></ToUserName><FromUserName><![CDATA[fromUser]]></FromUserName><CreateTime>1510971305</CreateTime><MsgType><![CDATA[event]]></MsgType><Event><![CDATA[CLICK]]></Event><EventKey><![CDATA[EVENTKEY]]></EventKey><MsgId>1234567890123456</MsgId></xml>

2017-11-18 10:15:04 params :
------------
String:
array (
  'rule' => -2,
  'module' => '',
  'message' => 
  array (
    'tousername' => 'toUser',
    'fromusername' => 'fromUser',
    'createtime' => '1510971305',
    'msgtype' => 'event',
    'event' => 'CLICK',
    'eventkey' => 'EVENTKEY',
    'msgid' => '1234567890123456',
    'from' => 'fromUser',
    'to' => 'toUser',
    'time' => '1510971305',
    'type' => 'text',
    'content' => 'EVENTKEY',
    'redirection' => true,
    'source' => 'click',
  ),
)

2017-11-18 10:15:04 response :
------------

2017-11-18 10:15:06 trace :
------------
String:
<xml><ToUserName><![CDATA[toUser]]></ToUserName><FromUserName><![CDATA[fromUser]]></FromUserName><CreateTime>1510971306</CreateTime><MsgType><![CDATA[event]]></MsgType><Event><![CDATA[CLICK]]></Event><EventKey><![CDATA[EVENTKEY]]></EventKey><MsgId>1234567890123456</MsgId></xml>

2017-11-18 10:15:06 params :
------------
String:
array (
  'rule' => -2,
  'module' => '',
  'message' => 
  array (
    'tousername' => 'toUser',
    'fromusername' => 'fromUser',
    'createtime' => '1510971306',
    'msgtype' => 'event',
    'event' => 'CLICK',
    'eventkey' => 'EVENTKEY',
    'msgid' => '1234567890123456',
    'from' => 'fromUser',
    'to' => 'toUser',
    'time' => '1510971306',
    'type' => 'text',
    'content' => 'EVENTKEY',
    'redirection' => true,
    'source' => 'click',
  ),
)

2017-11-18 10:15:06 response :
------------

2017-11-18 10:15:08 trace :
------------
String:
<xml><ToUserName><![CDATA[toUser]]></ToUserName><FromUserName><![CDATA[fromUser]]></FromUserName><CreateTime>1510971309</CreateTime><MsgType><![CDATA[event]]></MsgType><Event><![CDATA[subscribe]]></Event><EventKey><![CDATA[]]></EventKey><MsgId>1234567890123456</MsgId></xml>

2017-11-18 10:15:08 params :
------------
String:
array (
  'message' => 
  array (
    'tousername' => 'toUser',
    'fromusername' => 'fromUser',
    'createtime' => '1510971309',
    'msgtype' => 'event',
    'event' => 'subscribe',
    'eventkey' => '',
    'msgid' => '1234567890123456',
    'from' => 'fromUser',
    'to' => 'toUser',
    'time' => '1510971309',
    'type' => 'text',
    'redirection' => true,
    'source' => 'subscribe',
    'content' => '订餐',
  ),
  'module' => 'reply',
  'rule' => '9',
  'priority' => '0',
  'keyword' => 
  array (
    'id' => '20',
    'rid' => '9',
    'uniacid' => '2',
    'module' => 'reply',
    'content' => '订餐',
    'type' => '1',
    'displayorder' => '0',
    'status' => '1',
    'reply_type' => 
    array (
      0 => 'news',
    ),
  ),
  'reply_type' => 
  array (
    0 => 'news',
  ),
)

2017-11-18 10:15:08 response :
------------
Array:
FromUserName : toUser ;
ToUserName : fromUser ;
MsgType : news ;
ArticleCount : 1 ;
Articles : Array ;

2017-11-18 10:15:34 trace :
------------
String:
<xml><ToUserName><![CDATA[toUser]]></ToUserName><FromUserName><![CDATA[fromUser]]></FromUserName><CreateTime>1510971309</CreateTime><MsgType><![CDATA[event]]></MsgType><Event><![CDATA[subscribe]]></Event><EventKey><![CDATA[]]></EventKey><MsgId>1234567890123456</MsgId></xml>

2017-11-18 10:15:34 params :
------------
String:
array (
  'message' => 
  array (
    'tousername' => 'toUser',
    'fromusername' => 'fromUser',
    'createtime' => '1510971309',
    'msgtype' => 'event',
    'event' => 'subscribe',
    'eventkey' => '',
    'msgid' => '1234567890123456',
    'from' => 'fromUser',
    'to' => 'toUser',
    'time' => '1510971309',
    'type' => 'text',
    'redirection' => true,
    'source' => 'subscribe',
    'content' => '订餐',
  ),
  'module' => 'reply',
  'rule' => '9',
  'priority' => '0',
  'keyword' => 
  array (
    'id' => '20',
    'rid' => '9',
    'uniacid' => '2',
    'module' => 'reply',
    'content' => '订餐',
    'type' => '1',
    'displayorder' => '0',
    'status' => '1',
    'reply_type' => 
    array (
      0 => 'news',
    ),
  ),
  'reply_type' => 
  array (
    0 => 'news',
  ),
)

2017-11-18 10:15:34 response :
------------
Array:
FromUserName : toUser ;
ToUserName : fromUser ;
MsgType : news ;
ArticleCount : 1 ;
Articles : Array ;

2017-11-18 10:38:32 trace :
------------
String:
<xml><ToUserName><![CDATA[gh_7bcd94754b84]]></ToUserName>
<FromUserName><![CDATA[o01Wu01-zSLzut3cB22KEbJ3JxzY]]></FromUserName>
<CreateTime>1510972712</CreateTime>
<MsgType><![CDATA[event]]></MsgType>
<Event><![CDATA[VIEW]]></Event>
<EventKey><![CDATA[http://we7.oneap.net/app/index.php?i=2&c=entry&eid=15]]></EventKey>
<MenuId>817056163</MenuId>
</xml>

2017-11-18 10:38:32 params :
------------
String:
array (
  'rule' => -2,
  'module' => '',
  'message' => 
  array (
    'tousername' => 'gh_7bcd94754b84',
    'fromusername' => 'o01Wu01-zSLzut3cB22KEbJ3JxzY',
    'createtime' => '1510972712',
    'msgtype' => 'event',
    'event' => 'VIEW',
    'eventkey' => 'http://we7.oneap.net/app/index.php?i=2&c=entry&eid=15',
    'menuid' => '817056163',
    'from' => 'o01Wu01-zSLzut3cB22KEbJ3JxzY',
    'to' => 'gh_7bcd94754b84',
    'time' => '1510972712',
    'type' => 'text',
    'content' => 'http://we7.oneap.net/app/index.php?i=2&c=entry&eid=15',
    'redirection' => true,
    'source' => 'VIEW',
  ),
)

2017-11-18 10:38:32 response :
------------

2017-11-18 10:39:49 pay :
------------
String:
array (
  'appid' => 'wx6e79d28ccc2a8c05',
  'attach' => '2',
  'bank_type' => 'CCB_DEBIT',
  'cash_fee' => '30',
  'fee_type' => 'CNY',
  'is_subscribe' => 'Y',
  'mch_id' => '1490957872',
  'nonce_str' => 'kdkrssp5',
  'openid' => 'o01Wu01-zSLzut3cB22KEbJ3JxzY',
  'out_trade_no' => '2017111810392400001236803267',
  'result_code' => 'SUCCESS',
  'return_code' => 'SUCCESS',
  'sign' => '93AE75875D802749D040DF4BEB46F4C6',
  'time_end' => '20171118103948',
  'total_fee' => '30',
  'trade_type' => 'JSAPI',
  'transaction_id' => '4200000049201711185400613429',
)

2017-11-18 10:40:00 pay :
------------
String:
array (
  'appid' => 'wx6e79d28ccc2a8c05',
  'attach' => '2',
  'bank_type' => 'CCB_DEBIT',
  'cash_fee' => '30',
  'fee_type' => 'CNY',
  'is_subscribe' => 'Y',
  'mch_id' => '1490957872',
  'nonce_str' => 'kdkrssp5',
  'openid' => 'o01Wu01-zSLzut3cB22KEbJ3JxzY',
  'out_trade_no' => '2017111810392400001236803267',
  'result_code' => 'SUCCESS',
  'return_code' => 'SUCCESS',
  'sign' => '93AE75875D802749D040DF4BEB46F4C6',
  'time_end' => '20171118103948',
  'total_fee' => '30',
  'trade_type' => 'JSAPI',
  'transaction_id' => '4200000049201711185400613429',
)

2017-11-18 10:40:18 pay :
------------
String:
array (
  'appid' => 'wx6e79d28ccc2a8c05',
  'attach' => '2',
  'bank_type' => 'CCB_DEBIT',
  'cash_fee' => '30',
  'fee_type' => 'CNY',
  'is_subscribe' => 'Y',
  'mch_id' => '1490957872',
  'nonce_str' => 'kdkrssp5',
  'openid' => 'o01Wu01-zSLzut3cB22KEbJ3JxzY',
  'out_trade_no' => '2017111810392400001236803267',
  'result_code' => 'SUCCESS',
  'return_code' => 'SUCCESS',
  'sign' => '93AE75875D802749D040DF4BEB46F4C6',
  'time_end' => '20171118103948',
  'total_fee' => '30',
  'trade_type' => 'JSAPI',
  'transaction_id' => '4200000049201711185400613429',
)

2017-11-18 10:40:49 pay :
------------
String:
array (
  'appid' => 'wx6e79d28ccc2a8c05',
  'attach' => '2',
  'bank_type' => 'CCB_DEBIT',
  'cash_fee' => '30',
  'fee_type' => 'CNY',
  'is_subscribe' => 'Y',
  'mch_id' => '1490957872',
  'nonce_str' => 'kdkrssp5',
  'openid' => 'o01Wu01-zSLzut3cB22KEbJ3JxzY',
  'out_trade_no' => '2017111810392400001236803267',
  'result_code' => 'SUCCESS',
  'return_code' => 'SUCCESS',
  'sign' => '93AE75875D802749D040DF4BEB46F4C6',
  'time_end' => '20171118103948',
  'total_fee' => '30',
  'trade_type' => 'JSAPI',
  'transaction_id' => '4200000049201711185400613429',
)

2017-11-18 10:43:51 pay :
------------
String:
array (
  'appid' => 'wx6e79d28ccc2a8c05',
  'attach' => '2',
  'bank_type' => 'CCB_DEBIT',
  'cash_fee' => '30',
  'fee_type' => 'CNY',
  'is_subscribe' => 'Y',
  'mch_id' => '1490957872',
  'nonce_str' => 'kdkrssp5',
  'openid' => 'o01Wu01-zSLzut3cB22KEbJ3JxzY',
  'out_trade_no' => '2017111810392400001236803267',
  'result_code' => 'SUCCESS',
  'return_code' => 'SUCCESS',
  'sign' => '93AE75875D802749D040DF4BEB46F4C6',
  'time_end' => '20171118103948',
  'total_fee' => '30',
  'trade_type' => 'JSAPI',
  'transaction_id' => '4200000049201711185400613429',
)

2017-11-18 11:13:53 pay :
------------
String:
array (
  'appid' => 'wx6e79d28ccc2a8c05',
  'attach' => '2',
  'bank_type' => 'CCB_DEBIT',
  'cash_fee' => '30',
  'fee_type' => 'CNY',
  'is_subscribe' => 'Y',
  'mch_id' => '1490957872',
  'nonce_str' => 'kdkrssp5',
  'openid' => 'o01Wu01-zSLzut3cB22KEbJ3JxzY',
  'out_trade_no' => '2017111810392400001236803267',
  'result_code' => 'SUCCESS',
  'return_code' => 'SUCCESS',
  'sign' => '93AE75875D802749D040DF4BEB46F4C6',
  'time_end' => '20171118103948',
  'total_fee' => '30',
  'trade_type' => 'JSAPI',
  'transaction_id' => '4200000049201711185400613429',
)

2017-11-18 11:43:54 pay :
------------
String:
array (
  'appid' => 'wx6e79d28ccc2a8c05',
  'attach' => '2',
  'bank_type' => 'CCB_DEBIT',
  'cash_fee' => '30',
  'fee_type' => 'CNY',
  'is_subscribe' => 'Y',
  'mch_id' => '1490957872',
  'nonce_str' => 'kdkrssp5',
  'openid' => 'o01Wu01-zSLzut3cB22KEbJ3JxzY',
  'out_trade_no' => '2017111810392400001236803267',
  'result_code' => 'SUCCESS',
  'return_code' => 'SUCCESS',
  'sign' => '93AE75875D802749D040DF4BEB46F4C6',
  'time_end' => '20171118103948',
  'total_fee' => '30',
  'trade_type' => 'JSAPI',
  'transaction_id' => '4200000049201711185400613429',
)

2017-11-18 12:13:57 pay :
------------
String:
array (
  'appid' => 'wx6e79d28ccc2a8c05',
  'attach' => '2',
  'bank_type' => 'CCB_DEBIT',
  'cash_fee' => '30',
  'fee_type' => 'CNY',
  'is_subscribe' => 'Y',
  'mch_id' => '1490957872',
  'nonce_str' => 'kdkrssp5',
  'openid' => 'o01Wu01-zSLzut3cB22KEbJ3JxzY',
  'out_trade_no' => '2017111810392400001236803267',
  'result_code' => 'SUCCESS',
  'return_code' => 'SUCCESS',
  'sign' => '93AE75875D802749D040DF4BEB46F4C6',
  'time_end' => '20171118103948',
  'total_fee' => '30',
  'trade_type' => 'JSAPI',
  'transaction_id' => '4200000049201711185400613429',
)

2017-11-18 12:43:59 pay :
------------
String:
array (
  'appid' => 'wx6e79d28ccc2a8c05',
  'attach' => '2',
  'bank_type' => 'CCB_DEBIT',
  'cash_fee' => '30',
  'fee_type' => 'CNY',
  'is_subscribe' => 'Y',
  'mch_id' => '1490957872',
  'nonce_str' => 'kdkrssp5',
  'openid' => 'o01Wu01-zSLzut3cB22KEbJ3JxzY',
  'out_trade_no' => '2017111810392400001236803267',
  'result_code' => 'SUCCESS',
  'return_code' => 'SUCCESS',
  'sign' => '93AE75875D802749D040DF4BEB46F4C6',
  'time_end' => '20171118103948',
  'total_fee' => '30',
  'trade_type' => 'JSAPI',
  'transaction_id' => '4200000049201711185400613429',
)

2017-11-18 13:44:00 pay :
------------
String:
array (
  'appid' => 'wx6e79d28ccc2a8c05',
  'attach' => '2',
  'bank_type' => 'CCB_DEBIT',
  'cash_fee' => '30',
  'fee_type' => 'CNY',
  'is_subscribe' => 'Y',
  'mch_id' => '1490957872',
  'nonce_str' => 'kdkrssp5',
  'openid' => 'o01Wu01-zSLzut3cB22KEbJ3JxzY',
  'out_trade_no' => '2017111810392400001236803267',
  'result_code' => 'SUCCESS',
  'return_code' => 'SUCCESS',
  'sign' => '93AE75875D802749D040DF4BEB46F4C6',
  'time_end' => '20171118103948',
  'total_fee' => '30',
  'trade_type' => 'JSAPI',
  'transaction_id' => '4200000049201711185400613429',
)

