2017-11-05 13:51:27 pay-alipay :
------------
String:
array (
  'payment_type' => '1',
  'trade_no' => '2017110521001004230547075549',
  'subject' => '测试支付接口',
  'buyer_email' => 'hangming@msn.com',
  'gmt_create' => '2017-11-05 13:51:24',
  'notify_type' => 'trade_status_sync',
  'quantity' => '1',
  'out_trade_no' => '201711051509860998',
  'seller_id' => '2088621957819369',
  'notify_time' => '2017-11-05 13:51:26',
  'body' => '2',
  'trade_status' => 'TRADE_SUCCESS',
  'is_total_fee_adjust' => 'N',
  'total_fee' => '0.01',
  'gmt_payment' => '2017-11-05 13:51:26',
  'seller_email' => 'jin703@outlook.com',
  'price' => '0.01',
  'buyer_id' => '2088002328471230',
  'notify_id' => 'fe46272cc2277925a63b6851798295ahs1',
  'use_coupon' => 'N',
  'sign_type' => 'MD5',
  'sign' => 'c01e1ca5b6a92994e44458e45543418b',
  'query_type' => 'notify',
)

2017-11-05 13:51:36 pay-alipay :
------------
String:
array (
  'body' => '2',
  'is_success' => 'T',
  'notify_id' => 'RqPnCoPT3K9%2Fvwbh3Ih22%2Fi3R7j8NhWs6p4KpKWXPfo5eObuJcjeIYK9jmhwXMizWuv9',
  'notify_time' => '2017-11-05 13:51:28',
  'notify_type' => 'trade_status_sync',
  'out_trade_no' => '201711051509860998',
  'payment_type' => '1',
  'seller_id' => '2088621957819369',
  'service' => 'alipay.wap.create.direct.pay.by.user',
  'subject' => '测试支付接口',
  'total_fee' => '0.01',
  'trade_no' => '2017110521001004230547075549',
  'trade_status' => 'TRADE_SUCCESS',
  'sign' => '3a2dd4237b184b7d1ca33ce5896dae12',
  'sign_type' => 'MD5',
  'query_type' => 'return',
)

2017-11-05 13:55:27 pay-alipay :
------------
String:
array (
  'payment_type' => '1',
  'trade_no' => '2017110521001004230547075549',
  'subject' => '测试支付接口',
  'buyer_email' => 'hangming@msn.com',
  'gmt_create' => '2017-11-05 13:51:24',
  'notify_type' => 'trade_status_sync',
  'quantity' => '1',
  'out_trade_no' => '201711051509860998',
  'seller_id' => '2088621957819369',
  'notify_time' => '2017-11-05 13:55:27',
  'body' => '2',
  'trade_status' => 'TRADE_SUCCESS',
  'is_total_fee_adjust' => 'N',
  'total_fee' => '0.01',
  'gmt_payment' => '2017-11-05 13:51:26',
  'seller_email' => 'jin703@outlook.com',
  'price' => '0.01',
  'buyer_id' => '2088002328471230',
  'notify_id' => 'fe46272cc2277925a63b6851798295ahs1',
  'use_coupon' => 'N',
  'sign_type' => 'MD5',
  'sign' => '6b7eb6fad859503268df4254d3964c00',
  'query_type' => 'notify',
)

2017-11-05 14:05:38 pay-alipay :
------------
String:
array (
  'payment_type' => '1',
  'trade_no' => '2017110521001004230547075549',
  'subject' => '测试支付接口',
  'buyer_email' => 'hangming@msn.com',
  'gmt_create' => '2017-11-05 13:51:24',
  'notify_type' => 'trade_status_sync',
  'quantity' => '1',
  'out_trade_no' => '201711051509860998',
  'seller_id' => '2088621957819369',
  'notify_time' => '2017-11-05 14:05:38',
  'body' => '2',
  'trade_status' => 'TRADE_SUCCESS',
  'is_total_fee_adjust' => 'N',
  'total_fee' => '0.01',
  'gmt_payment' => '2017-11-05 13:51:26',
  'seller_email' => 'jin703@outlook.com',
  'price' => '0.01',
  'buyer_id' => '2088002328471230',
  'notify_id' => 'fe46272cc2277925a63b6851798295ahs1',
  'use_coupon' => 'N',
  'sign_type' => 'MD5',
  'sign' => 'dc9f773915ce38e09e6abb5170d5efe7',
  'query_type' => 'notify',
)

2017-11-05 14:15:31 pay-alipay :
------------
String:
array (
  'payment_type' => '1',
  'trade_no' => '2017110521001004230547075549',
  'subject' => '测试支付接口',
  'buyer_email' => 'hangming@msn.com',
  'gmt_create' => '2017-11-05 13:51:24',
  'notify_type' => 'trade_status_sync',
  'quantity' => '1',
  'out_trade_no' => '201711051509860998',
  'seller_id' => '2088621957819369',
  'notify_time' => '2017-11-05 14:15:31',
  'body' => '2',
  'trade_status' => 'TRADE_SUCCESS',
  'is_total_fee_adjust' => 'N',
  'total_fee' => '0.01',
  'gmt_payment' => '2017-11-05 13:51:26',
  'seller_email' => 'jin703@outlook.com',
  'price' => '0.01',
  'buyer_id' => '2088002328471230',
  'notify_id' => 'fe46272cc2277925a63b6851798295ahs1',
  'use_coupon' => 'N',
  'sign_type' => 'MD5',
  'sign' => '5584f2476110eb076e126497a62c05ae',
  'query_type' => 'notify',
)

2017-11-05 15:15:23 pay-alipay :
------------
String:
array (
  'payment_type' => '1',
  'trade_no' => '2017110521001004230547075549',
  'subject' => '测试支付接口',
  'buyer_email' => 'hangming@msn.com',
  'gmt_create' => '2017-11-05 13:51:24',
  'notify_type' => 'trade_status_sync',
  'quantity' => '1',
  'out_trade_no' => '201711051509860998',
  'seller_id' => '2088621957819369',
  'notify_time' => '2017-11-05 15:15:23',
  'body' => '2',
  'trade_status' => 'TRADE_SUCCESS',
  'is_total_fee_adjust' => 'N',
  'total_fee' => '0.01',
  'gmt_payment' => '2017-11-05 13:51:26',
  'seller_email' => 'jin703@outlook.com',
  'price' => '0.01',
  'buyer_id' => '2088002328471230',
  'notify_id' => 'fe46272cc2277925a63b6851798295ahs1',
  'use_coupon' => 'N',
  'sign_type' => 'MD5',
  'sign' => '851857b7da1147328a07147d2cea1f1b',
  'query_type' => 'notify',
)

2017-11-05 17:15:41 pay-alipay :
------------
String:
array (
  'payment_type' => '1',
  'trade_no' => '2017110521001004230547075549',
  'subject' => '测试支付接口',
  'buyer_email' => 'hangming@msn.com',
  'gmt_create' => '2017-11-05 13:51:24',
  'notify_type' => 'trade_status_sync',
  'quantity' => '1',
  'out_trade_no' => '201711051509860998',
  'seller_id' => '2088621957819369',
  'notify_time' => '2017-11-05 17:15:41',
  'body' => '2',
  'trade_status' => 'TRADE_SUCCESS',
  'is_total_fee_adjust' => 'N',
  'total_fee' => '0.01',
  'gmt_payment' => '2017-11-05 13:51:26',
  'seller_email' => 'jin703@outlook.com',
  'price' => '0.01',
  'buyer_id' => '2088002328471230',
  'notify_id' => 'fe46272cc2277925a63b6851798295ahs1',
  'use_coupon' => 'N',
  'sign_type' => 'MD5',
  'sign' => '12a0a797c8b336909897ec3fd68cda63',
  'query_type' => 'notify',
)

2017-11-05 23:15:25 pay-alipay :
------------
String:
array (
  'payment_type' => '1',
  'trade_no' => '2017110521001004230547075549',
  'subject' => '测试支付接口',
  'buyer_email' => 'hangming@msn.com',
  'gmt_create' => '2017-11-05 13:51:24',
  'notify_type' => 'trade_status_sync',
  'quantity' => '1',
  'out_trade_no' => '201711051509860998',
  'seller_id' => '2088621957819369',
  'notify_time' => '2017-11-05 23:15:24',
  'body' => '2',
  'trade_status' => 'TRADE_SUCCESS',
  'is_total_fee_adjust' => 'N',
  'total_fee' => '0.01',
  'gmt_payment' => '2017-11-05 13:51:26',
  'seller_email' => 'jin703@outlook.com',
  'price' => '0.01',
  'buyer_id' => '2088002328471230',
  'notify_id' => 'fe46272cc2277925a63b6851798295ahs1',
  'use_coupon' => 'N',
  'sign_type' => 'MD5',
  'sign' => '128eb43c75b99b43e9b3771127e83a5e',
  'query_type' => 'notify',
)

