2018-07-14 01:08:26 pay-alipay :
------------
String:
array (
  'payment_type' => '1',
  'trade_no' => '2018041121001004230552865950',
  'subject' => '测试支付接口',
  'buyer_email' => 'han***@msn.com',
  'gmt_create' => '2018-04-11 21:44:09',
  'notify_type' => 'trade_status_sync',
  'quantity' => '1',
  'out_trade_no' => '201804111523454185',
  'seller_id' => '2088621957819369',
  'notify_time' => '2018-07-14 01:08:25',
  'body' => '2',
  'trade_status' => 'TRADE_FINISHED',
  'is_total_fee_adjust' => 'N',
  'total_fee' => '0.01',
  'gmt_payment' => '2018-04-11 21:44:10',
  'seller_email' => 'jin703@outlook.com',
  'gmt_close' => '2018-07-13 21:44:54',
  'price' => '0.01',
  'buyer_id' => '2088002328471230',
  'notify_id' => '35a8054403bc625d05a262ea407152bhs1',
  'use_coupon' => 'N',
  'sign_type' => 'MD5',
  'sign' => '6e4560699674f6a40d05f8652456a72b',
  'query_type' => 'notify',
)

2018-07-14 07:08:23 pay-alipay :
------------
String:
array (
  'payment_type' => '1',
  'trade_no' => '2018041121001004230552865950',
  'subject' => '测试支付接口',
  'buyer_email' => 'han***@msn.com',
  'gmt_create' => '2018-04-11 21:44:09',
  'notify_type' => 'trade_status_sync',
  'quantity' => '1',
  'out_trade_no' => '201804111523454185',
  'seller_id' => '2088621957819369',
  'notify_time' => '2018-07-14 07:08:22',
  'body' => '2',
  'trade_status' => 'TRADE_FINISHED',
  'is_total_fee_adjust' => 'N',
  'total_fee' => '0.01',
  'gmt_payment' => '2018-04-11 21:44:10',
  'seller_email' => 'jin703@outlook.com',
  'gmt_close' => '2018-07-13 21:44:54',
  'price' => '0.01',
  'buyer_id' => '2088002328471230',
  'notify_id' => '35a8054403bc625d05a262ea407152bhs1',
  'use_coupon' => 'N',
  'sign_type' => 'MD5',
  'sign' => '7352186e508c62b4a7c2120f54444b05',
  'query_type' => 'notify',
)

2018-07-14 10:30:48 trace :
------------
String:
<xml><ToUserName><![CDATA[gh_6ace08fd00cf]]></ToUserName>
<FromUserName><![CDATA[oIP0X0g5j5OmrQEgSHLTECZbCFHw]]></FromUserName>
<CreateTime>1531535448</CreateTime>
<MsgType><![CDATA[event]]></MsgType>
<Event><![CDATA[TEMPLATESENDJOBFINISH]]></Event>
<MsgID>368145419097751553</MsgID>
<Status><![CDATA[success]]></Status>
</xml>

2018-07-14 10:30:48 params :
------------
String:
array (
  'rule' => -2,
  'module' => '',
  'message' => 
  array (
    'tousername' => 'gh_6ace08fd00cf',
    'fromusername' => 'oIP0X0g5j5OmrQEgSHLTECZbCFHw',
    'createtime' => '1531535448',
    'msgtype' => 'event',
    'event' => 'TEMPLATESENDJOBFINISH',
    'msgid' => '368145419097751553',
    'status' => 'success',
    'from' => 'oIP0X0g5j5OmrQEgSHLTECZbCFHw',
    'to' => 'gh_6ace08fd00cf',
    'time' => '1531535448',
    'type' => 'event',
  ),
)

2018-07-14 10:30:48 response :
------------

2018-07-14 10:30:56 trace :
------------
String:
<xml><ToUserName><![CDATA[gh_6ace08fd00cf]]></ToUserName>
<FromUserName><![CDATA[oIP0X0oF5n7OLu49EpAwdouhzRkU]]></FromUserName>
<CreateTime>1531535455</CreateTime>
<MsgType><![CDATA[event]]></MsgType>
<Event><![CDATA[TEMPLATESENDJOBFINISH]]></Event>
<MsgID>368145550111014913</MsgID>
<Status><![CDATA[success]]></Status>
</xml>

2018-07-14 10:30:56 params :
------------
String:
array (
  'rule' => -2,
  'module' => '',
  'message' => 
  array (
    'tousername' => 'gh_6ace08fd00cf',
    'fromusername' => 'oIP0X0oF5n7OLu49EpAwdouhzRkU',
    'createtime' => '1531535455',
    'msgtype' => 'event',
    'event' => 'TEMPLATESENDJOBFINISH',
    'msgid' => '368145550111014913',
    'status' => 'success',
    'from' => 'oIP0X0oF5n7OLu49EpAwdouhzRkU',
    'to' => 'gh_6ace08fd00cf',
    'time' => '1531535455',
    'type' => 'event',
  ),
)

2018-07-14 10:30:56 response :
------------

2018-07-14 10:31:32 trace :
------------
String:
<xml><ToUserName><![CDATA[gh_6ace08fd00cf]]></ToUserName>
<FromUserName><![CDATA[oIP0X0g5j5OmrQEgSHLTECZbCFHw]]></FromUserName>
<CreateTime>1531535492</CreateTime>
<MsgType><![CDATA[event]]></MsgType>
<Event><![CDATA[VIEW]]></Event>
<EventKey><![CDATA[http://orderamz.oneap.net/app/index.php?i=2&c=entry&eid=15]]></EventKey>
<MenuId>813904688</MenuId>
</xml>

2018-07-14 10:31:32 params :
------------
String:
array (
  'rule' => -2,
  'module' => '',
  'message' => 
  array (
    'tousername' => 'gh_6ace08fd00cf',
    'fromusername' => 'oIP0X0g5j5OmrQEgSHLTECZbCFHw',
    'createtime' => '1531535492',
    'msgtype' => 'event',
    'event' => 'VIEW',
    'eventkey' => 'http://orderamz.oneap.net/app/index.php?i=2&c=entry&eid=15',
    'menuid' => '813904688',
    'from' => 'oIP0X0g5j5OmrQEgSHLTECZbCFHw',
    'to' => 'gh_6ace08fd00cf',
    'time' => '1531535492',
    'type' => 'text',
    'content' => 'http://orderamz.oneap.net/app/index.php?i=2&c=entry&eid=15',
    'redirection' => true,
    'source' => 'VIEW',
  ),
)

2018-07-14 10:31:32 response :
------------

2018-07-14 10:43:46 trace :
------------
String:
<xml><ToUserName><![CDATA[gh_6ace08fd00cf]]></ToUserName>
<FromUserName><![CDATA[oIP0X0g5j5OmrQEgSHLTECZbCFHw]]></FromUserName>
<CreateTime>1531536226</CreateTime>
<MsgType><![CDATA[event]]></MsgType>
<Event><![CDATA[VIEW]]></Event>
<EventKey><![CDATA[http://orderamz.oneap.net/app/index.php?i=2&c=entry&eid=15]]></EventKey>
<MenuId>813904688</MenuId>
</xml>

2018-07-14 10:43:46 params :
------------
String:
array (
  'rule' => -2,
  'module' => '',
  'message' => 
  array (
    'tousername' => 'gh_6ace08fd00cf',
    'fromusername' => 'oIP0X0g5j5OmrQEgSHLTECZbCFHw',
    'createtime' => '1531536226',
    'msgtype' => 'event',
    'event' => 'VIEW',
    'eventkey' => 'http://orderamz.oneap.net/app/index.php?i=2&c=entry&eid=15',
    'menuid' => '813904688',
    'from' => 'oIP0X0g5j5OmrQEgSHLTECZbCFHw',
    'to' => 'gh_6ace08fd00cf',
    'time' => '1531536226',
    'type' => 'text',
    'content' => 'http://orderamz.oneap.net/app/index.php?i=2&c=entry&eid=15',
    'redirection' => true,
    'source' => 'VIEW',
  ),
)

2018-07-14 10:43:46 response :
------------

2018-07-14 10:50:34 pay-alipay :
------------
String:
array (
  'payment_type' => '1',
  'trade_no' => '2018071421001004230533316257',
  'subject' => '餐饮20180714363360722639',
  'buyer_email' => 'han***@msn.com',
  'gmt_create' => '2018-07-14 10:50:32',
  'notify_type' => 'trade_status_sync',
  'quantity' => '1',
  'out_trade_no' => '2018071410454200001220920881',
  'seller_id' => '2088621957819369',
  'notify_time' => '2018-07-14 10:50:34',
  'body' => '2',
  'trade_status' => 'TRADE_SUCCESS',
  'is_total_fee_adjust' => 'N',
  'total_fee' => '0.10',
  'gmt_payment' => '2018-07-14 10:50:33',
  'seller_email' => 'jin703@outlook.com',
  'price' => '0.10',
  'buyer_id' => '2088002328471230',
  'notify_id' => '8b45ea672deea8c8dfe9d130a4f7c2bhs1',
  'use_coupon' => 'N',
  'sign_type' => 'MD5',
  'sign' => '1c26757dacd435cb1ba90e6496b8534c',
  'query_type' => 'notify',
)

2018-07-14 10:50:36 trace :
------------
String:
<xml><ToUserName><![CDATA[gh_6ace08fd00cf]]></ToUserName>
<FromUserName><![CDATA[oIP0X0g5j5OmrQEgSHLTECZbCFHw]]></FromUserName>
<CreateTime>1531536636</CreateTime>
<MsgType><![CDATA[event]]></MsgType>
<Event><![CDATA[TEMPLATESENDJOBFINISH]]></Event>
<MsgID>368165351806091264</MsgID>
<Status><![CDATA[success]]></Status>
</xml>

2018-07-14 10:50:36 params :
------------
String:
array (
  'rule' => -2,
  'module' => '',
  'message' => 
  array (
    'tousername' => 'gh_6ace08fd00cf',
    'fromusername' => 'oIP0X0g5j5OmrQEgSHLTECZbCFHw',
    'createtime' => '1531536636',
    'msgtype' => 'event',
    'event' => 'TEMPLATESENDJOBFINISH',
    'msgid' => '368165351806091264',
    'status' => 'success',
    'from' => 'oIP0X0g5j5OmrQEgSHLTECZbCFHw',
    'to' => 'gh_6ace08fd00cf',
    'time' => '1531536636',
    'type' => 'event',
  ),
)

2018-07-14 10:50:36 response :
------------

2018-07-14 10:50:43 pay-alipay :
------------
String:
array (
  'body' => '2',
  'is_success' => 'T',
  'notify_id' => 'RqPnCoPT3K9%2Fvwbh3Ih125BgpzS4NcNO9Xjm%2FbtPIHM3ldXbCS5%2BvCfknpMjXxpcj1Ev',
  'notify_time' => '2018-07-14 10:50:34',
  'notify_type' => 'trade_status_sync',
  'out_trade_no' => '2018071410454200001220920881',
  'payment_type' => '1',
  'seller_id' => '2088621957819369',
  'service' => 'alipay.wap.create.direct.pay.by.user',
  'subject' => '餐饮20180714363360722639',
  'total_fee' => '0.10',
  'trade_no' => '2018071421001004230533316257',
  'trade_status' => 'TRADE_SUCCESS',
  'sign' => 'b2b7063cd9a084f4d182021451bb5c77',
  'sign_type' => 'MD5',
  'query_type' => 'return',
)

2018-07-14 10:50:45 trace :
------------
String:
<xml><ToUserName><![CDATA[gh_6ace08fd00cf]]></ToUserName>
<FromUserName><![CDATA[oIP0X0oF5n7OLu49EpAwdouhzRkU]]></FromUserName>
<CreateTime>1531536644</CreateTime>
<MsgType><![CDATA[event]]></MsgType>
<Event><![CDATA[TEMPLATESENDJOBFINISH]]></Event>
<MsgID>368165499797897217</MsgID>
<Status><![CDATA[success]]></Status>
</xml>

2018-07-14 10:50:45 params :
------------
String:
array (
  'rule' => -2,
  'module' => '',
  'message' => 
  array (
    'tousername' => 'gh_6ace08fd00cf',
    'fromusername' => 'oIP0X0oF5n7OLu49EpAwdouhzRkU',
    'createtime' => '1531536644',
    'msgtype' => 'event',
    'event' => 'TEMPLATESENDJOBFINISH',
    'msgid' => '368165499797897217',
    'status' => 'success',
    'from' => 'oIP0X0oF5n7OLu49EpAwdouhzRkU',
    'to' => 'gh_6ace08fd00cf',
    'time' => '1531536644',
    'type' => 'event',
  ),
)

2018-07-14 10:50:45 response :
------------

2018-07-14 10:50:55 pay-alipay :
------------
String:
array (
  'body' => '2',
  'is_success' => 'T',
  'notify_id' => 'RqPnCoPT3K9%2Fvwbh3Ih125BgpzS%2B7WK6K3QrzcX8oUDaLbP%2Bwq2Lz49sgBA2pYf0KaNM',
  'notify_time' => '2018-07-14 10:50:54',
  'notify_type' => 'trade_status_sync',
  'out_trade_no' => '2018071410454200001220920881',
  'payment_type' => '1',
  'seller_id' => '2088621957819369',
  'service' => 'alipay.wap.create.direct.pay.by.user',
  'subject' => '餐饮20180714363360722639',
  'total_fee' => '0.10',
  'trade_no' => '2018071421001004230533316257',
  'trade_status' => 'TRADE_SUCCESS',
  'sign' => '98bb9d7dba09525dde8706a279a3624d',
  'sign_type' => 'MD5',
  'query_type' => 'return',
)

2018-07-14 10:51:10 pay-alipay :
------------
String:
array (
  'body' => '2',
  'is_success' => 'T',
  'notify_id' => 'RqPnCoPT3K9%2Fvwbh3Ih125BgpzS9P1Kw2933I%2FPFb3j6qNvTb8xu5Jl8oKpvaVLOtATk',
  'notify_time' => '2018-07-14 10:51:02',
  'notify_type' => 'trade_status_sync',
  'out_trade_no' => '2018071410454200001220920881',
  'payment_type' => '1',
  'seller_id' => '2088621957819369',
  'service' => 'alipay.wap.create.direct.pay.by.user',
  'subject' => '餐饮20180714363360722639',
  'total_fee' => '0.10',
  'trade_no' => '2018071421001004230533316257',
  'trade_status' => 'TRADE_SUCCESS',
  'sign' => 'dd13b9ab83a029a233b7b6a66ab5cedb',
  'sign_type' => 'MD5',
  'query_type' => 'return',
)

2018-07-14 10:51:39 trace :
------------
String:
<xml><ToUserName><![CDATA[gh_6ace08fd00cf]]></ToUserName>
<FromUserName><![CDATA[oIP0X0g5j5OmrQEgSHLTECZbCFHw]]></FromUserName>
<CreateTime>1531536699</CreateTime>
<MsgType><![CDATA[event]]></MsgType>
<Event><![CDATA[VIEW]]></Event>
<EventKey><![CDATA[http://orderamz.oneap.net/app/index.php?i=2&c=entry&eid=15]]></EventKey>
<MenuId>813904688</MenuId>
</xml>

2018-07-14 10:51:39 params :
------------
String:
array (
  'rule' => -2,
  'module' => '',
  'message' => 
  array (
    'tousername' => 'gh_6ace08fd00cf',
    'fromusername' => 'oIP0X0g5j5OmrQEgSHLTECZbCFHw',
    'createtime' => '1531536699',
    'msgtype' => 'event',
    'event' => 'VIEW',
    'eventkey' => 'http://orderamz.oneap.net/app/index.php?i=2&c=entry&eid=15',
    'menuid' => '813904688',
    'from' => 'oIP0X0g5j5OmrQEgSHLTECZbCFHw',
    'to' => 'gh_6ace08fd00cf',
    'time' => '1531536699',
    'type' => 'text',
    'content' => 'http://orderamz.oneap.net/app/index.php?i=2&c=entry&eid=15',
    'redirection' => true,
    'source' => 'VIEW',
  ),
)

2018-07-14 10:51:39 response :
------------

2018-07-14 10:52:21 trace :
------------
String:
<xml><ToUserName><![CDATA[gh_6ace08fd00cf]]></ToUserName>
<FromUserName><![CDATA[oIP0X0g5j5OmrQEgSHLTECZbCFHw]]></FromUserName>
<CreateTime>1531536740</CreateTime>
<MsgType><![CDATA[event]]></MsgType>
<Event><![CDATA[VIEW]]></Event>
<EventKey><![CDATA[http://orderamz.oneap.net/app/index.php?i=2&c=entry&eid=2]]></EventKey>
<MenuId>813904688</MenuId>
</xml>

2018-07-14 10:52:21 params :
------------
String:
array (
  'rule' => -2,
  'module' => '',
  'message' => 
  array (
    'tousername' => 'gh_6ace08fd00cf',
    'fromusername' => 'oIP0X0g5j5OmrQEgSHLTECZbCFHw',
    'createtime' => '1531536740',
    'msgtype' => 'event',
    'event' => 'VIEW',
    'eventkey' => 'http://orderamz.oneap.net/app/index.php?i=2&c=entry&eid=2',
    'menuid' => '813904688',
    'from' => 'oIP0X0g5j5OmrQEgSHLTECZbCFHw',
    'to' => 'gh_6ace08fd00cf',
    'time' => '1531536740',
    'type' => 'text',
    'content' => 'http://orderamz.oneap.net/app/index.php?i=2&c=entry&eid=2',
    'redirection' => true,
    'source' => 'VIEW',
  ),
)

2018-07-14 10:52:21 response :
------------

2018-07-14 10:53:38 trace :
------------
String:
<xml><ToUserName><![CDATA[gh_6ace08fd00cf]]></ToUserName>
<FromUserName><![CDATA[oIP0X0g5j5OmrQEgSHLTECZbCFHw]]></FromUserName>
<CreateTime>1531536818</CreateTime>
<MsgType><![CDATA[event]]></MsgType>
<Event><![CDATA[TEMPLATESENDJOBFINISH]]></Event>
<MsgID>368168406819684352</MsgID>
<Status><![CDATA[success]]></Status>
</xml>

2018-07-14 10:53:38 params :
------------
String:
array (
  'rule' => -2,
  'module' => '',
  'message' => 
  array (
    'tousername' => 'gh_6ace08fd00cf',
    'fromusername' => 'oIP0X0g5j5OmrQEgSHLTECZbCFHw',
    'createtime' => '1531536818',
    'msgtype' => 'event',
    'event' => 'TEMPLATESENDJOBFINISH',
    'msgid' => '368168406819684352',
    'status' => 'success',
    'from' => 'oIP0X0g5j5OmrQEgSHLTECZbCFHw',
    'to' => 'gh_6ace08fd00cf',
    'time' => '1531536818',
    'type' => 'event',
  ),
)

2018-07-14 10:53:38 response :
------------

2018-07-14 10:53:46 trace :
------------
String:
<xml><ToUserName><![CDATA[gh_6ace08fd00cf]]></ToUserName>
<FromUserName><![CDATA[oIP0X0oF5n7OLu49EpAwdouhzRkU]]></FromUserName>
<CreateTime>1531536826</CreateTime>
<MsgType><![CDATA[event]]></MsgType>
<Event><![CDATA[TEMPLATESENDJOBFINISH]]></Event>
<MsgID>368168540148203521</MsgID>
<Status><![CDATA[success]]></Status>
</xml>

2018-07-14 10:53:46 params :
------------
String:
array (
  'rule' => -2,
  'module' => '',
  'message' => 
  array (
    'tousername' => 'gh_6ace08fd00cf',
    'fromusername' => 'oIP0X0oF5n7OLu49EpAwdouhzRkU',
    'createtime' => '1531536826',
    'msgtype' => 'event',
    'event' => 'TEMPLATESENDJOBFINISH',
    'msgid' => '368168540148203521',
    'status' => 'success',
    'from' => 'oIP0X0oF5n7OLu49EpAwdouhzRkU',
    'to' => 'gh_6ace08fd00cf',
    'time' => '1531536826',
    'type' => 'event',
  ),
)

2018-07-14 10:53:46 response :
------------

2018-07-14 10:54:38 pay-alipay :
------------
String:
array (
  'payment_type' => '1',
  'trade_no' => '2018071421001004230533316257',
  'subject' => '餐饮20180714363360722639',
  'buyer_email' => 'han***@msn.com',
  'gmt_create' => '2018-07-14 10:50:32',
  'notify_type' => 'trade_status_sync',
  'quantity' => '1',
  'out_trade_no' => '2018071410454200001220920881',
  'seller_id' => '2088621957819369',
  'notify_time' => '2018-07-14 10:54:37',
  'body' => '2',
  'trade_status' => 'TRADE_SUCCESS',
  'is_total_fee_adjust' => 'N',
  'total_fee' => '0.10',
  'gmt_payment' => '2018-07-14 10:50:33',
  'seller_email' => 'jin703@outlook.com',
  'price' => '0.10',
  'buyer_id' => '2088002328471230',
  'notify_id' => '8b45ea672deea8c8dfe9d130a4f7c2bhs1',
  'use_coupon' => 'N',
  'sign_type' => 'MD5',
  'sign' => 'aea6f9de9e2a82466ca3e93e59571e61',
  'query_type' => 'notify',
)

2018-07-14 11:04:46 pay-alipay :
------------
String:
array (
  'payment_type' => '1',
  'trade_no' => '2018071421001004230533316257',
  'subject' => '餐饮20180714363360722639',
  'buyer_email' => 'han***@msn.com',
  'gmt_create' => '2018-07-14 10:50:32',
  'notify_type' => 'trade_status_sync',
  'quantity' => '1',
  'out_trade_no' => '2018071410454200001220920881',
  'seller_id' => '2088621957819369',
  'notify_time' => '2018-07-14 11:04:46',
  'body' => '2',
  'trade_status' => 'TRADE_SUCCESS',
  'is_total_fee_adjust' => 'N',
  'total_fee' => '0.10',
  'gmt_payment' => '2018-07-14 10:50:33',
  'seller_email' => 'jin703@outlook.com',
  'price' => '0.10',
  'buyer_id' => '2088002328471230',
  'notify_id' => '8b45ea672deea8c8dfe9d130a4f7c2bhs1',
  'use_coupon' => 'N',
  'sign_type' => 'MD5',
  'sign' => '0e1b43c5491e2b648acec3fd13802d30',
  'query_type' => 'notify',
)

2018-07-14 11:10:14 trace :
------------
String:
<xml><ToUserName><![CDATA[gh_6ace08fd00cf]]></ToUserName>
<FromUserName><![CDATA[oIP0X0nRmf4w6LhtWw_cwGj7NlyA]]></FromUserName>
<CreateTime>1531537814</CreateTime>
<MsgType><![CDATA[event]]></MsgType>
<Event><![CDATA[VIEW]]></Event>
<EventKey><![CDATA[http://orderamz.oneap.net/app/index.php?i=2&c=entry&eid=2]]></EventKey>
<MenuId>813904688</MenuId>
</xml>

2018-07-14 11:10:14 params :
------------
String:
array (
  'rule' => -2,
  'module' => '',
  'message' => 
  array (
    'tousername' => 'gh_6ace08fd00cf',
    'fromusername' => 'oIP0X0nRmf4w6LhtWw_cwGj7NlyA',
    'createtime' => '1531537814',
    'msgtype' => 'event',
    'event' => 'VIEW',
    'eventkey' => 'http://orderamz.oneap.net/app/index.php?i=2&c=entry&eid=2',
    'menuid' => '813904688',
    'from' => 'oIP0X0nRmf4w6LhtWw_cwGj7NlyA',
    'to' => 'gh_6ace08fd00cf',
    'time' => '1531537814',
    'type' => 'text',
    'content' => 'http://orderamz.oneap.net/app/index.php?i=2&c=entry&eid=2',
    'redirection' => true,
    'source' => 'VIEW',
  ),
)

2018-07-14 11:10:14 response :
------------

2018-07-14 11:10:52 trace :
------------
String:
<xml><ToUserName><![CDATA[gh_6ace08fd00cf]]></ToUserName>
<FromUserName><![CDATA[oIP0X0nRmf4w6LhtWw_cwGj7NlyA]]></FromUserName>
<CreateTime>1531537851</CreateTime>
<MsgType><![CDATA[event]]></MsgType>
<Event><![CDATA[VIEW]]></Event>
<EventKey><![CDATA[http://orderamz.oneap.net/app/index.php?i=2&c=entry&eid=2]]></EventKey>
<MenuId>813904688</MenuId>
</xml>

2018-07-14 11:10:52 params :
------------
String:
array (
  'rule' => -2,
  'module' => '',
  'message' => 
  array (
    'tousername' => 'gh_6ace08fd00cf',
    'fromusername' => 'oIP0X0nRmf4w6LhtWw_cwGj7NlyA',
    'createtime' => '1531537851',
    'msgtype' => 'event',
    'event' => 'VIEW',
    'eventkey' => 'http://orderamz.oneap.net/app/index.php?i=2&c=entry&eid=2',
    'menuid' => '813904688',
    'from' => 'oIP0X0nRmf4w6LhtWw_cwGj7NlyA',
    'to' => 'gh_6ace08fd00cf',
    'time' => '1531537851',
    'type' => 'text',
    'content' => 'http://orderamz.oneap.net/app/index.php?i=2&c=entry&eid=2',
    'redirection' => true,
    'source' => 'VIEW',
  ),
)

2018-07-14 11:10:52 response :
------------

2018-07-14 11:14:26 pay-alipay :
------------
String:
array (
  'payment_type' => '1',
  'trade_no' => '2018071421001004230533316257',
  'subject' => '餐饮20180714363360722639',
  'buyer_email' => 'han***@msn.com',
  'gmt_create' => '2018-07-14 10:50:32',
  'notify_type' => 'trade_status_sync',
  'quantity' => '1',
  'out_trade_no' => '2018071410454200001220920881',
  'seller_id' => '2088621957819369',
  'notify_time' => '2018-07-14 11:14:26',
  'body' => '2',
  'trade_status' => 'TRADE_SUCCESS',
  'is_total_fee_adjust' => 'N',
  'total_fee' => '0.10',
  'gmt_payment' => '2018-07-14 10:50:33',
  'seller_email' => 'jin703@outlook.com',
  'price' => '0.10',
  'buyer_id' => '2088002328471230',
  'notify_id' => '8b45ea672deea8c8dfe9d130a4f7c2bhs1',
  'use_coupon' => 'N',
  'sign_type' => 'MD5',
  'sign' => '47c68393618b6a5cde37abc3ed153729',
  'query_type' => 'notify',
)

2018-07-14 11:17:22 trace :
------------
String:
<xml><ToUserName><![CDATA[gh_6ace08fd00cf]]></ToUserName>
<FromUserName><![CDATA[oIP0X0nRmf4w6LhtWw_cwGj7NlyA]]></FromUserName>
<CreateTime>1531538242</CreateTime>
<MsgType><![CDATA[event]]></MsgType>
<Event><![CDATA[VIEW]]></Event>
<EventKey><![CDATA[http://orderamz.oneap.net/app/index.php?i=2&c=entry&eid=2]]></EventKey>
<MenuId>813904688</MenuId>
</xml>

2018-07-14 11:17:22 params :
------------
String:
array (
  'rule' => -2,
  'module' => '',
  'message' => 
  array (
    'tousername' => 'gh_6ace08fd00cf',
    'fromusername' => 'oIP0X0nRmf4w6LhtWw_cwGj7NlyA',
    'createtime' => '1531538242',
    'msgtype' => 'event',
    'event' => 'VIEW',
    'eventkey' => 'http://orderamz.oneap.net/app/index.php?i=2&c=entry&eid=2',
    'menuid' => '813904688',
    'from' => 'oIP0X0nRmf4w6LhtWw_cwGj7NlyA',
    'to' => 'gh_6ace08fd00cf',
    'time' => '1531538242',
    'type' => 'text',
    'content' => 'http://orderamz.oneap.net/app/index.php?i=2&c=entry&eid=2',
    'redirection' => true,
    'source' => 'VIEW',
  ),
)

2018-07-14 11:17:22 response :
------------

2018-07-14 11:17:46 trace :
------------
String:
<xml><ToUserName><![CDATA[gh_6ace08fd00cf]]></ToUserName>
<FromUserName><![CDATA[oIP0X0nRmf4w6LhtWw_cwGj7NlyA]]></FromUserName>
<CreateTime>1531538266</CreateTime>
<MsgType><![CDATA[event]]></MsgType>
<Event><![CDATA[VIEW]]></Event>
<EventKey><![CDATA[http://orderamz.oneap.net/app/index.php?i=2&c=entry&eid=15]]></EventKey>
<MenuId>813904688</MenuId>
</xml>

2018-07-14 11:17:46 params :
------------
String:
array (
  'rule' => -2,
  'module' => '',
  'message' => 
  array (
    'tousername' => 'gh_6ace08fd00cf',
    'fromusername' => 'oIP0X0nRmf4w6LhtWw_cwGj7NlyA',
    'createtime' => '1531538266',
    'msgtype' => 'event',
    'event' => 'VIEW',
    'eventkey' => 'http://orderamz.oneap.net/app/index.php?i=2&c=entry&eid=15',
    'menuid' => '813904688',
    'from' => 'oIP0X0nRmf4w6LhtWw_cwGj7NlyA',
    'to' => 'gh_6ace08fd00cf',
    'time' => '1531538266',
    'type' => 'text',
    'content' => 'http://orderamz.oneap.net/app/index.php?i=2&c=entry&eid=15',
    'redirection' => true,
    'source' => 'VIEW',
  ),
)

2018-07-14 11:17:46 response :
------------

2018-07-14 11:19:06 pay :
------------
String:
array (
  'appid' => 'wxbca5dd09334f3ae0',
  'attach' => '2',
  'bank_type' => 'CFT',
  'cash_fee' => '40',
  'fee_type' => 'CNY',
  'is_subscribe' => 'Y',
  'mch_id' => '1502298101',
  'nonce_str' => 'xD88G894',
  'openid' => 'oIP0X0nRmf4w6LhtWw_cwGj7NlyA',
  'out_trade_no' => '2018071411185500001293845618',
  'result_code' => 'SUCCESS',
  'return_code' => 'SUCCESS',
  'sign' => '420F16669B404DAAFAF2E8CEF215D3FB',
  'time_end' => '20180714111905',
  'total_fee' => '40',
  'trade_type' => 'JSAPI',
  'transaction_id' => '4200000139201807140234533348',
)

2018-07-14 11:19:08 trace :
------------
String:
<xml><ToUserName><![CDATA[gh_6ace08fd00cf]]></ToUserName>
<FromUserName><![CDATA[oIP0X0nRmf4w6LhtWw_cwGj7NlyA]]></FromUserName>
<CreateTime>1531538347</CreateTime>
<MsgType><![CDATA[event]]></MsgType>
<Event><![CDATA[TEMPLATESENDJOBFINISH]]></Event>
<MsgID>368194070423650305</MsgID>
<Status><![CDATA[success]]></Status>
</xml>

2018-07-14 11:19:08 params :
------------
String:
array (
  'rule' => -2,
  'module' => '',
  'message' => 
  array (
    'tousername' => 'gh_6ace08fd00cf',
    'fromusername' => 'oIP0X0nRmf4w6LhtWw_cwGj7NlyA',
    'createtime' => '1531538347',
    'msgtype' => 'event',
    'event' => 'TEMPLATESENDJOBFINISH',
    'msgid' => '368194070423650305',
    'status' => 'success',
    'from' => 'oIP0X0nRmf4w6LhtWw_cwGj7NlyA',
    'to' => 'gh_6ace08fd00cf',
    'time' => '1531538347',
    'type' => 'event',
  ),
)

2018-07-14 11:19:08 response :
------------

2018-07-14 11:19:18 trace :
------------
String:
<xml><ToUserName><![CDATA[gh_6ace08fd00cf]]></ToUserName>
<FromUserName><![CDATA[oIP0X0oF5n7OLu49EpAwdouhzRkU]]></FromUserName>
<CreateTime>1531538357</CreateTime>
<MsgType><![CDATA[event]]></MsgType>
<Event><![CDATA[TEMPLATESENDJOBFINISH]]></Event>
<MsgID>368194237524738049</MsgID>
<Status><![CDATA[success]]></Status>
</xml>

2018-07-14 11:19:18 params :
------------
String:
array (
  'rule' => -2,
  'module' => '',
  'message' => 
  array (
    'tousername' => 'gh_6ace08fd00cf',
    'fromusername' => 'oIP0X0oF5n7OLu49EpAwdouhzRkU',
    'createtime' => '1531538357',
    'msgtype' => 'event',
    'event' => 'TEMPLATESENDJOBFINISH',
    'msgid' => '368194237524738049',
    'status' => 'success',
    'from' => 'oIP0X0oF5n7OLu49EpAwdouhzRkU',
    'to' => 'gh_6ace08fd00cf',
    'time' => '1531538357',
    'type' => 'event',
  ),
)

2018-07-14 11:19:18 response :
------------

2018-07-14 11:19:22 pay :
------------
String:
array (
  'appid' => 'wxbca5dd09334f3ae0',
  'attach' => '2',
  'bank_type' => 'CFT',
  'cash_fee' => '40',
  'fee_type' => 'CNY',
  'is_subscribe' => 'Y',
  'mch_id' => '1502298101',
  'nonce_str' => 'xD88G894',
  'openid' => 'oIP0X0nRmf4w6LhtWw_cwGj7NlyA',
  'out_trade_no' => '2018071411185500001293845618',
  'result_code' => 'SUCCESS',
  'return_code' => 'SUCCESS',
  'sign' => '420F16669B404DAAFAF2E8CEF215D3FB',
  'time_end' => '20180714111905',
  'total_fee' => '40',
  'trade_type' => 'JSAPI',
  'transaction_id' => '4200000139201807140234533348',
)

2018-07-14 11:19:37 pay :
------------
String:
array (
  'appid' => 'wxbca5dd09334f3ae0',
  'attach' => '2',
  'bank_type' => 'CFT',
  'cash_fee' => '40',
  'fee_type' => 'CNY',
  'is_subscribe' => 'Y',
  'mch_id' => '1502298101',
  'nonce_str' => 'xD88G894',
  'openid' => 'oIP0X0nRmf4w6LhtWw_cwGj7NlyA',
  'out_trade_no' => '2018071411185500001293845618',
  'result_code' => 'SUCCESS',
  'return_code' => 'SUCCESS',
  'sign' => '420F16669B404DAAFAF2E8CEF215D3FB',
  'time_end' => '20180714111905',
  'total_fee' => '40',
  'trade_type' => 'JSAPI',
  'transaction_id' => '4200000139201807140234533348',
)

2018-07-14 11:20:08 pay :
------------
String:
array (
  'appid' => 'wxbca5dd09334f3ae0',
  'attach' => '2',
  'bank_type' => 'CFT',
  'cash_fee' => '40',
  'fee_type' => 'CNY',
  'is_subscribe' => 'Y',
  'mch_id' => '1502298101',
  'nonce_str' => 'xD88G894',
  'openid' => 'oIP0X0nRmf4w6LhtWw_cwGj7NlyA',
  'out_trade_no' => '2018071411185500001293845618',
  'result_code' => 'SUCCESS',
  'return_code' => 'SUCCESS',
  'sign' => '420F16669B404DAAFAF2E8CEF215D3FB',
  'time_end' => '20180714111905',
  'total_fee' => '40',
  'trade_type' => 'JSAPI',
  'transaction_id' => '4200000139201807140234533348',
)

2018-07-14 11:23:08 pay :
------------
String:
array (
  'appid' => 'wxbca5dd09334f3ae0',
  'attach' => '2',
  'bank_type' => 'CFT',
  'cash_fee' => '40',
  'fee_type' => 'CNY',
  'is_subscribe' => 'Y',
  'mch_id' => '1502298101',
  'nonce_str' => 'xD88G894',
  'openid' => 'oIP0X0nRmf4w6LhtWw_cwGj7NlyA',
  'out_trade_no' => '2018071411185500001293845618',
  'result_code' => 'SUCCESS',
  'return_code' => 'SUCCESS',
  'sign' => '420F16669B404DAAFAF2E8CEF215D3FB',
  'time_end' => '20180714111905',
  'total_fee' => '40',
  'trade_type' => 'JSAPI',
  'transaction_id' => '4200000139201807140234533348',
)

2018-07-14 12:14:02 pay-alipay :
------------
String:
array (
  'payment_type' => '1',
  'trade_no' => '2018071421001004230533316257',
  'subject' => '餐饮20180714363360722639',
  'buyer_email' => 'han***@msn.com',
  'gmt_create' => '2018-07-14 10:50:32',
  'notify_type' => 'trade_status_sync',
  'quantity' => '1',
  'out_trade_no' => '2018071410454200001220920881',
  'seller_id' => '2088621957819369',
  'notify_time' => '2018-07-14 12:14:02',
  'body' => '2',
  'trade_status' => 'TRADE_SUCCESS',
  'is_total_fee_adjust' => 'N',
  'total_fee' => '0.10',
  'gmt_payment' => '2018-07-14 10:50:33',
  'seller_email' => 'jin703@outlook.com',
  'price' => '0.10',
  'buyer_id' => '2088002328471230',
  'notify_id' => '8b45ea672deea8c8dfe9d130a4f7c2bhs1',
  'use_coupon' => 'N',
  'sign_type' => 'MD5',
  'sign' => 'fd033a3cf0eebf056eac3a97c67ab3d6',
  'query_type' => 'notify',
)

2018-07-14 12:23:12 pay :
------------
String:
array (
  'appid' => 'wxbca5dd09334f3ae0',
  'attach' => '2',
  'bank_type' => 'CFT',
  'cash_fee' => '40',
  'fee_type' => 'CNY',
  'is_subscribe' => 'Y',
  'mch_id' => '1502298101',
  'nonce_str' => 'xD88G894',
  'openid' => 'oIP0X0nRmf4w6LhtWw_cwGj7NlyA',
  'out_trade_no' => '2018071411185500001293845618',
  'result_code' => 'SUCCESS',
  'return_code' => 'SUCCESS',
  'sign' => '420F16669B404DAAFAF2E8CEF215D3FB',
  'time_end' => '20180714111905',
  'total_fee' => '40',
  'trade_type' => 'JSAPI',
  'transaction_id' => '4200000139201807140234533348',
)

2018-07-14 12:53:14 pay :
------------
String:
array (
  'appid' => 'wxbca5dd09334f3ae0',
  'attach' => '2',
  'bank_type' => 'CFT',
  'cash_fee' => '40',
  'fee_type' => 'CNY',
  'is_subscribe' => 'Y',
  'mch_id' => '1502298101',
  'nonce_str' => 'xD88G894',
  'openid' => 'oIP0X0nRmf4w6LhtWw_cwGj7NlyA',
  'out_trade_no' => '2018071411185500001293845618',
  'result_code' => 'SUCCESS',
  'return_code' => 'SUCCESS',
  'sign' => '420F16669B404DAAFAF2E8CEF215D3FB',
  'time_end' => '20180714111905',
  'total_fee' => '40',
  'trade_type' => 'JSAPI',
  'transaction_id' => '4200000139201807140234533348',
)

2018-07-14 14:14:46 pay-alipay :
------------
String:
array (
  'payment_type' => '1',
  'trade_no' => '2018071421001004230533316257',
  'subject' => '餐饮20180714363360722639',
  'buyer_email' => 'han***@msn.com',
  'gmt_create' => '2018-07-14 10:50:32',
  'notify_type' => 'trade_status_sync',
  'quantity' => '1',
  'out_trade_no' => '2018071410454200001220920881',
  'seller_id' => '2088621957819369',
  'notify_time' => '2018-07-14 14:14:44',
  'body' => '2',
  'trade_status' => 'TRADE_SUCCESS',
  'is_total_fee_adjust' => 'N',
  'total_fee' => '0.10',
  'gmt_payment' => '2018-07-14 10:50:33',
  'seller_email' => 'jin703@outlook.com',
  'price' => '0.10',
  'buyer_id' => '2088002328471230',
  'notify_id' => '8b45ea672deea8c8dfe9d130a4f7c2bhs1',
  'use_coupon' => 'N',
  'sign_type' => 'MD5',
  'sign' => 'b9cbff0a49541b3e8baf56575d22b9c7',
  'query_type' => 'notify',
)

2018-07-14 14:23:18 pay :
------------
String:
array (
  'appid' => 'wxbca5dd09334f3ae0',
  'attach' => '2',
  'bank_type' => 'CFT',
  'cash_fee' => '40',
  'fee_type' => 'CNY',
  'is_subscribe' => 'Y',
  'mch_id' => '1502298101',
  'nonce_str' => 'xD88G894',
  'openid' => 'oIP0X0nRmf4w6LhtWw_cwGj7NlyA',
  'out_trade_no' => '2018071411185500001293845618',
  'result_code' => 'SUCCESS',
  'return_code' => 'SUCCESS',
  'sign' => '420F16669B404DAAFAF2E8CEF215D3FB',
  'time_end' => '20180714111905',
  'total_fee' => '40',
  'trade_type' => 'JSAPI',
  'transaction_id' => '4200000139201807140234533348',
)

2018-07-14 20:14:28 pay-alipay :
------------
String:
array (
  'payment_type' => '1',
  'trade_no' => '2018071421001004230533316257',
  'subject' => '餐饮20180714363360722639',
  'buyer_email' => 'han***@msn.com',
  'gmt_create' => '2018-07-14 10:50:32',
  'notify_type' => 'trade_status_sync',
  'quantity' => '1',
  'out_trade_no' => '2018071410454200001220920881',
  'seller_id' => '2088621957819369',
  'notify_time' => '2018-07-14 20:14:28',
  'body' => '2',
  'trade_status' => 'TRADE_SUCCESS',
  'is_total_fee_adjust' => 'N',
  'total_fee' => '0.10',
  'gmt_payment' => '2018-07-14 10:50:33',
  'seller_email' => 'jin703@outlook.com',
  'price' => '0.10',
  'buyer_id' => '2088002328471230',
  'notify_id' => '8b45ea672deea8c8dfe9d130a4f7c2bhs1',
  'use_coupon' => 'N',
  'sign_type' => 'MD5',
  'sign' => 'e3cd5c1b23c7e101ffd6b4cc1ba7012b',
  'query_type' => 'notify',
)

2018-07-14 22:08:26 pay-alipay :
------------
String:
array (
  'payment_type' => '1',
  'trade_no' => '2018041121001004230552865950',
  'subject' => '测试支付接口',
  'buyer_email' => 'han***@msn.com',
  'gmt_create' => '2018-04-11 21:44:09',
  'notify_type' => 'trade_status_sync',
  'quantity' => '1',
  'out_trade_no' => '201804111523454185',
  'seller_id' => '2088621957819369',
  'notify_time' => '2018-07-14 22:08:25',
  'body' => '2',
  'trade_status' => 'TRADE_FINISHED',
  'is_total_fee_adjust' => 'N',
  'total_fee' => '0.01',
  'gmt_payment' => '2018-04-11 21:44:10',
  'seller_email' => 'jin703@outlook.com',
  'gmt_close' => '2018-07-13 21:44:54',
  'price' => '0.01',
  'buyer_id' => '2088002328471230',
  'notify_id' => '35a8054403bc625d05a262ea407152bhs1',
  'use_coupon' => 'N',
  'sign_type' => 'MD5',
  'sign' => 'bb69754952c2479d145e870d9126aebd',
  'query_type' => 'notify',
)

