2018-08-12 11:19:08 pay-alipay :
------------
String:
array (
  'payment_type' => '1',
  'trade_no' => '2018051021001004230556824946',
  'subject' => '餐饮20180510209037422207',
  'buyer_email' => 'han***@msn.com',
  'gmt_create' => '2018-05-10 10:55:32',
  'notify_type' => 'trade_status_sync',
  'quantity' => '1',
  'out_trade_no' => '2018051010550700001264087488',
  'seller_id' => '2088621957819369',
  'notify_time' => '2018-08-12 11:19:07',
  'body' => '2',
  'trade_status' => 'TRADE_FINISHED',
  'is_total_fee_adjust' => 'N',
  'total_fee' => '0.10',
  'gmt_payment' => '2018-05-10 10:55:33',
  'seller_email' => 'jin703@outlook.com',
  'gmt_close' => '2018-08-11 10:55:55',
  'price' => '0.10',
  'buyer_id' => '2088002328471230',
  'notify_id' => '9848db63decc61c933174adde6b443chs1',
  'use_coupon' => 'N',
  'sign_type' => 'MD5',
  'sign' => '890810f905bc7e4c10f15cd452eee06d',
  'query_type' => 'notify',
)

2018-08-12 11:38:49 pay-alipay :
------------
String:
array (
  'payment_type' => '1',
  'trade_no' => '2018051021001004230556793498',
  'subject' => '餐饮20180510220316660451',
  'buyer_email' => 'han***@msn.com',
  'gmt_create' => '2018-05-10 11:14:28',
  'notify_type' => 'trade_status_sync',
  'quantity' => '1',
  'out_trade_no' => '2018051011135400001288986894',
  'seller_id' => '2088621957819369',
  'notify_time' => '2018-08-12 11:38:48',
  'body' => '2',
  'trade_status' => 'TRADE_FINISHED',
  'is_total_fee_adjust' => 'N',
  'total_fee' => '0.10',
  'gmt_payment' => '2018-05-10 11:14:29',
  'seller_email' => 'jin703@outlook.com',
  'gmt_close' => '2018-08-11 11:14:55',
  'price' => '0.10',
  'buyer_id' => '2088002328471230',
  'notify_id' => '828476b2be27e3434e66d1f1985839bhs1',
  'use_coupon' => 'N',
  'sign_type' => 'MD5',
  'sign' => 'a0c6546da69100ee9a88d2ea9050f503',
  'query_type' => 'notify',
)

2018-08-12 11:42:44 pay-alipay :
------------
String:
array (
  'payment_type' => '1',
  'trade_no' => '2018051021001004230557019090',
  'subject' => '餐饮20180510221367036474',
  'buyer_email' => 'han***@msn.com',
  'gmt_create' => '2018-05-10 11:18:17',
  'notify_type' => 'trade_status_sync',
  'quantity' => '1',
  'out_trade_no' => '2018051011154100001222145228',
  'seller_id' => '2088621957819369',
  'notify_time' => '2018-08-12 11:42:44',
  'body' => '2',
  'trade_status' => 'TRADE_FINISHED',
  'is_total_fee_adjust' => 'N',
  'total_fee' => '0.10',
  'gmt_payment' => '2018-05-10 11:18:18',
  'seller_email' => 'jin703@outlook.com',
  'gmt_close' => '2018-08-11 11:18:55',
  'price' => '0.10',
  'buyer_id' => '2088002328471230',
  'notify_id' => 'f3fc1d2fff4d0f34b496454abb2af3bhs1',
  'use_coupon' => 'N',
  'sign_type' => 'MD5',
  'sign' => 'aa50a655bb098df5cd6f007cb0d8af83',
  'query_type' => 'notify',
)

2018-08-12 11:44:11 pay-alipay :
------------
String:
array (
  'payment_type' => '1',
  'trade_no' => '2018051021001004230556937689',
  'subject' => '餐饮20180510223810902607',
  'buyer_email' => 'han***@msn.com',
  'gmt_create' => '2018-05-10 11:20:15',
  'notify_type' => 'trade_status_sync',
  'quantity' => '1',
  'out_trade_no' => '2018051011194500001275268842',
  'seller_id' => '2088621957819369',
  'notify_time' => '2018-08-12 11:44:11',
  'body' => '2',
  'trade_status' => 'TRADE_FINISHED',
  'is_total_fee_adjust' => 'N',
  'total_fee' => '0.10',
  'gmt_payment' => '2018-05-10 11:20:17',
  'seller_email' => 'jin703@outlook.com',
  'gmt_close' => '2018-08-11 11:20:54',
  'price' => '0.10',
  'buyer_id' => '2088002328471230',
  'notify_id' => 'f0b501dd40b8db59be25f60224fae90hs1',
  'use_coupon' => 'N',
  'sign_type' => 'MD5',
  'sign' => 'c04ed525da4013535c9d9b312b627a93',
  'query_type' => 'notify',
)

