2018-01-16 11:57:36 trace :
------------
String:
<xml><ToUserName><![CDATA[gh_7bcd94754b84]]></ToUserName>
<FromUserName><![CDATA[o01Wu01-zSLzut3cB22KEbJ3JxzY]]></FromUserName>
<CreateTime>1516075166</CreateTime>
<MsgType><![CDATA[event]]></MsgType>
<Event><![CDATA[VIEW]]></Event>
<EventKey><![CDATA[http://ordernow.oneap.net/app/index.php?i=2&c=entry&eid=5]]></EventKey>
<MenuId>830669761</MenuId>
</xml>

2018-01-16 11:57:36 params :
------------
String:
array (
  'rule' => -2,
  'module' => '',
  'message' => 
  array (
    'tousername' => 'gh_7bcd94754b84',
    'fromusername' => 'o01Wu01-zSLzut3cB22KEbJ3JxzY',
    'createtime' => '1516075166',
    'msgtype' => 'event',
    'event' => 'VIEW',
    'eventkey' => 'http://ordernow.oneap.net/app/index.php?i=2&c=entry&eid=5',
    'menuid' => '830669761',
    'from' => 'o01Wu01-zSLzut3cB22KEbJ3JxzY',
    'to' => 'gh_7bcd94754b84',
    'time' => '1516075166',
    'type' => 'text',
    'content' => 'http://ordernow.oneap.net/app/index.php?i=2&c=entry&eid=5',
    'redirection' => true,
    'source' => 'VIEW',
  ),
)

2018-01-16 11:57:36 response :
------------

2018-01-16 11:58:40 pay :
------------
String:
array (
  'appid' => 'wx6e79d28ccc2a8c05',
  'attach' => '2',
  'bank_type' => 'CFT',
  'cash_fee' => '500',
  'fee_type' => 'CNY',
  'is_subscribe' => 'Y',
  'mch_id' => '1490957872',
  'nonce_str' => 'PPUMZ1Tp',
  'openid' => 'o01Wu01-zSLzut3cB22KEbJ3JxzY',
  'out_trade_no' => '2018011611582900001218498594',
  'result_code' => 'SUCCESS',
  'return_code' => 'SUCCESS',
  'sign' => '9A6BC785C63B21C9142079EE9703874D',
  'time_end' => '20180116120030',
  'total_fee' => '500',
  'trade_type' => 'JSAPI',
  'transaction_id' => '4200000088201801164967667280',
)

2018-01-16 11:58:41 trace :
------------
String:
<xml><ToUserName><![CDATA[gh_7bcd94754b84]]></ToUserName>
<FromUserName><![CDATA[o01Wu01-zSLzut3cB22KEbJ3JxzY]]></FromUserName>
<CreateTime>1516075230</CreateTime>
<MsgType><![CDATA[event]]></MsgType>
<Event><![CDATA[TEMPLATESENDJOBFINISH]]></Event>
<MsgID>108766016632373249</MsgID>
<Status><![CDATA[success]]></Status>
</xml>

2018-01-16 11:58:41 params :
------------
String:
array (
  'rule' => -2,
  'module' => '',
  'message' => 
  array (
    'tousername' => 'gh_7bcd94754b84',
    'fromusername' => 'o01Wu01-zSLzut3cB22KEbJ3JxzY',
    'createtime' => '1516075230',
    'msgtype' => 'event',
    'event' => 'TEMPLATESENDJOBFINISH',
    'msgid' => '108766016632373249',
    'status' => 'success',
    'from' => 'o01Wu01-zSLzut3cB22KEbJ3JxzY',
    'to' => 'gh_7bcd94754b84',
    'time' => '1516075230',
    'type' => 'event',
  ),
)

2018-01-16 11:58:41 response :
------------

2018-01-16 11:58:42 trace :
------------
String:
<xml><ToUserName><![CDATA[gh_7bcd94754b84]]></ToUserName>
<FromUserName><![CDATA[o01Wu09x8WFY1ZBV-HAf-R-a3ytI]]></FromUserName>
<CreateTime>1516075232</CreateTime>
<MsgType><![CDATA[event]]></MsgType>
<Event><![CDATA[TEMPLATESENDJOBFINISH]]></Event>
<MsgID>108766035892633600</MsgID>
<Status><![CDATA[success]]></Status>
</xml>

2018-01-16 11:58:42 params :
------------
String:
array (
  'rule' => -2,
  'module' => '',
  'message' => 
  array (
    'tousername' => 'gh_7bcd94754b84',
    'fromusername' => 'o01Wu09x8WFY1ZBV-HAf-R-a3ytI',
    'createtime' => '1516075232',
    'msgtype' => 'event',
    'event' => 'TEMPLATESENDJOBFINISH',
    'msgid' => '108766035892633600',
    'status' => 'success',
    'from' => 'o01Wu09x8WFY1ZBV-HAf-R-a3ytI',
    'to' => 'gh_7bcd94754b84',
    'time' => '1516075232',
    'type' => 'event',
  ),
)

2018-01-16 11:58:42 response :
------------

2018-01-16 11:58:53 pay :
------------
String:
array (
  'appid' => 'wx6e79d28ccc2a8c05',
  'attach' => '2',
  'bank_type' => 'CFT',
  'cash_fee' => '500',
  'fee_type' => 'CNY',
  'is_subscribe' => 'Y',
  'mch_id' => '1490957872',
  'nonce_str' => 'PPUMZ1Tp',
  'openid' => 'o01Wu01-zSLzut3cB22KEbJ3JxzY',
  'out_trade_no' => '2018011611582900001218498594',
  'result_code' => 'SUCCESS',
  'return_code' => 'SUCCESS',
  'sign' => '9A6BC785C63B21C9142079EE9703874D',
  'time_end' => '20180116120030',
  'total_fee' => '500',
  'trade_type' => 'JSAPI',
  'transaction_id' => '4200000088201801164967667280',
)

2018-01-16 11:59:10 pay :
------------
String:
array (
  'appid' => 'wx6e79d28ccc2a8c05',
  'attach' => '2',
  'bank_type' => 'CFT',
  'cash_fee' => '500',
  'fee_type' => 'CNY',
  'is_subscribe' => 'Y',
  'mch_id' => '1490957872',
  'nonce_str' => 'PPUMZ1Tp',
  'openid' => 'o01Wu01-zSLzut3cB22KEbJ3JxzY',
  'out_trade_no' => '2018011611582900001218498594',
  'result_code' => 'SUCCESS',
  'return_code' => 'SUCCESS',
  'sign' => '9A6BC785C63B21C9142079EE9703874D',
  'time_end' => '20180116120030',
  'total_fee' => '500',
  'trade_type' => 'JSAPI',
  'transaction_id' => '4200000088201801164967667280',
)

2018-01-16 11:59:42 pay :
------------
String:
array (
  'appid' => 'wx6e79d28ccc2a8c05',
  'attach' => '2',
  'bank_type' => 'CFT',
  'cash_fee' => '500',
  'fee_type' => 'CNY',
  'is_subscribe' => 'Y',
  'mch_id' => '1490957872',
  'nonce_str' => 'PPUMZ1Tp',
  'openid' => 'o01Wu01-zSLzut3cB22KEbJ3JxzY',
  'out_trade_no' => '2018011611582900001218498594',
  'result_code' => 'SUCCESS',
  'return_code' => 'SUCCESS',
  'sign' => '9A6BC785C63B21C9142079EE9703874D',
  'time_end' => '20180116120030',
  'total_fee' => '500',
  'trade_type' => 'JSAPI',
  'transaction_id' => '4200000088201801164967667280',
)

2018-01-16 12:02:44 pay :
------------
String:
array (
  'appid' => 'wx6e79d28ccc2a8c05',
  'attach' => '2',
  'bank_type' => 'CFT',
  'cash_fee' => '500',
  'fee_type' => 'CNY',
  'is_subscribe' => 'Y',
  'mch_id' => '1490957872',
  'nonce_str' => 'PPUMZ1Tp',
  'openid' => 'o01Wu01-zSLzut3cB22KEbJ3JxzY',
  'out_trade_no' => '2018011611582900001218498594',
  'result_code' => 'SUCCESS',
  'return_code' => 'SUCCESS',
  'sign' => '9A6BC785C63B21C9142079EE9703874D',
  'time_end' => '20180116120030',
  'total_fee' => '500',
  'trade_type' => 'JSAPI',
  'transaction_id' => '4200000088201801164967667280',
)

2018-01-16 12:32:47 pay :
------------
String:
array (
  'appid' => 'wx6e79d28ccc2a8c05',
  'attach' => '2',
  'bank_type' => 'CFT',
  'cash_fee' => '500',
  'fee_type' => 'CNY',
  'is_subscribe' => 'Y',
  'mch_id' => '1490957872',
  'nonce_str' => 'PPUMZ1Tp',
  'openid' => 'o01Wu01-zSLzut3cB22KEbJ3JxzY',
  'out_trade_no' => '2018011611582900001218498594',
  'result_code' => 'SUCCESS',
  'return_code' => 'SUCCESS',
  'sign' => '9A6BC785C63B21C9142079EE9703874D',
  'time_end' => '20180116120030',
  'total_fee' => '500',
  'trade_type' => 'JSAPI',
  'transaction_id' => '4200000088201801164967667280',
)

2018-01-16 13:02:49 pay :
------------
String:
array (
  'appid' => 'wx6e79d28ccc2a8c05',
  'attach' => '2',
  'bank_type' => 'CFT',
  'cash_fee' => '500',
  'fee_type' => 'CNY',
  'is_subscribe' => 'Y',
  'mch_id' => '1490957872',
  'nonce_str' => 'PPUMZ1Tp',
  'openid' => 'o01Wu01-zSLzut3cB22KEbJ3JxzY',
  'out_trade_no' => '2018011611582900001218498594',
  'result_code' => 'SUCCESS',
  'return_code' => 'SUCCESS',
  'sign' => '9A6BC785C63B21C9142079EE9703874D',
  'time_end' => '20180116120030',
  'total_fee' => '500',
  'trade_type' => 'JSAPI',
  'transaction_id' => '4200000088201801164967667280',
)

2018-01-16 13:32:52 pay :
------------
String:
array (
  'appid' => 'wx6e79d28ccc2a8c05',
  'attach' => '2',
  'bank_type' => 'CFT',
  'cash_fee' => '500',
  'fee_type' => 'CNY',
  'is_subscribe' => 'Y',
  'mch_id' => '1490957872',
  'nonce_str' => 'PPUMZ1Tp',
  'openid' => 'o01Wu01-zSLzut3cB22KEbJ3JxzY',
  'out_trade_no' => '2018011611582900001218498594',
  'result_code' => 'SUCCESS',
  'return_code' => 'SUCCESS',
  'sign' => '9A6BC785C63B21C9142079EE9703874D',
  'time_end' => '20180116120030',
  'total_fee' => '500',
  'trade_type' => 'JSAPI',
  'transaction_id' => '4200000088201801164967667280',
)

2018-01-16 14:02:54 pay :
------------
String:
array (
  'appid' => 'wx6e79d28ccc2a8c05',
  'attach' => '2',
  'bank_type' => 'CFT',
  'cash_fee' => '500',
  'fee_type' => 'CNY',
  'is_subscribe' => 'Y',
  'mch_id' => '1490957872',
  'nonce_str' => 'PPUMZ1Tp',
  'openid' => 'o01Wu01-zSLzut3cB22KEbJ3JxzY',
  'out_trade_no' => '2018011611582900001218498594',
  'result_code' => 'SUCCESS',
  'return_code' => 'SUCCESS',
  'sign' => '9A6BC785C63B21C9142079EE9703874D',
  'time_end' => '20180116120030',
  'total_fee' => '500',
  'trade_type' => 'JSAPI',
  'transaction_id' => '4200000088201801164967667280',
)

2018-01-16 15:02:56 pay :
------------
String:
array (
  'appid' => 'wx6e79d28ccc2a8c05',
  'attach' => '2',
  'bank_type' => 'CFT',
  'cash_fee' => '500',
  'fee_type' => 'CNY',
  'is_subscribe' => 'Y',
  'mch_id' => '1490957872',
  'nonce_str' => 'PPUMZ1Tp',
  'openid' => 'o01Wu01-zSLzut3cB22KEbJ3JxzY',
  'out_trade_no' => '2018011611582900001218498594',
  'result_code' => 'SUCCESS',
  'return_code' => 'SUCCESS',
  'sign' => '9A6BC785C63B21C9142079EE9703874D',
  'time_end' => '20180116120030',
  'total_fee' => '500',
  'trade_type' => 'JSAPI',
  'transaction_id' => '4200000088201801164967667280',
)

