2018-04-08 10:11:17 pay-alipay :
------------
String:
array (
  'payment_type' => '1',
  'trade_no' => '2018010521001004230570970338',
  'subject' => '餐饮20180105184347699492',
  'buyer_email' => 'han***@msn.com',
  'gmt_create' => '2018-01-05 10:15:58',
  'notify_type' => 'trade_status_sync',
  'quantity' => '1',
  'out_trade_no' => '2018010510135900001243556448',
  'seller_id' => '2088621957819369',
  'notify_time' => '2018-04-08 10:16:53',
  'body' => '2',
  'trade_status' => 'TRADE_FINISHED',
  'is_total_fee_adjust' => 'N',
  'total_fee' => '0.48',
  'gmt_payment' => '2018-01-05 10:16:00',
  'seller_email' => 'jin703@outlook.com',
  'gmt_close' => '2018-04-08 10:16:53',
  'price' => '0.48',
  'buyer_id' => '2088002328471230',
  'notify_id' => '15cbd070ecfd52a998d62a46ba1e818hs1',
  'use_coupon' => 'N',
  'sign_type' => 'MD5',
  'sign' => '24fde2e86cad6dcc6ea4402f3e5203a0',
  'query_type' => 'notify',
)

2018-04-08 10:14:37 pay-alipay :
------------
String:
array (
  'payment_type' => '1',
  'trade_no' => '2018010521001004230570970338',
  'subject' => '餐饮20180105184347699492',
  'buyer_email' => 'han***@msn.com',
  'gmt_create' => '2018-01-05 10:15:58',
  'notify_type' => 'trade_status_sync',
  'quantity' => '1',
  'out_trade_no' => '2018010510135900001243556448',
  'seller_id' => '2088621957819369',
  'notify_time' => '2018-04-08 10:20:13',
  'body' => '2',
  'trade_status' => 'TRADE_FINISHED',
  'is_total_fee_adjust' => 'N',
  'total_fee' => '0.48',
  'gmt_payment' => '2018-01-05 10:16:00',
  'seller_email' => 'jin703@outlook.com',
  'gmt_close' => '2018-04-08 10:16:53',
  'price' => '0.48',
  'buyer_id' => '2088002328471230',
  'notify_id' => '15cbd070ecfd52a998d62a46ba1e818hs1',
  'use_coupon' => 'N',
  'sign_type' => 'MD5',
  'sign' => '11598140e98f9ee13d545e7c35065105',
  'query_type' => 'notify',
)

2018-04-08 10:24:25 pay-alipay :
------------
String:
array (
  'payment_type' => '1',
  'trade_no' => '2018010521001004230570970338',
  'subject' => '餐饮20180105184347699492',
  'buyer_email' => 'han***@msn.com',
  'gmt_create' => '2018-01-05 10:15:58',
  'notify_type' => 'trade_status_sync',
  'quantity' => '1',
  'out_trade_no' => '2018010510135900001243556448',
  'seller_id' => '2088621957819369',
  'notify_time' => '2018-04-08 10:30:02',
  'body' => '2',
  'trade_status' => 'TRADE_FINISHED',
  'is_total_fee_adjust' => 'N',
  'total_fee' => '0.48',
  'gmt_payment' => '2018-01-05 10:16:00',
  'seller_email' => 'jin703@outlook.com',
  'gmt_close' => '2018-04-08 10:16:53',
  'price' => '0.48',
  'buyer_id' => '2088002328471230',
  'notify_id' => '15cbd070ecfd52a998d62a46ba1e818hs1',
  'use_coupon' => 'N',
  'sign_type' => 'MD5',
  'sign' => '7efa7f0a23d6671f9d0230c33fed2568',
  'query_type' => 'notify',
)

2018-04-08 10:34:24 pay-alipay :
------------
String:
array (
  'payment_type' => '1',
  'trade_no' => '2018010521001004230570970338',
  'subject' => '餐饮20180105184347699492',
  'buyer_email' => 'han***@msn.com',
  'gmt_create' => '2018-01-05 10:15:58',
  'notify_type' => 'trade_status_sync',
  'quantity' => '1',
  'out_trade_no' => '2018010510135900001243556448',
  'seller_id' => '2088621957819369',
  'notify_time' => '2018-04-08 10:40:00',
  'body' => '2',
  'trade_status' => 'TRADE_FINISHED',
  'is_total_fee_adjust' => 'N',
  'total_fee' => '0.48',
  'gmt_payment' => '2018-01-05 10:16:00',
  'seller_email' => 'jin703@outlook.com',
  'gmt_close' => '2018-04-08 10:16:53',
  'price' => '0.48',
  'buyer_id' => '2088002328471230',
  'notify_id' => '15cbd070ecfd52a998d62a46ba1e818hs1',
  'use_coupon' => 'N',
  'sign_type' => 'MD5',
  'sign' => '1467e44c8c21748282f86ebe33d56947',
  'query_type' => 'notify',
)

2018-04-08 11:34:32 pay-alipay :
------------
String:
array (
  'payment_type' => '1',
  'trade_no' => '2018010521001004230570970338',
  'subject' => '餐饮20180105184347699492',
  'buyer_email' => 'han***@msn.com',
  'gmt_create' => '2018-01-05 10:15:58',
  'notify_type' => 'trade_status_sync',
  'quantity' => '1',
  'out_trade_no' => '2018010510135900001243556448',
  'seller_id' => '2088621957819369',
  'notify_time' => '2018-04-08 11:40:09',
  'body' => '2',
  'trade_status' => 'TRADE_FINISHED',
  'is_total_fee_adjust' => 'N',
  'total_fee' => '0.48',
  'gmt_payment' => '2018-01-05 10:16:00',
  'seller_email' => 'jin703@outlook.com',
  'gmt_close' => '2018-04-08 10:16:53',
  'price' => '0.48',
  'buyer_id' => '2088002328471230',
  'notify_id' => '15cbd070ecfd52a998d62a46ba1e818hs1',
  'use_coupon' => 'N',
  'sign_type' => 'MD5',
  'sign' => '6cf20cf91d2e061f0ef819fd7880e135',
  'query_type' => 'notify',
)

2018-04-08 13:34:47 pay-alipay :
------------
String:
array (
  'payment_type' => '1',
  'trade_no' => '2018010521001004230570970338',
  'subject' => '餐饮20180105184347699492',
  'buyer_email' => 'han***@msn.com',
  'gmt_create' => '2018-01-05 10:15:58',
  'notify_type' => 'trade_status_sync',
  'quantity' => '1',
  'out_trade_no' => '2018010510135900001243556448',
  'seller_id' => '2088621957819369',
  'notify_time' => '2018-04-08 13:40:24',
  'body' => '2',
  'trade_status' => 'TRADE_FINISHED',
  'is_total_fee_adjust' => 'N',
  'total_fee' => '0.48',
  'gmt_payment' => '2018-01-05 10:16:00',
  'seller_email' => 'jin703@outlook.com',
  'gmt_close' => '2018-04-08 10:16:53',
  'price' => '0.48',
  'buyer_id' => '2088002328471230',
  'notify_id' => '15cbd070ecfd52a998d62a46ba1e818hs1',
  'use_coupon' => 'N',
  'sign_type' => 'MD5',
  'sign' => 'c057358b0d93225359ad1975d6c227db',
  'query_type' => 'notify',
)

2018-04-08 19:34:28 pay-alipay :
------------
String:
array (
  'payment_type' => '1',
  'trade_no' => '2018010521001004230570970338',
  'subject' => '餐饮20180105184347699492',
  'buyer_email' => 'han***@msn.com',
  'gmt_create' => '2018-01-05 10:15:58',
  'notify_type' => 'trade_status_sync',
  'quantity' => '1',
  'out_trade_no' => '2018010510135900001243556448',
  'seller_id' => '2088621957819369',
  'notify_time' => '2018-04-08 19:40:06',
  'body' => '2',
  'trade_status' => 'TRADE_FINISHED',
  'is_total_fee_adjust' => 'N',
  'total_fee' => '0.48',
  'gmt_payment' => '2018-01-05 10:16:00',
  'seller_email' => 'jin703@outlook.com',
  'gmt_close' => '2018-04-08 10:16:53',
  'price' => '0.48',
  'buyer_id' => '2088002328471230',
  'notify_id' => '15cbd070ecfd52a998d62a46ba1e818hs1',
  'use_coupon' => 'N',
  'sign_type' => 'MD5',
  'sign' => 'e558b0b2a331472252c707f84e4dce05',
  'query_type' => 'notify',
)

