2018-07-09 13:38:17 trace :
------------
String:
<xml><ToUserName><![CDATA[gh_6ace08fd00cf]]></ToUserName>
<FromUserName><![CDATA[oIP0X0g5j5OmrQEgSHLTECZbCFHw]]></FromUserName>
<CreateTime>1531114697</CreateTime>
<MsgType><![CDATA[event]]></MsgType>
<Event><![CDATA[TEMPLATESENDJOBFINISH]]></Event>
<MsgID>361086398637424641</MsgID>
<Status><![CDATA[success]]></Status>
</xml>

2018-07-09 13:38:17 params :
------------
String:
array (
  'rule' => -2,
  'module' => '',
  'message' => 
  array (
    'tousername' => 'gh_6ace08fd00cf',
    'fromusername' => 'oIP0X0g5j5OmrQEgSHLTECZbCFHw',
    'createtime' => '1531114697',
    'msgtype' => 'event',
    'event' => 'TEMPLATESENDJOBFINISH',
    'msgid' => '361086398637424641',
    'status' => 'success',
    'from' => 'oIP0X0g5j5OmrQEgSHLTECZbCFHw',
    'to' => 'gh_6ace08fd00cf',
    'time' => '1531114697',
    'type' => 'event',
  ),
)

2018-07-09 13:38:17 response :
------------

2018-07-09 13:38:26 trace :
------------
String:
<xml><ToUserName><![CDATA[gh_6ace08fd00cf]]></ToUserName>
<FromUserName><![CDATA[oIP0X0oF5n7OLu49EpAwdouhzRkU]]></FromUserName>
<CreateTime>1531114706</CreateTime>
<MsgType><![CDATA[event]]></MsgType>
<Event><![CDATA[TEMPLATESENDJOBFINISH]]></Event>
<MsgID>361086540572655618</MsgID>
<Status><![CDATA[success]]></Status>
</xml>

2018-07-09 13:38:26 params :
------------
String:
array (
  'rule' => -2,
  'module' => '',
  'message' => 
  array (
    'tousername' => 'gh_6ace08fd00cf',
    'fromusername' => 'oIP0X0oF5n7OLu49EpAwdouhzRkU',
    'createtime' => '1531114706',
    'msgtype' => 'event',
    'event' => 'TEMPLATESENDJOBFINISH',
    'msgid' => '361086540572655618',
    'status' => 'success',
    'from' => 'oIP0X0oF5n7OLu49EpAwdouhzRkU',
    'to' => 'gh_6ace08fd00cf',
    'time' => '1531114706',
    'type' => 'event',
  ),
)

2018-07-09 13:38:26 response :
------------

2018-07-09 13:54:20 trace :
------------
String:
<xml><ToUserName><![CDATA[gh_6ace08fd00cf]]></ToUserName>
<FromUserName><![CDATA[oIP0X0g5j5OmrQEgSHLTECZbCFHw]]></FromUserName>
<CreateTime>1531115660</CreateTime>
<MsgType><![CDATA[event]]></MsgType>
<Event><![CDATA[TEMPLATESENDJOBFINISH]]></Event>
<MsgID>361102556975480832</MsgID>
<Status><![CDATA[success]]></Status>
</xml>

2018-07-09 13:54:20 params :
------------
String:
array (
  'rule' => -2,
  'module' => '',
  'message' => 
  array (
    'tousername' => 'gh_6ace08fd00cf',
    'fromusername' => 'oIP0X0g5j5OmrQEgSHLTECZbCFHw',
    'createtime' => '1531115660',
    'msgtype' => 'event',
    'event' => 'TEMPLATESENDJOBFINISH',
    'msgid' => '361102556975480832',
    'status' => 'success',
    'from' => 'oIP0X0g5j5OmrQEgSHLTECZbCFHw',
    'to' => 'gh_6ace08fd00cf',
    'time' => '1531115660',
    'type' => 'event',
  ),
)

2018-07-09 13:54:20 response :
------------

2018-07-09 15:23:30 trace :
------------
String:
<xml><ToUserName><![CDATA[gh_6ace08fd00cf]]></ToUserName>
<FromUserName><![CDATA[oIP0X0g5j5OmrQEgSHLTECZbCFHw]]></FromUserName>
<CreateTime>1531121010</CreateTime>
<MsgType><![CDATA[event]]></MsgType>
<Event><![CDATA[TEMPLATESENDJOBFINISH]]></Event>
<MsgID>361192306004606977</MsgID>
<Status><![CDATA[success]]></Status>
</xml>

2018-07-09 15:23:30 params :
------------
String:
array (
  'rule' => -2,
  'module' => '',
  'message' => 
  array (
    'tousername' => 'gh_6ace08fd00cf',
    'fromusername' => 'oIP0X0g5j5OmrQEgSHLTECZbCFHw',
    'createtime' => '1531121010',
    'msgtype' => 'event',
    'event' => 'TEMPLATESENDJOBFINISH',
    'msgid' => '361192306004606977',
    'status' => 'success',
    'from' => 'oIP0X0g5j5OmrQEgSHLTECZbCFHw',
    'to' => 'gh_6ace08fd00cf',
    'time' => '1531121010',
    'type' => 'event',
  ),
)

2018-07-09 15:23:30 response :
------------

2018-07-09 15:23:36 trace :
------------
String:
<xml><ToUserName><![CDATA[gh_6ace08fd00cf]]></ToUserName>
<FromUserName><![CDATA[oIP0X0oF5n7OLu49EpAwdouhzRkU]]></FromUserName>
<CreateTime>1531121015</CreateTime>
<MsgType><![CDATA[event]]></MsgType>
<Event><![CDATA[TEMPLATESENDJOBFINISH]]></Event>
<MsgID>361192400678420480</MsgID>
<Status><![CDATA[success]]></Status>
</xml>

2018-07-09 15:23:36 params :
------------
String:
array (
  'rule' => -2,
  'module' => '',
  'message' => 
  array (
    'tousername' => 'gh_6ace08fd00cf',
    'fromusername' => 'oIP0X0oF5n7OLu49EpAwdouhzRkU',
    'createtime' => '1531121015',
    'msgtype' => 'event',
    'event' => 'TEMPLATESENDJOBFINISH',
    'msgid' => '361192400678420480',
    'status' => 'success',
    'from' => 'oIP0X0oF5n7OLu49EpAwdouhzRkU',
    'to' => 'gh_6ace08fd00cf',
    'time' => '1531121015',
    'type' => 'event',
  ),
)

2018-07-09 15:23:36 response :
------------

2018-07-09 15:27:13 trace :
------------
String:
<xml><ToUserName><![CDATA[gh_6ace08fd00cf]]></ToUserName>
<FromUserName><![CDATA[oIP0X0g5j5OmrQEgSHLTECZbCFHw]]></FromUserName>
<CreateTime>1531121233</CreateTime>
<MsgType><![CDATA[event]]></MsgType>
<Event><![CDATA[TEMPLATESENDJOBFINISH]]></Event>
<MsgID>361196049253154817</MsgID>
<Status><![CDATA[success]]></Status>
</xml>

2018-07-09 15:27:13 params :
------------
String:
array (
  'rule' => -2,
  'module' => '',
  'message' => 
  array (
    'tousername' => 'gh_6ace08fd00cf',
    'fromusername' => 'oIP0X0g5j5OmrQEgSHLTECZbCFHw',
    'createtime' => '1531121233',
    'msgtype' => 'event',
    'event' => 'TEMPLATESENDJOBFINISH',
    'msgid' => '361196049253154817',
    'status' => 'success',
    'from' => 'oIP0X0g5j5OmrQEgSHLTECZbCFHw',
    'to' => 'gh_6ace08fd00cf',
    'time' => '1531121233',
    'type' => 'event',
  ),
)

2018-07-09 15:27:13 response :
------------

2018-07-09 15:28:09 trace :
------------
String:
<xml><ToUserName><![CDATA[gh_6ace08fd00cf]]></ToUserName>
<FromUserName><![CDATA[oIP0X0g5j5OmrQEgSHLTECZbCFHw]]></FromUserName>
<CreateTime>1531121289</CreateTime>
<MsgType><![CDATA[event]]></MsgType>
<Event><![CDATA[TEMPLATESENDJOBFINISH]]></Event>
<MsgID>361196988542369793</MsgID>
<Status><![CDATA[success]]></Status>
</xml>

2018-07-09 15:28:09 params :
------------
String:
array (
  'rule' => -2,
  'module' => '',
  'message' => 
  array (
    'tousername' => 'gh_6ace08fd00cf',
    'fromusername' => 'oIP0X0g5j5OmrQEgSHLTECZbCFHw',
    'createtime' => '1531121289',
    'msgtype' => 'event',
    'event' => 'TEMPLATESENDJOBFINISH',
    'msgid' => '361196988542369793',
    'status' => 'success',
    'from' => 'oIP0X0g5j5OmrQEgSHLTECZbCFHw',
    'to' => 'gh_6ace08fd00cf',
    'time' => '1531121289',
    'type' => 'event',
  ),
)

2018-07-09 15:28:09 response :
------------

2018-07-09 17:58:38 trace :
------------
String:
<xml><ToUserName><![CDATA[gh_6ace08fd00cf]]></ToUserName>
<FromUserName><![CDATA[oIP0X0nRmf4w6LhtWw_cwGj7NlyA]]></FromUserName>
<CreateTime>1531130318</CreateTime>
<MsgType><![CDATA[event]]></MsgType>
<Event><![CDATA[VIEW]]></Event>
<EventKey><![CDATA[http://orderamz.oneap.net/app/index.php?i=2&c=entry&eid=15]]></EventKey>
<MenuId>813904688</MenuId>
</xml>

2018-07-09 17:58:38 params :
------------
String:
array (
  'rule' => -2,
  'module' => '',
  'message' => 
  array (
    'tousername' => 'gh_6ace08fd00cf',
    'fromusername' => 'oIP0X0nRmf4w6LhtWw_cwGj7NlyA',
    'createtime' => '1531130318',
    'msgtype' => 'event',
    'event' => 'VIEW',
    'eventkey' => 'http://orderamz.oneap.net/app/index.php?i=2&c=entry&eid=15',
    'menuid' => '813904688',
    'from' => 'oIP0X0nRmf4w6LhtWw_cwGj7NlyA',
    'to' => 'gh_6ace08fd00cf',
    'time' => '1531130318',
    'type' => 'text',
    'content' => 'http://orderamz.oneap.net/app/index.php?i=2&c=entry&eid=15',
    'redirection' => true,
    'source' => 'VIEW',
  ),
)

2018-07-09 17:58:38 response :
------------

2018-07-09 17:59:33 trace :
------------
String:
<xml><ToUserName><![CDATA[gh_6ace08fd00cf]]></ToUserName>
<FromUserName><![CDATA[oIP0X0nRmf4w6LhtWw_cwGj7NlyA]]></FromUserName>
<CreateTime>1531130373</CreateTime>
<MsgType><![CDATA[event]]></MsgType>
<Event><![CDATA[TEMPLATESENDJOBFINISH]]></Event>
<MsgID>361349389735804928</MsgID>
<Status><![CDATA[success]]></Status>
</xml>

2018-07-09 17:59:33 params :
------------
String:
array (
  'rule' => -2,
  'module' => '',
  'message' => 
  array (
    'tousername' => 'gh_6ace08fd00cf',
    'fromusername' => 'oIP0X0nRmf4w6LhtWw_cwGj7NlyA',
    'createtime' => '1531130373',
    'msgtype' => 'event',
    'event' => 'TEMPLATESENDJOBFINISH',
    'msgid' => '361349389735804928',
    'status' => 'success',
    'from' => 'oIP0X0nRmf4w6LhtWw_cwGj7NlyA',
    'to' => 'gh_6ace08fd00cf',
    'time' => '1531130373',
    'type' => 'event',
  ),
)

2018-07-09 17:59:33 response :
------------

2018-07-09 17:59:38 trace :
------------
String:
<xml><ToUserName><![CDATA[gh_6ace08fd00cf]]></ToUserName>
<FromUserName><![CDATA[oIP0X0oF5n7OLu49EpAwdouhzRkU]]></FromUserName>
<CreateTime>1531130378</CreateTime>
<MsgType><![CDATA[event]]></MsgType>
<Event><![CDATA[TEMPLATESENDJOBFINISH]]></Event>
<MsgID>361349480685109249</MsgID>
<Status><![CDATA[success]]></Status>
</xml>

2018-07-09 17:59:38 params :
------------
String:
array (
  'rule' => -2,
  'module' => '',
  'message' => 
  array (
    'tousername' => 'gh_6ace08fd00cf',
    'fromusername' => 'oIP0X0oF5n7OLu49EpAwdouhzRkU',
    'createtime' => '1531130378',
    'msgtype' => 'event',
    'event' => 'TEMPLATESENDJOBFINISH',
    'msgid' => '361349480685109249',
    'status' => 'success',
    'from' => 'oIP0X0oF5n7OLu49EpAwdouhzRkU',
    'to' => 'gh_6ace08fd00cf',
    'time' => '1531130378',
    'type' => 'event',
  ),
)

2018-07-09 17:59:38 response :
------------

2018-07-09 18:00:58 trace :
------------
String:
<xml><ToUserName><![CDATA[gh_6ace08fd00cf]]></ToUserName>
<FromUserName><![CDATA[oIP0X0nRmf4w6LhtWw_cwGj7NlyA]]></FromUserName>
<CreateTime>1531130458</CreateTime>
<MsgType><![CDATA[event]]></MsgType>
<Event><![CDATA[TEMPLATESENDJOBFINISH]]></Event>
<MsgID>361350827543216129</MsgID>
<Status><![CDATA[success]]></Status>
</xml>

2018-07-09 18:00:58 params :
------------
String:
array (
  'rule' => -2,
  'module' => '',
  'message' => 
  array (
    'tousername' => 'gh_6ace08fd00cf',
    'fromusername' => 'oIP0X0nRmf4w6LhtWw_cwGj7NlyA',
    'createtime' => '1531130458',
    'msgtype' => 'event',
    'event' => 'TEMPLATESENDJOBFINISH',
    'msgid' => '361350827543216129',
    'status' => 'success',
    'from' => 'oIP0X0nRmf4w6LhtWw_cwGj7NlyA',
    'to' => 'gh_6ace08fd00cf',
    'time' => '1531130458',
    'type' => 'event',
  ),
)

2018-07-09 18:00:58 response :
------------

2018-07-09 18:02:19 trace :
------------
String:
<xml><ToUserName><![CDATA[gh_6ace08fd00cf]]></ToUserName>
<FromUserName><![CDATA[oIP0X0g5j5OmrQEgSHLTECZbCFHw]]></FromUserName>
<CreateTime>1531130539</CreateTime>
<MsgType><![CDATA[event]]></MsgType>
<Event><![CDATA[TEMPLATESENDJOBFINISH]]></Event>
<MsgID>361352174015496193</MsgID>
<Status><![CDATA[success]]></Status>
</xml>

2018-07-09 18:02:19 params :
------------
String:
array (
  'rule' => -2,
  'module' => '',
  'message' => 
  array (
    'tousername' => 'gh_6ace08fd00cf',
    'fromusername' => 'oIP0X0g5j5OmrQEgSHLTECZbCFHw',
    'createtime' => '1531130539',
    'msgtype' => 'event',
    'event' => 'TEMPLATESENDJOBFINISH',
    'msgid' => '361352174015496193',
    'status' => 'success',
    'from' => 'oIP0X0g5j5OmrQEgSHLTECZbCFHw',
    'to' => 'gh_6ace08fd00cf',
    'time' => '1531130539',
    'type' => 'event',
  ),
)

2018-07-09 18:02:19 response :
------------

2018-07-09 18:02:26 trace :
------------
String:
<xml><ToUserName><![CDATA[gh_6ace08fd00cf]]></ToUserName>
<FromUserName><![CDATA[oIP0X0oF5n7OLu49EpAwdouhzRkU]]></FromUserName>
<CreateTime>1531130546</CreateTime>
<MsgType><![CDATA[event]]></MsgType>
<Event><![CDATA[TEMPLATESENDJOBFINISH]]></Event>
<MsgID>361352301924974592</MsgID>
<Status><![CDATA[success]]></Status>
</xml>

2018-07-09 18:02:26 params :
------------
String:
array (
  'rule' => -2,
  'module' => '',
  'message' => 
  array (
    'tousername' => 'gh_6ace08fd00cf',
    'fromusername' => 'oIP0X0oF5n7OLu49EpAwdouhzRkU',
    'createtime' => '1531130546',
    'msgtype' => 'event',
    'event' => 'TEMPLATESENDJOBFINISH',
    'msgid' => '361352301924974592',
    'status' => 'success',
    'from' => 'oIP0X0oF5n7OLu49EpAwdouhzRkU',
    'to' => 'gh_6ace08fd00cf',
    'time' => '1531130546',
    'type' => 'event',
  ),
)

2018-07-09 18:02:26 response :
------------

