2018-02-12 12:28:31 trace :
------------
String:
<xml><ToUserName><![CDATA[gh_7bcd94754b84]]></ToUserName>
<FromUserName><![CDATA[o01Wu01-zSLzut3cB22KEbJ3JxzY]]></FromUserName>
<CreateTime>1518409895</CreateTime>
<MsgType><![CDATA[event]]></MsgType>
<Event><![CDATA[VIEW]]></Event>
<EventKey><![CDATA[http://ordernow.oneap.net/app/index.php?i=2&c=entry&eid=5]]></EventKey>
<MenuId>830669761</MenuId>
</xml>

2018-02-12 12:28:31 params :
------------
String:
array (
  'rule' => -2,
  'module' => '',
  'message' => 
  array (
    'tousername' => 'gh_7bcd94754b84',
    'fromusername' => 'o01Wu01-zSLzut3cB22KEbJ3JxzY',
    'createtime' => '1518409895',
    'msgtype' => 'event',
    'event' => 'VIEW',
    'eventkey' => 'http://ordernow.oneap.net/app/index.php?i=2&c=entry&eid=5',
    'menuid' => '830669761',
    'from' => 'o01Wu01-zSLzut3cB22KEbJ3JxzY',
    'to' => 'gh_7bcd94754b84',
    'time' => '1518409895',
    'type' => 'text',
    'content' => 'http://ordernow.oneap.net/app/index.php?i=2&c=entry&eid=5',
    'redirection' => true,
    'source' => 'VIEW',
  ),
)

2018-02-12 12:28:31 response :
------------

2018-02-12 12:29:33 pay :
------------
String:
array (
  'appid' => 'wx6e79d28ccc2a8c05',
  'attach' => '2',
  'bank_type' => 'CFT',
  'cash_fee' => '100',
  'fee_type' => 'CNY',
  'is_subscribe' => 'Y',
  'mch_id' => '1490957872',
  'nonce_str' => 'DmjMgXZI',
  'openid' => 'o01Wu01-zSLzut3cB22KEbJ3JxzY',
  'out_trade_no' => '2018021212292200001242444659',
  'result_code' => 'SUCCESS',
  'return_code' => 'SUCCESS',
  'sign' => '9FB2B4F1395861DE31AF03010E3047B0',
  'time_end' => '20180212123236',
  'total_fee' => '100',
  'trade_type' => 'JSAPI',
  'transaction_id' => '4200000066201802121526687541',
)

2018-02-12 12:29:33 trace :
------------
String:
<xml><ToUserName><![CDATA[gh_7bcd94754b84]]></ToUserName>
<FromUserName><![CDATA[o01Wu01-zSLzut3cB22KEbJ3JxzY]]></FromUserName>
<CreateTime>1518409957</CreateTime>
<MsgType><![CDATA[event]]></MsgType>
<Event><![CDATA[TEMPLATESENDJOBFINISH]]></Event>
<MsgID>147936228732420096</MsgID>
<Status><![CDATA[success]]></Status>
</xml>

2018-02-12 12:29:33 params :
------------
String:
array (
  'rule' => -2,
  'module' => '',
  'message' => 
  array (
    'tousername' => 'gh_7bcd94754b84',
    'fromusername' => 'o01Wu01-zSLzut3cB22KEbJ3JxzY',
    'createtime' => '1518409957',
    'msgtype' => 'event',
    'event' => 'TEMPLATESENDJOBFINISH',
    'msgid' => '147936228732420096',
    'status' => 'success',
    'from' => 'o01Wu01-zSLzut3cB22KEbJ3JxzY',
    'to' => 'gh_7bcd94754b84',
    'time' => '1518409957',
    'type' => 'event',
  ),
)

2018-02-12 12:29:33 response :
------------

2018-02-12 12:29:34 trace :
------------
String:
<xml><ToUserName><![CDATA[gh_7bcd94754b84]]></ToUserName>
<FromUserName><![CDATA[o01Wu09x8WFY1ZBV-HAf-R-a3ytI]]></FromUserName>
<CreateTime>1518409958</CreateTime>
<MsgType><![CDATA[event]]></MsgType>
<Event><![CDATA[TEMPLATESENDJOBFINISH]]></Event>
<MsgID>147936247439032320</MsgID>
<Status><![CDATA[success]]></Status>
</xml>

2018-02-12 12:29:34 params :
------------
String:
array (
  'rule' => -2,
  'module' => '',
  'message' => 
  array (
    'tousername' => 'gh_7bcd94754b84',
    'fromusername' => 'o01Wu09x8WFY1ZBV-HAf-R-a3ytI',
    'createtime' => '1518409958',
    'msgtype' => 'event',
    'event' => 'TEMPLATESENDJOBFINISH',
    'msgid' => '147936247439032320',
    'status' => 'success',
    'from' => 'o01Wu09x8WFY1ZBV-HAf-R-a3ytI',
    'to' => 'gh_7bcd94754b84',
    'time' => '1518409958',
    'type' => 'event',
  ),
)

2018-02-12 12:29:34 response :
------------

2018-02-12 12:29:49 pay :
------------
String:
array (
  'appid' => 'wx6e79d28ccc2a8c05',
  'attach' => '2',
  'bank_type' => 'CFT',
  'cash_fee' => '100',
  'fee_type' => 'CNY',
  'is_subscribe' => 'Y',
  'mch_id' => '1490957872',
  'nonce_str' => 'DmjMgXZI',
  'openid' => 'o01Wu01-zSLzut3cB22KEbJ3JxzY',
  'out_trade_no' => '2018021212292200001242444659',
  'result_code' => 'SUCCESS',
  'return_code' => 'SUCCESS',
  'sign' => '9FB2B4F1395861DE31AF03010E3047B0',
  'time_end' => '20180212123236',
  'total_fee' => '100',
  'trade_type' => 'JSAPI',
  'transaction_id' => '4200000066201802121526687541',
)

2018-02-12 12:30:06 pay :
------------
String:
array (
  'appid' => 'wx6e79d28ccc2a8c05',
  'attach' => '2',
  'bank_type' => 'CFT',
  'cash_fee' => '100',
  'fee_type' => 'CNY',
  'is_subscribe' => 'Y',
  'mch_id' => '1490957872',
  'nonce_str' => 'DmjMgXZI',
  'openid' => 'o01Wu01-zSLzut3cB22KEbJ3JxzY',
  'out_trade_no' => '2018021212292200001242444659',
  'result_code' => 'SUCCESS',
  'return_code' => 'SUCCESS',
  'sign' => '9FB2B4F1395861DE31AF03010E3047B0',
  'time_end' => '20180212123236',
  'total_fee' => '100',
  'trade_type' => 'JSAPI',
  'transaction_id' => '4200000066201802121526687541',
)

2018-02-12 12:30:39 pay :
------------
String:
array (
  'appid' => 'wx6e79d28ccc2a8c05',
  'attach' => '2',
  'bank_type' => 'CFT',
  'cash_fee' => '100',
  'fee_type' => 'CNY',
  'is_subscribe' => 'Y',
  'mch_id' => '1490957872',
  'nonce_str' => 'DmjMgXZI',
  'openid' => 'o01Wu01-zSLzut3cB22KEbJ3JxzY',
  'out_trade_no' => '2018021212292200001242444659',
  'result_code' => 'SUCCESS',
  'return_code' => 'SUCCESS',
  'sign' => '9FB2B4F1395861DE31AF03010E3047B0',
  'time_end' => '20180212123236',
  'total_fee' => '100',
  'trade_type' => 'JSAPI',
  'transaction_id' => '4200000066201802121526687541',
)

2018-02-12 12:33:40 pay :
------------
String:
array (
  'appid' => 'wx6e79d28ccc2a8c05',
  'attach' => '2',
  'bank_type' => 'CFT',
  'cash_fee' => '100',
  'fee_type' => 'CNY',
  'is_subscribe' => 'Y',
  'mch_id' => '1490957872',
  'nonce_str' => 'DmjMgXZI',
  'openid' => 'o01Wu01-zSLzut3cB22KEbJ3JxzY',
  'out_trade_no' => '2018021212292200001242444659',
  'result_code' => 'SUCCESS',
  'return_code' => 'SUCCESS',
  'sign' => '9FB2B4F1395861DE31AF03010E3047B0',
  'time_end' => '20180212123236',
  'total_fee' => '100',
  'trade_type' => 'JSAPI',
  'transaction_id' => '4200000066201802121526687541',
)

2018-02-12 13:03:43 pay :
------------
String:
array (
  'appid' => 'wx6e79d28ccc2a8c05',
  'attach' => '2',
  'bank_type' => 'CFT',
  'cash_fee' => '100',
  'fee_type' => 'CNY',
  'is_subscribe' => 'Y',
  'mch_id' => '1490957872',
  'nonce_str' => 'DmjMgXZI',
  'openid' => 'o01Wu01-zSLzut3cB22KEbJ3JxzY',
  'out_trade_no' => '2018021212292200001242444659',
  'result_code' => 'SUCCESS',
  'return_code' => 'SUCCESS',
  'sign' => '9FB2B4F1395861DE31AF03010E3047B0',
  'time_end' => '20180212123236',
  'total_fee' => '100',
  'trade_type' => 'JSAPI',
  'transaction_id' => '4200000066201802121526687541',
)

2018-02-12 13:33:45 pay :
------------
String:
array (
  'appid' => 'wx6e79d28ccc2a8c05',
  'attach' => '2',
  'bank_type' => 'CFT',
  'cash_fee' => '100',
  'fee_type' => 'CNY',
  'is_subscribe' => 'Y',
  'mch_id' => '1490957872',
  'nonce_str' => 'DmjMgXZI',
  'openid' => 'o01Wu01-zSLzut3cB22KEbJ3JxzY',
  'out_trade_no' => '2018021212292200001242444659',
  'result_code' => 'SUCCESS',
  'return_code' => 'SUCCESS',
  'sign' => '9FB2B4F1395861DE31AF03010E3047B0',
  'time_end' => '20180212123236',
  'total_fee' => '100',
  'trade_type' => 'JSAPI',
  'transaction_id' => '4200000066201802121526687541',
)

2018-02-12 14:03:47 pay :
------------
String:
array (
  'appid' => 'wx6e79d28ccc2a8c05',
  'attach' => '2',
  'bank_type' => 'CFT',
  'cash_fee' => '100',
  'fee_type' => 'CNY',
  'is_subscribe' => 'Y',
  'mch_id' => '1490957872',
  'nonce_str' => 'DmjMgXZI',
  'openid' => 'o01Wu01-zSLzut3cB22KEbJ3JxzY',
  'out_trade_no' => '2018021212292200001242444659',
  'result_code' => 'SUCCESS',
  'return_code' => 'SUCCESS',
  'sign' => '9FB2B4F1395861DE31AF03010E3047B0',
  'time_end' => '20180212123236',
  'total_fee' => '100',
  'trade_type' => 'JSAPI',
  'transaction_id' => '4200000066201802121526687541',
)

2018-02-12 14:33:50 pay :
------------
String:
array (
  'appid' => 'wx6e79d28ccc2a8c05',
  'attach' => '2',
  'bank_type' => 'CFT',
  'cash_fee' => '100',
  'fee_type' => 'CNY',
  'is_subscribe' => 'Y',
  'mch_id' => '1490957872',
  'nonce_str' => 'DmjMgXZI',
  'openid' => 'o01Wu01-zSLzut3cB22KEbJ3JxzY',
  'out_trade_no' => '2018021212292200001242444659',
  'result_code' => 'SUCCESS',
  'return_code' => 'SUCCESS',
  'sign' => '9FB2B4F1395861DE31AF03010E3047B0',
  'time_end' => '20180212123236',
  'total_fee' => '100',
  'trade_type' => 'JSAPI',
  'transaction_id' => '4200000066201802121526687541',
)

2018-02-12 15:33:53 pay :
------------
String:
array (
  'appid' => 'wx6e79d28ccc2a8c05',
  'attach' => '2',
  'bank_type' => 'CFT',
  'cash_fee' => '100',
  'fee_type' => 'CNY',
  'is_subscribe' => 'Y',
  'mch_id' => '1490957872',
  'nonce_str' => 'DmjMgXZI',
  'openid' => 'o01Wu01-zSLzut3cB22KEbJ3JxzY',
  'out_trade_no' => '2018021212292200001242444659',
  'result_code' => 'SUCCESS',
  'return_code' => 'SUCCESS',
  'sign' => '9FB2B4F1395861DE31AF03010E3047B0',
  'time_end' => '20180212123236',
  'total_fee' => '100',
  'trade_type' => 'JSAPI',
  'transaction_id' => '4200000066201802121526687541',
)

