2018-05-27 22:11:42 trace :
------------
String:
<xml><ToUserName><![CDATA[gh_6ace08fd00cf]]></ToUserName>
<FromUserName><![CDATA[oIP0X0g5j5OmrQEgSHLTECZbCFHw]]></FromUserName>
<CreateTime>1527430302</CreateTime>
<MsgType><![CDATA[event]]></MsgType>
<Event><![CDATA[VIEW]]></Event>
<EventKey><![CDATA[http://orderamz.oneap.net/app/index.php?i=2&c=entry&eid=2]]></EventKey>
<MenuId>813904688</MenuId>
</xml>

2018-05-27 22:11:42 params :
------------
String:
array (
  'rule' => -2,
  'module' => '',
  'message' => 
  array (
    'tousername' => 'gh_6ace08fd00cf',
    'fromusername' => 'oIP0X0g5j5OmrQEgSHLTECZbCFHw',
    'createtime' => '1527430302',
    'msgtype' => 'event',
    'event' => 'VIEW',
    'eventkey' => 'http://orderamz.oneap.net/app/index.php?i=2&c=entry&eid=2',
    'menuid' => '813904688',
    'from' => 'oIP0X0g5j5OmrQEgSHLTECZbCFHw',
    'to' => 'gh_6ace08fd00cf',
    'time' => '1527430302',
    'type' => 'text',
    'content' => 'http://orderamz.oneap.net/app/index.php?i=2&c=entry&eid=2',
    'redirection' => true,
    'source' => 'VIEW',
  ),
)

2018-05-27 22:11:42 response :
------------

2018-05-27 22:13:15 trace :
------------
String:
<xml><ToUserName><![CDATA[gh_6ace08fd00cf]]></ToUserName>
<FromUserName><![CDATA[oIP0X0g5j5OmrQEgSHLTECZbCFHw]]></FromUserName>
<CreateTime>1527430395</CreateTime>
<MsgType><![CDATA[event]]></MsgType>
<Event><![CDATA[VIEW]]></Event>
<EventKey><![CDATA[http://orderamz.oneap.net/app/index.php?i=2&c=entry&eid=3]]></EventKey>
<MenuId>813904688</MenuId>
</xml>

2018-05-27 22:13:15 params :
------------
String:
array (
  'rule' => -2,
  'module' => '',
  'message' => 
  array (
    'tousername' => 'gh_6ace08fd00cf',
    'fromusername' => 'oIP0X0g5j5OmrQEgSHLTECZbCFHw',
    'createtime' => '1527430395',
    'msgtype' => 'event',
    'event' => 'VIEW',
    'eventkey' => 'http://orderamz.oneap.net/app/index.php?i=2&c=entry&eid=3',
    'menuid' => '813904688',
    'from' => 'oIP0X0g5j5OmrQEgSHLTECZbCFHw',
    'to' => 'gh_6ace08fd00cf',
    'time' => '1527430395',
    'type' => 'text',
    'content' => 'http://orderamz.oneap.net/app/index.php?i=2&c=entry&eid=3',
    'redirection' => true,
    'source' => 'VIEW',
  ),
)

2018-05-27 22:13:15 response :
------------

2018-05-27 22:17:19 trace :
------------
String:
<xml><ToUserName><![CDATA[gh_6ace08fd00cf]]></ToUserName>
<FromUserName><![CDATA[oIP0X0nRmf4w6LhtWw_cwGj7NlyA]]></FromUserName>
<CreateTime>1527430639</CreateTime>
<MsgType><![CDATA[text]]></MsgType>
<Content><![CDATA[配送]]></Content>
<MsgId>6560264642229689654</MsgId>
</xml>

2018-05-27 22:17:19 params :
------------
String:
array (
  'message' => 
  array (
    'tousername' => 'gh_6ace08fd00cf',
    'fromusername' => 'oIP0X0nRmf4w6LhtWw_cwGj7NlyA',
    'createtime' => '1527430639',
    'msgtype' => 'text',
    'content' => '配送',
    'msgid' => '6560264642229689654',
    'from' => 'oIP0X0nRmf4w6LhtWw_cwGj7NlyA',
    'to' => 'gh_6ace08fd00cf',
    'time' => '1527430639',
    'type' => 'text',
    'event' => NULL,
    'redirection' => false,
    'source' => NULL,
  ),
  'module' => 'cover',
  'rule' => '24',
  'priority' => '0',
  'keyword' => 
  array (
    'id' => '84',
    'rid' => '24',
    'uniacid' => '2',
    'module' => 'cover',
    'content' => '配送',
    'type' => '1',
    'displayorder' => '0',
    'status' => '1',
    'reply_type' => 
    array (
    ),
  ),
  'reply_type' => 
  array (
  ),
)

2018-05-27 22:17:19 response :
------------
Array:
FromUserName : gh_6ace08fd00cf ;
ToUserName : oIP0X0nRmf4w6LhtWw_cwGj7NlyA ;
MsgType : news ;
ArticleCount : 1 ;
Articles : Array ;

2018-05-27 22:19:06 trace :
------------
String:
<xml><ToUserName><![CDATA[gh_6ace08fd00cf]]></ToUserName>
<FromUserName><![CDATA[oIP0X0g5j5OmrQEgSHLTECZbCFHw]]></FromUserName>
<CreateTime>1527430746</CreateTime>
<MsgType><![CDATA[text]]></MsgType>
<Content><![CDATA[配送]]></Content>
<MsgId>6560265101791190916</MsgId>
</xml>

2018-05-27 22:19:06 params :
------------
String:
array (
  'message' => 
  array (
    'tousername' => 'gh_6ace08fd00cf',
    'fromusername' => 'oIP0X0g5j5OmrQEgSHLTECZbCFHw',
    'createtime' => '1527430746',
    'msgtype' => 'text',
    'content' => '配送',
    'msgid' => '6560265101791190916',
    'from' => 'oIP0X0g5j5OmrQEgSHLTECZbCFHw',
    'to' => 'gh_6ace08fd00cf',
    'time' => '1527430746',
    'type' => 'text',
    'event' => NULL,
    'redirection' => false,
    'source' => NULL,
  ),
  'module' => 'cover',
  'rule' => '24',
  'priority' => '0',
  'keyword' => 
  array (
    'id' => '84',
    'rid' => '24',
    'uniacid' => '2',
    'module' => 'cover',
    'content' => '配送',
    'type' => '1',
    'displayorder' => '0',
    'status' => '1',
    'reply_type' => 
    array (
    ),
  ),
  'reply_type' => 
  array (
  ),
)

2018-05-27 22:19:06 response :
------------
Array:
FromUserName : gh_6ace08fd00cf ;
ToUserName : oIP0X0g5j5OmrQEgSHLTECZbCFHw ;
MsgType : news ;
ArticleCount : 1 ;
Articles : Array ;

2018-05-27 22:20:57 trace :
------------
String:
<xml><ToUserName><![CDATA[gh_6ace08fd00cf]]></ToUserName>
<FromUserName><![CDATA[oIP0X0g5j5OmrQEgSHLTECZbCFHw]]></FromUserName>
<CreateTime>1527430857</CreateTime>
<MsgType><![CDATA[event]]></MsgType>
<Event><![CDATA[VIEW]]></Event>
<EventKey><![CDATA[http://orderamz.oneap.net/app/index.php?i=2&c=entry&eid=3]]></EventKey>
<MenuId>813904688</MenuId>
</xml>

2018-05-27 22:20:57 params :
------------
String:
array (
  'rule' => -2,
  'module' => '',
  'message' => 
  array (
    'tousername' => 'gh_6ace08fd00cf',
    'fromusername' => 'oIP0X0g5j5OmrQEgSHLTECZbCFHw',
    'createtime' => '1527430857',
    'msgtype' => 'event',
    'event' => 'VIEW',
    'eventkey' => 'http://orderamz.oneap.net/app/index.php?i=2&c=entry&eid=3',
    'menuid' => '813904688',
    'from' => 'oIP0X0g5j5OmrQEgSHLTECZbCFHw',
    'to' => 'gh_6ace08fd00cf',
    'time' => '1527430857',
    'type' => 'text',
    'content' => 'http://orderamz.oneap.net/app/index.php?i=2&c=entry&eid=3',
    'redirection' => true,
    'source' => 'VIEW',
  ),
)

2018-05-27 22:20:57 response :
------------

2018-05-27 22:29:16 trace :
------------
String:
<xml><ToUserName><![CDATA[gh_6ace08fd00cf]]></ToUserName>
<FromUserName><![CDATA[oIP0X0nRmf4w6LhtWw_cwGj7NlyA]]></FromUserName>
<CreateTime>1527431356</CreateTime>
<MsgType><![CDATA[event]]></MsgType>
<Event><![CDATA[VIEW]]></Event>
<EventKey><![CDATA[http://orderamz.oneap.net/app/index.php?i=2&c=entry&eid=2]]></EventKey>
<MenuId>813904688</MenuId>
</xml>

2018-05-27 22:29:16 params :
------------
String:
array (
  'rule' => -2,
  'module' => '',
  'message' => 
  array (
    'tousername' => 'gh_6ace08fd00cf',
    'fromusername' => 'oIP0X0nRmf4w6LhtWw_cwGj7NlyA',
    'createtime' => '1527431356',
    'msgtype' => 'event',
    'event' => 'VIEW',
    'eventkey' => 'http://orderamz.oneap.net/app/index.php?i=2&c=entry&eid=2',
    'menuid' => '813904688',
    'from' => 'oIP0X0nRmf4w6LhtWw_cwGj7NlyA',
    'to' => 'gh_6ace08fd00cf',
    'time' => '1527431356',
    'type' => 'text',
    'content' => 'http://orderamz.oneap.net/app/index.php?i=2&c=entry&eid=2',
    'redirection' => true,
    'source' => 'VIEW',
  ),
)

2018-05-27 22:29:16 response :
------------

2018-05-27 22:36:05 trace :
------------
String:
<xml><ToUserName><![CDATA[gh_6ace08fd00cf]]></ToUserName>
<FromUserName><![CDATA[oIP0X0g5j5OmrQEgSHLTECZbCFHw]]></FromUserName>
<CreateTime>1527431765</CreateTime>
<MsgType><![CDATA[event]]></MsgType>
<Event><![CDATA[TEMPLATESENDJOBFINISH]]></Event>
<MsgID>299297042390466561</MsgID>
<Status><![CDATA[success]]></Status>
</xml>

2018-05-27 22:36:05 params :
------------
String:
array (
  'rule' => -2,
  'module' => '',
  'message' => 
  array (
    'tousername' => 'gh_6ace08fd00cf',
    'fromusername' => 'oIP0X0g5j5OmrQEgSHLTECZbCFHw',
    'createtime' => '1527431765',
    'msgtype' => 'event',
    'event' => 'TEMPLATESENDJOBFINISH',
    'msgid' => '299297042390466561',
    'status' => 'success',
    'from' => 'oIP0X0g5j5OmrQEgSHLTECZbCFHw',
    'to' => 'gh_6ace08fd00cf',
    'time' => '1527431765',
    'type' => 'event',
  ),
)

2018-05-27 22:36:05 response :
------------

2018-05-27 22:39:41 trace :
------------
String:
<xml><ToUserName><![CDATA[gh_6ace08fd00cf]]></ToUserName>
<FromUserName><![CDATA[oIP0X0g5j5OmrQEgSHLTECZbCFHw]]></FromUserName>
<CreateTime>1527431981</CreateTime>
<MsgType><![CDATA[event]]></MsgType>
<Event><![CDATA[TEMPLATESENDJOBFINISH]]></Event>
<MsgID>299300679237910528</MsgID>
<Status><![CDATA[success]]></Status>
</xml>

2018-05-27 22:39:41 params :
------------
String:
array (
  'rule' => -2,
  'module' => '',
  'message' => 
  array (
    'tousername' => 'gh_6ace08fd00cf',
    'fromusername' => 'oIP0X0g5j5OmrQEgSHLTECZbCFHw',
    'createtime' => '1527431981',
    'msgtype' => 'event',
    'event' => 'TEMPLATESENDJOBFINISH',
    'msgid' => '299300679237910528',
    'status' => 'success',
    'from' => 'oIP0X0g5j5OmrQEgSHLTECZbCFHw',
    'to' => 'gh_6ace08fd00cf',
    'time' => '1527431981',
    'type' => 'event',
  ),
)

2018-05-27 22:39:41 response :
------------

2018-05-27 22:40:35 trace :
------------
String:
<xml><ToUserName><![CDATA[gh_6ace08fd00cf]]></ToUserName>
<FromUserName><![CDATA[oIP0X0g5j5OmrQEgSHLTECZbCFHw]]></FromUserName>
<CreateTime>1527432035</CreateTime>
<MsgType><![CDATA[event]]></MsgType>
<Event><![CDATA[TEMPLATESENDJOBFINISH]]></Event>
<MsgID>299301573513854977</MsgID>
<Status><![CDATA[success]]></Status>
</xml>

2018-05-27 22:40:35 params :
------------
String:
array (
  'rule' => -2,
  'module' => '',
  'message' => 
  array (
    'tousername' => 'gh_6ace08fd00cf',
    'fromusername' => 'oIP0X0g5j5OmrQEgSHLTECZbCFHw',
    'createtime' => '1527432035',
    'msgtype' => 'event',
    'event' => 'TEMPLATESENDJOBFINISH',
    'msgid' => '299301573513854977',
    'status' => 'success',
    'from' => 'oIP0X0g5j5OmrQEgSHLTECZbCFHw',
    'to' => 'gh_6ace08fd00cf',
    'time' => '1527432035',
    'type' => 'event',
  ),
)

2018-05-27 22:40:35 response :
------------

2018-05-27 22:41:41 trace :
------------
String:
<xml><ToUserName><![CDATA[gh_6ace08fd00cf]]></ToUserName>
<FromUserName><![CDATA[oIP0X0g5j5OmrQEgSHLTECZbCFHw]]></FromUserName>
<CreateTime>1527432101</CreateTime>
<MsgType><![CDATA[event]]></MsgType>
<Event><![CDATA[TEMPLATESENDJOBFINISH]]></Event>
<MsgID>299302682135511040</MsgID>
<Status><![CDATA[success]]></Status>
</xml>

2018-05-27 22:41:41 params :
------------
String:
array (
  'rule' => -2,
  'module' => '',
  'message' => 
  array (
    'tousername' => 'gh_6ace08fd00cf',
    'fromusername' => 'oIP0X0g5j5OmrQEgSHLTECZbCFHw',
    'createtime' => '1527432101',
    'msgtype' => 'event',
    'event' => 'TEMPLATESENDJOBFINISH',
    'msgid' => '299302682135511040',
    'status' => 'success',
    'from' => 'oIP0X0g5j5OmrQEgSHLTECZbCFHw',
    'to' => 'gh_6ace08fd00cf',
    'time' => '1527432101',
    'type' => 'event',
  ),
)

2018-05-27 22:41:41 response :
------------

2018-05-27 22:42:36 trace :
------------
String:
<xml><ToUserName><![CDATA[gh_6ace08fd00cf]]></ToUserName>
<FromUserName><![CDATA[oIP0X0g5j5OmrQEgSHLTECZbCFHw]]></FromUserName>
<CreateTime>1527432156</CreateTime>
<MsgType><![CDATA[event]]></MsgType>
<Event><![CDATA[TEMPLATESENDJOBFINISH]]></Event>
<MsgID>299303615686918144</MsgID>
<Status><![CDATA[success]]></Status>
</xml>

2018-05-27 22:42:36 params :
------------
String:
array (
  'rule' => -2,
  'module' => '',
  'message' => 
  array (
    'tousername' => 'gh_6ace08fd00cf',
    'fromusername' => 'oIP0X0g5j5OmrQEgSHLTECZbCFHw',
    'createtime' => '1527432156',
    'msgtype' => 'event',
    'event' => 'TEMPLATESENDJOBFINISH',
    'msgid' => '299303615686918144',
    'status' => 'success',
    'from' => 'oIP0X0g5j5OmrQEgSHLTECZbCFHw',
    'to' => 'gh_6ace08fd00cf',
    'time' => '1527432156',
    'type' => 'event',
  ),
)

2018-05-27 22:42:36 response :
------------

2018-05-27 22:44:39 trace :
------------
String:
<xml><ToUserName><![CDATA[gh_6ace08fd00cf]]></ToUserName>
<FromUserName><![CDATA[oIP0X0nRmf4w6LhtWw_cwGj7NlyA]]></FromUserName>
<CreateTime>1527432279</CreateTime>
<MsgType><![CDATA[event]]></MsgType>
<Event><![CDATA[VIEW]]></Event>
<EventKey><![CDATA[http://orderamz.oneap.net/app/index.php?i=2&c=entry&eid=2]]></EventKey>
<MenuId>813904688</MenuId>
</xml>

2018-05-27 22:44:39 params :
------------
String:
array (
  'rule' => -2,
  'module' => '',
  'message' => 
  array (
    'tousername' => 'gh_6ace08fd00cf',
    'fromusername' => 'oIP0X0nRmf4w6LhtWw_cwGj7NlyA',
    'createtime' => '1527432279',
    'msgtype' => 'event',
    'event' => 'VIEW',
    'eventkey' => 'http://orderamz.oneap.net/app/index.php?i=2&c=entry&eid=2',
    'menuid' => '813904688',
    'from' => 'oIP0X0nRmf4w6LhtWw_cwGj7NlyA',
    'to' => 'gh_6ace08fd00cf',
    'time' => '1527432279',
    'type' => 'text',
    'content' => 'http://orderamz.oneap.net/app/index.php?i=2&c=entry&eid=2',
    'redirection' => true,
    'source' => 'VIEW',
  ),
)

2018-05-27 22:44:39 response :
------------

2018-05-27 22:54:03 trace :
------------
String:
<xml><ToUserName><![CDATA[gh_6ace08fd00cf]]></ToUserName>
<FromUserName><![CDATA[oIP0X0nRmf4w6LhtWw_cwGj7NlyA]]></FromUserName>
<CreateTime>1527432843</CreateTime>
<MsgType><![CDATA[event]]></MsgType>
<Event><![CDATA[VIEW]]></Event>
<EventKey><![CDATA[http://orderamz.oneap.net/app/index.php?i=2&c=entry&eid=2]]></EventKey>
<MenuId>813904688</MenuId>
</xml>

2018-05-27 22:54:03 params :
------------
String:
array (
  'rule' => -2,
  'module' => '',
  'message' => 
  array (
    'tousername' => 'gh_6ace08fd00cf',
    'fromusername' => 'oIP0X0nRmf4w6LhtWw_cwGj7NlyA',
    'createtime' => '1527432843',
    'msgtype' => 'event',
    'event' => 'VIEW',
    'eventkey' => 'http://orderamz.oneap.net/app/index.php?i=2&c=entry&eid=2',
    'menuid' => '813904688',
    'from' => 'oIP0X0nRmf4w6LhtWw_cwGj7NlyA',
    'to' => 'gh_6ace08fd00cf',
    'time' => '1527432843',
    'type' => 'text',
    'content' => 'http://orderamz.oneap.net/app/index.php?i=2&c=entry&eid=2',
    'redirection' => true,
    'source' => 'VIEW',
  ),
)

2018-05-27 22:54:03 response :
------------

2018-05-27 22:58:54 trace :
------------
String:
<xml><ToUserName><![CDATA[gh_6ace08fd00cf]]></ToUserName>
<FromUserName><![CDATA[oIP0X0nRmf4w6LhtWw_cwGj7NlyA]]></FromUserName>
<CreateTime>1527433133</CreateTime>
<MsgType><![CDATA[event]]></MsgType>
<Event><![CDATA[VIEW]]></Event>
<EventKey><![CDATA[http://orderamz.oneap.net/app/index.php?i=2&c=entry&eid=15]]></EventKey>
<MenuId>813904688</MenuId>
</xml>

2018-05-27 22:58:54 params :
------------
String:
array (
  'rule' => -2,
  'module' => '',
  'message' => 
  array (
    'tousername' => 'gh_6ace08fd00cf',
    'fromusername' => 'oIP0X0nRmf4w6LhtWw_cwGj7NlyA',
    'createtime' => '1527433133',
    'msgtype' => 'event',
    'event' => 'VIEW',
    'eventkey' => 'http://orderamz.oneap.net/app/index.php?i=2&c=entry&eid=15',
    'menuid' => '813904688',
    'from' => 'oIP0X0nRmf4w6LhtWw_cwGj7NlyA',
    'to' => 'gh_6ace08fd00cf',
    'time' => '1527433133',
    'type' => 'text',
    'content' => 'http://orderamz.oneap.net/app/index.php?i=2&c=entry&eid=15',
    'redirection' => true,
    'source' => 'VIEW',
  ),
)

2018-05-27 22:58:54 response :
------------

2018-05-27 22:59:27 trace :
------------
String:
<xml><ToUserName><![CDATA[gh_6ace08fd00cf]]></ToUserName>
<FromUserName><![CDATA[oIP0X0nRmf4w6LhtWw_cwGj7NlyA]]></FromUserName>
<CreateTime>1527433167</CreateTime>
<MsgType><![CDATA[event]]></MsgType>
<Event><![CDATA[VIEW]]></Event>
<EventKey><![CDATA[http://orderamz.oneap.net/app/index.php?i=2&c=entry&eid=15]]></EventKey>
<MenuId>813904688</MenuId>
</xml>

2018-05-27 22:59:27 params :
------------
String:
array (
  'rule' => -2,
  'module' => '',
  'message' => 
  array (
    'tousername' => 'gh_6ace08fd00cf',
    'fromusername' => 'oIP0X0nRmf4w6LhtWw_cwGj7NlyA',
    'createtime' => '1527433167',
    'msgtype' => 'event',
    'event' => 'VIEW',
    'eventkey' => 'http://orderamz.oneap.net/app/index.php?i=2&c=entry&eid=15',
    'menuid' => '813904688',
    'from' => 'oIP0X0nRmf4w6LhtWw_cwGj7NlyA',
    'to' => 'gh_6ace08fd00cf',
    'time' => '1527433167',
    'type' => 'text',
    'content' => 'http://orderamz.oneap.net/app/index.php?i=2&c=entry&eid=15',
    'redirection' => true,
    'source' => 'VIEW',
  ),
)

2018-05-27 22:59:27 response :
------------

2018-05-27 23:00:25 trace :
------------
String:
<xml><ToUserName><![CDATA[gh_6ace08fd00cf]]></ToUserName>
<FromUserName><![CDATA[oIP0X0nRmf4w6LhtWw_cwGj7NlyA]]></FromUserName>
<CreateTime>1527433225</CreateTime>
<MsgType><![CDATA[event]]></MsgType>
<Event><![CDATA[VIEW]]></Event>
<EventKey><![CDATA[http://orderamz.oneap.net/app/index.php?i=2&c=entry&eid=15]]></EventKey>
<MenuId>813904688</MenuId>
</xml>

2018-05-27 23:00:25 params :
------------
String:
array (
  'rule' => -2,
  'module' => '',
  'message' => 
  array (
    'tousername' => 'gh_6ace08fd00cf',
    'fromusername' => 'oIP0X0nRmf4w6LhtWw_cwGj7NlyA',
    'createtime' => '1527433225',
    'msgtype' => 'event',
    'event' => 'VIEW',
    'eventkey' => 'http://orderamz.oneap.net/app/index.php?i=2&c=entry&eid=15',
    'menuid' => '813904688',
    'from' => 'oIP0X0nRmf4w6LhtWw_cwGj7NlyA',
    'to' => 'gh_6ace08fd00cf',
    'time' => '1527433225',
    'type' => 'text',
    'content' => 'http://orderamz.oneap.net/app/index.php?i=2&c=entry&eid=15',
    'redirection' => true,
    'source' => 'VIEW',
  ),
)

2018-05-27 23:00:25 response :
------------

