2018-08-06 00:06:08 pay-alipay :
------------
String:
array (
  'payment_type' => '1',
  'trade_no' => '2018050421001004230537879610',
  'subject' => '餐饮20180504375948047431',
  'buyer_email' => 'han***@msn.com',
  'gmt_create' => '2018-05-04 20:42:15',
  'notify_type' => 'trade_status_sync',
  'quantity' => '1',
  'out_trade_no' => '2018050420395900001208677680',
  'seller_id' => '2088621957819369',
  'notify_time' => '2018-08-06 00:06:07',
  'body' => '2',
  'trade_status' => 'TRADE_FINISHED',
  'is_total_fee_adjust' => 'N',
  'total_fee' => '1.00',
  'gmt_payment' => '2018-05-04 20:42:17',
  'seller_email' => 'jin703@outlook.com',
  'gmt_close' => '2018-08-05 20:42:55',
  'price' => '1.00',
  'buyer_id' => '2088002328471230',
  'notify_id' => '8894cf48f260bc7caa5ca6496108534hs1',
  'use_coupon' => 'N',
  'sign_type' => 'MD5',
  'sign' => '07b1176fcfcf5e2001165321b74921a1',
  'query_type' => 'notify',
)

2018-08-06 01:51:38 pay-alipay :
------------
String:
array (
  'payment_type' => '1',
  'trade_no' => '2018050421001004230538313028',
  'subject' => '餐饮20180504439918315194',
  'buyer_email' => 'han***@msn.com',
  'gmt_create' => '2018-05-04 22:27:08',
  'notify_type' => 'trade_status_sync',
  'quantity' => '1',
  'out_trade_no' => '2018050422263700001203419762',
  'seller_id' => '2088621957819369',
  'notify_time' => '2018-08-06 01:51:38',
  'body' => '2',
  'trade_status' => 'TRADE_FINISHED',
  'is_total_fee_adjust' => 'N',
  'total_fee' => '2.00',
  'gmt_payment' => '2018-05-04 22:27:09',
  'seller_email' => 'jin703@outlook.com',
  'gmt_close' => '2018-08-05 22:27:54',
  'price' => '2.00',
  'buyer_id' => '2088002328471230',
  'notify_id' => 'c21e780ea6fa1a8c6eb7a6dac2e460ahs1',
  'use_coupon' => 'N',
  'sign_type' => 'MD5',
  'sign' => '828f0410151b09536888605100384ca5',
  'query_type' => 'notify',
)

2018-08-06 06:06:18 pay-alipay :
------------
String:
array (
  'payment_type' => '1',
  'trade_no' => '2018050421001004230537879610',
  'subject' => '餐饮20180504375948047431',
  'buyer_email' => 'han***@msn.com',
  'gmt_create' => '2018-05-04 20:42:15',
  'notify_type' => 'trade_status_sync',
  'quantity' => '1',
  'out_trade_no' => '2018050420395900001208677680',
  'seller_id' => '2088621957819369',
  'notify_time' => '2018-08-06 06:06:17',
  'body' => '2',
  'trade_status' => 'TRADE_FINISHED',
  'is_total_fee_adjust' => 'N',
  'total_fee' => '1.00',
  'gmt_payment' => '2018-05-04 20:42:17',
  'seller_email' => 'jin703@outlook.com',
  'gmt_close' => '2018-08-05 20:42:55',
  'price' => '1.00',
  'buyer_id' => '2088002328471230',
  'notify_id' => '8894cf48f260bc7caa5ca6496108534hs1',
  'use_coupon' => 'N',
  'sign_type' => 'MD5',
  'sign' => '06339636f3c763eb06bb664836190cf7',
  'query_type' => 'notify',
)

2018-08-06 07:51:08 pay-alipay :
------------
String:
array (
  'payment_type' => '1',
  'trade_no' => '2018050421001004230538313028',
  'subject' => '餐饮20180504439918315194',
  'buyer_email' => 'han***@msn.com',
  'gmt_create' => '2018-05-04 22:27:08',
  'notify_type' => 'trade_status_sync',
  'quantity' => '1',
  'out_trade_no' => '2018050422263700001203419762',
  'seller_id' => '2088621957819369',
  'notify_time' => '2018-08-06 07:51:08',
  'body' => '2',
  'trade_status' => 'TRADE_FINISHED',
  'is_total_fee_adjust' => 'N',
  'total_fee' => '2.00',
  'gmt_payment' => '2018-05-04 22:27:09',
  'seller_email' => 'jin703@outlook.com',
  'gmt_close' => '2018-08-05 22:27:54',
  'price' => '2.00',
  'buyer_id' => '2088002328471230',
  'notify_id' => 'c21e780ea6fa1a8c6eb7a6dac2e460ahs1',
  'use_coupon' => 'N',
  'sign_type' => 'MD5',
  'sign' => 'd93b6c6e7d7bffb665f2824dfc9efcbc',
  'query_type' => 'notify',
)

2018-08-06 11:42:55 pay-alipay :
------------
String:
array (
  'payment_type' => '1',
  'trade_no' => '2018050521001004230538389603',
  'subject' => '餐饮20180505916566513668',
  'buyer_email' => 'han***@msn.com',
  'gmt_create' => '2018-05-05 11:41:57',
  'notify_type' => 'trade_status_sync',
  'quantity' => '1',
  'out_trade_no' => '2018050511405900001288820613',
  'seller_id' => '2088621957819369',
  'notify_time' => '2018-08-06 11:42:55',
  'body' => '2',
  'trade_status' => 'TRADE_FINISHED',
  'is_total_fee_adjust' => 'N',
  'total_fee' => '1.00',
  'gmt_payment' => '2018-05-05 11:41:58',
  'seller_email' => 'jin703@outlook.com',
  'gmt_close' => '2018-08-06 11:42:54',
  'price' => '1.00',
  'buyer_id' => '2088002328471230',
  'notify_id' => 'c7a0f69bd66112a72720cf7b0facf99hs1',
  'use_coupon' => 'N',
  'sign_type' => 'MD5',
  'sign' => '12fe4b0457e736d6f244e774ce7f2377',
  'query_type' => 'notify',
)

2018-08-06 11:46:45 pay-alipay :
------------
String:
array (
  'payment_type' => '1',
  'trade_no' => '2018050521001004230538389603',
  'subject' => '餐饮20180505916566513668',
  'buyer_email' => 'han***@msn.com',
  'gmt_create' => '2018-05-05 11:41:57',
  'notify_type' => 'trade_status_sync',
  'quantity' => '1',
  'out_trade_no' => '2018050511405900001288820613',
  'seller_id' => '2088621957819369',
  'notify_time' => '2018-08-06 11:46:45',
  'body' => '2',
  'trade_status' => 'TRADE_FINISHED',
  'is_total_fee_adjust' => 'N',
  'total_fee' => '1.00',
  'gmt_payment' => '2018-05-05 11:41:58',
  'seller_email' => 'jin703@outlook.com',
  'gmt_close' => '2018-08-06 11:42:54',
  'price' => '1.00',
  'buyer_id' => '2088002328471230',
  'notify_id' => 'c7a0f69bd66112a72720cf7b0facf99hs1',
  'use_coupon' => 'N',
  'sign_type' => 'MD5',
  'sign' => '8a65b593c50161ae1573fc32e9656dcb',
  'query_type' => 'notify',
)

2018-08-06 11:56:38 pay-alipay :
------------
String:
array (
  'payment_type' => '1',
  'trade_no' => '2018050521001004230538389603',
  'subject' => '餐饮20180505916566513668',
  'buyer_email' => 'han***@msn.com',
  'gmt_create' => '2018-05-05 11:41:57',
  'notify_type' => 'trade_status_sync',
  'quantity' => '1',
  'out_trade_no' => '2018050511405900001288820613',
  'seller_id' => '2088621957819369',
  'notify_time' => '2018-08-06 11:56:38',
  'body' => '2',
  'trade_status' => 'TRADE_FINISHED',
  'is_total_fee_adjust' => 'N',
  'total_fee' => '1.00',
  'gmt_payment' => '2018-05-05 11:41:58',
  'seller_email' => 'jin703@outlook.com',
  'gmt_close' => '2018-08-06 11:42:54',
  'price' => '1.00',
  'buyer_id' => '2088002328471230',
  'notify_id' => 'c7a0f69bd66112a72720cf7b0facf99hs1',
  'use_coupon' => 'N',
  'sign_type' => 'MD5',
  'sign' => 'f5824ffd11cd45534c074074f048bf1b',
  'query_type' => 'notify',
)

2018-08-06 12:06:36 pay-alipay :
------------
String:
array (
  'payment_type' => '1',
  'trade_no' => '2018050521001004230538389603',
  'subject' => '餐饮20180505916566513668',
  'buyer_email' => 'han***@msn.com',
  'gmt_create' => '2018-05-05 11:41:57',
  'notify_type' => 'trade_status_sync',
  'quantity' => '1',
  'out_trade_no' => '2018050511405900001288820613',
  'seller_id' => '2088621957819369',
  'notify_time' => '2018-08-06 12:06:36',
  'body' => '2',
  'trade_status' => 'TRADE_FINISHED',
  'is_total_fee_adjust' => 'N',
  'total_fee' => '1.00',
  'gmt_payment' => '2018-05-05 11:41:58',
  'seller_email' => 'jin703@outlook.com',
  'gmt_close' => '2018-08-06 11:42:54',
  'price' => '1.00',
  'buyer_id' => '2088002328471230',
  'notify_id' => 'c7a0f69bd66112a72720cf7b0facf99hs1',
  'use_coupon' => 'N',
  'sign_type' => 'MD5',
  'sign' => 'f91179ac3030f94cad9410b4bfd62059',
  'query_type' => 'notify',
)

2018-08-06 13:06:39 pay-alipay :
------------
String:
array (
  'payment_type' => '1',
  'trade_no' => '2018050521001004230538389603',
  'subject' => '餐饮20180505916566513668',
  'buyer_email' => 'han***@msn.com',
  'gmt_create' => '2018-05-05 11:41:57',
  'notify_type' => 'trade_status_sync',
  'quantity' => '1',
  'out_trade_no' => '2018050511405900001288820613',
  'seller_id' => '2088621957819369',
  'notify_time' => '2018-08-06 13:06:38',
  'body' => '2',
  'trade_status' => 'TRADE_FINISHED',
  'is_total_fee_adjust' => 'N',
  'total_fee' => '1.00',
  'gmt_payment' => '2018-05-05 11:41:58',
  'seller_email' => 'jin703@outlook.com',
  'gmt_close' => '2018-08-06 11:42:54',
  'price' => '1.00',
  'buyer_id' => '2088002328471230',
  'notify_id' => 'c7a0f69bd66112a72720cf7b0facf99hs1',
  'use_coupon' => 'N',
  'sign_type' => 'MD5',
  'sign' => '9880b2842d0a81f48373bcdcf00897aa',
  'query_type' => 'notify',
)

2018-08-06 14:55:55 pay-alipay :
------------
String:
array (
  'payment_type' => '1',
  'trade_no' => '2018050521001004230539515440',
  'subject' => '餐饮20180505033075605790',
  'buyer_email' => 'han***@msn.com',
  'gmt_create' => '2018-05-05 14:55:37',
  'notify_type' => 'trade_status_sync',
  'quantity' => '1',
  'out_trade_no' => '2018050514551100001290562442',
  'seller_id' => '2088621957819369',
  'notify_time' => '2018-08-06 14:55:55',
  'body' => '2',
  'trade_status' => 'TRADE_FINISHED',
  'is_total_fee_adjust' => 'N',
  'total_fee' => '2.00',
  'gmt_payment' => '2018-05-05 14:55:39',
  'seller_email' => 'jin703@outlook.com',
  'gmt_close' => '2018-08-06 14:55:55',
  'price' => '2.00',
  'buyer_id' => '2088002328471230',
  'notify_id' => '0d86c24422035ac7a48d9f3b0fff2cchs1',
  'use_coupon' => 'N',
  'sign_type' => 'MD5',
  'sign' => '492321a681ddeb3d5c1c5101a1c9e1d5',
  'query_type' => 'notify',
)

2018-08-06 14:59:12 pay-alipay :
------------
String:
array (
  'payment_type' => '1',
  'trade_no' => '2018050521001004230539515440',
  'subject' => '餐饮20180505033075605790',
  'buyer_email' => 'han***@msn.com',
  'gmt_create' => '2018-05-05 14:55:37',
  'notify_type' => 'trade_status_sync',
  'quantity' => '1',
  'out_trade_no' => '2018050514551100001290562442',
  'seller_id' => '2088621957819369',
  'notify_time' => '2018-08-06 14:59:11',
  'body' => '2',
  'trade_status' => 'TRADE_FINISHED',
  'is_total_fee_adjust' => 'N',
  'total_fee' => '2.00',
  'gmt_payment' => '2018-05-05 14:55:39',
  'seller_email' => 'jin703@outlook.com',
  'gmt_close' => '2018-08-06 14:55:55',
  'price' => '2.00',
  'buyer_id' => '2088002328471230',
  'notify_id' => '0d86c24422035ac7a48d9f3b0fff2cchs1',
  'use_coupon' => 'N',
  'sign_type' => 'MD5',
  'sign' => '4e647c7c494f0329d5f2bbe28873dc47',
  'query_type' => 'notify',
)

2018-08-06 15:04:55 pay-alipay :
------------
String:
array (
  'payment_type' => '1',
  'trade_no' => '2018050521001004230538973065',
  'subject' => '餐饮20180505038458631054',
  'buyer_email' => 'han***@msn.com',
  'gmt_create' => '2018-05-05 15:04:28',
  'notify_type' => 'trade_status_sync',
  'quantity' => '1',
  'out_trade_no' => '2018050515040800001246426734',
  'seller_id' => '2088621957819369',
  'notify_time' => '2018-08-06 15:04:54',
  'body' => '2',
  'trade_status' => 'TRADE_FINISHED',
  'is_total_fee_adjust' => 'N',
  'total_fee' => '1.00',
  'gmt_payment' => '2018-05-05 15:04:29',
  'seller_email' => 'jin703@outlook.com',
  'gmt_close' => '2018-08-06 15:04:54',
  'price' => '1.00',
  'buyer_id' => '2088002328471230',
  'notify_id' => 'b9c5eaa5e633bacf57d8a5e0d484f1chs1',
  'use_coupon' => 'N',
  'sign_type' => 'MD5',
  'sign' => '1a64a413848929343c1c12e99a54d035',
  'query_type' => 'notify',
)

2018-08-06 15:06:41 pay-alipay :
------------
String:
array (
  'payment_type' => '1',
  'trade_no' => '2018050521001004230538389603',
  'subject' => '餐饮20180505916566513668',
  'buyer_email' => 'han***@msn.com',
  'gmt_create' => '2018-05-05 11:41:57',
  'notify_type' => 'trade_status_sync',
  'quantity' => '1',
  'out_trade_no' => '2018050511405900001288820613',
  'seller_id' => '2088621957819369',
  'notify_time' => '2018-08-06 15:06:41',
  'body' => '2',
  'trade_status' => 'TRADE_FINISHED',
  'is_total_fee_adjust' => 'N',
  'total_fee' => '1.00',
  'gmt_payment' => '2018-05-05 11:41:58',
  'seller_email' => 'jin703@outlook.com',
  'gmt_close' => '2018-08-06 11:42:54',
  'price' => '1.00',
  'buyer_id' => '2088002328471230',
  'notify_id' => 'c7a0f69bd66112a72720cf7b0facf99hs1',
  'use_coupon' => 'N',
  'sign_type' => 'MD5',
  'sign' => '63f698df0bd3c4fe11e1e6e12aa9dc9a',
  'query_type' => 'notify',
)

2018-08-06 15:08:30 pay-alipay :
------------
String:
array (
  'payment_type' => '1',
  'trade_no' => '2018050521001004230538973065',
  'subject' => '餐饮20180505038458631054',
  'buyer_email' => 'han***@msn.com',
  'gmt_create' => '2018-05-05 15:04:28',
  'notify_type' => 'trade_status_sync',
  'quantity' => '1',
  'out_trade_no' => '2018050515040800001246426734',
  'seller_id' => '2088621957819369',
  'notify_time' => '2018-08-06 15:08:30',
  'body' => '2',
  'trade_status' => 'TRADE_FINISHED',
  'is_total_fee_adjust' => 'N',
  'total_fee' => '1.00',
  'gmt_payment' => '2018-05-05 15:04:29',
  'seller_email' => 'jin703@outlook.com',
  'gmt_close' => '2018-08-06 15:04:54',
  'price' => '1.00',
  'buyer_id' => '2088002328471230',
  'notify_id' => 'b9c5eaa5e633bacf57d8a5e0d484f1chs1',
  'use_coupon' => 'N',
  'sign_type' => 'MD5',
  'sign' => '2a7c92edcb22f81f4766e4f3c9f39fbe',
  'query_type' => 'notify',
)

2018-08-06 15:09:23 pay-alipay :
------------
String:
array (
  'payment_type' => '1',
  'trade_no' => '2018050521001004230539515440',
  'subject' => '餐饮20180505033075605790',
  'buyer_email' => 'han***@msn.com',
  'gmt_create' => '2018-05-05 14:55:37',
  'notify_type' => 'trade_status_sync',
  'quantity' => '1',
  'out_trade_no' => '2018050514551100001290562442',
  'seller_id' => '2088621957819369',
  'notify_time' => '2018-08-06 15:09:23',
  'body' => '2',
  'trade_status' => 'TRADE_FINISHED',
  'is_total_fee_adjust' => 'N',
  'total_fee' => '2.00',
  'gmt_payment' => '2018-05-05 14:55:39',
  'seller_email' => 'jin703@outlook.com',
  'gmt_close' => '2018-08-06 14:55:55',
  'price' => '2.00',
  'buyer_id' => '2088002328471230',
  'notify_id' => '0d86c24422035ac7a48d9f3b0fff2cchs1',
  'use_coupon' => 'N',
  'sign_type' => 'MD5',
  'sign' => '9be612ff5f600aa14ade9fc2a68ec86c',
  'query_type' => 'notify',
)

2018-08-06 15:18:50 pay-alipay :
------------
String:
array (
  'payment_type' => '1',
  'trade_no' => '2018050521001004230538973065',
  'subject' => '餐饮20180505038458631054',
  'buyer_email' => 'han***@msn.com',
  'gmt_create' => '2018-05-05 15:04:28',
  'notify_type' => 'trade_status_sync',
  'quantity' => '1',
  'out_trade_no' => '2018050515040800001246426734',
  'seller_id' => '2088621957819369',
  'notify_time' => '2018-08-06 15:18:50',
  'body' => '2',
  'trade_status' => 'TRADE_FINISHED',
  'is_total_fee_adjust' => 'N',
  'total_fee' => '1.00',
  'gmt_payment' => '2018-05-05 15:04:29',
  'seller_email' => 'jin703@outlook.com',
  'gmt_close' => '2018-08-06 15:04:54',
  'price' => '1.00',
  'buyer_id' => '2088002328471230',
  'notify_id' => 'b9c5eaa5e633bacf57d8a5e0d484f1chs1',
  'use_coupon' => 'N',
  'sign_type' => 'MD5',
  'sign' => '64bd0773f5d9b2651d45cc1e4c65cc45',
  'query_type' => 'notify',
)

2018-08-06 15:19:15 pay-alipay :
------------
String:
array (
  'payment_type' => '1',
  'trade_no' => '2018050521001004230539515440',
  'subject' => '餐饮20180505033075605790',
  'buyer_email' => 'han***@msn.com',
  'gmt_create' => '2018-05-05 14:55:37',
  'notify_type' => 'trade_status_sync',
  'quantity' => '1',
  'out_trade_no' => '2018050514551100001290562442',
  'seller_id' => '2088621957819369',
  'notify_time' => '2018-08-06 15:19:15',
  'body' => '2',
  'trade_status' => 'TRADE_FINISHED',
  'is_total_fee_adjust' => 'N',
  'total_fee' => '2.00',
  'gmt_payment' => '2018-05-05 14:55:39',
  'seller_email' => 'jin703@outlook.com',
  'gmt_close' => '2018-08-06 14:55:55',
  'price' => '2.00',
  'buyer_id' => '2088002328471230',
  'notify_id' => '0d86c24422035ac7a48d9f3b0fff2cchs1',
  'use_coupon' => 'N',
  'sign_type' => 'MD5',
  'sign' => '5f2fa0098cb48d369f082fdb18edf90e',
  'query_type' => 'notify',
)

2018-08-06 15:25:55 pay-alipay :
------------
String:
array (
  'payment_type' => '1',
  'trade_no' => '2018050521001004230539474192',
  'subject' => '餐饮20180505050927023936',
  'buyer_email' => 'han***@msn.com',
  'gmt_create' => '2018-05-05 15:25:27',
  'notify_type' => 'trade_status_sync',
  'quantity' => '1',
  'out_trade_no' => '2018050515245500001228426292',
  'seller_id' => '2088621957819369',
  'notify_time' => '2018-08-06 15:25:55',
  'body' => '2',
  'trade_status' => 'TRADE_FINISHED',
  'is_total_fee_adjust' => 'N',
  'total_fee' => '2.00',
  'gmt_payment' => '2018-05-05 15:25:29',
  'seller_email' => 'jin703@outlook.com',
  'gmt_close' => '2018-08-06 15:25:55',
  'price' => '2.00',
  'buyer_id' => '2088002328471230',
  'notify_id' => '431a4b18e70f669244ba9ba31166e3fhs1',
  'use_coupon' => 'N',
  'sign_type' => 'MD5',
  'sign' => 'dcb3a7496e142a52cd9a098f6f04edff',
  'query_type' => 'notify',
)

2018-08-06 15:28:19 pay-alipay :
------------
String:
array (
  'payment_type' => '1',
  'trade_no' => '2018050521001004230538973065',
  'subject' => '餐饮20180505038458631054',
  'buyer_email' => 'han***@msn.com',
  'gmt_create' => '2018-05-05 15:04:28',
  'notify_type' => 'trade_status_sync',
  'quantity' => '1',
  'out_trade_no' => '2018050515040800001246426734',
  'seller_id' => '2088621957819369',
  'notify_time' => '2018-08-06 15:28:18',
  'body' => '2',
  'trade_status' => 'TRADE_FINISHED',
  'is_total_fee_adjust' => 'N',
  'total_fee' => '1.00',
  'gmt_payment' => '2018-05-05 15:04:29',
  'seller_email' => 'jin703@outlook.com',
  'gmt_close' => '2018-08-06 15:04:54',
  'price' => '1.00',
  'buyer_id' => '2088002328471230',
  'notify_id' => 'b9c5eaa5e633bacf57d8a5e0d484f1chs1',
  'use_coupon' => 'N',
  'sign_type' => 'MD5',
  'sign' => '548ff8cbc07909807e0887767b163ba7',
  'query_type' => 'notify',
)

2018-08-06 15:29:34 pay-alipay :
------------
String:
array (
  'payment_type' => '1',
  'trade_no' => '2018050521001004230539474192',
  'subject' => '餐饮20180505050927023936',
  'buyer_email' => 'han***@msn.com',
  'gmt_create' => '2018-05-05 15:25:27',
  'notify_type' => 'trade_status_sync',
  'quantity' => '1',
  'out_trade_no' => '2018050515245500001228426292',
  'seller_id' => '2088621957819369',
  'notify_time' => '2018-08-06 15:29:34',
  'body' => '2',
  'trade_status' => 'TRADE_FINISHED',
  'is_total_fee_adjust' => 'N',
  'total_fee' => '2.00',
  'gmt_payment' => '2018-05-05 15:25:29',
  'seller_email' => 'jin703@outlook.com',
  'gmt_close' => '2018-08-06 15:25:55',
  'price' => '2.00',
  'buyer_id' => '2088002328471230',
  'notify_id' => '431a4b18e70f669244ba9ba31166e3fhs1',
  'use_coupon' => 'N',
  'sign_type' => 'MD5',
  'sign' => '67da7a1fc835029da1c9e6d5dae719a3',
  'query_type' => 'notify',
)

2018-08-06 15:39:06 pay-alipay :
------------
String:
array (
  'payment_type' => '1',
  'trade_no' => '2018050521001004230539474192',
  'subject' => '餐饮20180505050927023936',
  'buyer_email' => 'han***@msn.com',
  'gmt_create' => '2018-05-05 15:25:27',
  'notify_type' => 'trade_status_sync',
  'quantity' => '1',
  'out_trade_no' => '2018050515245500001228426292',
  'seller_id' => '2088621957819369',
  'notify_time' => '2018-08-06 15:39:06',
  'body' => '2',
  'trade_status' => 'TRADE_FINISHED',
  'is_total_fee_adjust' => 'N',
  'total_fee' => '2.00',
  'gmt_payment' => '2018-05-05 15:25:29',
  'seller_email' => 'jin703@outlook.com',
  'gmt_close' => '2018-08-06 15:25:55',
  'price' => '2.00',
  'buyer_id' => '2088002328471230',
  'notify_id' => '431a4b18e70f669244ba9ba31166e3fhs1',
  'use_coupon' => 'N',
  'sign_type' => 'MD5',
  'sign' => 'b6c46a63cafa2ef1cbbb3bbc445cc599',
  'query_type' => 'notify',
)

2018-08-06 15:43:55 pay-alipay :
------------
String:
array (
  'payment_type' => '1',
  'trade_no' => '2018050521001004230539516849',
  'subject' => '餐饮20180505061564362029',
  'buyer_email' => 'han***@msn.com',
  'gmt_create' => '2018-05-05 15:43:03',
  'notify_type' => 'trade_status_sync',
  'quantity' => '1',
  'out_trade_no' => '2018050515423900001254684438',
  'seller_id' => '2088621957819369',
  'notify_time' => '2018-08-06 15:43:55',
  'body' => '2',
  'trade_status' => 'TRADE_FINISHED',
  'is_total_fee_adjust' => 'N',
  'total_fee' => '2.00',
  'gmt_payment' => '2018-05-05 15:43:04',
  'seller_email' => 'jin703@outlook.com',
  'gmt_close' => '2018-08-06 15:43:54',
  'price' => '2.00',
  'buyer_id' => '2088002328471230',
  'notify_id' => 'fc76b51dacfd59aa6cef652472ce51bhs1',
  'use_coupon' => 'N',
  'sign_type' => 'MD5',
  'sign' => '9ec7b27777cbbd9c6bb3001717a86209',
  'query_type' => 'notify',
)

2018-08-06 15:47:19 pay-alipay :
------------
String:
array (
  'payment_type' => '1',
  'trade_no' => '2018050521001004230539516849',
  'subject' => '餐饮20180505061564362029',
  'buyer_email' => 'han***@msn.com',
  'gmt_create' => '2018-05-05 15:43:03',
  'notify_type' => 'trade_status_sync',
  'quantity' => '1',
  'out_trade_no' => '2018050515423900001254684438',
  'seller_id' => '2088621957819369',
  'notify_time' => '2018-08-06 15:47:18',
  'body' => '2',
  'trade_status' => 'TRADE_FINISHED',
  'is_total_fee_adjust' => 'N',
  'total_fee' => '2.00',
  'gmt_payment' => '2018-05-05 15:43:04',
  'seller_email' => 'jin703@outlook.com',
  'gmt_close' => '2018-08-06 15:43:54',
  'price' => '2.00',
  'buyer_id' => '2088002328471230',
  'notify_id' => 'fc76b51dacfd59aa6cef652472ce51bhs1',
  'use_coupon' => 'N',
  'sign_type' => 'MD5',
  'sign' => '1f7b1f67d0257b22b9e834446458b359',
  'query_type' => 'notify',
)

2018-08-06 15:49:17 pay-alipay :
------------
String:
array (
  'payment_type' => '1',
  'trade_no' => '2018050521001004230539474192',
  'subject' => '餐饮20180505050927023936',
  'buyer_email' => 'han***@msn.com',
  'gmt_create' => '2018-05-05 15:25:27',
  'notify_type' => 'trade_status_sync',
  'quantity' => '1',
  'out_trade_no' => '2018050515245500001228426292',
  'seller_id' => '2088621957819369',
  'notify_time' => '2018-08-06 15:49:17',
  'body' => '2',
  'trade_status' => 'TRADE_FINISHED',
  'is_total_fee_adjust' => 'N',
  'total_fee' => '2.00',
  'gmt_payment' => '2018-05-05 15:25:29',
  'seller_email' => 'jin703@outlook.com',
  'gmt_close' => '2018-08-06 15:25:55',
  'price' => '2.00',
  'buyer_id' => '2088002328471230',
  'notify_id' => '431a4b18e70f669244ba9ba31166e3fhs1',
  'use_coupon' => 'N',
  'sign_type' => 'MD5',
  'sign' => '33762ddca2f17d7c9fc6ec90fc2ee40d',
  'query_type' => 'notify',
)

2018-08-06 15:57:40 pay-alipay :
------------
String:
array (
  'payment_type' => '1',
  'trade_no' => '2018050521001004230539516849',
  'subject' => '餐饮20180505061564362029',
  'buyer_email' => 'han***@msn.com',
  'gmt_create' => '2018-05-05 15:43:03',
  'notify_type' => 'trade_status_sync',
  'quantity' => '1',
  'out_trade_no' => '2018050515423900001254684438',
  'seller_id' => '2088621957819369',
  'notify_time' => '2018-08-06 15:57:39',
  'body' => '2',
  'trade_status' => 'TRADE_FINISHED',
  'is_total_fee_adjust' => 'N',
  'total_fee' => '2.00',
  'gmt_payment' => '2018-05-05 15:43:04',
  'seller_email' => 'jin703@outlook.com',
  'gmt_close' => '2018-08-06 15:43:54',
  'price' => '2.00',
  'buyer_id' => '2088002328471230',
  'notify_id' => 'fc76b51dacfd59aa6cef652472ce51bhs1',
  'use_coupon' => 'N',
  'sign_type' => 'MD5',
  'sign' => 'ddc6d10f0419f6e68cf2a5dc6e76efcf',
  'query_type' => 'notify',
)

2018-08-06 16:07:17 pay-alipay :
------------
String:
array (
  'payment_type' => '1',
  'trade_no' => '2018050521001004230539516849',
  'subject' => '餐饮20180505061564362029',
  'buyer_email' => 'han***@msn.com',
  'gmt_create' => '2018-05-05 15:43:03',
  'notify_type' => 'trade_status_sync',
  'quantity' => '1',
  'out_trade_no' => '2018050515423900001254684438',
  'seller_id' => '2088621957819369',
  'notify_time' => '2018-08-06 16:07:16',
  'body' => '2',
  'trade_status' => 'TRADE_FINISHED',
  'is_total_fee_adjust' => 'N',
  'total_fee' => '2.00',
  'gmt_payment' => '2018-05-05 15:43:04',
  'seller_email' => 'jin703@outlook.com',
  'gmt_close' => '2018-08-06 15:43:54',
  'price' => '2.00',
  'buyer_id' => '2088002328471230',
  'notify_id' => 'fc76b51dacfd59aa6cef652472ce51bhs1',
  'use_coupon' => 'N',
  'sign_type' => 'MD5',
  'sign' => '64fd5e01f056f8cab0c7244f730ac66e',
  'query_type' => 'notify',
)

2018-08-06 16:19:47 pay-alipay :
------------
String:
array (
  'payment_type' => '1',
  'trade_no' => '2018050521001004230539515440',
  'subject' => '餐饮20180505033075605790',
  'buyer_email' => 'han***@msn.com',
  'gmt_create' => '2018-05-05 14:55:37',
  'notify_type' => 'trade_status_sync',
  'quantity' => '1',
  'out_trade_no' => '2018050514551100001290562442',
  'seller_id' => '2088621957819369',
  'notify_time' => '2018-08-06 16:19:47',
  'body' => '2',
  'trade_status' => 'TRADE_FINISHED',
  'is_total_fee_adjust' => 'N',
  'total_fee' => '2.00',
  'gmt_payment' => '2018-05-05 14:55:39',
  'seller_email' => 'jin703@outlook.com',
  'gmt_close' => '2018-08-06 14:55:55',
  'price' => '2.00',
  'buyer_id' => '2088002328471230',
  'notify_id' => '0d86c24422035ac7a48d9f3b0fff2cchs1',
  'use_coupon' => 'N',
  'sign_type' => 'MD5',
  'sign' => '061abe8b5f6846c6a48336193b6f613f',
  'query_type' => 'notify',
)

2018-08-06 16:28:13 pay-alipay :
------------
String:
array (
  'payment_type' => '1',
  'trade_no' => '2018050521001004230538973065',
  'subject' => '餐饮20180505038458631054',
  'buyer_email' => 'han***@msn.com',
  'gmt_create' => '2018-05-05 15:04:28',
  'notify_type' => 'trade_status_sync',
  'quantity' => '1',
  'out_trade_no' => '2018050515040800001246426734',
  'seller_id' => '2088621957819369',
  'notify_time' => '2018-08-06 16:28:12',
  'body' => '2',
  'trade_status' => 'TRADE_FINISHED',
  'is_total_fee_adjust' => 'N',
  'total_fee' => '1.00',
  'gmt_payment' => '2018-05-05 15:04:29',
  'seller_email' => 'jin703@outlook.com',
  'gmt_close' => '2018-08-06 15:04:54',
  'price' => '1.00',
  'buyer_id' => '2088002328471230',
  'notify_id' => 'b9c5eaa5e633bacf57d8a5e0d484f1chs1',
  'use_coupon' => 'N',
  'sign_type' => 'MD5',
  'sign' => 'c22f42bec2e29902600613317e41ed02',
  'query_type' => 'notify',
)

2018-08-06 16:49:13 pay-alipay :
------------
String:
array (
  'payment_type' => '1',
  'trade_no' => '2018050521001004230539474192',
  'subject' => '餐饮20180505050927023936',
  'buyer_email' => 'han***@msn.com',
  'gmt_create' => '2018-05-05 15:25:27',
  'notify_type' => 'trade_status_sync',
  'quantity' => '1',
  'out_trade_no' => '2018050515245500001228426292',
  'seller_id' => '2088621957819369',
  'notify_time' => '2018-08-06 16:49:12',
  'body' => '2',
  'trade_status' => 'TRADE_FINISHED',
  'is_total_fee_adjust' => 'N',
  'total_fee' => '2.00',
  'gmt_payment' => '2018-05-05 15:25:29',
  'seller_email' => 'jin703@outlook.com',
  'gmt_close' => '2018-08-06 15:25:55',
  'price' => '2.00',
  'buyer_id' => '2088002328471230',
  'notify_id' => '431a4b18e70f669244ba9ba31166e3fhs1',
  'use_coupon' => 'N',
  'sign_type' => 'MD5',
  'sign' => 'dd0d1900d5c205c49f44c3247c6a1ef8',
  'query_type' => 'notify',
)

2018-08-06 17:07:39 pay-alipay :
------------
String:
array (
  'payment_type' => '1',
  'trade_no' => '2018050521001004230539516849',
  'subject' => '餐饮20180505061564362029',
  'buyer_email' => 'han***@msn.com',
  'gmt_create' => '2018-05-05 15:43:03',
  'notify_type' => 'trade_status_sync',
  'quantity' => '1',
  'out_trade_no' => '2018050515423900001254684438',
  'seller_id' => '2088621957819369',
  'notify_time' => '2018-08-06 17:07:39',
  'body' => '2',
  'trade_status' => 'TRADE_FINISHED',
  'is_total_fee_adjust' => 'N',
  'total_fee' => '2.00',
  'gmt_payment' => '2018-05-05 15:43:04',
  'seller_email' => 'jin703@outlook.com',
  'gmt_close' => '2018-08-06 15:43:54',
  'price' => '2.00',
  'buyer_id' => '2088002328471230',
  'notify_id' => 'fc76b51dacfd59aa6cef652472ce51bhs1',
  'use_coupon' => 'N',
  'sign_type' => 'MD5',
  'sign' => '1029a2cc52bd5d017ead88dcc0c2328a',
  'query_type' => 'notify',
)

2018-08-06 17:46:56 pay-alipay :
------------
String:
array (
  'payment_type' => '1',
  'trade_no' => '2018050521001004230541071366',
  'subject' => '餐饮20180505135537765478',
  'buyer_email' => 'han***@msn.com',
  'gmt_create' => '2018-05-05 17:46:20',
  'notify_type' => 'trade_status_sync',
  'quantity' => '1',
  'out_trade_no' => '2018050517455600001224101874',
  'seller_id' => '2088621957819369',
  'notify_time' => '2018-08-06 17:46:55',
  'body' => '2',
  'trade_status' => 'TRADE_FINISHED',
  'is_total_fee_adjust' => 'N',
  'total_fee' => '1.00',
  'gmt_payment' => '2018-05-05 17:46:22',
  'seller_email' => 'jin703@outlook.com',
  'gmt_close' => '2018-08-06 17:46:55',
  'price' => '1.00',
  'buyer_id' => '2088002328471230',
  'notify_id' => 'f928eb0a5b461498fc86c18013bd66bhs1',
  'use_coupon' => 'N',
  'sign_type' => 'MD5',
  'sign' => 'aa84f08a6abbb94de0c0aeb7ad39c71d',
  'query_type' => 'notify',
)

2018-08-06 17:50:32 pay-alipay :
------------
String:
array (
  'payment_type' => '1',
  'trade_no' => '2018050521001004230541071366',
  'subject' => '餐饮20180505135537765478',
  'buyer_email' => 'han***@msn.com',
  'gmt_create' => '2018-05-05 17:46:20',
  'notify_type' => 'trade_status_sync',
  'quantity' => '1',
  'out_trade_no' => '2018050517455600001224101874',
  'seller_id' => '2088621957819369',
  'notify_time' => '2018-08-06 17:50:32',
  'body' => '2',
  'trade_status' => 'TRADE_FINISHED',
  'is_total_fee_adjust' => 'N',
  'total_fee' => '1.00',
  'gmt_payment' => '2018-05-05 17:46:22',
  'seller_email' => 'jin703@outlook.com',
  'gmt_close' => '2018-08-06 17:46:55',
  'price' => '1.00',
  'buyer_id' => '2088002328471230',
  'notify_id' => 'f928eb0a5b461498fc86c18013bd66bhs1',
  'use_coupon' => 'N',
  'sign_type' => 'MD5',
  'sign' => '7a04b0f952c1403ec32039123a328a8f',
  'query_type' => 'notify',
)

2018-08-06 17:54:55 pay-alipay :
------------
String:
array (
  'payment_type' => '1',
  'trade_no' => '2018050521001004230541142379',
  'subject' => '餐饮20180505140629077648',
  'buyer_email' => 'han***@msn.com',
  'gmt_create' => '2018-05-05 17:54:44',
  'notify_type' => 'trade_status_sync',
  'quantity' => '1',
  'out_trade_no' => '2018050517542500001282782268',
  'seller_id' => '2088621957819369',
  'notify_time' => '2018-08-06 17:54:55',
  'body' => '2',
  'trade_status' => 'TRADE_FINISHED',
  'is_total_fee_adjust' => 'N',
  'total_fee' => '0.10',
  'gmt_payment' => '2018-05-05 17:54:46',
  'seller_email' => 'jin703@outlook.com',
  'gmt_close' => '2018-08-06 17:54:55',
  'price' => '0.10',
  'buyer_id' => '2088002328471230',
  'notify_id' => 'eca8a3f286b3e5a27f054bf628861e1hs1',
  'use_coupon' => 'N',
  'sign_type' => 'MD5',
  'sign' => 'db8a11b56053b9ce899ed25b64b5a6c0',
  'query_type' => 'notify',
)

2018-08-06 17:58:03 pay-alipay :
------------
String:
array (
  'payment_type' => '1',
  'trade_no' => '2018050521001004230541142379',
  'subject' => '餐饮20180505140629077648',
  'buyer_email' => 'han***@msn.com',
  'gmt_create' => '2018-05-05 17:54:44',
  'notify_type' => 'trade_status_sync',
  'quantity' => '1',
  'out_trade_no' => '2018050517542500001282782268',
  'seller_id' => '2088621957819369',
  'notify_time' => '2018-08-06 17:58:03',
  'body' => '2',
  'trade_status' => 'TRADE_FINISHED',
  'is_total_fee_adjust' => 'N',
  'total_fee' => '0.10',
  'gmt_payment' => '2018-05-05 17:54:46',
  'seller_email' => 'jin703@outlook.com',
  'gmt_close' => '2018-08-06 17:54:55',
  'price' => '0.10',
  'buyer_id' => '2088002328471230',
  'notify_id' => 'eca8a3f286b3e5a27f054bf628861e1hs1',
  'use_coupon' => 'N',
  'sign_type' => 'MD5',
  'sign' => '3ddded8e3def66f46a4ee2732ce4c59a',
  'query_type' => 'notify',
)

2018-08-06 18:00:24 pay-alipay :
------------
String:
array (
  'payment_type' => '1',
  'trade_no' => '2018050521001004230541071366',
  'subject' => '餐饮20180505135537765478',
  'buyer_email' => 'han***@msn.com',
  'gmt_create' => '2018-05-05 17:46:20',
  'notify_type' => 'trade_status_sync',
  'quantity' => '1',
  'out_trade_no' => '2018050517455600001224101874',
  'seller_id' => '2088621957819369',
  'notify_time' => '2018-08-06 18:00:23',
  'body' => '2',
  'trade_status' => 'TRADE_FINISHED',
  'is_total_fee_adjust' => 'N',
  'total_fee' => '1.00',
  'gmt_payment' => '2018-05-05 17:46:22',
  'seller_email' => 'jin703@outlook.com',
  'gmt_close' => '2018-08-06 17:46:55',
  'price' => '1.00',
  'buyer_id' => '2088002328471230',
  'notify_id' => 'f928eb0a5b461498fc86c18013bd66bhs1',
  'use_coupon' => 'N',
  'sign_type' => 'MD5',
  'sign' => '041fea93d6d7b6e6a2a1e4a9aad7a11e',
  'query_type' => 'notify',
)

2018-08-06 18:08:19 pay-alipay :
------------
String:
array (
  'payment_type' => '1',
  'trade_no' => '2018050521001004230541142379',
  'subject' => '餐饮20180505140629077648',
  'buyer_email' => 'han***@msn.com',
  'gmt_create' => '2018-05-05 17:54:44',
  'notify_type' => 'trade_status_sync',
  'quantity' => '1',
  'out_trade_no' => '2018050517542500001282782268',
  'seller_id' => '2088621957819369',
  'notify_time' => '2018-08-06 18:08:18',
  'body' => '2',
  'trade_status' => 'TRADE_FINISHED',
  'is_total_fee_adjust' => 'N',
  'total_fee' => '0.10',
  'gmt_payment' => '2018-05-05 17:54:46',
  'seller_email' => 'jin703@outlook.com',
  'gmt_close' => '2018-08-06 17:54:55',
  'price' => '0.10',
  'buyer_id' => '2088002328471230',
  'notify_id' => 'eca8a3f286b3e5a27f054bf628861e1hs1',
  'use_coupon' => 'N',
  'sign_type' => 'MD5',
  'sign' => 'cc1d8afaffca6943b2fa268d63671f54',
  'query_type' => 'notify',
)

2018-08-06 18:10:25 pay-alipay :
------------
String:
array (
  'payment_type' => '1',
  'trade_no' => '2018050521001004230541071366',
  'subject' => '餐饮20180505135537765478',
  'buyer_email' => 'han***@msn.com',
  'gmt_create' => '2018-05-05 17:46:20',
  'notify_type' => 'trade_status_sync',
  'quantity' => '1',
  'out_trade_no' => '2018050517455600001224101874',
  'seller_id' => '2088621957819369',
  'notify_time' => '2018-08-06 18:10:23',
  'body' => '2',
  'trade_status' => 'TRADE_FINISHED',
  'is_total_fee_adjust' => 'N',
  'total_fee' => '1.00',
  'gmt_payment' => '2018-05-05 17:46:22',
  'seller_email' => 'jin703@outlook.com',
  'gmt_close' => '2018-08-06 17:46:55',
  'price' => '1.00',
  'buyer_id' => '2088002328471230',
  'notify_id' => 'f928eb0a5b461498fc86c18013bd66bhs1',
  'use_coupon' => 'N',
  'sign_type' => 'MD5',
  'sign' => '50fc5dc057db9a20fb8b61b893b4f23f',
  'query_type' => 'notify',
)

2018-08-06 18:18:14 pay-alipay :
------------
String:
array (
  'payment_type' => '1',
  'trade_no' => '2018050521001004230541142379',
  'subject' => '餐饮20180505140629077648',
  'buyer_email' => 'han***@msn.com',
  'gmt_create' => '2018-05-05 17:54:44',
  'notify_type' => 'trade_status_sync',
  'quantity' => '1',
  'out_trade_no' => '2018050517542500001282782268',
  'seller_id' => '2088621957819369',
  'notify_time' => '2018-08-06 18:18:13',
  'body' => '2',
  'trade_status' => 'TRADE_FINISHED',
  'is_total_fee_adjust' => 'N',
  'total_fee' => '0.10',
  'gmt_payment' => '2018-05-05 17:54:46',
  'seller_email' => 'jin703@outlook.com',
  'gmt_close' => '2018-08-06 17:54:55',
  'price' => '0.10',
  'buyer_id' => '2088002328471230',
  'notify_id' => 'eca8a3f286b3e5a27f054bf628861e1hs1',
  'use_coupon' => 'N',
  'sign_type' => 'MD5',
  'sign' => '4ad6bce8c7b8a15f86fcff008a3d8068',
  'query_type' => 'notify',
)

2018-08-06 18:19:41 pay-alipay :
------------
String:
array (
  'payment_type' => '1',
  'trade_no' => '2018050521001004230539515440',
  'subject' => '餐饮20180505033075605790',
  'buyer_email' => 'han***@msn.com',
  'gmt_create' => '2018-05-05 14:55:37',
  'notify_type' => 'trade_status_sync',
  'quantity' => '1',
  'out_trade_no' => '2018050514551100001290562442',
  'seller_id' => '2088621957819369',
  'notify_time' => '2018-08-06 18:19:40',
  'body' => '2',
  'trade_status' => 'TRADE_FINISHED',
  'is_total_fee_adjust' => 'N',
  'total_fee' => '2.00',
  'gmt_payment' => '2018-05-05 14:55:39',
  'seller_email' => 'jin703@outlook.com',
  'gmt_close' => '2018-08-06 14:55:55',
  'price' => '2.00',
  'buyer_id' => '2088002328471230',
  'notify_id' => '0d86c24422035ac7a48d9f3b0fff2cchs1',
  'use_coupon' => 'N',
  'sign_type' => 'MD5',
  'sign' => '66887f2271c8785e5a7628ab7ae0d7bd',
  'query_type' => 'notify',
)

2018-08-06 18:28:07 pay-alipay :
------------
String:
array (
  'payment_type' => '1',
  'trade_no' => '2018050521001004230538973065',
  'subject' => '餐饮20180505038458631054',
  'buyer_email' => 'han***@msn.com',
  'gmt_create' => '2018-05-05 15:04:28',
  'notify_type' => 'trade_status_sync',
  'quantity' => '1',
  'out_trade_no' => '2018050515040800001246426734',
  'seller_id' => '2088621957819369',
  'notify_time' => '2018-08-06 18:28:06',
  'body' => '2',
  'trade_status' => 'TRADE_FINISHED',
  'is_total_fee_adjust' => 'N',
  'total_fee' => '1.00',
  'gmt_payment' => '2018-05-05 15:04:29',
  'seller_email' => 'jin703@outlook.com',
  'gmt_close' => '2018-08-06 15:04:54',
  'price' => '1.00',
  'buyer_id' => '2088002328471230',
  'notify_id' => 'b9c5eaa5e633bacf57d8a5e0d484f1chs1',
  'use_coupon' => 'N',
  'sign_type' => 'MD5',
  'sign' => '62cf9b434216fd3e6da85cd95cbaa3a5',
  'query_type' => 'notify',
)

2018-08-06 18:49:07 pay-alipay :
------------
String:
array (
  'payment_type' => '1',
  'trade_no' => '2018050521001004230539474192',
  'subject' => '餐饮20180505050927023936',
  'buyer_email' => 'han***@msn.com',
  'gmt_create' => '2018-05-05 15:25:27',
  'notify_type' => 'trade_status_sync',
  'quantity' => '1',
  'out_trade_no' => '2018050515245500001228426292',
  'seller_id' => '2088621957819369',
  'notify_time' => '2018-08-06 18:49:06',
  'body' => '2',
  'trade_status' => 'TRADE_FINISHED',
  'is_total_fee_adjust' => 'N',
  'total_fee' => '2.00',
  'gmt_payment' => '2018-05-05 15:25:29',
  'seller_email' => 'jin703@outlook.com',
  'gmt_close' => '2018-08-06 15:25:55',
  'price' => '2.00',
  'buyer_id' => '2088002328471230',
  'notify_id' => '431a4b18e70f669244ba9ba31166e3fhs1',
  'use_coupon' => 'N',
  'sign_type' => 'MD5',
  'sign' => '7ebe92d78b8f224179ea2ca0f8cd5ebc',
  'query_type' => 'notify',
)

2018-08-06 19:07:14 pay-alipay :
------------
String:
array (
  'payment_type' => '1',
  'trade_no' => '2018050521001004230539516849',
  'subject' => '餐饮20180505061564362029',
  'buyer_email' => 'han***@msn.com',
  'gmt_create' => '2018-05-05 15:43:03',
  'notify_type' => 'trade_status_sync',
  'quantity' => '1',
  'out_trade_no' => '2018050515423900001254684438',
  'seller_id' => '2088621957819369',
  'notify_time' => '2018-08-06 19:07:14',
  'body' => '2',
  'trade_status' => 'TRADE_FINISHED',
  'is_total_fee_adjust' => 'N',
  'total_fee' => '2.00',
  'gmt_payment' => '2018-05-05 15:43:04',
  'seller_email' => 'jin703@outlook.com',
  'gmt_close' => '2018-08-06 15:43:54',
  'price' => '2.00',
  'buyer_id' => '2088002328471230',
  'notify_id' => 'fc76b51dacfd59aa6cef652472ce51bhs1',
  'use_coupon' => 'N',
  'sign_type' => 'MD5',
  'sign' => 'f13d31634959fb538a780c3048dc4895',
  'query_type' => 'notify',
)

2018-08-06 19:10:48 pay-alipay :
------------
String:
array (
  'payment_type' => '1',
  'trade_no' => '2018050521001004230541071366',
  'subject' => '餐饮20180505135537765478',
  'buyer_email' => 'han***@msn.com',
  'gmt_create' => '2018-05-05 17:46:20',
  'notify_type' => 'trade_status_sync',
  'quantity' => '1',
  'out_trade_no' => '2018050517455600001224101874',
  'seller_id' => '2088621957819369',
  'notify_time' => '2018-08-06 19:10:48',
  'body' => '2',
  'trade_status' => 'TRADE_FINISHED',
  'is_total_fee_adjust' => 'N',
  'total_fee' => '1.00',
  'gmt_payment' => '2018-05-05 17:46:22',
  'seller_email' => 'jin703@outlook.com',
  'gmt_close' => '2018-08-06 17:46:55',
  'price' => '1.00',
  'buyer_id' => '2088002328471230',
  'notify_id' => 'f928eb0a5b461498fc86c18013bd66bhs1',
  'use_coupon' => 'N',
  'sign_type' => 'MD5',
  'sign' => 'fdff395811b59a8c32e8af16801b661a',
  'query_type' => 'notify',
)

2018-08-06 19:18:28 pay-alipay :
------------
String:
array (
  'payment_type' => '1',
  'trade_no' => '2018050521001004230541142379',
  'subject' => '餐饮20180505140629077648',
  'buyer_email' => 'han***@msn.com',
  'gmt_create' => '2018-05-05 17:54:44',
  'notify_type' => 'trade_status_sync',
  'quantity' => '1',
  'out_trade_no' => '2018050517542500001282782268',
  'seller_id' => '2088621957819369',
  'notify_time' => '2018-08-06 19:18:28',
  'body' => '2',
  'trade_status' => 'TRADE_FINISHED',
  'is_total_fee_adjust' => 'N',
  'total_fee' => '0.10',
  'gmt_payment' => '2018-05-05 17:54:46',
  'seller_email' => 'jin703@outlook.com',
  'gmt_close' => '2018-08-06 17:54:55',
  'price' => '0.10',
  'buyer_id' => '2088002328471230',
  'notify_id' => 'eca8a3f286b3e5a27f054bf628861e1hs1',
  'use_coupon' => 'N',
  'sign_type' => 'MD5',
  'sign' => '11f06bb25d326c546f51b615b5620f85',
  'query_type' => 'notify',
)

2018-08-06 21:06:16 pay-alipay :
------------
String:
array (
  'payment_type' => '1',
  'trade_no' => '2018050421001004230537879610',
  'subject' => '餐饮20180504375948047431',
  'buyer_email' => 'han***@msn.com',
  'gmt_create' => '2018-05-04 20:42:15',
  'notify_type' => 'trade_status_sync',
  'quantity' => '1',
  'out_trade_no' => '2018050420395900001208677680',
  'seller_id' => '2088621957819369',
  'notify_time' => '2018-08-06 21:06:15',
  'body' => '2',
  'trade_status' => 'TRADE_FINISHED',
  'is_total_fee_adjust' => 'N',
  'total_fee' => '1.00',
  'gmt_payment' => '2018-05-04 20:42:17',
  'seller_email' => 'jin703@outlook.com',
  'gmt_close' => '2018-08-05 20:42:55',
  'price' => '1.00',
  'buyer_id' => '2088002328471230',
  'notify_id' => '8894cf48f260bc7caa5ca6496108534hs1',
  'use_coupon' => 'N',
  'sign_type' => 'MD5',
  'sign' => '9823909d2633d8cf90d79f993340a383',
  'query_type' => 'notify',
)

2018-08-06 21:06:43 pay-alipay :
------------
String:
array (
  'payment_type' => '1',
  'trade_no' => '2018050521001004230538389603',
  'subject' => '餐饮20180505916566513668',
  'buyer_email' => 'han***@msn.com',
  'gmt_create' => '2018-05-05 11:41:57',
  'notify_type' => 'trade_status_sync',
  'quantity' => '1',
  'out_trade_no' => '2018050511405900001288820613',
  'seller_id' => '2088621957819369',
  'notify_time' => '2018-08-06 21:06:42',
  'body' => '2',
  'trade_status' => 'TRADE_FINISHED',
  'is_total_fee_adjust' => 'N',
  'total_fee' => '1.00',
  'gmt_payment' => '2018-05-05 11:41:58',
  'seller_email' => 'jin703@outlook.com',
  'gmt_close' => '2018-08-06 11:42:54',
  'price' => '1.00',
  'buyer_id' => '2088002328471230',
  'notify_id' => 'c7a0f69bd66112a72720cf7b0facf99hs1',
  'use_coupon' => 'N',
  'sign_type' => 'MD5',
  'sign' => 'fac6361f7f186bedccbd91c925e4b3b2',
  'query_type' => 'notify',
)

2018-08-06 21:10:16 pay-alipay :
------------
String:
array (
  'payment_type' => '1',
  'trade_no' => '2018050521001004230541071366',
  'subject' => '餐饮20180505135537765478',
  'buyer_email' => 'han***@msn.com',
  'gmt_create' => '2018-05-05 17:46:20',
  'notify_type' => 'trade_status_sync',
  'quantity' => '1',
  'out_trade_no' => '2018050517455600001224101874',
  'seller_id' => '2088621957819369',
  'notify_time' => '2018-08-06 21:10:15',
  'body' => '2',
  'trade_status' => 'TRADE_FINISHED',
  'is_total_fee_adjust' => 'N',
  'total_fee' => '1.00',
  'gmt_payment' => '2018-05-05 17:46:22',
  'seller_email' => 'jin703@outlook.com',
  'gmt_close' => '2018-08-06 17:46:55',
  'price' => '1.00',
  'buyer_id' => '2088002328471230',
  'notify_id' => 'f928eb0a5b461498fc86c18013bd66bhs1',
  'use_coupon' => 'N',
  'sign_type' => 'MD5',
  'sign' => 'cc2ffb4ee1a3959d010b17984cd0bd5a',
  'query_type' => 'notify',
)

2018-08-06 21:18:51 pay-alipay :
------------
String:
array (
  'payment_type' => '1',
  'trade_no' => '2018050521001004230541142379',
  'subject' => '餐饮20180505140629077648',
  'buyer_email' => 'han***@msn.com',
  'gmt_create' => '2018-05-05 17:54:44',
  'notify_type' => 'trade_status_sync',
  'quantity' => '1',
  'out_trade_no' => '2018050517542500001282782268',
  'seller_id' => '2088621957819369',
  'notify_time' => '2018-08-06 21:18:50',
  'body' => '2',
  'trade_status' => 'TRADE_FINISHED',
  'is_total_fee_adjust' => 'N',
  'total_fee' => '0.10',
  'gmt_payment' => '2018-05-05 17:54:46',
  'seller_email' => 'jin703@outlook.com',
  'gmt_close' => '2018-08-06 17:54:55',
  'price' => '0.10',
  'buyer_id' => '2088002328471230',
  'notify_id' => 'eca8a3f286b3e5a27f054bf628861e1hs1',
  'use_coupon' => 'N',
  'sign_type' => 'MD5',
  'sign' => '15dd58d2ec4c6b9daf2d97da38e8455b',
  'query_type' => 'notify',
)

2018-08-06 22:33:55 pay-alipay :
------------
String:
array (
  'payment_type' => '1',
  'trade_no' => '2018050521001004230541794019',
  'subject' => '餐饮20180505301561392839',
  'buyer_email' => 'han***@msn.com',
  'gmt_create' => '2018-05-05 22:33:17',
  'notify_type' => 'trade_status_sync',
  'quantity' => '1',
  'out_trade_no' => '2018050522223900001258872028',
  'seller_id' => '2088621957819369',
  'notify_time' => '2018-08-06 22:33:55',
  'body' => '2',
  'trade_status' => 'TRADE_FINISHED',
  'is_total_fee_adjust' => 'N',
  'total_fee' => '0.20',
  'gmt_payment' => '2018-05-05 22:33:18',
  'seller_email' => 'jin703@outlook.com',
  'gmt_close' => '2018-08-06 22:33:55',
  'price' => '0.20',
  'buyer_id' => '2088002328471230',
  'notify_id' => '05b5b0585e26b865b860978bf31460chs1',
  'use_coupon' => 'N',
  'sign_type' => 'MD5',
  'sign' => '72b3995a8a2057fede6a6b43cf5d4dcb',
  'query_type' => 'notify',
)

2018-08-06 22:37:35 pay-alipay :
------------
String:
array (
  'payment_type' => '1',
  'trade_no' => '2018050521001004230541794019',
  'subject' => '餐饮20180505301561392839',
  'buyer_email' => 'han***@msn.com',
  'gmt_create' => '2018-05-05 22:33:17',
  'notify_type' => 'trade_status_sync',
  'quantity' => '1',
  'out_trade_no' => '2018050522223900001258872028',
  'seller_id' => '2088621957819369',
  'notify_time' => '2018-08-06 22:37:34',
  'body' => '2',
  'trade_status' => 'TRADE_FINISHED',
  'is_total_fee_adjust' => 'N',
  'total_fee' => '0.20',
  'gmt_payment' => '2018-05-05 22:33:18',
  'seller_email' => 'jin703@outlook.com',
  'gmt_close' => '2018-08-06 22:33:55',
  'price' => '0.20',
  'buyer_id' => '2088002328471230',
  'notify_id' => '05b5b0585e26b865b860978bf31460chs1',
  'use_coupon' => 'N',
  'sign_type' => 'MD5',
  'sign' => 'e3746b5f20417fecf1ce1094441520fa',
  'query_type' => 'notify',
)

2018-08-06 22:47:45 pay-alipay :
------------
String:
array (
  'payment_type' => '1',
  'trade_no' => '2018050521001004230541794019',
  'subject' => '餐饮20180505301561392839',
  'buyer_email' => 'han***@msn.com',
  'gmt_create' => '2018-05-05 22:33:17',
  'notify_type' => 'trade_status_sync',
  'quantity' => '1',
  'out_trade_no' => '2018050522223900001258872028',
  'seller_id' => '2088621957819369',
  'notify_time' => '2018-08-06 22:47:44',
  'body' => '2',
  'trade_status' => 'TRADE_FINISHED',
  'is_total_fee_adjust' => 'N',
  'total_fee' => '0.20',
  'gmt_payment' => '2018-05-05 22:33:18',
  'seller_email' => 'jin703@outlook.com',
  'gmt_close' => '2018-08-06 22:33:55',
  'price' => '0.20',
  'buyer_id' => '2088002328471230',
  'notify_id' => '05b5b0585e26b865b860978bf31460chs1',
  'use_coupon' => 'N',
  'sign_type' => 'MD5',
  'sign' => 'b00b6a4f3b2c091bd1d0dec029cbc090',
  'query_type' => 'notify',
)

2018-08-06 22:51:28 pay-alipay :
------------
String:
array (
  'payment_type' => '1',
  'trade_no' => '2018050421001004230538313028',
  'subject' => '餐饮20180504439918315194',
  'buyer_email' => 'han***@msn.com',
  'gmt_create' => '2018-05-04 22:27:08',
  'notify_type' => 'trade_status_sync',
  'quantity' => '1',
  'out_trade_no' => '2018050422263700001203419762',
  'seller_id' => '2088621957819369',
  'notify_time' => '2018-08-06 22:51:27',
  'body' => '2',
  'trade_status' => 'TRADE_FINISHED',
  'is_total_fee_adjust' => 'N',
  'total_fee' => '2.00',
  'gmt_payment' => '2018-05-04 22:27:09',
  'seller_email' => 'jin703@outlook.com',
  'gmt_close' => '2018-08-05 22:27:54',
  'price' => '2.00',
  'buyer_id' => '2088002328471230',
  'notify_id' => 'c21e780ea6fa1a8c6eb7a6dac2e460ahs1',
  'use_coupon' => 'N',
  'sign_type' => 'MD5',
  'sign' => '21750602b54c0d87e4b0172a13f66f9a',
  'query_type' => 'notify',
)

2018-08-06 22:57:30 pay-alipay :
------------
String:
array (
  'payment_type' => '1',
  'trade_no' => '2018050521001004230541794019',
  'subject' => '餐饮20180505301561392839',
  'buyer_email' => 'han***@msn.com',
  'gmt_create' => '2018-05-05 22:33:17',
  'notify_type' => 'trade_status_sync',
  'quantity' => '1',
  'out_trade_no' => '2018050522223900001258872028',
  'seller_id' => '2088621957819369',
  'notify_time' => '2018-08-06 22:57:30',
  'body' => '2',
  'trade_status' => 'TRADE_FINISHED',
  'is_total_fee_adjust' => 'N',
  'total_fee' => '0.20',
  'gmt_payment' => '2018-05-05 22:33:18',
  'seller_email' => 'jin703@outlook.com',
  'gmt_close' => '2018-08-06 22:33:55',
  'price' => '0.20',
  'buyer_id' => '2088002328471230',
  'notify_id' => '05b5b0585e26b865b860978bf31460chs1',
  'use_coupon' => 'N',
  'sign_type' => 'MD5',
  'sign' => 'eecab02fee36cf57e034d74ff97ddff2',
  'query_type' => 'notify',
)

2018-08-06 23:57:26 pay-alipay :
------------
String:
array (
  'payment_type' => '1',
  'trade_no' => '2018050521001004230541794019',
  'subject' => '餐饮20180505301561392839',
  'buyer_email' => 'han***@msn.com',
  'gmt_create' => '2018-05-05 22:33:17',
  'notify_type' => 'trade_status_sync',
  'quantity' => '1',
  'out_trade_no' => '2018050522223900001258872028',
  'seller_id' => '2088621957819369',
  'notify_time' => '2018-08-06 23:57:25',
  'body' => '2',
  'trade_status' => 'TRADE_FINISHED',
  'is_total_fee_adjust' => 'N',
  'total_fee' => '0.20',
  'gmt_payment' => '2018-05-05 22:33:18',
  'seller_email' => 'jin703@outlook.com',
  'gmt_close' => '2018-08-06 22:33:55',
  'price' => '0.20',
  'buyer_id' => '2088002328471230',
  'notify_id' => '05b5b0585e26b865b860978bf31460chs1',
  'use_coupon' => 'N',
  'sign_type' => 'MD5',
  'sign' => '550f02871077b502656f635e7071573c',
  'query_type' => 'notify',
)

