2018-07-16 13:40:24 pay-alipay :
------------
String:
array (
  'payment_type' => '1',
  'trade_no' => '2018071521001004230537104450',
  'subject' => '餐饮20180715317088769231',
  'buyer_email' => 'han***@msn.com',
  'gmt_create' => '2018-07-15 13:16:13',
  'notify_type' => 'trade_status_sync',
  'quantity' => '1',
  'out_trade_no' => '2018071513151600001298638796',
  'seller_id' => '2088621957819369',
  'notify_time' => '2018-07-16 13:40:24',
  'body' => '2',
  'trade_status' => 'TRADE_SUCCESS',
  'is_total_fee_adjust' => 'N',
  'total_fee' => '0.10',
  'gmt_payment' => '2018-07-15 13:16:14',
  'seller_email' => 'jin703@outlook.com',
  'price' => '0.10',
  'buyer_id' => '2088002328471230',
  'notify_id' => '86634dee142d14bf8dada70a34e7dc9hs1',
  'use_coupon' => 'N',
  'sign_type' => 'MD5',
  'sign' => '0a24a95e622aa0d482592c3d9893392c',
  'query_type' => 'notify',
)

