2018-02-17 00:10:40 pay :
------------
String:
array (
  'appid' => 'wx6e79d28ccc2a8c05',
  'attach' => '2',
  'bank_type' => 'CFT',
  'cash_fee' => '100',
  'fee_type' => 'CNY',
  'is_subscribe' => 'Y',
  'mch_id' => '1490957872',
  'nonce_str' => 'uh6O74d5',
  'openid' => 'o01Wu01-zSLzut3cB22KEbJ3JxzY',
  'out_trade_no' => '2018021623061700001228146594',
  'result_code' => 'SUCCESS',
  'return_code' => 'SUCCESS',
  'sign' => 'FB492EBD692DDA5FE2023F61F3432381',
  'time_end' => '20180216230948',
  'total_fee' => '100',
  'trade_type' => 'JSAPI',
  'transaction_id' => '4200000071201802163748740408',
)

2018-02-17 00:40:41 pay :
------------
String:
array (
  'appid' => 'wx6e79d28ccc2a8c05',
  'attach' => '2',
  'bank_type' => 'CFT',
  'cash_fee' => '100',
  'fee_type' => 'CNY',
  'is_subscribe' => 'Y',
  'mch_id' => '1490957872',
  'nonce_str' => 'uh6O74d5',
  'openid' => 'o01Wu01-zSLzut3cB22KEbJ3JxzY',
  'out_trade_no' => '2018021623061700001228146594',
  'result_code' => 'SUCCESS',
  'return_code' => 'SUCCESS',
  'sign' => 'FB492EBD692DDA5FE2023F61F3432381',
  'time_end' => '20180216230948',
  'total_fee' => '100',
  'trade_type' => 'JSAPI',
  'transaction_id' => '4200000071201802163748740408',
)

2018-02-17 01:10:45 pay :
------------
String:
array (
  'appid' => 'wx6e79d28ccc2a8c05',
  'attach' => '2',
  'bank_type' => 'CFT',
  'cash_fee' => '100',
  'fee_type' => 'CNY',
  'is_subscribe' => 'Y',
  'mch_id' => '1490957872',
  'nonce_str' => 'uh6O74d5',
  'openid' => 'o01Wu01-zSLzut3cB22KEbJ3JxzY',
  'out_trade_no' => '2018021623061700001228146594',
  'result_code' => 'SUCCESS',
  'return_code' => 'SUCCESS',
  'sign' => 'FB492EBD692DDA5FE2023F61F3432381',
  'time_end' => '20180216230948',
  'total_fee' => '100',
  'trade_type' => 'JSAPI',
  'transaction_id' => '4200000071201802163748740408',
)

2018-02-17 02:10:46 pay :
------------
String:
array (
  'appid' => 'wx6e79d28ccc2a8c05',
  'attach' => '2',
  'bank_type' => 'CFT',
  'cash_fee' => '100',
  'fee_type' => 'CNY',
  'is_subscribe' => 'Y',
  'mch_id' => '1490957872',
  'nonce_str' => 'uh6O74d5',
  'openid' => 'o01Wu01-zSLzut3cB22KEbJ3JxzY',
  'out_trade_no' => '2018021623061700001228146594',
  'result_code' => 'SUCCESS',
  'return_code' => 'SUCCESS',
  'sign' => 'FB492EBD692DDA5FE2023F61F3432381',
  'time_end' => '20180216230948',
  'total_fee' => '100',
  'trade_type' => 'JSAPI',
  'transaction_id' => '4200000071201802163748740408',
)

2018-02-17 18:38:01 trace :
------------
String:
<xml><ToUserName><![CDATA[gh_7bcd94754b84]]></ToUserName>
<FromUserName><![CDATA[o01Wu01-zSLzut3cB22KEbJ3JxzY]]></FromUserName>
<CreateTime>1518864079</CreateTime>
<MsgType><![CDATA[event]]></MsgType>
<Event><![CDATA[VIEW]]></Event>
<EventKey><![CDATA[http://ordernow.oneap.net/app/index.php?i=2&c=entry&eid=5]]></EventKey>
<MenuId>830669761</MenuId>
</xml>

2018-02-17 18:38:01 params :
------------
String:
array (
  'rule' => -2,
  'module' => '',
  'message' => 
  array (
    'tousername' => 'gh_7bcd94754b84',
    'fromusername' => 'o01Wu01-zSLzut3cB22KEbJ3JxzY',
    'createtime' => '1518864079',
    'msgtype' => 'event',
    'event' => 'VIEW',
    'eventkey' => 'http://ordernow.oneap.net/app/index.php?i=2&c=entry&eid=5',
    'menuid' => '830669761',
    'from' => 'o01Wu01-zSLzut3cB22KEbJ3JxzY',
    'to' => 'gh_7bcd94754b84',
    'time' => '1518864079',
    'type' => 'text',
    'content' => 'http://ordernow.oneap.net/app/index.php?i=2&c=entry&eid=5',
    'redirection' => true,
    'source' => 'VIEW',
  ),
)

2018-02-17 18:38:01 response :
------------

2018-02-17 18:38:42 trace :
------------
String:
<xml><ToUserName><![CDATA[gh_7bcd94754b84]]></ToUserName>
<FromUserName><![CDATA[o01Wu01-zSLzut3cB22KEbJ3JxzY]]></FromUserName>
<CreateTime>1518864120</CreateTime>
<MsgType><![CDATA[event]]></MsgType>
<Event><![CDATA[VIEW]]></Event>
<EventKey><![CDATA[http://ordernow.oneap.net/app/index.php?i=2&c=entry&eid=5]]></EventKey>
<MenuId>830669761</MenuId>
</xml>

2018-02-17 18:38:42 params :
------------
String:
array (
  'rule' => -2,
  'module' => '',
  'message' => 
  array (
    'tousername' => 'gh_7bcd94754b84',
    'fromusername' => 'o01Wu01-zSLzut3cB22KEbJ3JxzY',
    'createtime' => '1518864120',
    'msgtype' => 'event',
    'event' => 'VIEW',
    'eventkey' => 'http://ordernow.oneap.net/app/index.php?i=2&c=entry&eid=5',
    'menuid' => '830669761',
    'from' => 'o01Wu01-zSLzut3cB22KEbJ3JxzY',
    'to' => 'gh_7bcd94754b84',
    'time' => '1518864120',
    'type' => 'text',
    'content' => 'http://ordernow.oneap.net/app/index.php?i=2&c=entry&eid=5',
    'redirection' => true,
    'source' => 'VIEW',
  ),
)

2018-02-17 18:38:42 response :
------------

2018-02-17 18:42:54 trace :
------------
String:
<xml><ToUserName><![CDATA[gh_7bcd94754b84]]></ToUserName>
<FromUserName><![CDATA[o01Wu01-zSLzut3cB22KEbJ3JxzY]]></FromUserName>
<CreateTime>1518864372</CreateTime>
<MsgType><![CDATA[event]]></MsgType>
<Event><![CDATA[VIEW]]></Event>
<EventKey><![CDATA[http://ordernow.oneap.net/app/index.php?i=2&c=entry&eid=5]]></EventKey>
<MenuId>830669761</MenuId>
</xml>

2018-02-17 18:42:54 params :
------------
String:
array (
  'rule' => -2,
  'module' => '',
  'message' => 
  array (
    'tousername' => 'gh_7bcd94754b84',
    'fromusername' => 'o01Wu01-zSLzut3cB22KEbJ3JxzY',
    'createtime' => '1518864372',
    'msgtype' => 'event',
    'event' => 'VIEW',
    'eventkey' => 'http://ordernow.oneap.net/app/index.php?i=2&c=entry&eid=5',
    'menuid' => '830669761',
    'from' => 'o01Wu01-zSLzut3cB22KEbJ3JxzY',
    'to' => 'gh_7bcd94754b84',
    'time' => '1518864372',
    'type' => 'text',
    'content' => 'http://ordernow.oneap.net/app/index.php?i=2&c=entry&eid=5',
    'redirection' => true,
    'source' => 'VIEW',
  ),
)

2018-02-17 18:42:54 response :
------------

2018-02-17 18:43:44 pay :
------------
String:
array (
  'appid' => 'wx6e79d28ccc2a8c05',
  'attach' => '2',
  'bank_type' => 'CFT',
  'cash_fee' => '100',
  'fee_type' => 'CNY',
  'is_subscribe' => 'Y',
  'mch_id' => '1490957872',
  'nonce_str' => 'T5SN4Cqo',
  'openid' => 'o01Wu01-zSLzut3cB22KEbJ3JxzY',
  'out_trade_no' => '2018021718433000001224037577',
  'result_code' => 'SUCCESS',
  'return_code' => 'SUCCESS',
  'sign' => '375A7475D5ECEC01095A13653D3FB1DC',
  'time_end' => '20180217184702',
  'total_fee' => '100',
  'trade_type' => 'JSAPI',
  'transaction_id' => '4200000071201802174073103862',
)

2018-02-17 18:43:45 trace :
------------
String:
<xml><ToUserName><![CDATA[gh_7bcd94754b84]]></ToUserName>
<FromUserName><![CDATA[o01Wu01-zSLzut3cB22KEbJ3JxzY]]></FromUserName>
<CreateTime>1518864423</CreateTime>
<MsgType><![CDATA[event]]></MsgType>
<Event><![CDATA[TEMPLATESENDJOBFINISH]]></Event>
<MsgID>155560899472637952</MsgID>
<Status><![CDATA[success]]></Status>
</xml>

2018-02-17 18:43:45 params :
------------
String:
array (
  'rule' => -2,
  'module' => '',
  'message' => 
  array (
    'tousername' => 'gh_7bcd94754b84',
    'fromusername' => 'o01Wu01-zSLzut3cB22KEbJ3JxzY',
    'createtime' => '1518864423',
    'msgtype' => 'event',
    'event' => 'TEMPLATESENDJOBFINISH',
    'msgid' => '155560899472637952',
    'status' => 'success',
    'from' => 'o01Wu01-zSLzut3cB22KEbJ3JxzY',
    'to' => 'gh_7bcd94754b84',
    'time' => '1518864423',
    'type' => 'event',
  ),
)

2018-02-17 18:43:45 response :
------------

2018-02-17 18:43:46 trace :
------------
String:
<xml><ToUserName><![CDATA[gh_7bcd94754b84]]></ToUserName>
<FromUserName><![CDATA[o01Wu09x8WFY1ZBV-HAf-R-a3ytI]]></FromUserName>
<CreateTime>1518864424</CreateTime>
<MsgType><![CDATA[event]]></MsgType>
<Event><![CDATA[TEMPLATESENDJOBFINISH]]></Event>
<MsgID>155560919252992000</MsgID>
<Status><![CDATA[success]]></Status>
</xml>

2018-02-17 18:43:46 params :
------------
String:
array (
  'rule' => -2,
  'module' => '',
  'message' => 
  array (
    'tousername' => 'gh_7bcd94754b84',
    'fromusername' => 'o01Wu09x8WFY1ZBV-HAf-R-a3ytI',
    'createtime' => '1518864424',
    'msgtype' => 'event',
    'event' => 'TEMPLATESENDJOBFINISH',
    'msgid' => '155560919252992000',
    'status' => 'success',
    'from' => 'o01Wu09x8WFY1ZBV-HAf-R-a3ytI',
    'to' => 'gh_7bcd94754b84',
    'time' => '1518864424',
    'type' => 'event',
  ),
)

2018-02-17 18:43:46 response :
------------

2018-02-17 18:44:01 pay :
------------
String:
array (
  'appid' => 'wx6e79d28ccc2a8c05',
  'attach' => '2',
  'bank_type' => 'CFT',
  'cash_fee' => '100',
  'fee_type' => 'CNY',
  'is_subscribe' => 'Y',
  'mch_id' => '1490957872',
  'nonce_str' => 'T5SN4Cqo',
  'openid' => 'o01Wu01-zSLzut3cB22KEbJ3JxzY',
  'out_trade_no' => '2018021718433000001224037577',
  'result_code' => 'SUCCESS',
  'return_code' => 'SUCCESS',
  'sign' => '375A7475D5ECEC01095A13653D3FB1DC',
  'time_end' => '20180217184702',
  'total_fee' => '100',
  'trade_type' => 'JSAPI',
  'transaction_id' => '4200000071201802174073103862',
)

2018-02-17 18:44:19 pay :
------------
String:
array (
  'appid' => 'wx6e79d28ccc2a8c05',
  'attach' => '2',
  'bank_type' => 'CFT',
  'cash_fee' => '100',
  'fee_type' => 'CNY',
  'is_subscribe' => 'Y',
  'mch_id' => '1490957872',
  'nonce_str' => 'T5SN4Cqo',
  'openid' => 'o01Wu01-zSLzut3cB22KEbJ3JxzY',
  'out_trade_no' => '2018021718433000001224037577',
  'result_code' => 'SUCCESS',
  'return_code' => 'SUCCESS',
  'sign' => '375A7475D5ECEC01095A13653D3FB1DC',
  'time_end' => '20180217184702',
  'total_fee' => '100',
  'trade_type' => 'JSAPI',
  'transaction_id' => '4200000071201802174073103862',
)

2018-02-17 18:44:51 pay :
------------
String:
array (
  'appid' => 'wx6e79d28ccc2a8c05',
  'attach' => '2',
  'bank_type' => 'CFT',
  'cash_fee' => '100',
  'fee_type' => 'CNY',
  'is_subscribe' => 'Y',
  'mch_id' => '1490957872',
  'nonce_str' => 'T5SN4Cqo',
  'openid' => 'o01Wu01-zSLzut3cB22KEbJ3JxzY',
  'out_trade_no' => '2018021718433000001224037577',
  'result_code' => 'SUCCESS',
  'return_code' => 'SUCCESS',
  'sign' => '375A7475D5ECEC01095A13653D3FB1DC',
  'time_end' => '20180217184702',
  'total_fee' => '100',
  'trade_type' => 'JSAPI',
  'transaction_id' => '4200000071201802174073103862',
)

2018-02-17 18:47:52 pay :
------------
String:
array (
  'appid' => 'wx6e79d28ccc2a8c05',
  'attach' => '2',
  'bank_type' => 'CFT',
  'cash_fee' => '100',
  'fee_type' => 'CNY',
  'is_subscribe' => 'Y',
  'mch_id' => '1490957872',
  'nonce_str' => 'T5SN4Cqo',
  'openid' => 'o01Wu01-zSLzut3cB22KEbJ3JxzY',
  'out_trade_no' => '2018021718433000001224037577',
  'result_code' => 'SUCCESS',
  'return_code' => 'SUCCESS',
  'sign' => '375A7475D5ECEC01095A13653D3FB1DC',
  'time_end' => '20180217184702',
  'total_fee' => '100',
  'trade_type' => 'JSAPI',
  'transaction_id' => '4200000071201802174073103862',
)

2018-02-17 19:17:53 pay :
------------
String:
array (
  'appid' => 'wx6e79d28ccc2a8c05',
  'attach' => '2',
  'bank_type' => 'CFT',
  'cash_fee' => '100',
  'fee_type' => 'CNY',
  'is_subscribe' => 'Y',
  'mch_id' => '1490957872',
  'nonce_str' => 'T5SN4Cqo',
  'openid' => 'o01Wu01-zSLzut3cB22KEbJ3JxzY',
  'out_trade_no' => '2018021718433000001224037577',
  'result_code' => 'SUCCESS',
  'return_code' => 'SUCCESS',
  'sign' => '375A7475D5ECEC01095A13653D3FB1DC',
  'time_end' => '20180217184702',
  'total_fee' => '100',
  'trade_type' => 'JSAPI',
  'transaction_id' => '4200000071201802174073103862',
)

2018-02-17 19:47:54 pay :
------------
String:
array (
  'appid' => 'wx6e79d28ccc2a8c05',
  'attach' => '2',
  'bank_type' => 'CFT',
  'cash_fee' => '100',
  'fee_type' => 'CNY',
  'is_subscribe' => 'Y',
  'mch_id' => '1490957872',
  'nonce_str' => 'T5SN4Cqo',
  'openid' => 'o01Wu01-zSLzut3cB22KEbJ3JxzY',
  'out_trade_no' => '2018021718433000001224037577',
  'result_code' => 'SUCCESS',
  'return_code' => 'SUCCESS',
  'sign' => '375A7475D5ECEC01095A13653D3FB1DC',
  'time_end' => '20180217184702',
  'total_fee' => '100',
  'trade_type' => 'JSAPI',
  'transaction_id' => '4200000071201802174073103862',
)

2018-02-17 20:17:55 pay :
------------
String:
array (
  'appid' => 'wx6e79d28ccc2a8c05',
  'attach' => '2',
  'bank_type' => 'CFT',
  'cash_fee' => '100',
  'fee_type' => 'CNY',
  'is_subscribe' => 'Y',
  'mch_id' => '1490957872',
  'nonce_str' => 'T5SN4Cqo',
  'openid' => 'o01Wu01-zSLzut3cB22KEbJ3JxzY',
  'out_trade_no' => '2018021718433000001224037577',
  'result_code' => 'SUCCESS',
  'return_code' => 'SUCCESS',
  'sign' => '375A7475D5ECEC01095A13653D3FB1DC',
  'time_end' => '20180217184702',
  'total_fee' => '100',
  'trade_type' => 'JSAPI',
  'transaction_id' => '4200000071201802174073103862',
)

2018-02-17 20:47:57 pay :
------------
String:
array (
  'appid' => 'wx6e79d28ccc2a8c05',
  'attach' => '2',
  'bank_type' => 'CFT',
  'cash_fee' => '100',
  'fee_type' => 'CNY',
  'is_subscribe' => 'Y',
  'mch_id' => '1490957872',
  'nonce_str' => 'T5SN4Cqo',
  'openid' => 'o01Wu01-zSLzut3cB22KEbJ3JxzY',
  'out_trade_no' => '2018021718433000001224037577',
  'result_code' => 'SUCCESS',
  'return_code' => 'SUCCESS',
  'sign' => '375A7475D5ECEC01095A13653D3FB1DC',
  'time_end' => '20180217184702',
  'total_fee' => '100',
  'trade_type' => 'JSAPI',
  'transaction_id' => '4200000071201802174073103862',
)

2018-02-17 21:47:59 pay :
------------
String:
array (
  'appid' => 'wx6e79d28ccc2a8c05',
  'attach' => '2',
  'bank_type' => 'CFT',
  'cash_fee' => '100',
  'fee_type' => 'CNY',
  'is_subscribe' => 'Y',
  'mch_id' => '1490957872',
  'nonce_str' => 'T5SN4Cqo',
  'openid' => 'o01Wu01-zSLzut3cB22KEbJ3JxzY',
  'out_trade_no' => '2018021718433000001224037577',
  'result_code' => 'SUCCESS',
  'return_code' => 'SUCCESS',
  'sign' => '375A7475D5ECEC01095A13653D3FB1DC',
  'time_end' => '20180217184702',
  'total_fee' => '100',
  'trade_type' => 'JSAPI',
  'transaction_id' => '4200000071201802174073103862',
)

