2018-08-09 01:53:27 pay-alipay :
------------
String:
array (
  'payment_type' => '1',
  'trade_no' => '2018050721001004230547810824',
  'subject' => '会员余额充值',
  'buyer_email' => 'han***@msn.com',
  'gmt_create' => '2018-05-07 22:29:11',
  'notify_type' => 'trade_status_sync',
  'quantity' => '1',
  'out_trade_no' => '2018050722274900000586086632',
  'seller_id' => '2088621957819369',
  'notify_time' => '2018-08-09 01:53:25',
  'body' => '2',
  'trade_status' => 'TRADE_FINISHED',
  'is_total_fee_adjust' => 'N',
  'total_fee' => '1.00',
  'gmt_payment' => '2018-05-07 22:29:13',
  'seller_email' => 'jin703@outlook.com',
  'gmt_close' => '2018-08-08 22:29:55',
  'price' => '1.00',
  'buyer_id' => '2088002328471230',
  'notify_id' => 'e46eabaea8d50557186da3d80c17befhs1',
  'use_coupon' => 'N',
  'sign_type' => 'MD5',
  'sign' => '75d01e4e204fe9684fea80afa39d5a99',
  'query_type' => 'notify',
)

2018-08-09 07:53:39 pay-alipay :
------------
String:
array (
  'payment_type' => '1',
  'trade_no' => '2018050721001004230547810824',
  'subject' => '会员余额充值',
  'buyer_email' => 'han***@msn.com',
  'gmt_create' => '2018-05-07 22:29:11',
  'notify_type' => 'trade_status_sync',
  'quantity' => '1',
  'out_trade_no' => '2018050722274900000586086632',
  'seller_id' => '2088621957819369',
  'notify_time' => '2018-08-09 07:53:39',
  'body' => '2',
  'trade_status' => 'TRADE_FINISHED',
  'is_total_fee_adjust' => 'N',
  'total_fee' => '1.00',
  'gmt_payment' => '2018-05-07 22:29:13',
  'seller_email' => 'jin703@outlook.com',
  'gmt_close' => '2018-08-08 22:29:55',
  'price' => '1.00',
  'buyer_id' => '2088002328471230',
  'notify_id' => 'e46eabaea8d50557186da3d80c17befhs1',
  'use_coupon' => 'N',
  'sign_type' => 'MD5',
  'sign' => '30013400e585483c5cd55347a582cc40',
  'query_type' => 'notify',
)

2018-08-09 22:53:07 pay-alipay :
------------
String:
array (
  'payment_type' => '1',
  'trade_no' => '2018050721001004230547810824',
  'subject' => '会员余额充值',
  'buyer_email' => 'han***@msn.com',
  'gmt_create' => '2018-05-07 22:29:11',
  'notify_type' => 'trade_status_sync',
  'quantity' => '1',
  'out_trade_no' => '2018050722274900000586086632',
  'seller_id' => '2088621957819369',
  'notify_time' => '2018-08-09 22:53:06',
  'body' => '2',
  'trade_status' => 'TRADE_FINISHED',
  'is_total_fee_adjust' => 'N',
  'total_fee' => '1.00',
  'gmt_payment' => '2018-05-07 22:29:13',
  'seller_email' => 'jin703@outlook.com',
  'gmt_close' => '2018-08-08 22:29:55',
  'price' => '1.00',
  'buyer_id' => '2088002328471230',
  'notify_id' => 'e46eabaea8d50557186da3d80c17befhs1',
  'use_coupon' => 'N',
  'sign_type' => 'MD5',
  'sign' => 'f6b96c0467e47dee3f764333681432e4',
  'query_type' => 'notify',
)

