2018-04-06 00:02:35 pay-alipay :
------------
String:
array (
  'payment_type' => '1',
  'trade_no' => '2018010221001004230272198133',
  'subject' => '餐饮20180102083740747551',
  'buyer_email' => 'han***@msn.com',
  'gmt_create' => '2018-01-02 23:54:00',
  'notify_type' => 'trade_status_sync',
  'quantity' => '1',
  'out_trade_no' => '2018010223530000001218588448',
  'seller_id' => '2088621957819369',
  'notify_time' => '2018-04-06 00:08:05',
  'body' => '2',
  'trade_status' => 'TRADE_FINISHED',
  'is_total_fee_adjust' => 'N',
  'total_fee' => '0.30',
  'gmt_payment' => '2018-01-02 23:54:01',
  'seller_email' => 'jin703@outlook.com',
  'gmt_close' => '2018-04-05 23:54:53',
  'price' => '0.30',
  'buyer_id' => '2088002328471230',
  'notify_id' => 'e5352a61ffb97c8073edb1f97836abchry',
  'use_coupon' => 'N',
  'sign_type' => 'MD5',
  'sign' => '5f6028530007b4179cf60a96825637d9',
  'query_type' => 'notify',
)

2018-04-06 00:13:04 pay-alipay :
------------
String:
array (
  'payment_type' => '1',
  'trade_no' => '2018010221001004230272198133',
  'subject' => '餐饮20180102083740747551',
  'buyer_email' => 'han***@msn.com',
  'gmt_create' => '2018-01-02 23:54:00',
  'notify_type' => 'trade_status_sync',
  'quantity' => '1',
  'out_trade_no' => '2018010223530000001218588448',
  'seller_id' => '2088621957819369',
  'notify_time' => '2018-04-06 00:18:33',
  'body' => '2',
  'trade_status' => 'TRADE_FINISHED',
  'is_total_fee_adjust' => 'N',
  'total_fee' => '0.30',
  'gmt_payment' => '2018-01-02 23:54:01',
  'seller_email' => 'jin703@outlook.com',
  'gmt_close' => '2018-04-05 23:54:53',
  'price' => '0.30',
  'buyer_id' => '2088002328471230',
  'notify_id' => 'e5352a61ffb97c8073edb1f97836abchry',
  'use_coupon' => 'N',
  'sign_type' => 'MD5',
  'sign' => '0b931d0c56dbfb49926865c5e31fc9ca',
  'query_type' => 'notify',
)

2018-04-06 01:12:46 pay-alipay :
------------
String:
array (
  'payment_type' => '1',
  'trade_no' => '2018010221001004230272198133',
  'subject' => '餐饮20180102083740747551',
  'buyer_email' => 'han***@msn.com',
  'gmt_create' => '2018-01-02 23:54:00',
  'notify_type' => 'trade_status_sync',
  'quantity' => '1',
  'out_trade_no' => '2018010223530000001218588448',
  'seller_id' => '2088621957819369',
  'notify_time' => '2018-04-06 01:18:16',
  'body' => '2',
  'trade_status' => 'TRADE_FINISHED',
  'is_total_fee_adjust' => 'N',
  'total_fee' => '0.30',
  'gmt_payment' => '2018-01-02 23:54:01',
  'seller_email' => 'jin703@outlook.com',
  'gmt_close' => '2018-04-05 23:54:53',
  'price' => '0.30',
  'buyer_id' => '2088002328471230',
  'notify_id' => 'e5352a61ffb97c8073edb1f97836abchry',
  'use_coupon' => 'N',
  'sign_type' => 'MD5',
  'sign' => '7ce94bbad1d50cff27c834d16c10f0f9',
  'query_type' => 'notify',
)

2018-04-06 03:13:18 pay-alipay :
------------
String:
array (
  'payment_type' => '1',
  'trade_no' => '2018010221001004230272198133',
  'subject' => '餐饮20180102083740747551',
  'buyer_email' => 'han***@msn.com',
  'gmt_create' => '2018-01-02 23:54:00',
  'notify_type' => 'trade_status_sync',
  'quantity' => '1',
  'out_trade_no' => '2018010223530000001218588448',
  'seller_id' => '2088621957819369',
  'notify_time' => '2018-04-06 03:18:48',
  'body' => '2',
  'trade_status' => 'TRADE_FINISHED',
  'is_total_fee_adjust' => 'N',
  'total_fee' => '0.30',
  'gmt_payment' => '2018-01-02 23:54:01',
  'seller_email' => 'jin703@outlook.com',
  'gmt_close' => '2018-04-05 23:54:53',
  'price' => '0.30',
  'buyer_id' => '2088002328471230',
  'notify_id' => 'e5352a61ffb97c8073edb1f97836abchry',
  'use_coupon' => 'N',
  'sign_type' => 'MD5',
  'sign' => '63b75577177694cb25a582c29f29a304',
  'query_type' => 'notify',
)

2018-04-06 09:12:37 pay-alipay :
------------
String:
array (
  'payment_type' => '1',
  'trade_no' => '2018010221001004230272198133',
  'subject' => '餐饮20180102083740747551',
  'buyer_email' => 'han***@msn.com',
  'gmt_create' => '2018-01-02 23:54:00',
  'notify_type' => 'trade_status_sync',
  'quantity' => '1',
  'out_trade_no' => '2018010223530000001218588448',
  'seller_id' => '2088621957819369',
  'notify_time' => '2018-04-06 09:18:08',
  'body' => '2',
  'trade_status' => 'TRADE_FINISHED',
  'is_total_fee_adjust' => 'N',
  'total_fee' => '0.30',
  'gmt_payment' => '2018-01-02 23:54:01',
  'seller_email' => 'jin703@outlook.com',
  'gmt_close' => '2018-04-05 23:54:53',
  'price' => '0.30',
  'buyer_id' => '2088002328471230',
  'notify_id' => 'e5352a61ffb97c8073edb1f97836abchry',
  'use_coupon' => 'N',
  'sign_type' => 'MD5',
  'sign' => '1ed4230fa668c486712ffd5bbac054cd',
  'query_type' => 'notify',
)

