2018-02-09 10:23:34 trace :
------------
String:
<xml><ToUserName><![CDATA[gh_7bcd94754b84]]></ToUserName>
<FromUserName><![CDATA[o01Wu01-zSLzut3cB22KEbJ3JxzY]]></FromUserName>
<CreateTime>1518143189</CreateTime>
<MsgType><![CDATA[event]]></MsgType>
<Event><![CDATA[VIEW]]></Event>
<EventKey><![CDATA[http://ordernow.oneap.net/app/index.php?i=2&c=entry&eid=5]]></EventKey>
<MenuId>830669761</MenuId>
</xml>

2018-02-09 10:23:34 params :
------------
String:
array (
  'rule' => -2,
  'module' => '',
  'message' => 
  array (
    'tousername' => 'gh_7bcd94754b84',
    'fromusername' => 'o01Wu01-zSLzut3cB22KEbJ3JxzY',
    'createtime' => '1518143189',
    'msgtype' => 'event',
    'event' => 'VIEW',
    'eventkey' => 'http://ordernow.oneap.net/app/index.php?i=2&c=entry&eid=5',
    'menuid' => '830669761',
    'from' => 'o01Wu01-zSLzut3cB22KEbJ3JxzY',
    'to' => 'gh_7bcd94754b84',
    'time' => '1518143189',
    'type' => 'text',
    'content' => 'http://ordernow.oneap.net/app/index.php?i=2&c=entry&eid=5',
    'redirection' => true,
    'source' => 'VIEW',
  ),
)

2018-02-09 10:23:34 response :
------------

2018-02-09 10:24:55 pay :
------------
String:
array (
  'appid' => 'wx6e79d28ccc2a8c05',
  'attach' => '2',
  'bank_type' => 'CFT',
  'cash_fee' => '100',
  'fee_type' => 'CNY',
  'is_subscribe' => 'Y',
  'mch_id' => '1490957872',
  'nonce_str' => 'xvmW8oVk',
  'openid' => 'o01Wu01-zSLzut3cB22KEbJ3JxzY',
  'out_trade_no' => '2018020910244500001247360261',
  'result_code' => 'SUCCESS',
  'return_code' => 'SUCCESS',
  'sign' => '7379D2F7E3AACDDC7E4D7F6C04D18953',
  'time_end' => '20180209102751',
  'total_fee' => '100',
  'trade_type' => 'JSAPI',
  'transaction_id' => '4200000065201802099756207373',
)

2018-02-09 10:24:56 trace :
------------
String:
<xml><ToUserName><![CDATA[gh_7bcd94754b84]]></ToUserName>
<FromUserName><![CDATA[o01Wu01-zSLzut3cB22KEbJ3JxzY]]></FromUserName>
<CreateTime>1518143271</CreateTime>
<MsgType><![CDATA[event]]></MsgType>
<Event><![CDATA[TEMPLATESENDJOBFINISH]]></Event>
<MsgID>143461982790598656</MsgID>
<Status><![CDATA[success]]></Status>
</xml>

2018-02-09 10:24:56 params :
------------
String:
array (
  'rule' => -2,
  'module' => '',
  'message' => 
  array (
    'tousername' => 'gh_7bcd94754b84',
    'fromusername' => 'o01Wu01-zSLzut3cB22KEbJ3JxzY',
    'createtime' => '1518143271',
    'msgtype' => 'event',
    'event' => 'TEMPLATESENDJOBFINISH',
    'msgid' => '143461982790598656',
    'status' => 'success',
    'from' => 'o01Wu01-zSLzut3cB22KEbJ3JxzY',
    'to' => 'gh_7bcd94754b84',
    'time' => '1518143271',
    'type' => 'event',
  ),
)

2018-02-09 10:24:56 response :
------------

2018-02-09 10:24:57 trace :
------------
String:
<xml><ToUserName><![CDATA[gh_7bcd94754b84]]></ToUserName>
<FromUserName><![CDATA[o01Wu09x8WFY1ZBV-HAf-R-a3ytI]]></FromUserName>
<CreateTime>1518143272</CreateTime>
<MsgType><![CDATA[event]]></MsgType>
<Event><![CDATA[TEMPLATESENDJOBFINISH]]></Event>
<MsgID>143462001866309633</MsgID>
<Status><![CDATA[success]]></Status>
</xml>

2018-02-09 10:24:57 params :
------------
String:
array (
  'rule' => -2,
  'module' => '',
  'message' => 
  array (
    'tousername' => 'gh_7bcd94754b84',
    'fromusername' => 'o01Wu09x8WFY1ZBV-HAf-R-a3ytI',
    'createtime' => '1518143272',
    'msgtype' => 'event',
    'event' => 'TEMPLATESENDJOBFINISH',
    'msgid' => '143462001866309633',
    'status' => 'success',
    'from' => 'o01Wu09x8WFY1ZBV-HAf-R-a3ytI',
    'to' => 'gh_7bcd94754b84',
    'time' => '1518143272',
    'type' => 'event',
  ),
)

2018-02-09 10:24:57 response :
------------

2018-02-09 10:25:11 pay :
------------
String:
array (
  'appid' => 'wx6e79d28ccc2a8c05',
  'attach' => '2',
  'bank_type' => 'CFT',
  'cash_fee' => '100',
  'fee_type' => 'CNY',
  'is_subscribe' => 'Y',
  'mch_id' => '1490957872',
  'nonce_str' => 'xvmW8oVk',
  'openid' => 'o01Wu01-zSLzut3cB22KEbJ3JxzY',
  'out_trade_no' => '2018020910244500001247360261',
  'result_code' => 'SUCCESS',
  'return_code' => 'SUCCESS',
  'sign' => '7379D2F7E3AACDDC7E4D7F6C04D18953',
  'time_end' => '20180209102751',
  'total_fee' => '100',
  'trade_type' => 'JSAPI',
  'transaction_id' => '4200000065201802099756207373',
)

2018-02-09 10:25:28 pay :
------------
String:
array (
  'appid' => 'wx6e79d28ccc2a8c05',
  'attach' => '2',
  'bank_type' => 'CFT',
  'cash_fee' => '100',
  'fee_type' => 'CNY',
  'is_subscribe' => 'Y',
  'mch_id' => '1490957872',
  'nonce_str' => 'xvmW8oVk',
  'openid' => 'o01Wu01-zSLzut3cB22KEbJ3JxzY',
  'out_trade_no' => '2018020910244500001247360261',
  'result_code' => 'SUCCESS',
  'return_code' => 'SUCCESS',
  'sign' => '7379D2F7E3AACDDC7E4D7F6C04D18953',
  'time_end' => '20180209102751',
  'total_fee' => '100',
  'trade_type' => 'JSAPI',
  'transaction_id' => '4200000065201802099756207373',
)

2018-02-09 10:26:01 pay :
------------
String:
array (
  'appid' => 'wx6e79d28ccc2a8c05',
  'attach' => '2',
  'bank_type' => 'CFT',
  'cash_fee' => '100',
  'fee_type' => 'CNY',
  'is_subscribe' => 'Y',
  'mch_id' => '1490957872',
  'nonce_str' => 'xvmW8oVk',
  'openid' => 'o01Wu01-zSLzut3cB22KEbJ3JxzY',
  'out_trade_no' => '2018020910244500001247360261',
  'result_code' => 'SUCCESS',
  'return_code' => 'SUCCESS',
  'sign' => '7379D2F7E3AACDDC7E4D7F6C04D18953',
  'time_end' => '20180209102751',
  'total_fee' => '100',
  'trade_type' => 'JSAPI',
  'transaction_id' => '4200000065201802099756207373',
)

2018-02-09 10:29:04 pay :
------------
String:
array (
  'appid' => 'wx6e79d28ccc2a8c05',
  'attach' => '2',
  'bank_type' => 'CFT',
  'cash_fee' => '100',
  'fee_type' => 'CNY',
  'is_subscribe' => 'Y',
  'mch_id' => '1490957872',
  'nonce_str' => 'xvmW8oVk',
  'openid' => 'o01Wu01-zSLzut3cB22KEbJ3JxzY',
  'out_trade_no' => '2018020910244500001247360261',
  'result_code' => 'SUCCESS',
  'return_code' => 'SUCCESS',
  'sign' => '7379D2F7E3AACDDC7E4D7F6C04D18953',
  'time_end' => '20180209102751',
  'total_fee' => '100',
  'trade_type' => 'JSAPI',
  'transaction_id' => '4200000065201802099756207373',
)

2018-02-09 10:59:06 pay :
------------
String:
array (
  'appid' => 'wx6e79d28ccc2a8c05',
  'attach' => '2',
  'bank_type' => 'CFT',
  'cash_fee' => '100',
  'fee_type' => 'CNY',
  'is_subscribe' => 'Y',
  'mch_id' => '1490957872',
  'nonce_str' => 'xvmW8oVk',
  'openid' => 'o01Wu01-zSLzut3cB22KEbJ3JxzY',
  'out_trade_no' => '2018020910244500001247360261',
  'result_code' => 'SUCCESS',
  'return_code' => 'SUCCESS',
  'sign' => '7379D2F7E3AACDDC7E4D7F6C04D18953',
  'time_end' => '20180209102751',
  'total_fee' => '100',
  'trade_type' => 'JSAPI',
  'transaction_id' => '4200000065201802099756207373',
)

2018-02-09 11:29:07 pay :
------------
String:
array (
  'appid' => 'wx6e79d28ccc2a8c05',
  'attach' => '2',
  'bank_type' => 'CFT',
  'cash_fee' => '100',
  'fee_type' => 'CNY',
  'is_subscribe' => 'Y',
  'mch_id' => '1490957872',
  'nonce_str' => 'xvmW8oVk',
  'openid' => 'o01Wu01-zSLzut3cB22KEbJ3JxzY',
  'out_trade_no' => '2018020910244500001247360261',
  'result_code' => 'SUCCESS',
  'return_code' => 'SUCCESS',
  'sign' => '7379D2F7E3AACDDC7E4D7F6C04D18953',
  'time_end' => '20180209102751',
  'total_fee' => '100',
  'trade_type' => 'JSAPI',
  'transaction_id' => '4200000065201802099756207373',
)

2018-02-09 11:59:09 pay :
------------
String:
array (
  'appid' => 'wx6e79d28ccc2a8c05',
  'attach' => '2',
  'bank_type' => 'CFT',
  'cash_fee' => '100',
  'fee_type' => 'CNY',
  'is_subscribe' => 'Y',
  'mch_id' => '1490957872',
  'nonce_str' => 'xvmW8oVk',
  'openid' => 'o01Wu01-zSLzut3cB22KEbJ3JxzY',
  'out_trade_no' => '2018020910244500001247360261',
  'result_code' => 'SUCCESS',
  'return_code' => 'SUCCESS',
  'sign' => '7379D2F7E3AACDDC7E4D7F6C04D18953',
  'time_end' => '20180209102751',
  'total_fee' => '100',
  'trade_type' => 'JSAPI',
  'transaction_id' => '4200000065201802099756207373',
)

2018-02-09 12:29:12 pay :
------------
String:
array (
  'appid' => 'wx6e79d28ccc2a8c05',
  'attach' => '2',
  'bank_type' => 'CFT',
  'cash_fee' => '100',
  'fee_type' => 'CNY',
  'is_subscribe' => 'Y',
  'mch_id' => '1490957872',
  'nonce_str' => 'xvmW8oVk',
  'openid' => 'o01Wu01-zSLzut3cB22KEbJ3JxzY',
  'out_trade_no' => '2018020910244500001247360261',
  'result_code' => 'SUCCESS',
  'return_code' => 'SUCCESS',
  'sign' => '7379D2F7E3AACDDC7E4D7F6C04D18953',
  'time_end' => '20180209102751',
  'total_fee' => '100',
  'trade_type' => 'JSAPI',
  'transaction_id' => '4200000065201802099756207373',
)

2018-02-09 13:29:13 pay :
------------
String:
array (
  'appid' => 'wx6e79d28ccc2a8c05',
  'attach' => '2',
  'bank_type' => 'CFT',
  'cash_fee' => '100',
  'fee_type' => 'CNY',
  'is_subscribe' => 'Y',
  'mch_id' => '1490957872',
  'nonce_str' => 'xvmW8oVk',
  'openid' => 'o01Wu01-zSLzut3cB22KEbJ3JxzY',
  'out_trade_no' => '2018020910244500001247360261',
  'result_code' => 'SUCCESS',
  'return_code' => 'SUCCESS',
  'sign' => '7379D2F7E3AACDDC7E4D7F6C04D18953',
  'time_end' => '20180209102751',
  'total_fee' => '100',
  'trade_type' => 'JSAPI',
  'transaction_id' => '4200000065201802099756207373',
)

