2018-01-20 12:18:13 trace :
------------
String:
<xml><ToUserName><![CDATA[gh_7bcd94754b84]]></ToUserName>
<FromUserName><![CDATA[o01Wu01-zSLzut3cB22KEbJ3JxzY]]></FromUserName>
<CreateTime>1516422014</CreateTime>
<MsgType><![CDATA[event]]></MsgType>
<Event><![CDATA[VIEW]]></Event>
<EventKey><![CDATA[http://ordernow.oneap.net/app/index.php?i=2&c=entry&eid=5]]></EventKey>
<MenuId>830669761</MenuId>
</xml>

2018-01-20 12:18:13 params :
------------
String:
array (
  'rule' => -2,
  'module' => '',
  'message' => 
  array (
    'tousername' => 'gh_7bcd94754b84',
    'fromusername' => 'o01Wu01-zSLzut3cB22KEbJ3JxzY',
    'createtime' => '1516422014',
    'msgtype' => 'event',
    'event' => 'VIEW',
    'eventkey' => 'http://ordernow.oneap.net/app/index.php?i=2&c=entry&eid=5',
    'menuid' => '830669761',
    'from' => 'o01Wu01-zSLzut3cB22KEbJ3JxzY',
    'to' => 'gh_7bcd94754b84',
    'time' => '1516422014',
    'type' => 'text',
    'content' => 'http://ordernow.oneap.net/app/index.php?i=2&c=entry&eid=5',
    'redirection' => true,
    'source' => 'VIEW',
  ),
)

2018-01-20 12:18:13 response :
------------

2018-01-20 12:18:30 trace :
------------
String:
<xml><ToUserName><![CDATA[gh_7bcd94754b84]]></ToUserName>
<FromUserName><![CDATA[o01Wu01-zSLzut3cB22KEbJ3JxzY]]></FromUserName>
<CreateTime>1516422030</CreateTime>
<MsgType><![CDATA[event]]></MsgType>
<Event><![CDATA[VIEW]]></Event>
<EventKey><![CDATA[http://ordernow.oneap.net/app/index.php?i=2&c=entry&eid=5]]></EventKey>
<MenuId>830669761</MenuId>
</xml>

2018-01-20 12:18:30 params :
------------
String:
array (
  'rule' => -2,
  'module' => '',
  'message' => 
  array (
    'tousername' => 'gh_7bcd94754b84',
    'fromusername' => 'o01Wu01-zSLzut3cB22KEbJ3JxzY',
    'createtime' => '1516422030',
    'msgtype' => 'event',
    'event' => 'VIEW',
    'eventkey' => 'http://ordernow.oneap.net/app/index.php?i=2&c=entry&eid=5',
    'menuid' => '830669761',
    'from' => 'o01Wu01-zSLzut3cB22KEbJ3JxzY',
    'to' => 'gh_7bcd94754b84',
    'time' => '1516422030',
    'type' => 'text',
    'content' => 'http://ordernow.oneap.net/app/index.php?i=2&c=entry&eid=5',
    'redirection' => true,
    'source' => 'VIEW',
  ),
)

2018-01-20 12:18:30 response :
------------

2018-01-20 12:20:17 pay :
------------
String:
array (
  'appid' => 'wx6e79d28ccc2a8c05',
  'attach' => '2',
  'bank_type' => 'CFT',
  'cash_fee' => '200',
  'fee_type' => 'CNY',
  'is_subscribe' => 'Y',
  'mch_id' => '1490957872',
  'nonce_str' => 'pRshUHqR',
  'openid' => 'o01Wu01-zSLzut3cB22KEbJ3JxzY',
  'out_trade_no' => '2018012012200400001228468178',
  'result_code' => 'SUCCESS',
  'return_code' => 'SUCCESS',
  'sign' => '2D62158C82413980923C147E98C94378',
  'time_end' => '20180120122218',
  'total_fee' => '200',
  'trade_type' => 'JSAPI',
  'transaction_id' => '4200000098201801207442678297',
)

2018-01-20 12:20:17 trace :
------------
String:
<xml><ToUserName><![CDATA[gh_7bcd94754b84]]></ToUserName>
<FromUserName><![CDATA[o01Wu01-zSLzut3cB22KEbJ3JxzY]]></FromUserName>
<CreateTime>1516422138</CreateTime>
<MsgType><![CDATA[event]]></MsgType>
<Event><![CDATA[TEMPLATESENDJOBFINISH]]></Event>
<MsgID>114586164899463169</MsgID>
<Status><![CDATA[success]]></Status>
</xml>

2018-01-20 12:20:17 params :
------------
String:
array (
  'rule' => -2,
  'module' => '',
  'message' => 
  array (
    'tousername' => 'gh_7bcd94754b84',
    'fromusername' => 'o01Wu01-zSLzut3cB22KEbJ3JxzY',
    'createtime' => '1516422138',
    'msgtype' => 'event',
    'event' => 'TEMPLATESENDJOBFINISH',
    'msgid' => '114586164899463169',
    'status' => 'success',
    'from' => 'o01Wu01-zSLzut3cB22KEbJ3JxzY',
    'to' => 'gh_7bcd94754b84',
    'time' => '1516422138',
    'type' => 'event',
  ),
)

2018-01-20 12:20:17 response :
------------

2018-01-20 12:20:20 trace :
------------
String:
<xml><ToUserName><![CDATA[gh_7bcd94754b84]]></ToUserName>
<FromUserName><![CDATA[o01Wu09x8WFY1ZBV-HAf-R-a3ytI]]></FromUserName>
<CreateTime>1516422140</CreateTime>
<MsgType><![CDATA[event]]></MsgType>
<Event><![CDATA[TEMPLATESENDJOBFINISH]]></Event>
<MsgID>114586201155043328</MsgID>
<Status><![CDATA[success]]></Status>
</xml>

2018-01-20 12:20:20 params :
------------
String:
array (
  'rule' => -2,
  'module' => '',
  'message' => 
  array (
    'tousername' => 'gh_7bcd94754b84',
    'fromusername' => 'o01Wu09x8WFY1ZBV-HAf-R-a3ytI',
    'createtime' => '1516422140',
    'msgtype' => 'event',
    'event' => 'TEMPLATESENDJOBFINISH',
    'msgid' => '114586201155043328',
    'status' => 'success',
    'from' => 'o01Wu09x8WFY1ZBV-HAf-R-a3ytI',
    'to' => 'gh_7bcd94754b84',
    'time' => '1516422140',
    'type' => 'event',
  ),
)

2018-01-20 12:20:20 response :
------------

2018-01-20 12:20:35 pay :
------------
String:
array (
  'appid' => 'wx6e79d28ccc2a8c05',
  'attach' => '2',
  'bank_type' => 'CFT',
  'cash_fee' => '200',
  'fee_type' => 'CNY',
  'is_subscribe' => 'Y',
  'mch_id' => '1490957872',
  'nonce_str' => 'pRshUHqR',
  'openid' => 'o01Wu01-zSLzut3cB22KEbJ3JxzY',
  'out_trade_no' => '2018012012200400001228468178',
  'result_code' => 'SUCCESS',
  'return_code' => 'SUCCESS',
  'sign' => '2D62158C82413980923C147E98C94378',
  'time_end' => '20180120122218',
  'total_fee' => '200',
  'trade_type' => 'JSAPI',
  'transaction_id' => '4200000098201801207442678297',
)

2018-01-20 12:20:52 pay :
------------
String:
array (
  'appid' => 'wx6e79d28ccc2a8c05',
  'attach' => '2',
  'bank_type' => 'CFT',
  'cash_fee' => '200',
  'fee_type' => 'CNY',
  'is_subscribe' => 'Y',
  'mch_id' => '1490957872',
  'nonce_str' => 'pRshUHqR',
  'openid' => 'o01Wu01-zSLzut3cB22KEbJ3JxzY',
  'out_trade_no' => '2018012012200400001228468178',
  'result_code' => 'SUCCESS',
  'return_code' => 'SUCCESS',
  'sign' => '2D62158C82413980923C147E98C94378',
  'time_end' => '20180120122218',
  'total_fee' => '200',
  'trade_type' => 'JSAPI',
  'transaction_id' => '4200000098201801207442678297',
)

2018-01-20 12:21:24 pay :
------------
String:
array (
  'appid' => 'wx6e79d28ccc2a8c05',
  'attach' => '2',
  'bank_type' => 'CFT',
  'cash_fee' => '200',
  'fee_type' => 'CNY',
  'is_subscribe' => 'Y',
  'mch_id' => '1490957872',
  'nonce_str' => 'pRshUHqR',
  'openid' => 'o01Wu01-zSLzut3cB22KEbJ3JxzY',
  'out_trade_no' => '2018012012200400001228468178',
  'result_code' => 'SUCCESS',
  'return_code' => 'SUCCESS',
  'sign' => '2D62158C82413980923C147E98C94378',
  'time_end' => '20180120122218',
  'total_fee' => '200',
  'trade_type' => 'JSAPI',
  'transaction_id' => '4200000098201801207442678297',
)

2018-01-20 12:24:25 pay :
------------
String:
array (
  'appid' => 'wx6e79d28ccc2a8c05',
  'attach' => '2',
  'bank_type' => 'CFT',
  'cash_fee' => '200',
  'fee_type' => 'CNY',
  'is_subscribe' => 'Y',
  'mch_id' => '1490957872',
  'nonce_str' => 'pRshUHqR',
  'openid' => 'o01Wu01-zSLzut3cB22KEbJ3JxzY',
  'out_trade_no' => '2018012012200400001228468178',
  'result_code' => 'SUCCESS',
  'return_code' => 'SUCCESS',
  'sign' => '2D62158C82413980923C147E98C94378',
  'time_end' => '20180120122218',
  'total_fee' => '200',
  'trade_type' => 'JSAPI',
  'transaction_id' => '4200000098201801207442678297',
)

2018-01-20 12:54:28 pay :
------------
String:
array (
  'appid' => 'wx6e79d28ccc2a8c05',
  'attach' => '2',
  'bank_type' => 'CFT',
  'cash_fee' => '200',
  'fee_type' => 'CNY',
  'is_subscribe' => 'Y',
  'mch_id' => '1490957872',
  'nonce_str' => 'pRshUHqR',
  'openid' => 'o01Wu01-zSLzut3cB22KEbJ3JxzY',
  'out_trade_no' => '2018012012200400001228468178',
  'result_code' => 'SUCCESS',
  'return_code' => 'SUCCESS',
  'sign' => '2D62158C82413980923C147E98C94378',
  'time_end' => '20180120122218',
  'total_fee' => '200',
  'trade_type' => 'JSAPI',
  'transaction_id' => '4200000098201801207442678297',
)

2018-01-20 13:24:30 pay :
------------
String:
array (
  'appid' => 'wx6e79d28ccc2a8c05',
  'attach' => '2',
  'bank_type' => 'CFT',
  'cash_fee' => '200',
  'fee_type' => 'CNY',
  'is_subscribe' => 'Y',
  'mch_id' => '1490957872',
  'nonce_str' => 'pRshUHqR',
  'openid' => 'o01Wu01-zSLzut3cB22KEbJ3JxzY',
  'out_trade_no' => '2018012012200400001228468178',
  'result_code' => 'SUCCESS',
  'return_code' => 'SUCCESS',
  'sign' => '2D62158C82413980923C147E98C94378',
  'time_end' => '20180120122218',
  'total_fee' => '200',
  'trade_type' => 'JSAPI',
  'transaction_id' => '4200000098201801207442678297',
)

2018-01-20 13:54:32 pay :
------------
String:
array (
  'appid' => 'wx6e79d28ccc2a8c05',
  'attach' => '2',
  'bank_type' => 'CFT',
  'cash_fee' => '200',
  'fee_type' => 'CNY',
  'is_subscribe' => 'Y',
  'mch_id' => '1490957872',
  'nonce_str' => 'pRshUHqR',
  'openid' => 'o01Wu01-zSLzut3cB22KEbJ3JxzY',
  'out_trade_no' => '2018012012200400001228468178',
  'result_code' => 'SUCCESS',
  'return_code' => 'SUCCESS',
  'sign' => '2D62158C82413980923C147E98C94378',
  'time_end' => '20180120122218',
  'total_fee' => '200',
  'trade_type' => 'JSAPI',
  'transaction_id' => '4200000098201801207442678297',
)

2018-01-20 14:24:34 pay :
------------
String:
array (
  'appid' => 'wx6e79d28ccc2a8c05',
  'attach' => '2',
  'bank_type' => 'CFT',
  'cash_fee' => '200',
  'fee_type' => 'CNY',
  'is_subscribe' => 'Y',
  'mch_id' => '1490957872',
  'nonce_str' => 'pRshUHqR',
  'openid' => 'o01Wu01-zSLzut3cB22KEbJ3JxzY',
  'out_trade_no' => '2018012012200400001228468178',
  'result_code' => 'SUCCESS',
  'return_code' => 'SUCCESS',
  'sign' => '2D62158C82413980923C147E98C94378',
  'time_end' => '20180120122218',
  'total_fee' => '200',
  'trade_type' => 'JSAPI',
  'transaction_id' => '4200000098201801207442678297',
)

2018-01-20 15:24:36 pay :
------------
String:
array (
  'appid' => 'wx6e79d28ccc2a8c05',
  'attach' => '2',
  'bank_type' => 'CFT',
  'cash_fee' => '200',
  'fee_type' => 'CNY',
  'is_subscribe' => 'Y',
  'mch_id' => '1490957872',
  'nonce_str' => 'pRshUHqR',
  'openid' => 'o01Wu01-zSLzut3cB22KEbJ3JxzY',
  'out_trade_no' => '2018012012200400001228468178',
  'result_code' => 'SUCCESS',
  'return_code' => 'SUCCESS',
  'sign' => '2D62158C82413980923C147E98C94378',
  'time_end' => '20180120122218',
  'total_fee' => '200',
  'trade_type' => 'JSAPI',
  'transaction_id' => '4200000098201801207442678297',
)

