2018-04-27 21:09:32 trace :
------------
String:
<xml><ToUserName><![CDATA[gh_6ace08fd00cf]]></ToUserName>
<FromUserName><![CDATA[oIP0X0nRmf4w6LhtWw_cwGj7NlyA]]></FromUserName>
<CreateTime>1524834572</CreateTime>
<MsgType><![CDATA[event]]></MsgType>
<Event><![CDATA[subscribe]]></Event>
<EventKey><![CDATA[]]></EventKey>
</xml>

2018-04-27 21:09:32 params :
------------
String:
array (
  'message' => 
  array (
    'tousername' => 'gh_6ace08fd00cf',
    'fromusername' => 'oIP0X0nRmf4w6LhtWw_cwGj7NlyA',
    'createtime' => '1524834572',
    'msgtype' => 'event',
    'event' => 'subscribe',
    'eventkey' => '',
    'from' => 'oIP0X0nRmf4w6LhtWw_cwGj7NlyA',
    'to' => 'gh_6ace08fd00cf',
    'time' => '1524834572',
    'type' => 'text',
    'redirection' => true,
    'source' => 'subscribe',
    'content' => '明达',
  ),
  'module' => 'reply',
  'rule' => '22',
  'priority' => '0',
  'keyword' => 
  array (
    'id' => '64',
    'rid' => '22',
    'uniacid' => '2',
    'module' => 'reply',
    'content' => '明达',
    'type' => '1',
    'displayorder' => '0',
    'status' => '1',
    'reply_type' => 
    array (
      0 => 'basic',
      1 => 'news',
    ),
  ),
  'reply_type' => 
  array (
    0 => 'basic',
    1 => 'news',
  ),
)

2018-04-27 21:09:32 response :
------------
Array:
FromUserName : gh_6ace08fd00cf ;
ToUserName : oIP0X0nRmf4w6LhtWw_cwGj7NlyA ;
MsgType : news ;
ArticleCount : 1 ;
Articles : Array ;

