2018-05-15 11:15:51 trace :
------------
String:
<xml><ToUserName><![CDATA[gh_6ace08fd00cf]]></ToUserName>
<FromUserName><![CDATA[oIP0X0nRmf4w6LhtWw_cwGj7NlyA]]></FromUserName>
<CreateTime>1526354151</CreateTime>
<MsgType><![CDATA[event]]></MsgType>
<Event><![CDATA[VIEW]]></Event>
<EventKey><![CDATA[http://orderamz.oneap.net/app/index.php?i=2&c=entry&eid=3]]></EventKey>
<MenuId>813904688</MenuId>
</xml>

2018-05-15 11:15:51 params :
------------
String:
array (
  'rule' => -2,
  'module' => '',
  'message' => 
  array (
    'tousername' => 'gh_6ace08fd00cf',
    'fromusername' => 'oIP0X0nRmf4w6LhtWw_cwGj7NlyA',
    'createtime' => '1526354151',
    'msgtype' => 'event',
    'event' => 'VIEW',
    'eventkey' => 'http://orderamz.oneap.net/app/index.php?i=2&c=entry&eid=3',
    'menuid' => '813904688',
    'from' => 'oIP0X0nRmf4w6LhtWw_cwGj7NlyA',
    'to' => 'gh_6ace08fd00cf',
    'time' => '1526354151',
    'type' => 'text',
    'content' => 'http://orderamz.oneap.net/app/index.php?i=2&c=entry&eid=3',
    'redirection' => true,
    'source' => 'VIEW',
  ),
)

2018-05-15 11:15:51 response :
------------

2018-05-15 11:16:02 trace :
------------
String:
<xml><ToUserName><![CDATA[gh_6ace08fd00cf]]></ToUserName>
<FromUserName><![CDATA[oIP0X0nRmf4w6LhtWw_cwGj7NlyA]]></FromUserName>
<CreateTime>1526354162</CreateTime>
<MsgType><![CDATA[event]]></MsgType>
<Event><![CDATA[VIEW]]></Event>
<EventKey><![CDATA[http://orderamz.oneap.net/app/index.php?i=2&c=entry&eid=3]]></EventKey>
<MenuId>813904688</MenuId>
</xml>

2018-05-15 11:16:02 params :
------------
String:
array (
  'rule' => -2,
  'module' => '',
  'message' => 
  array (
    'tousername' => 'gh_6ace08fd00cf',
    'fromusername' => 'oIP0X0nRmf4w6LhtWw_cwGj7NlyA',
    'createtime' => '1526354162',
    'msgtype' => 'event',
    'event' => 'VIEW',
    'eventkey' => 'http://orderamz.oneap.net/app/index.php?i=2&c=entry&eid=3',
    'menuid' => '813904688',
    'from' => 'oIP0X0nRmf4w6LhtWw_cwGj7NlyA',
    'to' => 'gh_6ace08fd00cf',
    'time' => '1526354162',
    'type' => 'text',
    'content' => 'http://orderamz.oneap.net/app/index.php?i=2&c=entry&eid=3',
    'redirection' => true,
    'source' => 'VIEW',
  ),
)

2018-05-15 11:16:02 response :
------------

2018-05-15 14:46:27 trace :
------------
String:
<xml><ToUserName><![CDATA[gh_6ace08fd00cf]]></ToUserName>
<FromUserName><![CDATA[oIP0X0nRmf4w6LhtWw_cwGj7NlyA]]></FromUserName>
<CreateTime>1526366787</CreateTime>
<MsgType><![CDATA[event]]></MsgType>
<Event><![CDATA[VIEW]]></Event>
<EventKey><![CDATA[http://orderamz.oneap.net/app/index.php?i=2&c=entry&eid=15]]></EventKey>
<MenuId>813904688</MenuId>
</xml>

2018-05-15 14:46:27 params :
------------
String:
array (
  'rule' => -2,
  'module' => '',
  'message' => 
  array (
    'tousername' => 'gh_6ace08fd00cf',
    'fromusername' => 'oIP0X0nRmf4w6LhtWw_cwGj7NlyA',
    'createtime' => '1526366787',
    'msgtype' => 'event',
    'event' => 'VIEW',
    'eventkey' => 'http://orderamz.oneap.net/app/index.php?i=2&c=entry&eid=15',
    'menuid' => '813904688',
    'from' => 'oIP0X0nRmf4w6LhtWw_cwGj7NlyA',
    'to' => 'gh_6ace08fd00cf',
    'time' => '1526366787',
    'type' => 'text',
    'content' => 'http://orderamz.oneap.net/app/index.php?i=2&c=entry&eid=15',
    'redirection' => true,
    'source' => 'VIEW',
  ),
)

2018-05-15 14:46:27 response :
------------

2018-05-15 14:48:53 trace :
------------
String:
<xml><ToUserName><![CDATA[gh_6ace08fd00cf]]></ToUserName>
<FromUserName><![CDATA[oIP0X0nRmf4w6LhtWw_cwGj7NlyA]]></FromUserName>
<CreateTime>1526366933</CreateTime>
<MsgType><![CDATA[event]]></MsgType>
<Event><![CDATA[VIEW]]></Event>
<EventKey><![CDATA[http://orderamz.oneap.net/app/index.php?i=2&c=entry&eid=15]]></EventKey>
<MenuId>813904688</MenuId>
</xml>

2018-05-15 14:48:53 params :
------------
String:
array (
  'rule' => -2,
  'module' => '',
  'message' => 
  array (
    'tousername' => 'gh_6ace08fd00cf',
    'fromusername' => 'oIP0X0nRmf4w6LhtWw_cwGj7NlyA',
    'createtime' => '1526366933',
    'msgtype' => 'event',
    'event' => 'VIEW',
    'eventkey' => 'http://orderamz.oneap.net/app/index.php?i=2&c=entry&eid=15',
    'menuid' => '813904688',
    'from' => 'oIP0X0nRmf4w6LhtWw_cwGj7NlyA',
    'to' => 'gh_6ace08fd00cf',
    'time' => '1526366933',
    'type' => 'text',
    'content' => 'http://orderamz.oneap.net/app/index.php?i=2&c=entry&eid=15',
    'redirection' => true,
    'source' => 'VIEW',
  ),
)

2018-05-15 14:48:53 response :
------------

2018-05-15 14:59:03 trace :
------------
String:
<xml><ToUserName><![CDATA[gh_6ace08fd00cf]]></ToUserName>
<FromUserName><![CDATA[oIP0X0nRmf4w6LhtWw_cwGj7NlyA]]></FromUserName>
<CreateTime>1526367538</CreateTime>
<MsgType><![CDATA[event]]></MsgType>
<Event><![CDATA[VIEW]]></Event>
<EventKey><![CDATA[http://orderamz.oneap.net/app/index.php?i=2&c=entry&eid=2]]></EventKey>
<MenuId>813904688</MenuId>
</xml>

2018-05-15 14:59:03 params :
------------
String:
array (
  'rule' => -2,
  'module' => '',
  'message' => 
  array (
    'tousername' => 'gh_6ace08fd00cf',
    'fromusername' => 'oIP0X0nRmf4w6LhtWw_cwGj7NlyA',
    'createtime' => '1526367538',
    'msgtype' => 'event',
    'event' => 'VIEW',
    'eventkey' => 'http://orderamz.oneap.net/app/index.php?i=2&c=entry&eid=2',
    'menuid' => '813904688',
    'from' => 'oIP0X0nRmf4w6LhtWw_cwGj7NlyA',
    'to' => 'gh_6ace08fd00cf',
    'time' => '1526367538',
    'type' => 'text',
    'content' => 'http://orderamz.oneap.net/app/index.php?i=2&c=entry&eid=2',
    'redirection' => true,
    'source' => 'VIEW',
  ),
)

2018-05-15 14:59:03 response :
------------

2018-05-15 15:00:04 trace :
------------
String:
<xml><ToUserName><![CDATA[gh_6ace08fd00cf]]></ToUserName>
<FromUserName><![CDATA[oIP0X0nRmf4w6LhtWw_cwGj7NlyA]]></FromUserName>
<CreateTime>1526367604</CreateTime>
<MsgType><![CDATA[event]]></MsgType>
<Event><![CDATA[VIEW]]></Event>
<EventKey><![CDATA[http://orderamz.oneap.net/app/index.php?i=2&c=entry&eid=15]]></EventKey>
<MenuId>813904688</MenuId>
</xml>

2018-05-15 15:00:04 params :
------------
String:
array (
  'rule' => -2,
  'module' => '',
  'message' => 
  array (
    'tousername' => 'gh_6ace08fd00cf',
    'fromusername' => 'oIP0X0nRmf4w6LhtWw_cwGj7NlyA',
    'createtime' => '1526367604',
    'msgtype' => 'event',
    'event' => 'VIEW',
    'eventkey' => 'http://orderamz.oneap.net/app/index.php?i=2&c=entry&eid=15',
    'menuid' => '813904688',
    'from' => 'oIP0X0nRmf4w6LhtWw_cwGj7NlyA',
    'to' => 'gh_6ace08fd00cf',
    'time' => '1526367604',
    'type' => 'text',
    'content' => 'http://orderamz.oneap.net/app/index.php?i=2&c=entry&eid=15',
    'redirection' => true,
    'source' => 'VIEW',
  ),
)

2018-05-15 15:00:04 response :
------------

2018-05-15 15:03:37 trace :
------------
String:
<xml><ToUserName><![CDATA[gh_6ace08fd00cf]]></ToUserName>
<FromUserName><![CDATA[oIP0X0nRmf4w6LhtWw_cwGj7NlyA]]></FromUserName>
<CreateTime>1526367817</CreateTime>
<MsgType><![CDATA[event]]></MsgType>
<Event><![CDATA[VIEW]]></Event>
<EventKey><![CDATA[http://orderamz.oneap.net/app/index.php?i=2&c=entry&eid=3]]></EventKey>
<MenuId>813904688</MenuId>
</xml>

2018-05-15 15:03:37 params :
------------
String:
array (
  'rule' => -2,
  'module' => '',
  'message' => 
  array (
    'tousername' => 'gh_6ace08fd00cf',
    'fromusername' => 'oIP0X0nRmf4w6LhtWw_cwGj7NlyA',
    'createtime' => '1526367817',
    'msgtype' => 'event',
    'event' => 'VIEW',
    'eventkey' => 'http://orderamz.oneap.net/app/index.php?i=2&c=entry&eid=3',
    'menuid' => '813904688',
    'from' => 'oIP0X0nRmf4w6LhtWw_cwGj7NlyA',
    'to' => 'gh_6ace08fd00cf',
    'time' => '1526367817',
    'type' => 'text',
    'content' => 'http://orderamz.oneap.net/app/index.php?i=2&c=entry&eid=3',
    'redirection' => true,
    'source' => 'VIEW',
  ),
)

2018-05-15 15:03:37 response :
------------

2018-05-15 15:07:11 trace :
------------
String:
<xml><ToUserName><![CDATA[gh_6ace08fd00cf]]></ToUserName>
<FromUserName><![CDATA[oIP0X0nRmf4w6LhtWw_cwGj7NlyA]]></FromUserName>
<CreateTime>1526368031</CreateTime>
<MsgType><![CDATA[event]]></MsgType>
<Event><![CDATA[VIEW]]></Event>
<EventKey><![CDATA[http://orderamz.oneap.net/app/index.php?i=2&c=entry&eid=3]]></EventKey>
<MenuId>813904688</MenuId>
</xml>

2018-05-15 15:07:11 params :
------------
String:
array (
  'rule' => -2,
  'module' => '',
  'message' => 
  array (
    'tousername' => 'gh_6ace08fd00cf',
    'fromusername' => 'oIP0X0nRmf4w6LhtWw_cwGj7NlyA',
    'createtime' => '1526368031',
    'msgtype' => 'event',
    'event' => 'VIEW',
    'eventkey' => 'http://orderamz.oneap.net/app/index.php?i=2&c=entry&eid=3',
    'menuid' => '813904688',
    'from' => 'oIP0X0nRmf4w6LhtWw_cwGj7NlyA',
    'to' => 'gh_6ace08fd00cf',
    'time' => '1526368031',
    'type' => 'text',
    'content' => 'http://orderamz.oneap.net/app/index.php?i=2&c=entry&eid=3',
    'redirection' => true,
    'source' => 'VIEW',
  ),
)

2018-05-15 15:07:11 response :
------------

2018-05-15 15:09:44 trace :
------------
String:
<xml><ToUserName><![CDATA[gh_6ace08fd00cf]]></ToUserName>
<FromUserName><![CDATA[oIP0X0nRmf4w6LhtWw_cwGj7NlyA]]></FromUserName>
<CreateTime>1526368184</CreateTime>
<MsgType><![CDATA[event]]></MsgType>
<Event><![CDATA[VIEW]]></Event>
<EventKey><![CDATA[http://orderamz.oneap.net/app/index.php?i=2&c=entry&eid=15]]></EventKey>
<MenuId>813904688</MenuId>
</xml>

2018-05-15 15:09:44 params :
------------
String:
array (
  'rule' => -2,
  'module' => '',
  'message' => 
  array (
    'tousername' => 'gh_6ace08fd00cf',
    'fromusername' => 'oIP0X0nRmf4w6LhtWw_cwGj7NlyA',
    'createtime' => '1526368184',
    'msgtype' => 'event',
    'event' => 'VIEW',
    'eventkey' => 'http://orderamz.oneap.net/app/index.php?i=2&c=entry&eid=15',
    'menuid' => '813904688',
    'from' => 'oIP0X0nRmf4w6LhtWw_cwGj7NlyA',
    'to' => 'gh_6ace08fd00cf',
    'time' => '1526368184',
    'type' => 'text',
    'content' => 'http://orderamz.oneap.net/app/index.php?i=2&c=entry&eid=15',
    'redirection' => true,
    'source' => 'VIEW',
  ),
)

2018-05-15 15:09:44 response :
------------

2018-05-15 20:21:07 trace :
------------
String:
<xml><ToUserName><![CDATA[gh_6ace08fd00cf]]></ToUserName>
<FromUserName><![CDATA[oIP0X0g5j5OmrQEgSHLTECZbCFHw]]></FromUserName>
<CreateTime>1526386867</CreateTime>
<MsgType><![CDATA[event]]></MsgType>
<Event><![CDATA[TEMPLATESENDJOBFINISH]]></Event>
<MsgID>281766572677283842</MsgID>
<Status><![CDATA[success]]></Status>
</xml>

2018-05-15 20:21:07 params :
------------
String:
array (
  'rule' => -2,
  'module' => '',
  'message' => 
  array (
    'tousername' => 'gh_6ace08fd00cf',
    'fromusername' => 'oIP0X0g5j5OmrQEgSHLTECZbCFHw',
    'createtime' => '1526386867',
    'msgtype' => 'event',
    'event' => 'TEMPLATESENDJOBFINISH',
    'msgid' => '281766572677283842',
    'status' => 'success',
    'from' => 'oIP0X0g5j5OmrQEgSHLTECZbCFHw',
    'to' => 'gh_6ace08fd00cf',
    'time' => '1526386867',
    'type' => 'event',
  ),
)

2018-05-15 20:21:07 response :
------------

2018-05-15 20:23:28 trace :
------------
String:
<xml><ToUserName><![CDATA[gh_6ace08fd00cf]]></ToUserName>
<FromUserName><![CDATA[oIP0X0g5j5OmrQEgSHLTECZbCFHw]]></FromUserName>
<CreateTime>1526387008</CreateTime>
<MsgType><![CDATA[event]]></MsgType>
<Event><![CDATA[TEMPLATESENDJOBFINISH]]></Event>
<MsgID>281768932677926913</MsgID>
<Status><![CDATA[success]]></Status>
</xml>

2018-05-15 20:23:28 params :
------------
String:
array (
  'rule' => -2,
  'module' => '',
  'message' => 
  array (
    'tousername' => 'gh_6ace08fd00cf',
    'fromusername' => 'oIP0X0g5j5OmrQEgSHLTECZbCFHw',
    'createtime' => '1526387008',
    'msgtype' => 'event',
    'event' => 'TEMPLATESENDJOBFINISH',
    'msgid' => '281768932677926913',
    'status' => 'success',
    'from' => 'oIP0X0g5j5OmrQEgSHLTECZbCFHw',
    'to' => 'gh_6ace08fd00cf',
    'time' => '1526387008',
    'type' => 'event',
  ),
)

2018-05-15 20:23:28 response :
------------

2018-05-15 20:26:54 trace :
------------
String:
<xml><ToUserName><![CDATA[gh_6ace08fd00cf]]></ToUserName>
<FromUserName><![CDATA[oIP0X0g5j5OmrQEgSHLTECZbCFHw]]></FromUserName>
<CreateTime>1526387214</CreateTime>
<MsgType><![CDATA[event]]></MsgType>
<Event><![CDATA[VIEW]]></Event>
<EventKey><![CDATA[http://orderamz.oneap.net/app/index.php?i=2&c=entry&eid=15]]></EventKey>
<MenuId>813904688</MenuId>
</xml>

2018-05-15 20:26:54 params :
------------
String:
array (
  'rule' => -2,
  'module' => '',
  'message' => 
  array (
    'tousername' => 'gh_6ace08fd00cf',
    'fromusername' => 'oIP0X0g5j5OmrQEgSHLTECZbCFHw',
    'createtime' => '1526387214',
    'msgtype' => 'event',
    'event' => 'VIEW',
    'eventkey' => 'http://orderamz.oneap.net/app/index.php?i=2&c=entry&eid=15',
    'menuid' => '813904688',
    'from' => 'oIP0X0g5j5OmrQEgSHLTECZbCFHw',
    'to' => 'gh_6ace08fd00cf',
    'time' => '1526387214',
    'type' => 'text',
    'content' => 'http://orderamz.oneap.net/app/index.php?i=2&c=entry&eid=15',
    'redirection' => true,
    'source' => 'VIEW',
  ),
)

2018-05-15 20:26:54 response :
------------

2018-05-15 20:34:51 trace :
------------
String:
<xml><ToUserName><![CDATA[gh_6ace08fd00cf]]></ToUserName>
<FromUserName><![CDATA[oIP0X0g5j5OmrQEgSHLTECZbCFHw]]></FromUserName>
<CreateTime>1526387691</CreateTime>
<MsgType><![CDATA[event]]></MsgType>
<Event><![CDATA[VIEW]]></Event>
<EventKey><![CDATA[http://orderamz.oneap.net/app/index.php?i=2&c=entry&eid=15]]></EventKey>
<MenuId>813904688</MenuId>
</xml>

2018-05-15 20:34:51 params :
------------
String:
array (
  'rule' => -2,
  'module' => '',
  'message' => 
  array (
    'tousername' => 'gh_6ace08fd00cf',
    'fromusername' => 'oIP0X0g5j5OmrQEgSHLTECZbCFHw',
    'createtime' => '1526387691',
    'msgtype' => 'event',
    'event' => 'VIEW',
    'eventkey' => 'http://orderamz.oneap.net/app/index.php?i=2&c=entry&eid=15',
    'menuid' => '813904688',
    'from' => 'oIP0X0g5j5OmrQEgSHLTECZbCFHw',
    'to' => 'gh_6ace08fd00cf',
    'time' => '1526387691',
    'type' => 'text',
    'content' => 'http://orderamz.oneap.net/app/index.php?i=2&c=entry&eid=15',
    'redirection' => true,
    'source' => 'VIEW',
  ),
)

2018-05-15 20:34:51 response :
------------

2018-05-15 20:36:14 trace :
------------
String:
<xml><ToUserName><![CDATA[gh_6ace08fd00cf]]></ToUserName>
<FromUserName><![CDATA[oIP0X0g5j5OmrQEgSHLTECZbCFHw]]></FromUserName>
<CreateTime>1526387774</CreateTime>
<MsgType><![CDATA[event]]></MsgType>
<Event><![CDATA[VIEW]]></Event>
<EventKey><![CDATA[http://orderamz.oneap.net/app/index.php?i=2&c=entry&eid=15]]></EventKey>
<MenuId>813904688</MenuId>
</xml>

2018-05-15 20:36:14 params :
------------
String:
array (
  'rule' => -2,
  'module' => '',
  'message' => 
  array (
    'tousername' => 'gh_6ace08fd00cf',
    'fromusername' => 'oIP0X0g5j5OmrQEgSHLTECZbCFHw',
    'createtime' => '1526387774',
    'msgtype' => 'event',
    'event' => 'VIEW',
    'eventkey' => 'http://orderamz.oneap.net/app/index.php?i=2&c=entry&eid=15',
    'menuid' => '813904688',
    'from' => 'oIP0X0g5j5OmrQEgSHLTECZbCFHw',
    'to' => 'gh_6ace08fd00cf',
    'time' => '1526387774',
    'type' => 'text',
    'content' => 'http://orderamz.oneap.net/app/index.php?i=2&c=entry&eid=15',
    'redirection' => true,
    'source' => 'VIEW',
  ),
)

2018-05-15 20:36:14 response :
------------

2018-05-15 20:56:36 trace :
------------
String:
<xml><ToUserName><![CDATA[gh_6ace08fd00cf]]></ToUserName>
<FromUserName><![CDATA[oIP0X0nRmf4w6LhtWw_cwGj7NlyA]]></FromUserName>
<CreateTime>1526388995</CreateTime>
<MsgType><![CDATA[event]]></MsgType>
<Event><![CDATA[VIEW]]></Event>
<EventKey><![CDATA[http://orderamz.oneap.net/app/index.php?i=2&c=entry&eid=15]]></EventKey>
<MenuId>813904688</MenuId>
</xml>

2018-05-15 20:56:36 params :
------------
String:
array (
  'rule' => -2,
  'module' => '',
  'message' => 
  array (
    'tousername' => 'gh_6ace08fd00cf',
    'fromusername' => 'oIP0X0nRmf4w6LhtWw_cwGj7NlyA',
    'createtime' => '1526388995',
    'msgtype' => 'event',
    'event' => 'VIEW',
    'eventkey' => 'http://orderamz.oneap.net/app/index.php?i=2&c=entry&eid=15',
    'menuid' => '813904688',
    'from' => 'oIP0X0nRmf4w6LhtWw_cwGj7NlyA',
    'to' => 'gh_6ace08fd00cf',
    'time' => '1526388995',
    'type' => 'text',
    'content' => 'http://orderamz.oneap.net/app/index.php?i=2&c=entry&eid=15',
    'redirection' => true,
    'source' => 'VIEW',
  ),
)

2018-05-15 20:56:36 response :
------------

2018-05-15 20:58:24 trace :
------------
String:
<xml><ToUserName><![CDATA[gh_6ace08fd00cf]]></ToUserName>
<FromUserName><![CDATA[oIP0X0nRmf4w6LhtWw_cwGj7NlyA]]></FromUserName>
<CreateTime>1526389104</CreateTime>
<MsgType><![CDATA[event]]></MsgType>
<Event><![CDATA[TEMPLATESENDJOBFINISH]]></Event>
<MsgID>281804093763207168</MsgID>
<Status><![CDATA[success]]></Status>
</xml>

2018-05-15 20:58:24 params :
------------
String:
array (
  'rule' => -2,
  'module' => '',
  'message' => 
  array (
    'tousername' => 'gh_6ace08fd00cf',
    'fromusername' => 'oIP0X0nRmf4w6LhtWw_cwGj7NlyA',
    'createtime' => '1526389104',
    'msgtype' => 'event',
    'event' => 'TEMPLATESENDJOBFINISH',
    'msgid' => '281804093763207168',
    'status' => 'success',
    'from' => 'oIP0X0nRmf4w6LhtWw_cwGj7NlyA',
    'to' => 'gh_6ace08fd00cf',
    'time' => '1526389104',
    'type' => 'event',
  ),
)

2018-05-15 20:58:24 response :
------------

