2018-02-08 09:28:36 trace :
------------
String:
<xml><ToUserName><![CDATA[gh_7bcd94754b84]]></ToUserName>
<FromUserName><![CDATA[o01Wu01-zSLzut3cB22KEbJ3JxzY]]></FromUserName>
<CreateTime>1518053488</CreateTime>
<MsgType><![CDATA[event]]></MsgType>
<Event><![CDATA[VIEW]]></Event>
<EventKey><![CDATA[http://ordernow.oneap.net/app/index.php?i=2&c=entry&eid=5]]></EventKey>
<MenuId>830669761</MenuId>
</xml>

2018-02-08 09:28:36 params :
------------
String:
array (
  'rule' => -2,
  'module' => '',
  'message' => 
  array (
    'tousername' => 'gh_7bcd94754b84',
    'fromusername' => 'o01Wu01-zSLzut3cB22KEbJ3JxzY',
    'createtime' => '1518053488',
    'msgtype' => 'event',
    'event' => 'VIEW',
    'eventkey' => 'http://ordernow.oneap.net/app/index.php?i=2&c=entry&eid=5',
    'menuid' => '830669761',
    'from' => 'o01Wu01-zSLzut3cB22KEbJ3JxzY',
    'to' => 'gh_7bcd94754b84',
    'time' => '1518053488',
    'type' => 'text',
    'content' => 'http://ordernow.oneap.net/app/index.php?i=2&c=entry&eid=5',
    'redirection' => true,
    'source' => 'VIEW',
  ),
)

2018-02-08 09:28:36 response :
------------

2018-02-08 09:29:20 pay :
------------
String:
array (
  'appid' => 'wx6e79d28ccc2a8c05',
  'attach' => '2',
  'bank_type' => 'CFT',
  'cash_fee' => '200',
  'fee_type' => 'CNY',
  'is_subscribe' => 'Y',
  'mch_id' => '1490957872',
  'nonce_str' => 'OK6Py8vW',
  'openid' => 'o01Wu01-zSLzut3cB22KEbJ3JxzY',
  'out_trade_no' => '2018020809290600001263271114',
  'result_code' => 'SUCCESS',
  'return_code' => 'SUCCESS',
  'sign' => '85A08E607836386D1B209E5AFF59C0E4',
  'time_end' => '20180208093213',
  'total_fee' => '200',
  'trade_type' => 'JSAPI',
  'transaction_id' => '4200000068201802089242188251',
)

2018-02-08 09:29:21 trace :
------------
String:
<xml><ToUserName><![CDATA[gh_7bcd94754b84]]></ToUserName>
<FromUserName><![CDATA[o01Wu01-zSLzut3cB22KEbJ3JxzY]]></FromUserName>
<CreateTime>1518053533</CreateTime>
<MsgType><![CDATA[event]]></MsgType>
<Event><![CDATA[TEMPLATESENDJOBFINISH]]></Event>
<MsgID>141956430239481856</MsgID>
<Status><![CDATA[success]]></Status>
</xml>

2018-02-08 09:29:21 params :
------------
String:
array (
  'rule' => -2,
  'module' => '',
  'message' => 
  array (
    'tousername' => 'gh_7bcd94754b84',
    'fromusername' => 'o01Wu01-zSLzut3cB22KEbJ3JxzY',
    'createtime' => '1518053533',
    'msgtype' => 'event',
    'event' => 'TEMPLATESENDJOBFINISH',
    'msgid' => '141956430239481856',
    'status' => 'success',
    'from' => 'o01Wu01-zSLzut3cB22KEbJ3JxzY',
    'to' => 'gh_7bcd94754b84',
    'time' => '1518053533',
    'type' => 'event',
  ),
)

2018-02-08 09:29:21 response :
------------

2018-02-08 09:29:22 trace :
------------
String:
<xml><ToUserName><![CDATA[gh_7bcd94754b84]]></ToUserName>
<FromUserName><![CDATA[o01Wu09x8WFY1ZBV-HAf-R-a3ytI]]></FromUserName>
<CreateTime>1518053534</CreateTime>
<MsgType><![CDATA[event]]></MsgType>
<Event><![CDATA[TEMPLATESENDJOBFINISH]]></Event>
<MsgID>141956449315192834</MsgID>
<Status><![CDATA[success]]></Status>
</xml>

2018-02-08 09:29:22 params :
------------
String:
array (
  'rule' => -2,
  'module' => '',
  'message' => 
  array (
    'tousername' => 'gh_7bcd94754b84',
    'fromusername' => 'o01Wu09x8WFY1ZBV-HAf-R-a3ytI',
    'createtime' => '1518053534',
    'msgtype' => 'event',
    'event' => 'TEMPLATESENDJOBFINISH',
    'msgid' => '141956449315192834',
    'status' => 'success',
    'from' => 'o01Wu09x8WFY1ZBV-HAf-R-a3ytI',
    'to' => 'gh_7bcd94754b84',
    'time' => '1518053534',
    'type' => 'event',
  ),
)

2018-02-08 09:29:22 response :
------------

2018-02-08 09:29:37 pay :
------------
String:
array (
  'appid' => 'wx6e79d28ccc2a8c05',
  'attach' => '2',
  'bank_type' => 'CFT',
  'cash_fee' => '200',
  'fee_type' => 'CNY',
  'is_subscribe' => 'Y',
  'mch_id' => '1490957872',
  'nonce_str' => 'OK6Py8vW',
  'openid' => 'o01Wu01-zSLzut3cB22KEbJ3JxzY',
  'out_trade_no' => '2018020809290600001263271114',
  'result_code' => 'SUCCESS',
  'return_code' => 'SUCCESS',
  'sign' => '85A08E607836386D1B209E5AFF59C0E4',
  'time_end' => '20180208093213',
  'total_fee' => '200',
  'trade_type' => 'JSAPI',
  'transaction_id' => '4200000068201802089242188251',
)

2018-02-08 09:29:55 pay :
------------
String:
array (
  'appid' => 'wx6e79d28ccc2a8c05',
  'attach' => '2',
  'bank_type' => 'CFT',
  'cash_fee' => '200',
  'fee_type' => 'CNY',
  'is_subscribe' => 'Y',
  'mch_id' => '1490957872',
  'nonce_str' => 'OK6Py8vW',
  'openid' => 'o01Wu01-zSLzut3cB22KEbJ3JxzY',
  'out_trade_no' => '2018020809290600001263271114',
  'result_code' => 'SUCCESS',
  'return_code' => 'SUCCESS',
  'sign' => '85A08E607836386D1B209E5AFF59C0E4',
  'time_end' => '20180208093213',
  'total_fee' => '200',
  'trade_type' => 'JSAPI',
  'transaction_id' => '4200000068201802089242188251',
)

2018-02-08 09:30:26 pay :
------------
String:
array (
  'appid' => 'wx6e79d28ccc2a8c05',
  'attach' => '2',
  'bank_type' => 'CFT',
  'cash_fee' => '200',
  'fee_type' => 'CNY',
  'is_subscribe' => 'Y',
  'mch_id' => '1490957872',
  'nonce_str' => 'OK6Py8vW',
  'openid' => 'o01Wu01-zSLzut3cB22KEbJ3JxzY',
  'out_trade_no' => '2018020809290600001263271114',
  'result_code' => 'SUCCESS',
  'return_code' => 'SUCCESS',
  'sign' => '85A08E607836386D1B209E5AFF59C0E4',
  'time_end' => '20180208093213',
  'total_fee' => '200',
  'trade_type' => 'JSAPI',
  'transaction_id' => '4200000068201802089242188251',
)

2018-02-08 09:33:28 pay :
------------
String:
array (
  'appid' => 'wx6e79d28ccc2a8c05',
  'attach' => '2',
  'bank_type' => 'CFT',
  'cash_fee' => '200',
  'fee_type' => 'CNY',
  'is_subscribe' => 'Y',
  'mch_id' => '1490957872',
  'nonce_str' => 'OK6Py8vW',
  'openid' => 'o01Wu01-zSLzut3cB22KEbJ3JxzY',
  'out_trade_no' => '2018020809290600001263271114',
  'result_code' => 'SUCCESS',
  'return_code' => 'SUCCESS',
  'sign' => '85A08E607836386D1B209E5AFF59C0E4',
  'time_end' => '20180208093213',
  'total_fee' => '200',
  'trade_type' => 'JSAPI',
  'transaction_id' => '4200000068201802089242188251',
)

2018-02-08 10:03:29 pay :
------------
String:
array (
  'appid' => 'wx6e79d28ccc2a8c05',
  'attach' => '2',
  'bank_type' => 'CFT',
  'cash_fee' => '200',
  'fee_type' => 'CNY',
  'is_subscribe' => 'Y',
  'mch_id' => '1490957872',
  'nonce_str' => 'OK6Py8vW',
  'openid' => 'o01Wu01-zSLzut3cB22KEbJ3JxzY',
  'out_trade_no' => '2018020809290600001263271114',
  'result_code' => 'SUCCESS',
  'return_code' => 'SUCCESS',
  'sign' => '85A08E607836386D1B209E5AFF59C0E4',
  'time_end' => '20180208093213',
  'total_fee' => '200',
  'trade_type' => 'JSAPI',
  'transaction_id' => '4200000068201802089242188251',
)

2018-02-08 10:33:30 pay :
------------
String:
array (
  'appid' => 'wx6e79d28ccc2a8c05',
  'attach' => '2',
  'bank_type' => 'CFT',
  'cash_fee' => '200',
  'fee_type' => 'CNY',
  'is_subscribe' => 'Y',
  'mch_id' => '1490957872',
  'nonce_str' => 'OK6Py8vW',
  'openid' => 'o01Wu01-zSLzut3cB22KEbJ3JxzY',
  'out_trade_no' => '2018020809290600001263271114',
  'result_code' => 'SUCCESS',
  'return_code' => 'SUCCESS',
  'sign' => '85A08E607836386D1B209E5AFF59C0E4',
  'time_end' => '20180208093213',
  'total_fee' => '200',
  'trade_type' => 'JSAPI',
  'transaction_id' => '4200000068201802089242188251',
)

2018-02-08 11:03:33 pay :
------------
String:
array (
  'appid' => 'wx6e79d28ccc2a8c05',
  'attach' => '2',
  'bank_type' => 'CFT',
  'cash_fee' => '200',
  'fee_type' => 'CNY',
  'is_subscribe' => 'Y',
  'mch_id' => '1490957872',
  'nonce_str' => 'OK6Py8vW',
  'openid' => 'o01Wu01-zSLzut3cB22KEbJ3JxzY',
  'out_trade_no' => '2018020809290600001263271114',
  'result_code' => 'SUCCESS',
  'return_code' => 'SUCCESS',
  'sign' => '85A08E607836386D1B209E5AFF59C0E4',
  'time_end' => '20180208093213',
  'total_fee' => '200',
  'trade_type' => 'JSAPI',
  'transaction_id' => '4200000068201802089242188251',
)

2018-02-08 11:33:35 pay :
------------
String:
array (
  'appid' => 'wx6e79d28ccc2a8c05',
  'attach' => '2',
  'bank_type' => 'CFT',
  'cash_fee' => '200',
  'fee_type' => 'CNY',
  'is_subscribe' => 'Y',
  'mch_id' => '1490957872',
  'nonce_str' => 'OK6Py8vW',
  'openid' => 'o01Wu01-zSLzut3cB22KEbJ3JxzY',
  'out_trade_no' => '2018020809290600001263271114',
  'result_code' => 'SUCCESS',
  'return_code' => 'SUCCESS',
  'sign' => '85A08E607836386D1B209E5AFF59C0E4',
  'time_end' => '20180208093213',
  'total_fee' => '200',
  'trade_type' => 'JSAPI',
  'transaction_id' => '4200000068201802089242188251',
)

2018-02-08 12:33:36 pay :
------------
String:
array (
  'appid' => 'wx6e79d28ccc2a8c05',
  'attach' => '2',
  'bank_type' => 'CFT',
  'cash_fee' => '200',
  'fee_type' => 'CNY',
  'is_subscribe' => 'Y',
  'mch_id' => '1490957872',
  'nonce_str' => 'OK6Py8vW',
  'openid' => 'o01Wu01-zSLzut3cB22KEbJ3JxzY',
  'out_trade_no' => '2018020809290600001263271114',
  'result_code' => 'SUCCESS',
  'return_code' => 'SUCCESS',
  'sign' => '85A08E607836386D1B209E5AFF59C0E4',
  'time_end' => '20180208093213',
  'total_fee' => '200',
  'trade_type' => 'JSAPI',
  'transaction_id' => '4200000068201802089242188251',
)

