2018-02-19 00:22:16 pay :
------------
String:
array (
  'appid' => 'wx6e79d28ccc2a8c05',
  'attach' => '2',
  'bank_type' => 'CFT',
  'cash_fee' => '100',
  'fee_type' => 'CNY',
  'is_subscribe' => 'Y',
  'mch_id' => '1490957872',
  'nonce_str' => 'SJSKpVvj',
  'openid' => 'o01Wu01-zSLzut3cB22KEbJ3JxzY',
  'out_trade_no' => '2018021823175100001240105924',
  'result_code' => 'SUCCESS',
  'return_code' => 'SUCCESS',
  'sign' => '127D0DFAD0C1F22DD043C7656ECC746D',
  'time_end' => '20180218232125',
  'total_fee' => '100',
  'trade_type' => 'JSAPI',
  'transaction_id' => '4200000065201802184645793719',
)

2018-02-19 00:52:18 pay :
------------
String:
array (
  'appid' => 'wx6e79d28ccc2a8c05',
  'attach' => '2',
  'bank_type' => 'CFT',
  'cash_fee' => '100',
  'fee_type' => 'CNY',
  'is_subscribe' => 'Y',
  'mch_id' => '1490957872',
  'nonce_str' => 'SJSKpVvj',
  'openid' => 'o01Wu01-zSLzut3cB22KEbJ3JxzY',
  'out_trade_no' => '2018021823175100001240105924',
  'result_code' => 'SUCCESS',
  'return_code' => 'SUCCESS',
  'sign' => '127D0DFAD0C1F22DD043C7656ECC746D',
  'time_end' => '20180218232125',
  'total_fee' => '100',
  'trade_type' => 'JSAPI',
  'transaction_id' => '4200000065201802184645793719',
)

2018-02-19 01:22:19 pay :
------------
String:
array (
  'appid' => 'wx6e79d28ccc2a8c05',
  'attach' => '2',
  'bank_type' => 'CFT',
  'cash_fee' => '100',
  'fee_type' => 'CNY',
  'is_subscribe' => 'Y',
  'mch_id' => '1490957872',
  'nonce_str' => 'SJSKpVvj',
  'openid' => 'o01Wu01-zSLzut3cB22KEbJ3JxzY',
  'out_trade_no' => '2018021823175100001240105924',
  'result_code' => 'SUCCESS',
  'return_code' => 'SUCCESS',
  'sign' => '127D0DFAD0C1F22DD043C7656ECC746D',
  'time_end' => '20180218232125',
  'total_fee' => '100',
  'trade_type' => 'JSAPI',
  'transaction_id' => '4200000065201802184645793719',
)

2018-02-19 02:22:19 pay :
------------
String:
array (
  'appid' => 'wx6e79d28ccc2a8c05',
  'attach' => '2',
  'bank_type' => 'CFT',
  'cash_fee' => '100',
  'fee_type' => 'CNY',
  'is_subscribe' => 'Y',
  'mch_id' => '1490957872',
  'nonce_str' => 'SJSKpVvj',
  'openid' => 'o01Wu01-zSLzut3cB22KEbJ3JxzY',
  'out_trade_no' => '2018021823175100001240105924',
  'result_code' => 'SUCCESS',
  'return_code' => 'SUCCESS',
  'sign' => '127D0DFAD0C1F22DD043C7656ECC746D',
  'time_end' => '20180218232125',
  'total_fee' => '100',
  'trade_type' => 'JSAPI',
  'transaction_id' => '4200000065201802184645793719',
)

2018-02-19 12:39:27 trace :
------------
String:
<xml><ToUserName><![CDATA[gh_7bcd94754b84]]></ToUserName>
<FromUserName><![CDATA[o01Wu01-zSLzut3cB22KEbJ3JxzY]]></FromUserName>
<CreateTime>1519015370</CreateTime>
<MsgType><![CDATA[event]]></MsgType>
<Event><![CDATA[VIEW]]></Event>
<EventKey><![CDATA[http://ordernow.oneap.net/app/index.php?i=2&c=entry&eid=5]]></EventKey>
<MenuId>830669761</MenuId>
</xml>

2018-02-19 12:39:27 params :
------------
String:
array (
  'rule' => -2,
  'module' => '',
  'message' => 
  array (
    'tousername' => 'gh_7bcd94754b84',
    'fromusername' => 'o01Wu01-zSLzut3cB22KEbJ3JxzY',
    'createtime' => '1519015370',
    'msgtype' => 'event',
    'event' => 'VIEW',
    'eventkey' => 'http://ordernow.oneap.net/app/index.php?i=2&c=entry&eid=5',
    'menuid' => '830669761',
    'from' => 'o01Wu01-zSLzut3cB22KEbJ3JxzY',
    'to' => 'gh_7bcd94754b84',
    'time' => '1519015370',
    'type' => 'text',
    'content' => 'http://ordernow.oneap.net/app/index.php?i=2&c=entry&eid=5',
    'redirection' => true,
    'source' => 'VIEW',
  ),
)

2018-02-19 12:39:27 response :
------------

2018-02-19 12:40:38 pay :
------------
String:
array (
  'appid' => 'wx6e79d28ccc2a8c05',
  'attach' => '2',
  'bank_type' => 'CFT',
  'cash_fee' => '100',
  'fee_type' => 'CNY',
  'is_subscribe' => 'Y',
  'mch_id' => '1490957872',
  'nonce_str' => 'svq8z8PQ',
  'openid' => 'o01Wu01-zSLzut3cB22KEbJ3JxzY',
  'out_trade_no' => '2018021912402400001250460986',
  'result_code' => 'SUCCESS',
  'return_code' => 'SUCCESS',
  'sign' => 'A141BC146A3E0FFD74DDFF5CF0CDDC20',
  'time_end' => '20180219124401',
  'total_fee' => '100',
  'trade_type' => 'JSAPI',
  'transaction_id' => '4200000075201802194804924216',
)

2018-02-19 12:40:38 trace :
------------
String:
<xml><ToUserName><![CDATA[gh_7bcd94754b84]]></ToUserName>
<FromUserName><![CDATA[o01Wu01-zSLzut3cB22KEbJ3JxzY]]></FromUserName>
<CreateTime>1519015441</CreateTime>
<MsgType><![CDATA[event]]></MsgType>
<Event><![CDATA[TEMPLATESENDJOBFINISH]]></Event>
<MsgID>158094571614617600</MsgID>
<Status><![CDATA[success]]></Status>
</xml>

2018-02-19 12:40:38 params :
------------
String:
array (
  'rule' => -2,
  'module' => '',
  'message' => 
  array (
    'tousername' => 'gh_7bcd94754b84',
    'fromusername' => 'o01Wu01-zSLzut3cB22KEbJ3JxzY',
    'createtime' => '1519015441',
    'msgtype' => 'event',
    'event' => 'TEMPLATESENDJOBFINISH',
    'msgid' => '158094571614617600',
    'status' => 'success',
    'from' => 'o01Wu01-zSLzut3cB22KEbJ3JxzY',
    'to' => 'gh_7bcd94754b84',
    'time' => '1519015441',
    'type' => 'event',
  ),
)

2018-02-19 12:40:38 response :
------------

2018-02-19 12:40:40 trace :
------------
String:
<xml><ToUserName><![CDATA[gh_7bcd94754b84]]></ToUserName>
<FromUserName><![CDATA[o01Wu09x8WFY1ZBV-HAf-R-a3ytI]]></FromUserName>
<CreateTime>1519015443</CreateTime>
<MsgType><![CDATA[event]]></MsgType>
<Event><![CDATA[TEMPLATESENDJOBFINISH]]></Event>
<MsgID>158094591025872896</MsgID>
<Status><![CDATA[success]]></Status>
</xml>

2018-02-19 12:40:40 params :
------------
String:
array (
  'rule' => -2,
  'module' => '',
  'message' => 
  array (
    'tousername' => 'gh_7bcd94754b84',
    'fromusername' => 'o01Wu09x8WFY1ZBV-HAf-R-a3ytI',
    'createtime' => '1519015443',
    'msgtype' => 'event',
    'event' => 'TEMPLATESENDJOBFINISH',
    'msgid' => '158094591025872896',
    'status' => 'success',
    'from' => 'o01Wu09x8WFY1ZBV-HAf-R-a3ytI',
    'to' => 'gh_7bcd94754b84',
    'time' => '1519015443',
    'type' => 'event',
  ),
)

2018-02-19 12:40:40 response :
------------

2018-02-19 12:40:54 pay :
------------
String:
array (
  'appid' => 'wx6e79d28ccc2a8c05',
  'attach' => '2',
  'bank_type' => 'CFT',
  'cash_fee' => '100',
  'fee_type' => 'CNY',
  'is_subscribe' => 'Y',
  'mch_id' => '1490957872',
  'nonce_str' => 'svq8z8PQ',
  'openid' => 'o01Wu01-zSLzut3cB22KEbJ3JxzY',
  'out_trade_no' => '2018021912402400001250460986',
  'result_code' => 'SUCCESS',
  'return_code' => 'SUCCESS',
  'sign' => 'A141BC146A3E0FFD74DDFF5CF0CDDC20',
  'time_end' => '20180219124401',
  'total_fee' => '100',
  'trade_type' => 'JSAPI',
  'transaction_id' => '4200000075201802194804924216',
)

2018-02-19 12:41:11 pay :
------------
String:
array (
  'appid' => 'wx6e79d28ccc2a8c05',
  'attach' => '2',
  'bank_type' => 'CFT',
  'cash_fee' => '100',
  'fee_type' => 'CNY',
  'is_subscribe' => 'Y',
  'mch_id' => '1490957872',
  'nonce_str' => 'svq8z8PQ',
  'openid' => 'o01Wu01-zSLzut3cB22KEbJ3JxzY',
  'out_trade_no' => '2018021912402400001250460986',
  'result_code' => 'SUCCESS',
  'return_code' => 'SUCCESS',
  'sign' => 'A141BC146A3E0FFD74DDFF5CF0CDDC20',
  'time_end' => '20180219124401',
  'total_fee' => '100',
  'trade_type' => 'JSAPI',
  'transaction_id' => '4200000075201802194804924216',
)

2018-02-19 12:41:43 pay :
------------
String:
array (
  'appid' => 'wx6e79d28ccc2a8c05',
  'attach' => '2',
  'bank_type' => 'CFT',
  'cash_fee' => '100',
  'fee_type' => 'CNY',
  'is_subscribe' => 'Y',
  'mch_id' => '1490957872',
  'nonce_str' => 'svq8z8PQ',
  'openid' => 'o01Wu01-zSLzut3cB22KEbJ3JxzY',
  'out_trade_no' => '2018021912402400001250460986',
  'result_code' => 'SUCCESS',
  'return_code' => 'SUCCESS',
  'sign' => 'A141BC146A3E0FFD74DDFF5CF0CDDC20',
  'time_end' => '20180219124401',
  'total_fee' => '100',
  'trade_type' => 'JSAPI',
  'transaction_id' => '4200000075201802194804924216',
)

2018-02-19 12:44:45 pay :
------------
String:
array (
  'appid' => 'wx6e79d28ccc2a8c05',
  'attach' => '2',
  'bank_type' => 'CFT',
  'cash_fee' => '100',
  'fee_type' => 'CNY',
  'is_subscribe' => 'Y',
  'mch_id' => '1490957872',
  'nonce_str' => 'svq8z8PQ',
  'openid' => 'o01Wu01-zSLzut3cB22KEbJ3JxzY',
  'out_trade_no' => '2018021912402400001250460986',
  'result_code' => 'SUCCESS',
  'return_code' => 'SUCCESS',
  'sign' => 'A141BC146A3E0FFD74DDFF5CF0CDDC20',
  'time_end' => '20180219124401',
  'total_fee' => '100',
  'trade_type' => 'JSAPI',
  'transaction_id' => '4200000075201802194804924216',
)

2018-02-19 13:14:47 pay :
------------
String:
array (
  'appid' => 'wx6e79d28ccc2a8c05',
  'attach' => '2',
  'bank_type' => 'CFT',
  'cash_fee' => '100',
  'fee_type' => 'CNY',
  'is_subscribe' => 'Y',
  'mch_id' => '1490957872',
  'nonce_str' => 'svq8z8PQ',
  'openid' => 'o01Wu01-zSLzut3cB22KEbJ3JxzY',
  'out_trade_no' => '2018021912402400001250460986',
  'result_code' => 'SUCCESS',
  'return_code' => 'SUCCESS',
  'sign' => 'A141BC146A3E0FFD74DDFF5CF0CDDC20',
  'time_end' => '20180219124401',
  'total_fee' => '100',
  'trade_type' => 'JSAPI',
  'transaction_id' => '4200000075201802194804924216',
)

2018-02-19 13:44:50 pay :
------------
String:
array (
  'appid' => 'wx6e79d28ccc2a8c05',
  'attach' => '2',
  'bank_type' => 'CFT',
  'cash_fee' => '100',
  'fee_type' => 'CNY',
  'is_subscribe' => 'Y',
  'mch_id' => '1490957872',
  'nonce_str' => 'svq8z8PQ',
  'openid' => 'o01Wu01-zSLzut3cB22KEbJ3JxzY',
  'out_trade_no' => '2018021912402400001250460986',
  'result_code' => 'SUCCESS',
  'return_code' => 'SUCCESS',
  'sign' => 'A141BC146A3E0FFD74DDFF5CF0CDDC20',
  'time_end' => '20180219124401',
  'total_fee' => '100',
  'trade_type' => 'JSAPI',
  'transaction_id' => '4200000075201802194804924216',
)

2018-02-19 14:14:51 pay :
------------
String:
array (
  'appid' => 'wx6e79d28ccc2a8c05',
  'attach' => '2',
  'bank_type' => 'CFT',
  'cash_fee' => '100',
  'fee_type' => 'CNY',
  'is_subscribe' => 'Y',
  'mch_id' => '1490957872',
  'nonce_str' => 'svq8z8PQ',
  'openid' => 'o01Wu01-zSLzut3cB22KEbJ3JxzY',
  'out_trade_no' => '2018021912402400001250460986',
  'result_code' => 'SUCCESS',
  'return_code' => 'SUCCESS',
  'sign' => 'A141BC146A3E0FFD74DDFF5CF0CDDC20',
  'time_end' => '20180219124401',
  'total_fee' => '100',
  'trade_type' => 'JSAPI',
  'transaction_id' => '4200000075201802194804924216',
)

2018-02-19 14:44:52 pay :
------------
String:
array (
  'appid' => 'wx6e79d28ccc2a8c05',
  'attach' => '2',
  'bank_type' => 'CFT',
  'cash_fee' => '100',
  'fee_type' => 'CNY',
  'is_subscribe' => 'Y',
  'mch_id' => '1490957872',
  'nonce_str' => 'svq8z8PQ',
  'openid' => 'o01Wu01-zSLzut3cB22KEbJ3JxzY',
  'out_trade_no' => '2018021912402400001250460986',
  'result_code' => 'SUCCESS',
  'return_code' => 'SUCCESS',
  'sign' => 'A141BC146A3E0FFD74DDFF5CF0CDDC20',
  'time_end' => '20180219124401',
  'total_fee' => '100',
  'trade_type' => 'JSAPI',
  'transaction_id' => '4200000075201802194804924216',
)

2018-02-19 15:44:54 pay :
------------
String:
array (
  'appid' => 'wx6e79d28ccc2a8c05',
  'attach' => '2',
  'bank_type' => 'CFT',
  'cash_fee' => '100',
  'fee_type' => 'CNY',
  'is_subscribe' => 'Y',
  'mch_id' => '1490957872',
  'nonce_str' => 'svq8z8PQ',
  'openid' => 'o01Wu01-zSLzut3cB22KEbJ3JxzY',
  'out_trade_no' => '2018021912402400001250460986',
  'result_code' => 'SUCCESS',
  'return_code' => 'SUCCESS',
  'sign' => 'A141BC146A3E0FFD74DDFF5CF0CDDC20',
  'time_end' => '20180219124401',
  'total_fee' => '100',
  'trade_type' => 'JSAPI',
  'transaction_id' => '4200000075201802194804924216',
)

