2018-05-28 11:17:18 trace :
------------
String:
<xml><ToUserName><![CDATA[gh_6ace08fd00cf]]></ToUserName>
<FromUserName><![CDATA[oIP0X0nRmf4w6LhtWw_cwGj7NlyA]]></FromUserName>
<CreateTime>1527477438</CreateTime>
<MsgType><![CDATA[event]]></MsgType>
<Event><![CDATA[VIEW]]></Event>
<EventKey><![CDATA[http://orderamz.oneap.net/app/index.php?i=2&c=entry&eid=3]]></EventKey>
<MenuId>813904688</MenuId>
</xml>

2018-05-28 11:17:18 params :
------------
String:
array (
  'rule' => -2,
  'module' => '',
  'message' => 
  array (
    'tousername' => 'gh_6ace08fd00cf',
    'fromusername' => 'oIP0X0nRmf4w6LhtWw_cwGj7NlyA',
    'createtime' => '1527477438',
    'msgtype' => 'event',
    'event' => 'VIEW',
    'eventkey' => 'http://orderamz.oneap.net/app/index.php?i=2&c=entry&eid=3',
    'menuid' => '813904688',
    'from' => 'oIP0X0nRmf4w6LhtWw_cwGj7NlyA',
    'to' => 'gh_6ace08fd00cf',
    'time' => '1527477438',
    'type' => 'text',
    'content' => 'http://orderamz.oneap.net/app/index.php?i=2&c=entry&eid=3',
    'redirection' => true,
    'source' => 'VIEW',
  ),
)

2018-05-28 11:17:18 response :
------------

