2018-01-24 09:41:12 trace :
------------
String:
<xml><ToUserName><![CDATA[gh_7bcd94754b84]]></ToUserName>
<FromUserName><![CDATA[o01Wu01-zSLzut3cB22KEbJ3JxzY]]></FromUserName>
<CreateTime>1516758203</CreateTime>
<MsgType><![CDATA[event]]></MsgType>
<Event><![CDATA[VIEW]]></Event>
<EventKey><![CDATA[http://ordernow.oneap.net/app/index.php?i=2&c=entry&eid=5]]></EventKey>
<MenuId>830669761</MenuId>
</xml>

2018-01-24 09:41:12 params :
------------
String:
array (
  'rule' => -2,
  'module' => '',
  'message' => 
  array (
    'tousername' => 'gh_7bcd94754b84',
    'fromusername' => 'o01Wu01-zSLzut3cB22KEbJ3JxzY',
    'createtime' => '1516758203',
    'msgtype' => 'event',
    'event' => 'VIEW',
    'eventkey' => 'http://ordernow.oneap.net/app/index.php?i=2&c=entry&eid=5',
    'menuid' => '830669761',
    'from' => 'o01Wu01-zSLzut3cB22KEbJ3JxzY',
    'to' => 'gh_7bcd94754b84',
    'time' => '1516758203',
    'type' => 'text',
    'content' => 'http://ordernow.oneap.net/app/index.php?i=2&c=entry&eid=5',
    'redirection' => true,
    'source' => 'VIEW',
  ),
)

2018-01-24 09:41:12 response :
------------

2018-01-24 09:42:08 pay :
------------
String:
array (
  'appid' => 'wx6e79d28ccc2a8c05',
  'attach' => '2',
  'bank_type' => 'CFT',
  'cash_fee' => '200',
  'fee_type' => 'CNY',
  'is_subscribe' => 'Y',
  'mch_id' => '1490957872',
  'nonce_str' => 'UjNvnmQu',
  'openid' => 'o01Wu01-zSLzut3cB22KEbJ3JxzY',
  'out_trade_no' => '2018012409415700001218469510',
  'result_code' => 'SUCCESS',
  'return_code' => 'SUCCESS',
  'sign' => '77DB53DE3953A3A83B3E3D6C8F4E8B61',
  'time_end' => '20180124094419',
  'total_fee' => '200',
  'trade_type' => 'JSAPI',
  'transaction_id' => '4200000095201801249749639210',
)

2018-01-24 09:42:08 trace :
------------
String:
<xml><ToUserName><![CDATA[gh_7bcd94754b84]]></ToUserName>
<FromUserName><![CDATA[o01Wu01-zSLzut3cB22KEbJ3JxzY]]></FromUserName>
<CreateTime>1516758260</CreateTime>
<MsgType><![CDATA[event]]></MsgType>
<Event><![CDATA[TEMPLATESENDJOBFINISH]]></Event>
<MsgID>120225346246262784</MsgID>
<Status><![CDATA[success]]></Status>
</xml>

2018-01-24 09:42:08 params :
------------
String:
array (
  'rule' => -2,
  'module' => '',
  'message' => 
  array (
    'tousername' => 'gh_7bcd94754b84',
    'fromusername' => 'o01Wu01-zSLzut3cB22KEbJ3JxzY',
    'createtime' => '1516758260',
    'msgtype' => 'event',
    'event' => 'TEMPLATESENDJOBFINISH',
    'msgid' => '120225346246262784',
    'status' => 'success',
    'from' => 'o01Wu01-zSLzut3cB22KEbJ3JxzY',
    'to' => 'gh_7bcd94754b84',
    'time' => '1516758260',
    'type' => 'event',
  ),
)

2018-01-24 09:42:08 response :
------------

2018-01-24 09:42:09 trace :
------------
String:
<xml><ToUserName><![CDATA[gh_7bcd94754b84]]></ToUserName>
<FromUserName><![CDATA[o01Wu09x8WFY1ZBV-HAf-R-a3ytI]]></FromUserName>
<CreateTime>1516758261</CreateTime>
<MsgType><![CDATA[event]]></MsgType>
<Event><![CDATA[TEMPLATESENDJOBFINISH]]></Event>
<MsgID>120225365623963651</MsgID>
<Status><![CDATA[success]]></Status>
</xml>

2018-01-24 09:42:09 params :
------------
String:
array (
  'rule' => -2,
  'module' => '',
  'message' => 
  array (
    'tousername' => 'gh_7bcd94754b84',
    'fromusername' => 'o01Wu09x8WFY1ZBV-HAf-R-a3ytI',
    'createtime' => '1516758261',
    'msgtype' => 'event',
    'event' => 'TEMPLATESENDJOBFINISH',
    'msgid' => '120225365623963651',
    'status' => 'success',
    'from' => 'o01Wu09x8WFY1ZBV-HAf-R-a3ytI',
    'to' => 'gh_7bcd94754b84',
    'time' => '1516758261',
    'type' => 'event',
  ),
)

2018-01-24 09:42:09 response :
------------

2018-01-24 09:42:22 pay :
------------
String:
array (
  'appid' => 'wx6e79d28ccc2a8c05',
  'attach' => '2',
  'bank_type' => 'CFT',
  'cash_fee' => '200',
  'fee_type' => 'CNY',
  'is_subscribe' => 'Y',
  'mch_id' => '1490957872',
  'nonce_str' => 'UjNvnmQu',
  'openid' => 'o01Wu01-zSLzut3cB22KEbJ3JxzY',
  'out_trade_no' => '2018012409415700001218469510',
  'result_code' => 'SUCCESS',
  'return_code' => 'SUCCESS',
  'sign' => '77DB53DE3953A3A83B3E3D6C8F4E8B61',
  'time_end' => '20180124094419',
  'total_fee' => '200',
  'trade_type' => 'JSAPI',
  'transaction_id' => '4200000095201801249749639210',
)

2018-01-24 09:42:39 pay :
------------
String:
array (
  'appid' => 'wx6e79d28ccc2a8c05',
  'attach' => '2',
  'bank_type' => 'CFT',
  'cash_fee' => '200',
  'fee_type' => 'CNY',
  'is_subscribe' => 'Y',
  'mch_id' => '1490957872',
  'nonce_str' => 'UjNvnmQu',
  'openid' => 'o01Wu01-zSLzut3cB22KEbJ3JxzY',
  'out_trade_no' => '2018012409415700001218469510',
  'result_code' => 'SUCCESS',
  'return_code' => 'SUCCESS',
  'sign' => '77DB53DE3953A3A83B3E3D6C8F4E8B61',
  'time_end' => '20180124094419',
  'total_fee' => '200',
  'trade_type' => 'JSAPI',
  'transaction_id' => '4200000095201801249749639210',
)

2018-01-24 09:43:11 pay :
------------
String:
array (
  'appid' => 'wx6e79d28ccc2a8c05',
  'attach' => '2',
  'bank_type' => 'CFT',
  'cash_fee' => '200',
  'fee_type' => 'CNY',
  'is_subscribe' => 'Y',
  'mch_id' => '1490957872',
  'nonce_str' => 'UjNvnmQu',
  'openid' => 'o01Wu01-zSLzut3cB22KEbJ3JxzY',
  'out_trade_no' => '2018012409415700001218469510',
  'result_code' => 'SUCCESS',
  'return_code' => 'SUCCESS',
  'sign' => '77DB53DE3953A3A83B3E3D6C8F4E8B61',
  'time_end' => '20180124094419',
  'total_fee' => '200',
  'trade_type' => 'JSAPI',
  'transaction_id' => '4200000095201801249749639210',
)

2018-01-24 09:46:12 pay :
------------
String:
array (
  'appid' => 'wx6e79d28ccc2a8c05',
  'attach' => '2',
  'bank_type' => 'CFT',
  'cash_fee' => '200',
  'fee_type' => 'CNY',
  'is_subscribe' => 'Y',
  'mch_id' => '1490957872',
  'nonce_str' => 'UjNvnmQu',
  'openid' => 'o01Wu01-zSLzut3cB22KEbJ3JxzY',
  'out_trade_no' => '2018012409415700001218469510',
  'result_code' => 'SUCCESS',
  'return_code' => 'SUCCESS',
  'sign' => '77DB53DE3953A3A83B3E3D6C8F4E8B61',
  'time_end' => '20180124094419',
  'total_fee' => '200',
  'trade_type' => 'JSAPI',
  'transaction_id' => '4200000095201801249749639210',
)

2018-01-24 10:16:14 pay :
------------
String:
array (
  'appid' => 'wx6e79d28ccc2a8c05',
  'attach' => '2',
  'bank_type' => 'CFT',
  'cash_fee' => '200',
  'fee_type' => 'CNY',
  'is_subscribe' => 'Y',
  'mch_id' => '1490957872',
  'nonce_str' => 'UjNvnmQu',
  'openid' => 'o01Wu01-zSLzut3cB22KEbJ3JxzY',
  'out_trade_no' => '2018012409415700001218469510',
  'result_code' => 'SUCCESS',
  'return_code' => 'SUCCESS',
  'sign' => '77DB53DE3953A3A83B3E3D6C8F4E8B61',
  'time_end' => '20180124094419',
  'total_fee' => '200',
  'trade_type' => 'JSAPI',
  'transaction_id' => '4200000095201801249749639210',
)

2018-01-24 10:46:17 pay :
------------
String:
array (
  'appid' => 'wx6e79d28ccc2a8c05',
  'attach' => '2',
  'bank_type' => 'CFT',
  'cash_fee' => '200',
  'fee_type' => 'CNY',
  'is_subscribe' => 'Y',
  'mch_id' => '1490957872',
  'nonce_str' => 'UjNvnmQu',
  'openid' => 'o01Wu01-zSLzut3cB22KEbJ3JxzY',
  'out_trade_no' => '2018012409415700001218469510',
  'result_code' => 'SUCCESS',
  'return_code' => 'SUCCESS',
  'sign' => '77DB53DE3953A3A83B3E3D6C8F4E8B61',
  'time_end' => '20180124094419',
  'total_fee' => '200',
  'trade_type' => 'JSAPI',
  'transaction_id' => '4200000095201801249749639210',
)

2018-01-24 11:16:20 pay :
------------
String:
array (
  'appid' => 'wx6e79d28ccc2a8c05',
  'attach' => '2',
  'bank_type' => 'CFT',
  'cash_fee' => '200',
  'fee_type' => 'CNY',
  'is_subscribe' => 'Y',
  'mch_id' => '1490957872',
  'nonce_str' => 'UjNvnmQu',
  'openid' => 'o01Wu01-zSLzut3cB22KEbJ3JxzY',
  'out_trade_no' => '2018012409415700001218469510',
  'result_code' => 'SUCCESS',
  'return_code' => 'SUCCESS',
  'sign' => '77DB53DE3953A3A83B3E3D6C8F4E8B61',
  'time_end' => '20180124094419',
  'total_fee' => '200',
  'trade_type' => 'JSAPI',
  'transaction_id' => '4200000095201801249749639210',
)

2018-01-24 11:46:23 pay :
------------
String:
array (
  'appid' => 'wx6e79d28ccc2a8c05',
  'attach' => '2',
  'bank_type' => 'CFT',
  'cash_fee' => '200',
  'fee_type' => 'CNY',
  'is_subscribe' => 'Y',
  'mch_id' => '1490957872',
  'nonce_str' => 'UjNvnmQu',
  'openid' => 'o01Wu01-zSLzut3cB22KEbJ3JxzY',
  'out_trade_no' => '2018012409415700001218469510',
  'result_code' => 'SUCCESS',
  'return_code' => 'SUCCESS',
  'sign' => '77DB53DE3953A3A83B3E3D6C8F4E8B61',
  'time_end' => '20180124094419',
  'total_fee' => '200',
  'trade_type' => 'JSAPI',
  'transaction_id' => '4200000095201801249749639210',
)

2018-01-24 12:46:26 pay :
------------
String:
array (
  'appid' => 'wx6e79d28ccc2a8c05',
  'attach' => '2',
  'bank_type' => 'CFT',
  'cash_fee' => '200',
  'fee_type' => 'CNY',
  'is_subscribe' => 'Y',
  'mch_id' => '1490957872',
  'nonce_str' => 'UjNvnmQu',
  'openid' => 'o01Wu01-zSLzut3cB22KEbJ3JxzY',
  'out_trade_no' => '2018012409415700001218469510',
  'result_code' => 'SUCCESS',
  'return_code' => 'SUCCESS',
  'sign' => '77DB53DE3953A3A83B3E3D6C8F4E8B61',
  'time_end' => '20180124094419',
  'total_fee' => '200',
  'trade_type' => 'JSAPI',
  'transaction_id' => '4200000095201801249749639210',
)

