2018-01-30 10:26:20 trace :
------------
String:
<xml><ToUserName><![CDATA[gh_7bcd94754b84]]></ToUserName>
<FromUserName><![CDATA[o01Wu01-zSLzut3cB22KEbJ3JxzY]]></FromUserName>
<CreateTime>1517279328</CreateTime>
<MsgType><![CDATA[event]]></MsgType>
<Event><![CDATA[VIEW]]></Event>
<EventKey><![CDATA[http://ordernow.oneap.net/app/index.php?i=2&c=entry&eid=5]]></EventKey>
<MenuId>830669761</MenuId>
</xml>

2018-01-30 10:26:20 params :
------------
String:
array (
  'rule' => -2,
  'module' => '',
  'message' => 
  array (
    'tousername' => 'gh_7bcd94754b84',
    'fromusername' => 'o01Wu01-zSLzut3cB22KEbJ3JxzY',
    'createtime' => '1517279328',
    'msgtype' => 'event',
    'event' => 'VIEW',
    'eventkey' => 'http://ordernow.oneap.net/app/index.php?i=2&c=entry&eid=5',
    'menuid' => '830669761',
    'from' => 'o01Wu01-zSLzut3cB22KEbJ3JxzY',
    'to' => 'gh_7bcd94754b84',
    'time' => '1517279328',
    'type' => 'text',
    'content' => 'http://ordernow.oneap.net/app/index.php?i=2&c=entry&eid=5',
    'redirection' => true,
    'source' => 'VIEW',
  ),
)

2018-01-30 10:26:20 response :
------------

2018-01-30 10:27:30 pay :
------------
String:
array (
  'appid' => 'wx6e79d28ccc2a8c05',
  'attach' => '2',
  'bank_type' => 'CFT',
  'cash_fee' => '200',
  'fee_type' => 'CNY',
  'is_subscribe' => 'Y',
  'mch_id' => '1490957872',
  'nonce_str' => 'dk1d8l85',
  'openid' => 'o01Wu01-zSLzut3cB22KEbJ3JxzY',
  'out_trade_no' => '2018013010271800001202780887',
  'result_code' => 'SUCCESS',
  'return_code' => 'SUCCESS',
  'sign' => '442F2A3155C74089996708B5539E3BF4',
  'time_end' => '20180130102958',
  'total_fee' => '200',
  'trade_type' => 'JSAPI',
  'transaction_id' => '4200000084201801303444241509',
)

2018-01-30 10:27:30 trace :
------------
String:
<xml><ToUserName><![CDATA[gh_7bcd94754b84]]></ToUserName>
<FromUserName><![CDATA[o01Wu01-zSLzut3cB22KEbJ3JxzY]]></FromUserName>
<CreateTime>1517279398</CreateTime>
<MsgType><![CDATA[event]]></MsgType>
<Event><![CDATA[TEMPLATESENDJOBFINISH]]></Event>
<MsgID>128968598705258496</MsgID>
<Status><![CDATA[success]]></Status>
</xml>

2018-01-30 10:27:30 params :
------------
String:
array (
  'rule' => -2,
  'module' => '',
  'message' => 
  array (
    'tousername' => 'gh_7bcd94754b84',
    'fromusername' => 'o01Wu01-zSLzut3cB22KEbJ3JxzY',
    'createtime' => '1517279398',
    'msgtype' => 'event',
    'event' => 'TEMPLATESENDJOBFINISH',
    'msgid' => '128968598705258496',
    'status' => 'success',
    'from' => 'o01Wu01-zSLzut3cB22KEbJ3JxzY',
    'to' => 'gh_7bcd94754b84',
    'time' => '1517279398',
    'type' => 'event',
  ),
)

2018-01-30 10:27:30 response :
------------

2018-01-30 10:27:31 trace :
------------
String:
<xml><ToUserName><![CDATA[gh_7bcd94754b84]]></ToUserName>
<FromUserName><![CDATA[o01Wu09x8WFY1ZBV-HAf-R-a3ytI]]></FromUserName>
<CreateTime>1517279399</CreateTime>
<MsgType><![CDATA[event]]></MsgType>
<Event><![CDATA[TEMPLATESENDJOBFINISH]]></Event>
<MsgID>128968618183622656</MsgID>
<Status><![CDATA[success]]></Status>
</xml>

2018-01-30 10:27:31 params :
------------
String:
array (
  'rule' => -2,
  'module' => '',
  'message' => 
  array (
    'tousername' => 'gh_7bcd94754b84',
    'fromusername' => 'o01Wu09x8WFY1ZBV-HAf-R-a3ytI',
    'createtime' => '1517279399',
    'msgtype' => 'event',
    'event' => 'TEMPLATESENDJOBFINISH',
    'msgid' => '128968618183622656',
    'status' => 'success',
    'from' => 'o01Wu09x8WFY1ZBV-HAf-R-a3ytI',
    'to' => 'gh_7bcd94754b84',
    'time' => '1517279399',
    'type' => 'event',
  ),
)

2018-01-30 10:27:31 response :
------------

2018-01-30 10:27:44 pay :
------------
String:
array (
  'appid' => 'wx6e79d28ccc2a8c05',
  'attach' => '2',
  'bank_type' => 'CFT',
  'cash_fee' => '200',
  'fee_type' => 'CNY',
  'is_subscribe' => 'Y',
  'mch_id' => '1490957872',
  'nonce_str' => 'dk1d8l85',
  'openid' => 'o01Wu01-zSLzut3cB22KEbJ3JxzY',
  'out_trade_no' => '2018013010271800001202780887',
  'result_code' => 'SUCCESS',
  'return_code' => 'SUCCESS',
  'sign' => '442F2A3155C74089996708B5539E3BF4',
  'time_end' => '20180130102958',
  'total_fee' => '200',
  'trade_type' => 'JSAPI',
  'transaction_id' => '4200000084201801303444241509',
)

2018-01-30 10:28:01 pay :
------------
String:
array (
  'appid' => 'wx6e79d28ccc2a8c05',
  'attach' => '2',
  'bank_type' => 'CFT',
  'cash_fee' => '200',
  'fee_type' => 'CNY',
  'is_subscribe' => 'Y',
  'mch_id' => '1490957872',
  'nonce_str' => 'dk1d8l85',
  'openid' => 'o01Wu01-zSLzut3cB22KEbJ3JxzY',
  'out_trade_no' => '2018013010271800001202780887',
  'result_code' => 'SUCCESS',
  'return_code' => 'SUCCESS',
  'sign' => '442F2A3155C74089996708B5539E3BF4',
  'time_end' => '20180130102958',
  'total_fee' => '200',
  'trade_type' => 'JSAPI',
  'transaction_id' => '4200000084201801303444241509',
)

2018-01-30 10:28:33 pay :
------------
String:
array (
  'appid' => 'wx6e79d28ccc2a8c05',
  'attach' => '2',
  'bank_type' => 'CFT',
  'cash_fee' => '200',
  'fee_type' => 'CNY',
  'is_subscribe' => 'Y',
  'mch_id' => '1490957872',
  'nonce_str' => 'dk1d8l85',
  'openid' => 'o01Wu01-zSLzut3cB22KEbJ3JxzY',
  'out_trade_no' => '2018013010271800001202780887',
  'result_code' => 'SUCCESS',
  'return_code' => 'SUCCESS',
  'sign' => '442F2A3155C74089996708B5539E3BF4',
  'time_end' => '20180130102958',
  'total_fee' => '200',
  'trade_type' => 'JSAPI',
  'transaction_id' => '4200000084201801303444241509',
)

2018-01-30 10:31:34 pay :
------------
String:
array (
  'appid' => 'wx6e79d28ccc2a8c05',
  'attach' => '2',
  'bank_type' => 'CFT',
  'cash_fee' => '200',
  'fee_type' => 'CNY',
  'is_subscribe' => 'Y',
  'mch_id' => '1490957872',
  'nonce_str' => 'dk1d8l85',
  'openid' => 'o01Wu01-zSLzut3cB22KEbJ3JxzY',
  'out_trade_no' => '2018013010271800001202780887',
  'result_code' => 'SUCCESS',
  'return_code' => 'SUCCESS',
  'sign' => '442F2A3155C74089996708B5539E3BF4',
  'time_end' => '20180130102958',
  'total_fee' => '200',
  'trade_type' => 'JSAPI',
  'transaction_id' => '4200000084201801303444241509',
)

2018-01-30 11:01:35 pay :
------------
String:
array (
  'appid' => 'wx6e79d28ccc2a8c05',
  'attach' => '2',
  'bank_type' => 'CFT',
  'cash_fee' => '200',
  'fee_type' => 'CNY',
  'is_subscribe' => 'Y',
  'mch_id' => '1490957872',
  'nonce_str' => 'dk1d8l85',
  'openid' => 'o01Wu01-zSLzut3cB22KEbJ3JxzY',
  'out_trade_no' => '2018013010271800001202780887',
  'result_code' => 'SUCCESS',
  'return_code' => 'SUCCESS',
  'sign' => '442F2A3155C74089996708B5539E3BF4',
  'time_end' => '20180130102958',
  'total_fee' => '200',
  'trade_type' => 'JSAPI',
  'transaction_id' => '4200000084201801303444241509',
)

2018-01-30 11:31:37 pay :
------------
String:
array (
  'appid' => 'wx6e79d28ccc2a8c05',
  'attach' => '2',
  'bank_type' => 'CFT',
  'cash_fee' => '200',
  'fee_type' => 'CNY',
  'is_subscribe' => 'Y',
  'mch_id' => '1490957872',
  'nonce_str' => 'dk1d8l85',
  'openid' => 'o01Wu01-zSLzut3cB22KEbJ3JxzY',
  'out_trade_no' => '2018013010271800001202780887',
  'result_code' => 'SUCCESS',
  'return_code' => 'SUCCESS',
  'sign' => '442F2A3155C74089996708B5539E3BF4',
  'time_end' => '20180130102958',
  'total_fee' => '200',
  'trade_type' => 'JSAPI',
  'transaction_id' => '4200000084201801303444241509',
)

2018-01-30 12:01:39 pay :
------------
String:
array (
  'appid' => 'wx6e79d28ccc2a8c05',
  'attach' => '2',
  'bank_type' => 'CFT',
  'cash_fee' => '200',
  'fee_type' => 'CNY',
  'is_subscribe' => 'Y',
  'mch_id' => '1490957872',
  'nonce_str' => 'dk1d8l85',
  'openid' => 'o01Wu01-zSLzut3cB22KEbJ3JxzY',
  'out_trade_no' => '2018013010271800001202780887',
  'result_code' => 'SUCCESS',
  'return_code' => 'SUCCESS',
  'sign' => '442F2A3155C74089996708B5539E3BF4',
  'time_end' => '20180130102958',
  'total_fee' => '200',
  'trade_type' => 'JSAPI',
  'transaction_id' => '4200000084201801303444241509',
)

2018-01-30 12:31:40 pay :
------------
String:
array (
  'appid' => 'wx6e79d28ccc2a8c05',
  'attach' => '2',
  'bank_type' => 'CFT',
  'cash_fee' => '200',
  'fee_type' => 'CNY',
  'is_subscribe' => 'Y',
  'mch_id' => '1490957872',
  'nonce_str' => 'dk1d8l85',
  'openid' => 'o01Wu01-zSLzut3cB22KEbJ3JxzY',
  'out_trade_no' => '2018013010271800001202780887',
  'result_code' => 'SUCCESS',
  'return_code' => 'SUCCESS',
  'sign' => '442F2A3155C74089996708B5539E3BF4',
  'time_end' => '20180130102958',
  'total_fee' => '200',
  'trade_type' => 'JSAPI',
  'transaction_id' => '4200000084201801303444241509',
)

2018-01-30 13:31:41 pay :
------------
String:
array (
  'appid' => 'wx6e79d28ccc2a8c05',
  'attach' => '2',
  'bank_type' => 'CFT',
  'cash_fee' => '200',
  'fee_type' => 'CNY',
  'is_subscribe' => 'Y',
  'mch_id' => '1490957872',
  'nonce_str' => 'dk1d8l85',
  'openid' => 'o01Wu01-zSLzut3cB22KEbJ3JxzY',
  'out_trade_no' => '2018013010271800001202780887',
  'result_code' => 'SUCCESS',
  'return_code' => 'SUCCESS',
  'sign' => '442F2A3155C74089996708B5539E3BF4',
  'time_end' => '20180130102958',
  'total_fee' => '200',
  'trade_type' => 'JSAPI',
  'transaction_id' => '4200000084201801303444241509',
)

