2018-04-12 01:08:12 pay-alipay :
------------
String:
array (
  'payment_type' => '1',
  'trade_no' => '2018041121001004230552865950',
  'subject' => '测试支付接口',
  'buyer_email' => 'han***@msn.com',
  'gmt_create' => '2018-04-11 21:44:09',
  'notify_type' => 'trade_status_sync',
  'quantity' => '1',
  'out_trade_no' => '201804111523454185',
  'seller_id' => '2088621957819369',
  'notify_time' => '2018-04-12 01:08:11',
  'body' => '2',
  'trade_status' => 'TRADE_SUCCESS',
  'is_total_fee_adjust' => 'N',
  'total_fee' => '0.01',
  'gmt_payment' => '2018-04-11 21:44:10',
  'seller_email' => 'jin703@outlook.com',
  'price' => '0.01',
  'buyer_id' => '2088002328471230',
  'notify_id' => '0dcfdd5f2e06a6185bb5f98dba0c5cahs1',
  'use_coupon' => 'N',
  'sign_type' => 'MD5',
  'sign' => 'c280306cbce96191145ec654b22d5860',
  'query_type' => 'notify',
)

2018-04-12 07:08:33 pay-alipay :
------------
String:
array (
  'payment_type' => '1',
  'trade_no' => '2018041121001004230552865950',
  'subject' => '测试支付接口',
  'buyer_email' => 'han***@msn.com',
  'gmt_create' => '2018-04-11 21:44:09',
  'notify_type' => 'trade_status_sync',
  'quantity' => '1',
  'out_trade_no' => '201804111523454185',
  'seller_id' => '2088621957819369',
  'notify_time' => '2018-04-12 07:08:33',
  'body' => '2',
  'trade_status' => 'TRADE_SUCCESS',
  'is_total_fee_adjust' => 'N',
  'total_fee' => '0.01',
  'gmt_payment' => '2018-04-11 21:44:10',
  'seller_email' => 'jin703@outlook.com',
  'price' => '0.01',
  'buyer_id' => '2088002328471230',
  'notify_id' => '0dcfdd5f2e06a6185bb5f98dba0c5cahs1',
  'use_coupon' => 'N',
  'sign_type' => 'MD5',
  'sign' => 'bc052e8c9cbc6d0f1d0fa14bd67a60a6',
  'query_type' => 'notify',
)

2018-04-12 11:14:30 pay-alipay :
------------
String:
array (
  'payment_type' => '1',
  'trade_no' => '2018041221001004230554299422',
  'subject' => '测试支付接口',
  'buyer_email' => 'han***@msn.com',
  'gmt_create' => '2018-04-12 11:14:28',
  'notify_type' => 'trade_status_sync',
  'quantity' => '1',
  'out_trade_no' => '201804121523502842',
  'seller_id' => '2088621957819369',
  'notify_time' => '2018-04-12 11:14:30',
  'body' => '6',
  'trade_status' => 'TRADE_SUCCESS',
  'is_total_fee_adjust' => 'N',
  'total_fee' => '0.01',
  'gmt_payment' => '2018-04-12 11:14:29',
  'seller_email' => 'jin703@outlook.com',
  'price' => '0.01',
  'buyer_id' => '2088002328471230',
  'notify_id' => 'cb9847b5583ba3801c4db5ebea69fb7hs1',
  'use_coupon' => 'N',
  'sign_type' => 'MD5',
  'sign' => 'ced9001eb87f54bbda070dbe48da1926',
  'query_type' => 'notify',
)

2018-04-12 11:14:33 pay-alipay :
------------
String:
array (
  'body' => '6',
  'is_success' => 'T',
  'notify_id' => 'RqPnCoPT3K9%2Fvwbh3Ih0GLNI%2F8WeU69oQMKcwrilPc0mN6VB6063uhNOFHkkGfc8xKuV',
  'notify_time' => '2018-04-12 11:14:30',
  'notify_type' => 'trade_status_sync',
  'out_trade_no' => '201804121523502842',
  'payment_type' => '1',
  'seller_id' => '2088621957819369',
  'service' => 'alipay.wap.create.direct.pay.by.user',
  'subject' => '测试支付接口',
  'total_fee' => '0.01',
  'trade_no' => '2018041221001004230554299422',
  'trade_status' => 'TRADE_SUCCESS',
  'sign' => 'fcf24e66e9e3aadd98c24666437ef294',
  'sign_type' => 'MD5',
  'query_type' => 'return',
)

2018-04-12 11:18:05 pay-alipay :
------------
String:
array (
  'payment_type' => '1',
  'trade_no' => '2018041221001004230554299422',
  'subject' => '测试支付接口',
  'buyer_email' => 'han***@msn.com',
  'gmt_create' => '2018-04-12 11:14:28',
  'notify_type' => 'trade_status_sync',
  'quantity' => '1',
  'out_trade_no' => '201804121523502842',
  'seller_id' => '2088621957819369',
  'notify_time' => '2018-04-12 11:18:04',
  'body' => '6',
  'trade_status' => 'TRADE_SUCCESS',
  'is_total_fee_adjust' => 'N',
  'total_fee' => '0.01',
  'gmt_payment' => '2018-04-12 11:14:29',
  'seller_email' => 'jin703@outlook.com',
  'price' => '0.01',
  'buyer_id' => '2088002328471230',
  'notify_id' => 'cb9847b5583ba3801c4db5ebea69fb7hs1',
  'use_coupon' => 'N',
  'sign_type' => 'MD5',
  'sign' => '2e6c78ba49779e09922297fc90f64a68',
  'query_type' => 'notify',
)

2018-04-12 11:28:45 pay-alipay :
------------
String:
array (
  'payment_type' => '1',
  'trade_no' => '2018041221001004230554299422',
  'subject' => '测试支付接口',
  'buyer_email' => 'han***@msn.com',
  'gmt_create' => '2018-04-12 11:14:28',
  'notify_type' => 'trade_status_sync',
  'quantity' => '1',
  'out_trade_no' => '201804121523502842',
  'seller_id' => '2088621957819369',
  'notify_time' => '2018-04-12 11:28:45',
  'body' => '6',
  'trade_status' => 'TRADE_SUCCESS',
  'is_total_fee_adjust' => 'N',
  'total_fee' => '0.01',
  'gmt_payment' => '2018-04-12 11:14:29',
  'seller_email' => 'jin703@outlook.com',
  'price' => '0.01',
  'buyer_id' => '2088002328471230',
  'notify_id' => 'cb9847b5583ba3801c4db5ebea69fb7hs1',
  'use_coupon' => 'N',
  'sign_type' => 'MD5',
  'sign' => '90e98972f19c1762ecbdd8e57bbbe14a',
  'query_type' => 'notify',
)

2018-04-12 11:38:25 pay-alipay :
------------
String:
array (
  'payment_type' => '1',
  'trade_no' => '2018041221001004230554299422',
  'subject' => '测试支付接口',
  'buyer_email' => 'han***@msn.com',
  'gmt_create' => '2018-04-12 11:14:28',
  'notify_type' => 'trade_status_sync',
  'quantity' => '1',
  'out_trade_no' => '201804121523502842',
  'seller_id' => '2088621957819369',
  'notify_time' => '2018-04-12 11:38:25',
  'body' => '6',
  'trade_status' => 'TRADE_SUCCESS',
  'is_total_fee_adjust' => 'N',
  'total_fee' => '0.01',
  'gmt_payment' => '2018-04-12 11:14:29',
  'seller_email' => 'jin703@outlook.com',
  'price' => '0.01',
  'buyer_id' => '2088002328471230',
  'notify_id' => 'cb9847b5583ba3801c4db5ebea69fb7hs1',
  'use_coupon' => 'N',
  'sign_type' => 'MD5',
  'sign' => '8068b68fad0a00a583aeabb931caac85',
  'query_type' => 'notify',
)

2018-04-12 12:38:03 pay-alipay :
------------
String:
array (
  'payment_type' => '1',
  'trade_no' => '2018041221001004230554299422',
  'subject' => '测试支付接口',
  'buyer_email' => 'han***@msn.com',
  'gmt_create' => '2018-04-12 11:14:28',
  'notify_type' => 'trade_status_sync',
  'quantity' => '1',
  'out_trade_no' => '201804121523502842',
  'seller_id' => '2088621957819369',
  'notify_time' => '2018-04-12 12:38:03',
  'body' => '6',
  'trade_status' => 'TRADE_SUCCESS',
  'is_total_fee_adjust' => 'N',
  'total_fee' => '0.01',
  'gmt_payment' => '2018-04-12 11:14:29',
  'seller_email' => 'jin703@outlook.com',
  'price' => '0.01',
  'buyer_id' => '2088002328471230',
  'notify_id' => 'cb9847b5583ba3801c4db5ebea69fb7hs1',
  'use_coupon' => 'N',
  'sign_type' => 'MD5',
  'sign' => 'e7ae9b3bfe5e06c4e462058bb3ec7ae9',
  'query_type' => 'notify',
)

2018-04-12 14:38:16 pay-alipay :
------------
String:
array (
  'payment_type' => '1',
  'trade_no' => '2018041221001004230554299422',
  'subject' => '测试支付接口',
  'buyer_email' => 'han***@msn.com',
  'gmt_create' => '2018-04-12 11:14:28',
  'notify_type' => 'trade_status_sync',
  'quantity' => '1',
  'out_trade_no' => '201804121523502842',
  'seller_id' => '2088621957819369',
  'notify_time' => '2018-04-12 14:38:16',
  'body' => '6',
  'trade_status' => 'TRADE_SUCCESS',
  'is_total_fee_adjust' => 'N',
  'total_fee' => '0.01',
  'gmt_payment' => '2018-04-12 11:14:29',
  'seller_email' => 'jin703@outlook.com',
  'price' => '0.01',
  'buyer_id' => '2088002328471230',
  'notify_id' => 'cb9847b5583ba3801c4db5ebea69fb7hs1',
  'use_coupon' => 'N',
  'sign_type' => 'MD5',
  'sign' => '4773987dfd80c78a3f396c899f0462eb',
  'query_type' => 'notify',
)

2018-04-12 20:38:39 pay-alipay :
------------
String:
array (
  'payment_type' => '1',
  'trade_no' => '2018041221001004230554299422',
  'subject' => '测试支付接口',
  'buyer_email' => 'han***@msn.com',
  'gmt_create' => '2018-04-12 11:14:28',
  'notify_type' => 'trade_status_sync',
  'quantity' => '1',
  'out_trade_no' => '201804121523502842',
  'seller_id' => '2088621957819369',
  'notify_time' => '2018-04-12 20:38:39',
  'body' => '6',
  'trade_status' => 'TRADE_SUCCESS',
  'is_total_fee_adjust' => 'N',
  'total_fee' => '0.01',
  'gmt_payment' => '2018-04-12 11:14:29',
  'seller_email' => 'jin703@outlook.com',
  'price' => '0.01',
  'buyer_id' => '2088002328471230',
  'notify_id' => 'cb9847b5583ba3801c4db5ebea69fb7hs1',
  'use_coupon' => 'N',
  'sign_type' => 'MD5',
  'sign' => '46e5a697721d597c82f983fc8aa863c6',
  'query_type' => 'notify',
)

2018-04-12 22:08:04 pay-alipay :
------------
String:
array (
  'payment_type' => '1',
  'trade_no' => '2018041121001004230552865950',
  'subject' => '测试支付接口',
  'buyer_email' => 'han***@msn.com',
  'gmt_create' => '2018-04-11 21:44:09',
  'notify_type' => 'trade_status_sync',
  'quantity' => '1',
  'out_trade_no' => '201804111523454185',
  'seller_id' => '2088621957819369',
  'notify_time' => '2018-04-12 22:08:03',
  'body' => '2',
  'trade_status' => 'TRADE_SUCCESS',
  'is_total_fee_adjust' => 'N',
  'total_fee' => '0.01',
  'gmt_payment' => '2018-04-11 21:44:10',
  'seller_email' => 'jin703@outlook.com',
  'price' => '0.01',
  'buyer_id' => '2088002328471230',
  'notify_id' => '0dcfdd5f2e06a6185bb5f98dba0c5cahs1',
  'use_coupon' => 'N',
  'sign_type' => 'MD5',
  'sign' => 'f5ff7c2168b4ebd757435e2f5bfa84b8',
  'query_type' => 'notify',
)

