2018-01-27 09:55:20 trace :
------------
String:
<xml><ToUserName><![CDATA[gh_7bcd94754b84]]></ToUserName>
<FromUserName><![CDATA[o01Wu01-zSLzut3cB22KEbJ3JxzY]]></FromUserName>
<CreateTime>1517018260</CreateTime>
<MsgType><![CDATA[event]]></MsgType>
<Event><![CDATA[VIEW]]></Event>
<EventKey><![CDATA[http://ordernow.oneap.net/app/index.php?i=2&c=entry&eid=5]]></EventKey>
<MenuId>830669761</MenuId>
</xml>

2018-01-27 09:55:20 params :
------------
String:
array (
  'rule' => -2,
  'module' => '',
  'message' => 
  array (
    'tousername' => 'gh_7bcd94754b84',
    'fromusername' => 'o01Wu01-zSLzut3cB22KEbJ3JxzY',
    'createtime' => '1517018260',
    'msgtype' => 'event',
    'event' => 'VIEW',
    'eventkey' => 'http://ordernow.oneap.net/app/index.php?i=2&c=entry&eid=5',
    'menuid' => '830669761',
    'from' => 'o01Wu01-zSLzut3cB22KEbJ3JxzY',
    'to' => 'gh_7bcd94754b84',
    'time' => '1517018260',
    'type' => 'text',
    'content' => 'http://ordernow.oneap.net/app/index.php?i=2&c=entry&eid=5',
    'redirection' => true,
    'source' => 'VIEW',
  ),
)

2018-01-27 09:55:20 response :
------------

2018-01-27 10:26:48 pay :
------------
String:
array (
  'appid' => 'wx6e79d28ccc2a8c05',
  'attach' => '2',
  'bank_type' => 'CFT',
  'cash_fee' => '100',
  'fee_type' => 'CNY',
  'is_subscribe' => 'Y',
  'mch_id' => '1490957872',
  'nonce_str' => 'wTV0W773',
  'openid' => 'o01Wu01-zSLzut3cB22KEbJ3JxzY',
  'out_trade_no' => '2018012710263900001218688407',
  'result_code' => 'SUCCESS',
  'return_code' => 'SUCCESS',
  'sign' => 'E108994DA67FDBD5AE70B966706B15EB',
  'time_end' => '20180127102908',
  'total_fee' => '100',
  'trade_type' => 'JSAPI',
  'transaction_id' => '4200000082201801271660513734',
)

2018-01-27 10:26:49 trace :
------------
String:
<xml><ToUserName><![CDATA[gh_7bcd94754b84]]></ToUserName>
<FromUserName><![CDATA[o01Wu01-zSLzut3cB22KEbJ3JxzY]]></FromUserName>
<CreateTime>1517020149</CreateTime>
<MsgType><![CDATA[event]]></MsgType>
<Event><![CDATA[TEMPLATESENDJOBFINISH]]></Event>
<MsgID>124619115775246338</MsgID>
<Status><![CDATA[success]]></Status>
</xml>

2018-01-27 10:26:49 params :
------------
String:
array (
  'rule' => -2,
  'module' => '',
  'message' => 
  array (
    'tousername' => 'gh_7bcd94754b84',
    'fromusername' => 'o01Wu01-zSLzut3cB22KEbJ3JxzY',
    'createtime' => '1517020149',
    'msgtype' => 'event',
    'event' => 'TEMPLATESENDJOBFINISH',
    'msgid' => '124619115775246338',
    'status' => 'success',
    'from' => 'o01Wu01-zSLzut3cB22KEbJ3JxzY',
    'to' => 'gh_7bcd94754b84',
    'time' => '1517020149',
    'type' => 'event',
  ),
)

2018-01-27 10:26:49 response :
------------

2018-01-27 10:26:50 trace :
------------
String:
<xml><ToUserName><![CDATA[gh_7bcd94754b84]]></ToUserName>
<FromUserName><![CDATA[o01Wu09x8WFY1ZBV-HAf-R-a3ytI]]></FromUserName>
<CreateTime>1517020150</CreateTime>
<MsgType><![CDATA[event]]></MsgType>
<Event><![CDATA[TEMPLATESENDJOBFINISH]]></Event>
<MsgID>124619134918066176</MsgID>
<Status><![CDATA[success]]></Status>
</xml>

2018-01-27 10:26:50 params :
------------
String:
array (
  'rule' => -2,
  'module' => '',
  'message' => 
  array (
    'tousername' => 'gh_7bcd94754b84',
    'fromusername' => 'o01Wu09x8WFY1ZBV-HAf-R-a3ytI',
    'createtime' => '1517020150',
    'msgtype' => 'event',
    'event' => 'TEMPLATESENDJOBFINISH',
    'msgid' => '124619134918066176',
    'status' => 'success',
    'from' => 'o01Wu09x8WFY1ZBV-HAf-R-a3ytI',
    'to' => 'gh_7bcd94754b84',
    'time' => '1517020150',
    'type' => 'event',
  ),
)

2018-01-27 10:26:50 response :
------------

2018-01-27 10:27:06 pay :
------------
String:
array (
  'appid' => 'wx6e79d28ccc2a8c05',
  'attach' => '2',
  'bank_type' => 'CFT',
  'cash_fee' => '100',
  'fee_type' => 'CNY',
  'is_subscribe' => 'Y',
  'mch_id' => '1490957872',
  'nonce_str' => 'wTV0W773',
  'openid' => 'o01Wu01-zSLzut3cB22KEbJ3JxzY',
  'out_trade_no' => '2018012710263900001218688407',
  'result_code' => 'SUCCESS',
  'return_code' => 'SUCCESS',
  'sign' => 'E108994DA67FDBD5AE70B966706B15EB',
  'time_end' => '20180127102908',
  'total_fee' => '100',
  'trade_type' => 'JSAPI',
  'transaction_id' => '4200000082201801271660513734',
)

2018-01-27 10:27:22 pay :
------------
String:
array (
  'appid' => 'wx6e79d28ccc2a8c05',
  'attach' => '2',
  'bank_type' => 'CFT',
  'cash_fee' => '100',
  'fee_type' => 'CNY',
  'is_subscribe' => 'Y',
  'mch_id' => '1490957872',
  'nonce_str' => 'wTV0W773',
  'openid' => 'o01Wu01-zSLzut3cB22KEbJ3JxzY',
  'out_trade_no' => '2018012710263900001218688407',
  'result_code' => 'SUCCESS',
  'return_code' => 'SUCCESS',
  'sign' => 'E108994DA67FDBD5AE70B966706B15EB',
  'time_end' => '20180127102908',
  'total_fee' => '100',
  'trade_type' => 'JSAPI',
  'transaction_id' => '4200000082201801271660513734',
)

2018-01-27 10:27:54 pay :
------------
String:
array (
  'appid' => 'wx6e79d28ccc2a8c05',
  'attach' => '2',
  'bank_type' => 'CFT',
  'cash_fee' => '100',
  'fee_type' => 'CNY',
  'is_subscribe' => 'Y',
  'mch_id' => '1490957872',
  'nonce_str' => 'wTV0W773',
  'openid' => 'o01Wu01-zSLzut3cB22KEbJ3JxzY',
  'out_trade_no' => '2018012710263900001218688407',
  'result_code' => 'SUCCESS',
  'return_code' => 'SUCCESS',
  'sign' => 'E108994DA67FDBD5AE70B966706B15EB',
  'time_end' => '20180127102908',
  'total_fee' => '100',
  'trade_type' => 'JSAPI',
  'transaction_id' => '4200000082201801271660513734',
)

2018-01-27 10:30:56 pay :
------------
String:
array (
  'appid' => 'wx6e79d28ccc2a8c05',
  'attach' => '2',
  'bank_type' => 'CFT',
  'cash_fee' => '100',
  'fee_type' => 'CNY',
  'is_subscribe' => 'Y',
  'mch_id' => '1490957872',
  'nonce_str' => 'wTV0W773',
  'openid' => 'o01Wu01-zSLzut3cB22KEbJ3JxzY',
  'out_trade_no' => '2018012710263900001218688407',
  'result_code' => 'SUCCESS',
  'return_code' => 'SUCCESS',
  'sign' => 'E108994DA67FDBD5AE70B966706B15EB',
  'time_end' => '20180127102908',
  'total_fee' => '100',
  'trade_type' => 'JSAPI',
  'transaction_id' => '4200000082201801271660513734',
)

2018-01-27 10:32:09 pay :
------------
String:
array (
  'appid' => 'wx6e79d28ccc2a8c05',
  'attach' => '2',
  'bank_type' => 'CFT',
  'cash_fee' => '100',
  'fee_type' => 'CNY',
  'is_subscribe' => 'Y',
  'mch_id' => '1490957872',
  'nonce_str' => 'ncxeZZKl',
  'openid' => 'o01Wu01-zSLzut3cB22KEbJ3JxzY',
  'out_trade_no' => '2018012710320100001288688774',
  'result_code' => 'SUCCESS',
  'return_code' => 'SUCCESS',
  'sign' => '1A0D1B8A4965EF2586FB3ADDB8E10934',
  'time_end' => '20180127103428',
  'total_fee' => '100',
  'trade_type' => 'JSAPI',
  'transaction_id' => '4200000088201801271590061934',
)

2018-01-27 10:32:09 trace :
------------
String:
<xml><ToUserName><![CDATA[gh_7bcd94754b84]]></ToUserName>
<FromUserName><![CDATA[o01Wu01-zSLzut3cB22KEbJ3JxzY]]></FromUserName>
<CreateTime>1517020469</CreateTime>
<MsgType><![CDATA[event]]></MsgType>
<Event><![CDATA[TEMPLATESENDJOBFINISH]]></Event>
<MsgID>124624487856586753</MsgID>
<Status><![CDATA[success]]></Status>
</xml>

2018-01-27 10:32:09 params :
------------
String:
array (
  'rule' => -2,
  'module' => '',
  'message' => 
  array (
    'tousername' => 'gh_7bcd94754b84',
    'fromusername' => 'o01Wu01-zSLzut3cB22KEbJ3JxzY',
    'createtime' => '1517020469',
    'msgtype' => 'event',
    'event' => 'TEMPLATESENDJOBFINISH',
    'msgid' => '124624487856586753',
    'status' => 'success',
    'from' => 'o01Wu01-zSLzut3cB22KEbJ3JxzY',
    'to' => 'gh_7bcd94754b84',
    'time' => '1517020469',
    'type' => 'event',
  ),
)

2018-01-27 10:32:09 response :
------------

2018-01-27 10:32:10 trace :
------------
String:
<xml><ToUserName><![CDATA[gh_7bcd94754b84]]></ToUserName>
<FromUserName><![CDATA[o01Wu09x8WFY1ZBV-HAf-R-a3ytI]]></FromUserName>
<CreateTime>1517020470</CreateTime>
<MsgType><![CDATA[event]]></MsgType>
<Event><![CDATA[TEMPLATESENDJOBFINISH]]></Event>
<MsgID>124624506798080001</MsgID>
<Status><![CDATA[success]]></Status>
</xml>

2018-01-27 10:32:10 params :
------------
String:
array (
  'rule' => -2,
  'module' => '',
  'message' => 
  array (
    'tousername' => 'gh_7bcd94754b84',
    'fromusername' => 'o01Wu09x8WFY1ZBV-HAf-R-a3ytI',
    'createtime' => '1517020470',
    'msgtype' => 'event',
    'event' => 'TEMPLATESENDJOBFINISH',
    'msgid' => '124624506798080001',
    'status' => 'success',
    'from' => 'o01Wu09x8WFY1ZBV-HAf-R-a3ytI',
    'to' => 'gh_7bcd94754b84',
    'time' => '1517020470',
    'type' => 'event',
  ),
)

2018-01-27 10:32:10 response :
------------

2018-01-27 10:32:26 pay :
------------
String:
array (
  'appid' => 'wx6e79d28ccc2a8c05',
  'attach' => '2',
  'bank_type' => 'CFT',
  'cash_fee' => '100',
  'fee_type' => 'CNY',
  'is_subscribe' => 'Y',
  'mch_id' => '1490957872',
  'nonce_str' => 'ncxeZZKl',
  'openid' => 'o01Wu01-zSLzut3cB22KEbJ3JxzY',
  'out_trade_no' => '2018012710320100001288688774',
  'result_code' => 'SUCCESS',
  'return_code' => 'SUCCESS',
  'sign' => '1A0D1B8A4965EF2586FB3ADDB8E10934',
  'time_end' => '20180127103428',
  'total_fee' => '100',
  'trade_type' => 'JSAPI',
  'transaction_id' => '4200000088201801271590061934',
)

2018-01-27 10:32:43 pay :
------------
String:
array (
  'appid' => 'wx6e79d28ccc2a8c05',
  'attach' => '2',
  'bank_type' => 'CFT',
  'cash_fee' => '100',
  'fee_type' => 'CNY',
  'is_subscribe' => 'Y',
  'mch_id' => '1490957872',
  'nonce_str' => 'ncxeZZKl',
  'openid' => 'o01Wu01-zSLzut3cB22KEbJ3JxzY',
  'out_trade_no' => '2018012710320100001288688774',
  'result_code' => 'SUCCESS',
  'return_code' => 'SUCCESS',
  'sign' => '1A0D1B8A4965EF2586FB3ADDB8E10934',
  'time_end' => '20180127103428',
  'total_fee' => '100',
  'trade_type' => 'JSAPI',
  'transaction_id' => '4200000088201801271590061934',
)

2018-01-27 10:33:15 pay :
------------
String:
array (
  'appid' => 'wx6e79d28ccc2a8c05',
  'attach' => '2',
  'bank_type' => 'CFT',
  'cash_fee' => '100',
  'fee_type' => 'CNY',
  'is_subscribe' => 'Y',
  'mch_id' => '1490957872',
  'nonce_str' => 'ncxeZZKl',
  'openid' => 'o01Wu01-zSLzut3cB22KEbJ3JxzY',
  'out_trade_no' => '2018012710320100001288688774',
  'result_code' => 'SUCCESS',
  'return_code' => 'SUCCESS',
  'sign' => '1A0D1B8A4965EF2586FB3ADDB8E10934',
  'time_end' => '20180127103428',
  'total_fee' => '100',
  'trade_type' => 'JSAPI',
  'transaction_id' => '4200000088201801271590061934',
)

2018-01-27 10:36:16 pay :
------------
String:
array (
  'appid' => 'wx6e79d28ccc2a8c05',
  'attach' => '2',
  'bank_type' => 'CFT',
  'cash_fee' => '100',
  'fee_type' => 'CNY',
  'is_subscribe' => 'Y',
  'mch_id' => '1490957872',
  'nonce_str' => 'ncxeZZKl',
  'openid' => 'o01Wu01-zSLzut3cB22KEbJ3JxzY',
  'out_trade_no' => '2018012710320100001288688774',
  'result_code' => 'SUCCESS',
  'return_code' => 'SUCCESS',
  'sign' => '1A0D1B8A4965EF2586FB3ADDB8E10934',
  'time_end' => '20180127103428',
  'total_fee' => '100',
  'trade_type' => 'JSAPI',
  'transaction_id' => '4200000088201801271590061934',
)

2018-01-27 11:00:58 pay :
------------
String:
array (
  'appid' => 'wx6e79d28ccc2a8c05',
  'attach' => '2',
  'bank_type' => 'CFT',
  'cash_fee' => '100',
  'fee_type' => 'CNY',
  'is_subscribe' => 'Y',
  'mch_id' => '1490957872',
  'nonce_str' => 'wTV0W773',
  'openid' => 'o01Wu01-zSLzut3cB22KEbJ3JxzY',
  'out_trade_no' => '2018012710263900001218688407',
  'result_code' => 'SUCCESS',
  'return_code' => 'SUCCESS',
  'sign' => 'E108994DA67FDBD5AE70B966706B15EB',
  'time_end' => '20180127102908',
  'total_fee' => '100',
  'trade_type' => 'JSAPI',
  'transaction_id' => '4200000082201801271660513734',
)

2018-01-27 11:03:16 trace :
------------
String:
<xml><ToUserName><![CDATA[gh_7bcd94754b84]]></ToUserName>
<FromUserName><![CDATA[o01Wu06mLpB9AyDLPuHUkucvQ1a0]]></FromUserName>
<CreateTime>1517022336</CreateTime>
<MsgType><![CDATA[event]]></MsgType>
<Event><![CDATA[subscribe]]></Event>
<EventKey><![CDATA[]]></EventKey>
</xml>

2018-01-27 11:03:16 params :
------------
String:
array (
  'message' => 
  array (
    'tousername' => 'gh_7bcd94754b84',
    'fromusername' => 'o01Wu06mLpB9AyDLPuHUkucvQ1a0',
    'createtime' => '1517022336',
    'msgtype' => 'event',
    'event' => 'subscribe',
    'eventkey' => '',
    'from' => 'o01Wu06mLpB9AyDLPuHUkucvQ1a0',
    'to' => 'gh_7bcd94754b84',
    'time' => '1517022336',
    'type' => 'text',
    'redirection' => true,
    'source' => 'subscribe',
    'content' => '明达',
  ),
  'module' => 'reply',
  'rule' => '22',
  'priority' => '0',
  'keyword' => 
  array (
    'id' => '64',
    'rid' => '22',
    'uniacid' => '2',
    'module' => 'reply',
    'content' => '明达',
    'type' => '1',
    'displayorder' => '0',
    'status' => '1',
    'reply_type' => 
    array (
      0 => 'basic',
      1 => 'news',
    ),
  ),
  'reply_type' => 
  array (
    0 => 'basic',
    1 => 'news',
  ),
)

2018-01-27 11:03:16 response :
------------
Array:
FromUserName : gh_7bcd94754b84 ;
ToUserName : o01Wu06mLpB9AyDLPuHUkucvQ1a0 ;
MsgType : text ;
Content : 欢迎来到明达订餐平台。 ;

2018-01-27 11:03:18 trace :
------------
String:
<xml><ToUserName><![CDATA[gh_7bcd94754b84]]></ToUserName>
<FromUserName><![CDATA[o01Wu06mLpB9AyDLPuHUkucvQ1a0]]></FromUserName>
<CreateTime>1517022338</CreateTime>
<MsgType><![CDATA[event]]></MsgType>
<Event><![CDATA[VIEW]]></Event>
<EventKey><![CDATA[http://ordernow.oneap.net/app/index.php?i=2&c=entry&eid=5]]></EventKey>
<MenuId>830669761</MenuId>
</xml>

2018-01-27 11:03:18 params :
------------
String:
array (
  'rule' => -2,
  'module' => '',
  'message' => 
  array (
    'tousername' => 'gh_7bcd94754b84',
    'fromusername' => 'o01Wu06mLpB9AyDLPuHUkucvQ1a0',
    'createtime' => '1517022338',
    'msgtype' => 'event',
    'event' => 'VIEW',
    'eventkey' => 'http://ordernow.oneap.net/app/index.php?i=2&c=entry&eid=5',
    'menuid' => '830669761',
    'from' => 'o01Wu06mLpB9AyDLPuHUkucvQ1a0',
    'to' => 'gh_7bcd94754b84',
    'time' => '1517022338',
    'type' => 'text',
    'content' => 'http://ordernow.oneap.net/app/index.php?i=2&c=entry&eid=5',
    'redirection' => true,
    'source' => 'VIEW',
  ),
)

2018-01-27 11:03:18 response :
------------

2018-01-27 11:06:17 pay :
------------
String:
array (
  'appid' => 'wx6e79d28ccc2a8c05',
  'attach' => '2',
  'bank_type' => 'CFT',
  'cash_fee' => '100',
  'fee_type' => 'CNY',
  'is_subscribe' => 'Y',
  'mch_id' => '1490957872',
  'nonce_str' => 'ncxeZZKl',
  'openid' => 'o01Wu01-zSLzut3cB22KEbJ3JxzY',
  'out_trade_no' => '2018012710320100001288688774',
  'result_code' => 'SUCCESS',
  'return_code' => 'SUCCESS',
  'sign' => '1A0D1B8A4965EF2586FB3ADDB8E10934',
  'time_end' => '20180127103428',
  'total_fee' => '100',
  'trade_type' => 'JSAPI',
  'transaction_id' => '4200000088201801271590061934',
)

2018-01-27 11:06:49 trace :
------------
String:
<xml><ToUserName><![CDATA[gh_7bcd94754b84]]></ToUserName>
<FromUserName><![CDATA[o01Wu06mLpB9AyDLPuHUkucvQ1a0]]></FromUserName>
<CreateTime>1517022549</CreateTime>
<MsgType><![CDATA[event]]></MsgType>
<Event><![CDATA[VIEW]]></Event>
<EventKey><![CDATA[http://ordernow.oneap.net/app/index.php?i=2&c=entry&eid=5]]></EventKey>
<MenuId>830669761</MenuId>
</xml>

2018-01-27 11:06:49 params :
------------
String:
array (
  'rule' => -2,
  'module' => '',
  'message' => 
  array (
    'tousername' => 'gh_7bcd94754b84',
    'fromusername' => 'o01Wu06mLpB9AyDLPuHUkucvQ1a0',
    'createtime' => '1517022549',
    'msgtype' => 'event',
    'event' => 'VIEW',
    'eventkey' => 'http://ordernow.oneap.net/app/index.php?i=2&c=entry&eid=5',
    'menuid' => '830669761',
    'from' => 'o01Wu06mLpB9AyDLPuHUkucvQ1a0',
    'to' => 'gh_7bcd94754b84',
    'time' => '1517022549',
    'type' => 'text',
    'content' => 'http://ordernow.oneap.net/app/index.php?i=2&c=entry&eid=5',
    'redirection' => true,
    'source' => 'VIEW',
  ),
)

2018-01-27 11:06:49 response :
------------

2018-01-27 11:17:47 trace :
------------
String:
<xml><ToUserName><![CDATA[gh_7bcd94754b84]]></ToUserName>
<FromUserName><![CDATA[o01Wu09x8WFY1ZBV-HAf-R-a3ytI]]></FromUserName>
<CreateTime>1517023207</CreateTime>
<MsgType><![CDATA[event]]></MsgType>
<Event><![CDATA[VIEW]]></Event>
<EventKey><![CDATA[http://ordernow.oneap.net/app/index.php?i=2&c=entry&eid=5]]></EventKey>
<MenuId>830669761</MenuId>
</xml>

2018-01-27 11:17:47 params :
------------
String:
array (
  'rule' => -2,
  'module' => '',
  'message' => 
  array (
    'tousername' => 'gh_7bcd94754b84',
    'fromusername' => 'o01Wu09x8WFY1ZBV-HAf-R-a3ytI',
    'createtime' => '1517023207',
    'msgtype' => 'event',
    'event' => 'VIEW',
    'eventkey' => 'http://ordernow.oneap.net/app/index.php?i=2&c=entry&eid=5',
    'menuid' => '830669761',
    'from' => 'o01Wu09x8WFY1ZBV-HAf-R-a3ytI',
    'to' => 'gh_7bcd94754b84',
    'time' => '1517023207',
    'type' => 'text',
    'content' => 'http://ordernow.oneap.net/app/index.php?i=2&c=entry&eid=5',
    'redirection' => true,
    'source' => 'VIEW',
  ),
)

2018-01-27 11:17:47 response :
------------

2018-01-27 11:17:52 trace :
------------
String:
<xml><ToUserName><![CDATA[gh_7bcd94754b84]]></ToUserName>
<FromUserName><![CDATA[o01Wu09x8WFY1ZBV-HAf-R-a3ytI]]></FromUserName>
<CreateTime>1517023212</CreateTime>
<MsgType><![CDATA[event]]></MsgType>
<Event><![CDATA[VIEW]]></Event>
<EventKey><![CDATA[http://ordernow.oneap.net/app/index.php?i=2&c=entry&eid=5]]></EventKey>
<MenuId>830669761</MenuId>
</xml>

2018-01-27 11:17:52 params :
------------
String:
array (
  'rule' => -2,
  'module' => '',
  'message' => 
  array (
    'tousername' => 'gh_7bcd94754b84',
    'fromusername' => 'o01Wu09x8WFY1ZBV-HAf-R-a3ytI',
    'createtime' => '1517023212',
    'msgtype' => 'event',
    'event' => 'VIEW',
    'eventkey' => 'http://ordernow.oneap.net/app/index.php?i=2&c=entry&eid=5',
    'menuid' => '830669761',
    'from' => 'o01Wu09x8WFY1ZBV-HAf-R-a3ytI',
    'to' => 'gh_7bcd94754b84',
    'time' => '1517023212',
    'type' => 'text',
    'content' => 'http://ordernow.oneap.net/app/index.php?i=2&c=entry&eid=5',
    'redirection' => true,
    'source' => 'VIEW',
  ),
)

2018-01-27 11:17:52 response :
------------

2018-01-27 11:18:20 trace :
------------
String:
<xml><ToUserName><![CDATA[gh_7bcd94754b84]]></ToUserName>
<FromUserName><![CDATA[o01Wu09x8WFY1ZBV-HAf-R-a3ytI]]></FromUserName>
<CreateTime>1517023240</CreateTime>
<MsgType><![CDATA[event]]></MsgType>
<Event><![CDATA[VIEW]]></Event>
<EventKey><![CDATA[http://ordernow.oneap.net/app/index.php?i=2&c=entry&eid=5]]></EventKey>
<MenuId>830669761</MenuId>
</xml>

2018-01-27 11:18:20 params :
------------
String:
array (
  'rule' => -2,
  'module' => '',
  'message' => 
  array (
    'tousername' => 'gh_7bcd94754b84',
    'fromusername' => 'o01Wu09x8WFY1ZBV-HAf-R-a3ytI',
    'createtime' => '1517023240',
    'msgtype' => 'event',
    'event' => 'VIEW',
    'eventkey' => 'http://ordernow.oneap.net/app/index.php?i=2&c=entry&eid=5',
    'menuid' => '830669761',
    'from' => 'o01Wu09x8WFY1ZBV-HAf-R-a3ytI',
    'to' => 'gh_7bcd94754b84',
    'time' => '1517023240',
    'type' => 'text',
    'content' => 'http://ordernow.oneap.net/app/index.php?i=2&c=entry&eid=5',
    'redirection' => true,
    'source' => 'VIEW',
  ),
)

2018-01-27 11:18:20 response :
------------

2018-01-27 11:19:18 trace :
------------
String:
<xml><ToUserName><![CDATA[gh_7bcd94754b84]]></ToUserName>
<FromUserName><![CDATA[o01Wu09x8WFY1ZBV-HAf-R-a3ytI]]></FromUserName>
<CreateTime>1517023298</CreateTime>
<MsgType><![CDATA[event]]></MsgType>
<Event><![CDATA[VIEW]]></Event>
<EventKey><![CDATA[http://ordernow.oneap.net/app/index.php?i=2&c=entry&eid=5]]></EventKey>
<MenuId>830669761</MenuId>
</xml>

2018-01-27 11:19:18 params :
------------
String:
array (
  'rule' => -2,
  'module' => '',
  'message' => 
  array (
    'tousername' => 'gh_7bcd94754b84',
    'fromusername' => 'o01Wu09x8WFY1ZBV-HAf-R-a3ytI',
    'createtime' => '1517023298',
    'msgtype' => 'event',
    'event' => 'VIEW',
    'eventkey' => 'http://ordernow.oneap.net/app/index.php?i=2&c=entry&eid=5',
    'menuid' => '830669761',
    'from' => 'o01Wu09x8WFY1ZBV-HAf-R-a3ytI',
    'to' => 'gh_7bcd94754b84',
    'time' => '1517023298',
    'type' => 'text',
    'content' => 'http://ordernow.oneap.net/app/index.php?i=2&c=entry&eid=5',
    'redirection' => true,
    'source' => 'VIEW',
  ),
)

2018-01-27 11:19:18 response :
------------

2018-01-27 11:20:20 trace :
------------
String:
<xml><ToUserName><![CDATA[gh_7bcd94754b84]]></ToUserName>
<FromUserName><![CDATA[o01Wu01-zSLzut3cB22KEbJ3JxzY]]></FromUserName>
<CreateTime>1517023359</CreateTime>
<MsgType><![CDATA[event]]></MsgType>
<Event><![CDATA[TEMPLATESENDJOBFINISH]]></Event>
<MsgID>124672983473176578</MsgID>
<Status><![CDATA[success]]></Status>
</xml>

2018-01-27 11:20:20 params :
------------
String:
array (
  'rule' => -2,
  'module' => '',
  'message' => 
  array (
    'tousername' => 'gh_7bcd94754b84',
    'fromusername' => 'o01Wu01-zSLzut3cB22KEbJ3JxzY',
    'createtime' => '1517023359',
    'msgtype' => 'event',
    'event' => 'TEMPLATESENDJOBFINISH',
    'msgid' => '124672983473176578',
    'status' => 'success',
    'from' => 'o01Wu01-zSLzut3cB22KEbJ3JxzY',
    'to' => 'gh_7bcd94754b84',
    'time' => '1517023359',
    'type' => 'event',
  ),
)

2018-01-27 11:20:20 response :
------------

2018-01-27 11:31:00 pay :
------------
String:
array (
  'appid' => 'wx6e79d28ccc2a8c05',
  'attach' => '2',
  'bank_type' => 'CFT',
  'cash_fee' => '100',
  'fee_type' => 'CNY',
  'is_subscribe' => 'Y',
  'mch_id' => '1490957872',
  'nonce_str' => 'wTV0W773',
  'openid' => 'o01Wu01-zSLzut3cB22KEbJ3JxzY',
  'out_trade_no' => '2018012710263900001218688407',
  'result_code' => 'SUCCESS',
  'return_code' => 'SUCCESS',
  'sign' => 'E108994DA67FDBD5AE70B966706B15EB',
  'time_end' => '20180127102908',
  'total_fee' => '100',
  'trade_type' => 'JSAPI',
  'transaction_id' => '4200000082201801271660513734',
)

2018-01-27 11:36:19 pay :
------------
String:
array (
  'appid' => 'wx6e79d28ccc2a8c05',
  'attach' => '2',
  'bank_type' => 'CFT',
  'cash_fee' => '100',
  'fee_type' => 'CNY',
  'is_subscribe' => 'Y',
  'mch_id' => '1490957872',
  'nonce_str' => 'ncxeZZKl',
  'openid' => 'o01Wu01-zSLzut3cB22KEbJ3JxzY',
  'out_trade_no' => '2018012710320100001288688774',
  'result_code' => 'SUCCESS',
  'return_code' => 'SUCCESS',
  'sign' => '1A0D1B8A4965EF2586FB3ADDB8E10934',
  'time_end' => '20180127103428',
  'total_fee' => '100',
  'trade_type' => 'JSAPI',
  'transaction_id' => '4200000088201801271590061934',
)

2018-01-27 12:01:03 pay :
------------
String:
array (
  'appid' => 'wx6e79d28ccc2a8c05',
  'attach' => '2',
  'bank_type' => 'CFT',
  'cash_fee' => '100',
  'fee_type' => 'CNY',
  'is_subscribe' => 'Y',
  'mch_id' => '1490957872',
  'nonce_str' => 'wTV0W773',
  'openid' => 'o01Wu01-zSLzut3cB22KEbJ3JxzY',
  'out_trade_no' => '2018012710263900001218688407',
  'result_code' => 'SUCCESS',
  'return_code' => 'SUCCESS',
  'sign' => 'E108994DA67FDBD5AE70B966706B15EB',
  'time_end' => '20180127102908',
  'total_fee' => '100',
  'trade_type' => 'JSAPI',
  'transaction_id' => '4200000082201801271660513734',
)

2018-01-27 12:06:21 pay :
------------
String:
array (
  'appid' => 'wx6e79d28ccc2a8c05',
  'attach' => '2',
  'bank_type' => 'CFT',
  'cash_fee' => '100',
  'fee_type' => 'CNY',
  'is_subscribe' => 'Y',
  'mch_id' => '1490957872',
  'nonce_str' => 'ncxeZZKl',
  'openid' => 'o01Wu01-zSLzut3cB22KEbJ3JxzY',
  'out_trade_no' => '2018012710320100001288688774',
  'result_code' => 'SUCCESS',
  'return_code' => 'SUCCESS',
  'sign' => '1A0D1B8A4965EF2586FB3ADDB8E10934',
  'time_end' => '20180127103428',
  'total_fee' => '100',
  'trade_type' => 'JSAPI',
  'transaction_id' => '4200000088201801271590061934',
)

2018-01-27 12:31:05 pay :
------------
String:
array (
  'appid' => 'wx6e79d28ccc2a8c05',
  'attach' => '2',
  'bank_type' => 'CFT',
  'cash_fee' => '100',
  'fee_type' => 'CNY',
  'is_subscribe' => 'Y',
  'mch_id' => '1490957872',
  'nonce_str' => 'wTV0W773',
  'openid' => 'o01Wu01-zSLzut3cB22KEbJ3JxzY',
  'out_trade_no' => '2018012710263900001218688407',
  'result_code' => 'SUCCESS',
  'return_code' => 'SUCCESS',
  'sign' => 'E108994DA67FDBD5AE70B966706B15EB',
  'time_end' => '20180127102908',
  'total_fee' => '100',
  'trade_type' => 'JSAPI',
  'transaction_id' => '4200000082201801271660513734',
)

2018-01-27 12:36:23 pay :
------------
String:
array (
  'appid' => 'wx6e79d28ccc2a8c05',
  'attach' => '2',
  'bank_type' => 'CFT',
  'cash_fee' => '100',
  'fee_type' => 'CNY',
  'is_subscribe' => 'Y',
  'mch_id' => '1490957872',
  'nonce_str' => 'ncxeZZKl',
  'openid' => 'o01Wu01-zSLzut3cB22KEbJ3JxzY',
  'out_trade_no' => '2018012710320100001288688774',
  'result_code' => 'SUCCESS',
  'return_code' => 'SUCCESS',
  'sign' => '1A0D1B8A4965EF2586FB3ADDB8E10934',
  'time_end' => '20180127103428',
  'total_fee' => '100',
  'trade_type' => 'JSAPI',
  'transaction_id' => '4200000088201801271590061934',
)

2018-01-27 13:14:25 trace :
------------
String:
<xml><ToUserName><![CDATA[gh_7bcd94754b84]]></ToUserName>
<FromUserName><![CDATA[o01Wu09x8WFY1ZBV-HAf-R-a3ytI]]></FromUserName>
<CreateTime>1517030205</CreateTime>
<MsgType><![CDATA[event]]></MsgType>
<Event><![CDATA[VIEW]]></Event>
<EventKey><![CDATA[http://ordernow.oneap.net/app/index.php?i=2&c=entry&eid=5]]></EventKey>
<MenuId>830669761</MenuId>
</xml>

2018-01-27 13:14:25 params :
------------
String:
array (
  'rule' => -2,
  'module' => '',
  'message' => 
  array (
    'tousername' => 'gh_7bcd94754b84',
    'fromusername' => 'o01Wu09x8WFY1ZBV-HAf-R-a3ytI',
    'createtime' => '1517030205',
    'msgtype' => 'event',
    'event' => 'VIEW',
    'eventkey' => 'http://ordernow.oneap.net/app/index.php?i=2&c=entry&eid=5',
    'menuid' => '830669761',
    'from' => 'o01Wu09x8WFY1ZBV-HAf-R-a3ytI',
    'to' => 'gh_7bcd94754b84',
    'time' => '1517030205',
    'type' => 'text',
    'content' => 'http://ordernow.oneap.net/app/index.php?i=2&c=entry&eid=5',
    'redirection' => true,
    'source' => 'VIEW',
  ),
)

2018-01-27 13:14:25 response :
------------

2018-01-27 13:17:51 pay-alipay :
------------
String:
array (
  'payment_type' => '1',
  'trade_no' => '2018012721001004230523391746',
  'subject' => '餐饮20180127301429632595',
  'buyer_email' => 'han***@msn.com',
  'gmt_create' => '2018-01-27 13:20:10',
  'notify_type' => 'trade_status_sync',
  'quantity' => '1',
  'out_trade_no' => '2018012713155200001204180888',
  'seller_id' => '2088621957819369',
  'notify_time' => '2018-01-27 13:20:11',
  'body' => '2',
  'trade_status' => 'TRADE_SUCCESS',
  'is_total_fee_adjust' => 'N',
  'total_fee' => '1.00',
  'gmt_payment' => '2018-01-27 13:20:11',
  'seller_email' => 'jin703@outlook.com',
  'price' => '1.00',
  'buyer_id' => '2088002328471230',
  'notify_id' => '00fd5a1755fc8535c52ad1d1c927ee9hs1',
  'use_coupon' => 'N',
  'sign_type' => 'MD5',
  'sign' => '3f400a81f8b3bb793638bc59762f4a99',
  'query_type' => 'notify',
)

2018-01-27 13:17:51 trace :
------------
String:
<xml><ToUserName><![CDATA[gh_7bcd94754b84]]></ToUserName>
<FromUserName><![CDATA[o01Wu09x8WFY1ZBV-HAf-R-a3ytI]]></FromUserName>
<CreateTime>1517030412</CreateTime>
<MsgType><![CDATA[event]]></MsgType>
<Event><![CDATA[TEMPLATESENDJOBFINISH]]></Event>
<MsgID>124791296232652800</MsgID>
<Status><![CDATA[success]]></Status>
</xml>

2018-01-27 13:17:51 params :
------------
String:
array (
  'rule' => -2,
  'module' => '',
  'message' => 
  array (
    'tousername' => 'gh_7bcd94754b84',
    'fromusername' => 'o01Wu09x8WFY1ZBV-HAf-R-a3ytI',
    'createtime' => '1517030412',
    'msgtype' => 'event',
    'event' => 'TEMPLATESENDJOBFINISH',
    'msgid' => '124791296232652800',
    'status' => 'success',
    'from' => 'o01Wu09x8WFY1ZBV-HAf-R-a3ytI',
    'to' => 'gh_7bcd94754b84',
    'time' => '1517030412',
    'type' => 'event',
  ),
)

2018-01-27 13:17:51 response :
------------

2018-01-27 13:17:52 trace :
------------
String:
<xml><ToUserName><![CDATA[gh_7bcd94754b84]]></ToUserName>
<FromUserName><![CDATA[o01Wu09x8WFY1ZBV-HAf-R-a3ytI]]></FromUserName>
<CreateTime>1517030413</CreateTime>
<MsgType><![CDATA[event]]></MsgType>
<Event><![CDATA[TEMPLATESENDJOBFINISH]]></Event>
<MsgID>124791315526451200</MsgID>
<Status><![CDATA[success]]></Status>
</xml>

2018-01-27 13:17:52 params :
------------
String:
array (
  'rule' => -2,
  'module' => '',
  'message' => 
  array (
    'tousername' => 'gh_7bcd94754b84',
    'fromusername' => 'o01Wu09x8WFY1ZBV-HAf-R-a3ytI',
    'createtime' => '1517030413',
    'msgtype' => 'event',
    'event' => 'TEMPLATESENDJOBFINISH',
    'msgid' => '124791315526451200',
    'status' => 'success',
    'from' => 'o01Wu09x8WFY1ZBV-HAf-R-a3ytI',
    'to' => 'gh_7bcd94754b84',
    'time' => '1517030413',
    'type' => 'event',
  ),
)

2018-01-27 13:17:52 response :
------------

2018-01-27 13:17:54 pay-alipay :
------------
String:
array (
  'body' => '2',
  'is_success' => 'T',
  'notify_id' => 'RqPnCoPT3K9%2Fvwbh3Ih31LJNz4SqlkiFWTPCURtVknVEYZkU4pF%2F3uJzwTqyaImBnbJg',
  'notify_time' => '2018-01-27 13:20:11',
  'notify_type' => 'trade_status_sync',
  'out_trade_no' => '2018012713155200001204180888',
  'payment_type' => '1',
  'seller_id' => '2088621957819369',
  'service' => 'alipay.wap.create.direct.pay.by.user',
  'subject' => '餐饮20180127301429632595',
  'total_fee' => '1.00',
  'trade_no' => '2018012721001004230523391746',
  'trade_status' => 'TRADE_SUCCESS',
  'sign' => '60502074b74161a5d132d3b259360a50',
  'sign_type' => 'MD5',
  'query_type' => 'return',
)

2018-01-27 13:18:37 trace :
------------
String:
<xml><ToUserName><![CDATA[gh_7bcd94754b84]]></ToUserName>
<FromUserName><![CDATA[o01Wu09x8WFY1ZBV-HAf-R-a3ytI]]></FromUserName>
<CreateTime>1517030457</CreateTime>
<MsgType><![CDATA[event]]></MsgType>
<Event><![CDATA[VIEW]]></Event>
<EventKey><![CDATA[http://ordernow.oneap.net/app/index.php?i=2&c=entry&eid=5]]></EventKey>
<MenuId>830669761</MenuId>
</xml>

2018-01-27 13:18:37 params :
------------
String:
array (
  'rule' => -2,
  'module' => '',
  'message' => 
  array (
    'tousername' => 'gh_7bcd94754b84',
    'fromusername' => 'o01Wu09x8WFY1ZBV-HAf-R-a3ytI',
    'createtime' => '1517030457',
    'msgtype' => 'event',
    'event' => 'VIEW',
    'eventkey' => 'http://ordernow.oneap.net/app/index.php?i=2&c=entry&eid=5',
    'menuid' => '830669761',
    'from' => 'o01Wu09x8WFY1ZBV-HAf-R-a3ytI',
    'to' => 'gh_7bcd94754b84',
    'time' => '1517030457',
    'type' => 'text',
    'content' => 'http://ordernow.oneap.net/app/index.php?i=2&c=entry&eid=5',
    'redirection' => true,
    'source' => 'VIEW',
  ),
)

2018-01-27 13:18:37 response :
------------

2018-01-27 13:19:14 trace :
------------
String:
<xml><ToUserName><![CDATA[gh_7bcd94754b84]]></ToUserName>
<FromUserName><![CDATA[o01Wu09x8WFY1ZBV-HAf-R-a3ytI]]></FromUserName>
<CreateTime>1517030494</CreateTime>
<MsgType><![CDATA[event]]></MsgType>
<Event><![CDATA[TEMPLATESENDJOBFINISH]]></Event>
<MsgID>124792683087659009</MsgID>
<Status><![CDATA[success]]></Status>
</xml>

2018-01-27 13:19:14 params :
------------
String:
array (
  'rule' => -2,
  'module' => '',
  'message' => 
  array (
    'tousername' => 'gh_7bcd94754b84',
    'fromusername' => 'o01Wu09x8WFY1ZBV-HAf-R-a3ytI',
    'createtime' => '1517030494',
    'msgtype' => 'event',
    'event' => 'TEMPLATESENDJOBFINISH',
    'msgid' => '124792683087659009',
    'status' => 'success',
    'from' => 'o01Wu09x8WFY1ZBV-HAf-R-a3ytI',
    'to' => 'gh_7bcd94754b84',
    'time' => '1517030494',
    'type' => 'event',
  ),
)

2018-01-27 13:19:14 response :
------------

2018-01-27 13:19:15 trace :
------------
String:
<xml><ToUserName><![CDATA[gh_7bcd94754b84]]></ToUserName>
<FromUserName><![CDATA[o01Wu09x8WFY1ZBV-HAf-R-a3ytI]]></FromUserName>
<CreateTime>1517030495</CreateTime>
<MsgType><![CDATA[event]]></MsgType>
<Event><![CDATA[TEMPLATESENDJOBFINISH]]></Event>
<MsgID>124792701878140928</MsgID>
<Status><![CDATA[success]]></Status>
</xml>

2018-01-27 13:19:15 params :
------------
String:
array (
  'rule' => -2,
  'module' => '',
  'message' => 
  array (
    'tousername' => 'gh_7bcd94754b84',
    'fromusername' => 'o01Wu09x8WFY1ZBV-HAf-R-a3ytI',
    'createtime' => '1517030495',
    'msgtype' => 'event',
    'event' => 'TEMPLATESENDJOBFINISH',
    'msgid' => '124792701878140928',
    'status' => 'success',
    'from' => 'o01Wu09x8WFY1ZBV-HAf-R-a3ytI',
    'to' => 'gh_7bcd94754b84',
    'time' => '1517030495',
    'type' => 'event',
  ),
)

2018-01-27 13:19:15 response :
------------

2018-01-27 13:22:20 pay-alipay :
------------
String:
array (
  'payment_type' => '1',
  'trade_no' => '2018012721001004230523391746',
  'subject' => '餐饮20180127301429632595',
  'buyer_email' => 'han***@msn.com',
  'gmt_create' => '2018-01-27 13:20:10',
  'notify_type' => 'trade_status_sync',
  'quantity' => '1',
  'out_trade_no' => '2018012713155200001204180888',
  'seller_id' => '2088621957819369',
  'notify_time' => '2018-01-27 13:24:41',
  'body' => '2',
  'trade_status' => 'TRADE_SUCCESS',
  'is_total_fee_adjust' => 'N',
  'total_fee' => '1.00',
  'gmt_payment' => '2018-01-27 13:20:11',
  'seller_email' => 'jin703@outlook.com',
  'price' => '1.00',
  'buyer_id' => '2088002328471230',
  'notify_id' => '00fd5a1755fc8535c52ad1d1c927ee9hs1',
  'use_coupon' => 'N',
  'sign_type' => 'MD5',
  'sign' => 'a516897704acb00041556c3d022ab4d8',
  'query_type' => 'notify',
)

2018-01-27 13:25:37 trace :
------------
String:
<xml><ToUserName><![CDATA[gh_7bcd94754b84]]></ToUserName>
<FromUserName><![CDATA[o01Wu09x8WFY1ZBV-HAf-R-a3ytI]]></FromUserName>
<CreateTime>1517030877</CreateTime>
<MsgType><![CDATA[event]]></MsgType>
<Event><![CDATA[TEMPLATESENDJOBFINISH]]></Event>
<MsgID>124799102134386688</MsgID>
<Status><![CDATA[success]]></Status>
</xml>

2018-01-27 13:25:37 params :
------------
String:
array (
  'rule' => -2,
  'module' => '',
  'message' => 
  array (
    'tousername' => 'gh_7bcd94754b84',
    'fromusername' => 'o01Wu09x8WFY1ZBV-HAf-R-a3ytI',
    'createtime' => '1517030877',
    'msgtype' => 'event',
    'event' => 'TEMPLATESENDJOBFINISH',
    'msgid' => '124799102134386688',
    'status' => 'success',
    'from' => 'o01Wu09x8WFY1ZBV-HAf-R-a3ytI',
    'to' => 'gh_7bcd94754b84',
    'time' => '1517030877',
    'type' => 'event',
  ),
)

2018-01-27 13:25:37 response :
------------

2018-01-27 13:25:37 trace :
------------
String:
<xml><ToUserName><![CDATA[gh_7bcd94754b84]]></ToUserName>
<FromUserName><![CDATA[o01Wu09x8WFY1ZBV-HAf-R-a3ytI]]></FromUserName>
<CreateTime>1517030877</CreateTime>
<MsgType><![CDATA[event]]></MsgType>
<Event><![CDATA[TEMPLATESENDJOBFINISH]]></Event>
<MsgID>124799104701300736</MsgID>
<Status><![CDATA[success]]></Status>
</xml>

2018-01-27 13:25:37 params :
------------
String:
array (
  'rule' => -2,
  'module' => '',
  'message' => 
  array (
    'tousername' => 'gh_7bcd94754b84',
    'fromusername' => 'o01Wu09x8WFY1ZBV-HAf-R-a3ytI',
    'createtime' => '1517030877',
    'msgtype' => 'event',
    'event' => 'TEMPLATESENDJOBFINISH',
    'msgid' => '124799104701300736',
    'status' => 'success',
    'from' => 'o01Wu09x8WFY1ZBV-HAf-R-a3ytI',
    'to' => 'gh_7bcd94754b84',
    'time' => '1517030877',
    'type' => 'event',
  ),
)

2018-01-27 13:25:37 response :
------------

2018-01-27 13:29:50 trace :
------------
String:
<xml><ToUserName><![CDATA[gh_7bcd94754b84]]></ToUserName>
<FromUserName><![CDATA[o01Wu09x8WFY1ZBV-HAf-R-a3ytI]]></FromUserName>
<CreateTime>1517031130</CreateTime>
<MsgType><![CDATA[event]]></MsgType>
<Event><![CDATA[TEMPLATESENDJOBFINISH]]></Event>
<MsgID>124803356635037697</MsgID>
<Status><![CDATA[success]]></Status>
</xml>

2018-01-27 13:29:50 params :
------------
String:
array (
  'rule' => -2,
  'module' => '',
  'message' => 
  array (
    'tousername' => 'gh_7bcd94754b84',
    'fromusername' => 'o01Wu09x8WFY1ZBV-HAf-R-a3ytI',
    'createtime' => '1517031130',
    'msgtype' => 'event',
    'event' => 'TEMPLATESENDJOBFINISH',
    'msgid' => '124803356635037697',
    'status' => 'success',
    'from' => 'o01Wu09x8WFY1ZBV-HAf-R-a3ytI',
    'to' => 'gh_7bcd94754b84',
    'time' => '1517031130',
    'type' => 'event',
  ),
)

2018-01-27 13:29:50 response :
------------

2018-01-27 13:30:06 trace :
------------
String:
<xml><ToUserName><![CDATA[gh_7bcd94754b84]]></ToUserName>
<FromUserName><![CDATA[o01Wu09x8WFY1ZBV-HAf-R-a3ytI]]></FromUserName>
<CreateTime>1517031146</CreateTime>
<MsgType><![CDATA[event]]></MsgType>
<Event><![CDATA[TEMPLATESENDJOBFINISH]]></Event>
<MsgID>124803626093903872</MsgID>
<Status><![CDATA[success]]></Status>
</xml>

2018-01-27 13:30:06 params :
------------
String:
array (
  'rule' => -2,
  'module' => '',
  'message' => 
  array (
    'tousername' => 'gh_7bcd94754b84',
    'fromusername' => 'o01Wu09x8WFY1ZBV-HAf-R-a3ytI',
    'createtime' => '1517031146',
    'msgtype' => 'event',
    'event' => 'TEMPLATESENDJOBFINISH',
    'msgid' => '124803626093903872',
    'status' => 'success',
    'from' => 'o01Wu09x8WFY1ZBV-HAf-R-a3ytI',
    'to' => 'gh_7bcd94754b84',
    'time' => '1517031146',
    'type' => 'event',
  ),
)

2018-01-27 13:30:06 response :
------------

2018-01-27 13:31:07 pay :
------------
String:
array (
  'appid' => 'wx6e79d28ccc2a8c05',
  'attach' => '2',
  'bank_type' => 'CFT',
  'cash_fee' => '100',
  'fee_type' => 'CNY',
  'is_subscribe' => 'Y',
  'mch_id' => '1490957872',
  'nonce_str' => 'wTV0W773',
  'openid' => 'o01Wu01-zSLzut3cB22KEbJ3JxzY',
  'out_trade_no' => '2018012710263900001218688407',
  'result_code' => 'SUCCESS',
  'return_code' => 'SUCCESS',
  'sign' => 'E108994DA67FDBD5AE70B966706B15EB',
  'time_end' => '20180127102908',
  'total_fee' => '100',
  'trade_type' => 'JSAPI',
  'transaction_id' => '4200000082201801271660513734',
)

2018-01-27 13:31:51 trace :
------------
String:
<xml><ToUserName><![CDATA[gh_7bcd94754b84]]></ToUserName>
<FromUserName><![CDATA[o01Wu09x8WFY1ZBV-HAf-R-a3ytI]]></FromUserName>
<CreateTime>1517031252</CreateTime>
<MsgType><![CDATA[event]]></MsgType>
<Event><![CDATA[TEMPLATESENDJOBFINISH]]></Event>
<MsgID>124805390486601728</MsgID>
<Status><![CDATA[success]]></Status>
</xml>

2018-01-27 13:31:51 params :
------------
String:
array (
  'rule' => -2,
  'module' => '',
  'message' => 
  array (
    'tousername' => 'gh_7bcd94754b84',
    'fromusername' => 'o01Wu09x8WFY1ZBV-HAf-R-a3ytI',
    'createtime' => '1517031252',
    'msgtype' => 'event',
    'event' => 'TEMPLATESENDJOBFINISH',
    'msgid' => '124805390486601728',
    'status' => 'success',
    'from' => 'o01Wu09x8WFY1ZBV-HAf-R-a3ytI',
    'to' => 'gh_7bcd94754b84',
    'time' => '1517031252',
    'type' => 'event',
  ),
)

2018-01-27 13:31:51 response :
------------

2018-01-27 13:31:52 trace :
------------
String:
<xml><ToUserName><![CDATA[gh_7bcd94754b84]]></ToUserName>
<FromUserName><![CDATA[o01Wu09x8WFY1ZBV-HAf-R-a3ytI]]></FromUserName>
<CreateTime>1517031253</CreateTime>
<MsgType><![CDATA[event]]></MsgType>
<Event><![CDATA[TEMPLATESENDJOBFINISH]]></Event>
<MsgID>124805409511964672</MsgID>
<Status><![CDATA[success]]></Status>
</xml>

2018-01-27 13:31:52 params :
------------
String:
array (
  'rule' => -2,
  'module' => '',
  'message' => 
  array (
    'tousername' => 'gh_7bcd94754b84',
    'fromusername' => 'o01Wu09x8WFY1ZBV-HAf-R-a3ytI',
    'createtime' => '1517031253',
    'msgtype' => 'event',
    'event' => 'TEMPLATESENDJOBFINISH',
    'msgid' => '124805409511964672',
    'status' => 'success',
    'from' => 'o01Wu09x8WFY1ZBV-HAf-R-a3ytI',
    'to' => 'gh_7bcd94754b84',
    'time' => '1517031253',
    'type' => 'event',
  ),
)

2018-01-27 13:31:52 response :
------------

2018-01-27 13:32:23 pay-alipay :
------------
String:
array (
  'payment_type' => '1',
  'trade_no' => '2018012721001004230523391746',
  'subject' => '餐饮20180127301429632595',
  'buyer_email' => 'han***@msn.com',
  'gmt_create' => '2018-01-27 13:20:10',
  'notify_type' => 'trade_status_sync',
  'quantity' => '1',
  'out_trade_no' => '2018012713155200001204180888',
  'seller_id' => '2088621957819369',
  'notify_time' => '2018-01-27 13:34:44',
  'body' => '2',
  'trade_status' => 'TRADE_SUCCESS',
  'is_total_fee_adjust' => 'N',
  'total_fee' => '1.00',
  'gmt_payment' => '2018-01-27 13:20:11',
  'seller_email' => 'jin703@outlook.com',
  'price' => '1.00',
  'buyer_id' => '2088002328471230',
  'notify_id' => '00fd5a1755fc8535c52ad1d1c927ee9hs1',
  'use_coupon' => 'N',
  'sign_type' => 'MD5',
  'sign' => 'f5a2ad3700d1b872e29094929dd76319',
  'query_type' => 'notify',
)

2018-01-27 13:32:47 trace :
------------
String:
<xml><ToUserName><![CDATA[gh_7bcd94754b84]]></ToUserName>
<FromUserName><![CDATA[o01Wu09x8WFY1ZBV-HAf-R-a3ytI]]></FromUserName>
<CreateTime>1517031308</CreateTime>
<MsgType><![CDATA[event]]></MsgType>
<Event><![CDATA[TEMPLATESENDJOBFINISH]]></Event>
<MsgID>124806332426616833</MsgID>
<Status><![CDATA[success]]></Status>
</xml>

2018-01-27 13:32:47 params :
------------
String:
array (
  'rule' => -2,
  'module' => '',
  'message' => 
  array (
    'tousername' => 'gh_7bcd94754b84',
    'fromusername' => 'o01Wu09x8WFY1ZBV-HAf-R-a3ytI',
    'createtime' => '1517031308',
    'msgtype' => 'event',
    'event' => 'TEMPLATESENDJOBFINISH',
    'msgid' => '124806332426616833',
    'status' => 'success',
    'from' => 'o01Wu09x8WFY1ZBV-HAf-R-a3ytI',
    'to' => 'gh_7bcd94754b84',
    'time' => '1517031308',
    'type' => 'event',
  ),
)

2018-01-27 13:32:47 response :
------------

2018-01-27 13:32:49 trace :
------------
String:
<xml><ToUserName><![CDATA[gh_7bcd94754b84]]></ToUserName>
<FromUserName><![CDATA[o01Wu09x8WFY1ZBV-HAf-R-a3ytI]]></FromUserName>
<CreateTime>1517031309</CreateTime>
<MsgType><![CDATA[event]]></MsgType>
<Event><![CDATA[TEMPLATESENDJOBFINISH]]></Event>
<MsgID>124806351384870912</MsgID>
<Status><![CDATA[success]]></Status>
</xml>

2018-01-27 13:32:49 params :
------------
String:
array (
  'rule' => -2,
  'module' => '',
  'message' => 
  array (
    'tousername' => 'gh_7bcd94754b84',
    'fromusername' => 'o01Wu09x8WFY1ZBV-HAf-R-a3ytI',
    'createtime' => '1517031309',
    'msgtype' => 'event',
    'event' => 'TEMPLATESENDJOBFINISH',
    'msgid' => '124806351384870912',
    'status' => 'success',
    'from' => 'o01Wu09x8WFY1ZBV-HAf-R-a3ytI',
    'to' => 'gh_7bcd94754b84',
    'time' => '1517031309',
    'type' => 'event',
  ),
)

2018-01-27 13:32:49 response :
------------

2018-01-27 13:34:22 trace :
------------
String:
<xml><ToUserName><![CDATA[gh_7bcd94754b84]]></ToUserName>
<FromUserName><![CDATA[o01Wu09x8WFY1ZBV-HAf-R-a3ytI]]></FromUserName>
<CreateTime>1517031402</CreateTime>
<MsgType><![CDATA[event]]></MsgType>
<Event><![CDATA[TEMPLATESENDJOBFINISH]]></Event>
<MsgID>124807913863774209</MsgID>
<Status><![CDATA[success]]></Status>
</xml>

2018-01-27 13:34:22 params :
------------
String:
array (
  'rule' => -2,
  'module' => '',
  'message' => 
  array (
    'tousername' => 'gh_7bcd94754b84',
    'fromusername' => 'o01Wu09x8WFY1ZBV-HAf-R-a3ytI',
    'createtime' => '1517031402',
    'msgtype' => 'event',
    'event' => 'TEMPLATESENDJOBFINISH',
    'msgid' => '124807913863774209',
    'status' => 'success',
    'from' => 'o01Wu09x8WFY1ZBV-HAf-R-a3ytI',
    'to' => 'gh_7bcd94754b84',
    'time' => '1517031402',
    'type' => 'event',
  ),
)

2018-01-27 13:34:22 response :
------------

2018-01-27 13:36:25 pay :
------------
String:
array (
  'appid' => 'wx6e79d28ccc2a8c05',
  'attach' => '2',
  'bank_type' => 'CFT',
  'cash_fee' => '100',
  'fee_type' => 'CNY',
  'is_subscribe' => 'Y',
  'mch_id' => '1490957872',
  'nonce_str' => 'ncxeZZKl',
  'openid' => 'o01Wu01-zSLzut3cB22KEbJ3JxzY',
  'out_trade_no' => '2018012710320100001288688774',
  'result_code' => 'SUCCESS',
  'return_code' => 'SUCCESS',
  'sign' => '1A0D1B8A4965EF2586FB3ADDB8E10934',
  'time_end' => '20180127103428',
  'total_fee' => '100',
  'trade_type' => 'JSAPI',
  'transaction_id' => '4200000088201801271590061934',
)

2018-01-27 13:42:02 pay-alipay :
------------
String:
array (
  'payment_type' => '1',
  'trade_no' => '2018012721001004230523391746',
  'subject' => '餐饮20180127301429632595',
  'buyer_email' => 'han***@msn.com',
  'gmt_create' => '2018-01-27 13:20:10',
  'notify_type' => 'trade_status_sync',
  'quantity' => '1',
  'out_trade_no' => '2018012713155200001204180888',
  'seller_id' => '2088621957819369',
  'notify_time' => '2018-01-27 13:44:22',
  'body' => '2',
  'trade_status' => 'TRADE_SUCCESS',
  'is_total_fee_adjust' => 'N',
  'total_fee' => '1.00',
  'gmt_payment' => '2018-01-27 13:20:11',
  'seller_email' => 'jin703@outlook.com',
  'price' => '1.00',
  'buyer_id' => '2088002328471230',
  'notify_id' => '00fd5a1755fc8535c52ad1d1c927ee9hs1',
  'use_coupon' => 'N',
  'sign_type' => 'MD5',
  'sign' => 'c7bf8acb8b41850bbb9bf1fc2842ec7c',
  'query_type' => 'notify',
)

2018-01-27 14:42:19 pay-alipay :
------------
String:
array (
  'payment_type' => '1',
  'trade_no' => '2018012721001004230523391746',
  'subject' => '餐饮20180127301429632595',
  'buyer_email' => 'han***@msn.com',
  'gmt_create' => '2018-01-27 13:20:10',
  'notify_type' => 'trade_status_sync',
  'quantity' => '1',
  'out_trade_no' => '2018012713155200001204180888',
  'seller_id' => '2088621957819369',
  'notify_time' => '2018-01-27 14:44:40',
  'body' => '2',
  'trade_status' => 'TRADE_SUCCESS',
  'is_total_fee_adjust' => 'N',
  'total_fee' => '1.00',
  'gmt_payment' => '2018-01-27 13:20:11',
  'seller_email' => 'jin703@outlook.com',
  'price' => '1.00',
  'buyer_id' => '2088002328471230',
  'notify_id' => '00fd5a1755fc8535c52ad1d1c927ee9hs1',
  'use_coupon' => 'N',
  'sign_type' => 'MD5',
  'sign' => 'bb108543069a6ba39d3028d02f7974ae',
  'query_type' => 'notify',
)

2018-01-27 15:05:41 trace :
------------
String:
<xml><ToUserName><![CDATA[gh_7bcd94754b84]]></ToUserName>
<FromUserName><![CDATA[o01Wu09x8WFY1ZBV-HAf-R-a3ytI]]></FromUserName>
<CreateTime>1517036881</CreateTime>
<MsgType><![CDATA[event]]></MsgType>
<Event><![CDATA[VIEW]]></Event>
<EventKey><![CDATA[http://ordernow.oneap.net/app/index.php?i=2&c=entry&eid=5]]></EventKey>
<MenuId>830669761</MenuId>
</xml>

2018-01-27 15:05:41 params :
------------
String:
array (
  'rule' => -2,
  'module' => '',
  'message' => 
  array (
    'tousername' => 'gh_7bcd94754b84',
    'fromusername' => 'o01Wu09x8WFY1ZBV-HAf-R-a3ytI',
    'createtime' => '1517036881',
    'msgtype' => 'event',
    'event' => 'VIEW',
    'eventkey' => 'http://ordernow.oneap.net/app/index.php?i=2&c=entry&eid=5',
    'menuid' => '830669761',
    'from' => 'o01Wu09x8WFY1ZBV-HAf-R-a3ytI',
    'to' => 'gh_7bcd94754b84',
    'time' => '1517036881',
    'type' => 'text',
    'content' => 'http://ordernow.oneap.net/app/index.php?i=2&c=entry&eid=5',
    'redirection' => true,
    'source' => 'VIEW',
  ),
)

2018-01-27 15:05:41 response :
------------

2018-01-27 15:06:37 trace :
------------
String:
<xml><ToUserName><![CDATA[gh_7bcd94754b84]]></ToUserName>
<FromUserName><![CDATA[o01Wu09x8WFY1ZBV-HAf-R-a3ytI]]></FromUserName>
<CreateTime>1517036938</CreateTime>
<MsgType><![CDATA[event]]></MsgType>
<Event><![CDATA[VIEW]]></Event>
<EventKey><![CDATA[http://ordernow.oneap.net/app/index.php?i=2&c=entry&eid=2]]></EventKey>
<MenuId>830669761</MenuId>
</xml>

2018-01-27 15:06:37 params :
------------
String:
array (
  'rule' => -2,
  'module' => '',
  'message' => 
  array (
    'tousername' => 'gh_7bcd94754b84',
    'fromusername' => 'o01Wu09x8WFY1ZBV-HAf-R-a3ytI',
    'createtime' => '1517036938',
    'msgtype' => 'event',
    'event' => 'VIEW',
    'eventkey' => 'http://ordernow.oneap.net/app/index.php?i=2&c=entry&eid=2',
    'menuid' => '830669761',
    'from' => 'o01Wu09x8WFY1ZBV-HAf-R-a3ytI',
    'to' => 'gh_7bcd94754b84',
    'time' => '1517036938',
    'type' => 'text',
    'content' => 'http://ordernow.oneap.net/app/index.php?i=2&c=entry&eid=2',
    'redirection' => true,
    'source' => 'VIEW',
  ),
)

2018-01-27 15:06:37 response :
------------

2018-01-27 16:22:49 trace :
------------
String:
<xml><ToUserName><![CDATA[gh_7bcd94754b84]]></ToUserName>
<FromUserName><![CDATA[o01Wu09x8WFY1ZBV-HAf-R-a3ytI]]></FromUserName>
<CreateTime>1517041510</CreateTime>
<MsgType><![CDATA[event]]></MsgType>
<Event><![CDATA[VIEW]]></Event>
<EventKey><![CDATA[http://ordernow.oneap.net/app/index.php?i=2&c=entry&eid=5]]></EventKey>
<MenuId>830669761</MenuId>
</xml>

2018-01-27 16:22:49 params :
------------
String:
array (
  'rule' => -2,
  'module' => '',
  'message' => 
  array (
    'tousername' => 'gh_7bcd94754b84',
    'fromusername' => 'o01Wu09x8WFY1ZBV-HAf-R-a3ytI',
    'createtime' => '1517041510',
    'msgtype' => 'event',
    'event' => 'VIEW',
    'eventkey' => 'http://ordernow.oneap.net/app/index.php?i=2&c=entry&eid=5',
    'menuid' => '830669761',
    'from' => 'o01Wu09x8WFY1ZBV-HAf-R-a3ytI',
    'to' => 'gh_7bcd94754b84',
    'time' => '1517041510',
    'type' => 'text',
    'content' => 'http://ordernow.oneap.net/app/index.php?i=2&c=entry&eid=5',
    'redirection' => true,
    'source' => 'VIEW',
  ),
)

2018-01-27 16:22:49 response :
------------

2018-01-27 16:41:52 pay-alipay :
------------
String:
array (
  'payment_type' => '1',
  'trade_no' => '2018012721001004230523391746',
  'subject' => '餐饮20180127301429632595',
  'buyer_email' => 'han***@msn.com',
  'gmt_create' => '2018-01-27 13:20:10',
  'notify_type' => 'trade_status_sync',
  'quantity' => '1',
  'out_trade_no' => '2018012713155200001204180888',
  'seller_id' => '2088621957819369',
  'notify_time' => '2018-01-27 16:44:13',
  'body' => '2',
  'trade_status' => 'TRADE_SUCCESS',
  'is_total_fee_adjust' => 'N',
  'total_fee' => '1.00',
  'gmt_payment' => '2018-01-27 13:20:11',
  'seller_email' => 'jin703@outlook.com',
  'price' => '1.00',
  'buyer_id' => '2088002328471230',
  'notify_id' => '00fd5a1755fc8535c52ad1d1c927ee9hs1',
  'use_coupon' => 'N',
  'sign_type' => 'MD5',
  'sign' => 'd6ed7f63c44639c7c31506acb7d6ff8a',
  'query_type' => 'notify',
)

2018-01-27 22:41:46 pay-alipay :
------------
String:
array (
  'payment_type' => '1',
  'trade_no' => '2018012721001004230523391746',
  'subject' => '餐饮20180127301429632595',
  'buyer_email' => 'han***@msn.com',
  'gmt_create' => '2018-01-27 13:20:10',
  'notify_type' => 'trade_status_sync',
  'quantity' => '1',
  'out_trade_no' => '2018012713155200001204180888',
  'seller_id' => '2088621957819369',
  'notify_time' => '2018-01-27 22:44:07',
  'body' => '2',
  'trade_status' => 'TRADE_SUCCESS',
  'is_total_fee_adjust' => 'N',
  'total_fee' => '1.00',
  'gmt_payment' => '2018-01-27 13:20:11',
  'seller_email' => 'jin703@outlook.com',
  'price' => '1.00',
  'buyer_id' => '2088002328471230',
  'notify_id' => '00fd5a1755fc8535c52ad1d1c927ee9hs1',
  'use_coupon' => 'N',
  'sign_type' => 'MD5',
  'sign' => '350ba90f7307e254842775ec50b8ef41',
  'query_type' => 'notify',
)

