2018-02-14 09:38:15 trace :
------------
String:
<xml><ToUserName><![CDATA[gh_7bcd94754b84]]></ToUserName>
<FromUserName><![CDATA[o01Wu01-zSLzut3cB22KEbJ3JxzY]]></FromUserName>
<CreateTime>1518572483</CreateTime>
<MsgType><![CDATA[event]]></MsgType>
<Event><![CDATA[VIEW]]></Event>
<EventKey><![CDATA[http://ordernow.oneap.net/app/index.php?i=2&c=entry&eid=5]]></EventKey>
<MenuId>830669761</MenuId>
</xml>

2018-02-14 09:38:15 params :
------------
String:
array (
  'rule' => -2,
  'module' => '',
  'message' => 
  array (
    'tousername' => 'gh_7bcd94754b84',
    'fromusername' => 'o01Wu01-zSLzut3cB22KEbJ3JxzY',
    'createtime' => '1518572483',
    'msgtype' => 'event',
    'event' => 'VIEW',
    'eventkey' => 'http://ordernow.oneap.net/app/index.php?i=2&c=entry&eid=5',
    'menuid' => '830669761',
    'from' => 'o01Wu01-zSLzut3cB22KEbJ3JxzY',
    'to' => 'gh_7bcd94754b84',
    'time' => '1518572483',
    'type' => 'text',
    'content' => 'http://ordernow.oneap.net/app/index.php?i=2&c=entry&eid=5',
    'redirection' => true,
    'source' => 'VIEW',
  ),
)

2018-02-14 09:38:15 response :
------------

2018-02-14 09:38:23 trace :
------------
String:
<xml><ToUserName><![CDATA[gh_7bcd94754b84]]></ToUserName>
<FromUserName><![CDATA[o01Wu01-zSLzut3cB22KEbJ3JxzY]]></FromUserName>
<CreateTime>1518572492</CreateTime>
<MsgType><![CDATA[event]]></MsgType>
<Event><![CDATA[VIEW]]></Event>
<EventKey><![CDATA[http://ordernow.oneap.net/app/index.php?i=2&c=entry&eid=5]]></EventKey>
<MenuId>830669761</MenuId>
</xml>

2018-02-14 09:38:23 params :
------------
String:
array (
  'rule' => -2,
  'module' => '',
  'message' => 
  array (
    'tousername' => 'gh_7bcd94754b84',
    'fromusername' => 'o01Wu01-zSLzut3cB22KEbJ3JxzY',
    'createtime' => '1518572492',
    'msgtype' => 'event',
    'event' => 'VIEW',
    'eventkey' => 'http://ordernow.oneap.net/app/index.php?i=2&c=entry&eid=5',
    'menuid' => '830669761',
    'from' => 'o01Wu01-zSLzut3cB22KEbJ3JxzY',
    'to' => 'gh_7bcd94754b84',
    'time' => '1518572492',
    'type' => 'text',
    'content' => 'http://ordernow.oneap.net/app/index.php?i=2&c=entry&eid=5',
    'redirection' => true,
    'source' => 'VIEW',
  ),
)

2018-02-14 09:38:23 response :
------------

2018-02-14 09:38:58 trace :
------------
String:
<xml><ToUserName><![CDATA[gh_7bcd94754b84]]></ToUserName>
<FromUserName><![CDATA[o01Wu01-zSLzut3cB22KEbJ3JxzY]]></FromUserName>
<CreateTime>1518572526</CreateTime>
<MsgType><![CDATA[event]]></MsgType>
<Event><![CDATA[VIEW]]></Event>
<EventKey><![CDATA[http://ordernow.oneap.net/app/index.php?i=2&c=entry&eid=5]]></EventKey>
<MenuId>830669761</MenuId>
</xml>

2018-02-14 09:38:58 params :
------------
String:
array (
  'rule' => -2,
  'module' => '',
  'message' => 
  array (
    'tousername' => 'gh_7bcd94754b84',
    'fromusername' => 'o01Wu01-zSLzut3cB22KEbJ3JxzY',
    'createtime' => '1518572526',
    'msgtype' => 'event',
    'event' => 'VIEW',
    'eventkey' => 'http://ordernow.oneap.net/app/index.php?i=2&c=entry&eid=5',
    'menuid' => '830669761',
    'from' => 'o01Wu01-zSLzut3cB22KEbJ3JxzY',
    'to' => 'gh_7bcd94754b84',
    'time' => '1518572526',
    'type' => 'text',
    'content' => 'http://ordernow.oneap.net/app/index.php?i=2&c=entry&eid=5',
    'redirection' => true,
    'source' => 'VIEW',
  ),
)

2018-02-14 09:38:58 response :
------------

2018-02-14 09:39:51 pay :
------------
String:
array (
  'appid' => 'wx6e79d28ccc2a8c05',
  'attach' => '2',
  'bank_type' => 'CFT',
  'cash_fee' => '100',
  'fee_type' => 'CNY',
  'is_subscribe' => 'Y',
  'mch_id' => '1490957872',
  'nonce_str' => 'enZkNPD3',
  'openid' => 'o01Wu01-zSLzut3cB22KEbJ3JxzY',
  'out_trade_no' => '2018021409393900001293854302',
  'result_code' => 'SUCCESS',
  'return_code' => 'SUCCESS',
  'sign' => '12ED9724710D5F35AD3206DD9DF813FB',
  'time_end' => '20180214094300',
  'total_fee' => '100',
  'trade_type' => 'JSAPI',
  'transaction_id' => '4200000054201802142445266190',
)

2018-02-14 09:39:51 trace :
------------
String:
<xml><ToUserName><![CDATA[gh_7bcd94754b84]]></ToUserName>
<FromUserName><![CDATA[o01Wu01-zSLzut3cB22KEbJ3JxzY]]></FromUserName>
<CreateTime>1518572580</CreateTime>
<MsgType><![CDATA[event]]></MsgType>
<Event><![CDATA[TEMPLATESENDJOBFINISH]]></Event>
<MsgID>150664595063816192</MsgID>
<Status><![CDATA[success]]></Status>
</xml>

2018-02-14 09:39:51 params :
------------
String:
array (
  'rule' => -2,
  'module' => '',
  'message' => 
  array (
    'tousername' => 'gh_7bcd94754b84',
    'fromusername' => 'o01Wu01-zSLzut3cB22KEbJ3JxzY',
    'createtime' => '1518572580',
    'msgtype' => 'event',
    'event' => 'TEMPLATESENDJOBFINISH',
    'msgid' => '150664595063816192',
    'status' => 'success',
    'from' => 'o01Wu01-zSLzut3cB22KEbJ3JxzY',
    'to' => 'gh_7bcd94754b84',
    'time' => '1518572580',
    'type' => 'event',
  ),
)

2018-02-14 09:39:51 response :
------------

2018-02-14 09:39:53 trace :
------------
String:
<xml><ToUserName><![CDATA[gh_7bcd94754b84]]></ToUserName>
<FromUserName><![CDATA[o01Wu09x8WFY1ZBV-HAf-R-a3ytI]]></FromUserName>
<CreateTime>1518572581</CreateTime>
<MsgType><![CDATA[event]]></MsgType>
<Event><![CDATA[TEMPLATESENDJOBFINISH]]></Event>
<MsgID>150664614676398080</MsgID>
<Status><![CDATA[success]]></Status>
</xml>

2018-02-14 09:39:53 params :
------------
String:
array (
  'rule' => -2,
  'module' => '',
  'message' => 
  array (
    'tousername' => 'gh_7bcd94754b84',
    'fromusername' => 'o01Wu09x8WFY1ZBV-HAf-R-a3ytI',
    'createtime' => '1518572581',
    'msgtype' => 'event',
    'event' => 'TEMPLATESENDJOBFINISH',
    'msgid' => '150664614676398080',
    'status' => 'success',
    'from' => 'o01Wu09x8WFY1ZBV-HAf-R-a3ytI',
    'to' => 'gh_7bcd94754b84',
    'time' => '1518572581',
    'type' => 'event',
  ),
)

2018-02-14 09:39:53 response :
------------

2018-02-14 09:40:01 pay :
------------
String:
array (
  'appid' => 'wx6e79d28ccc2a8c05',
  'attach' => '2',
  'bank_type' => 'CFT',
  'cash_fee' => '100',
  'fee_type' => 'CNY',
  'is_subscribe' => 'Y',
  'mch_id' => '1490957872',
  'nonce_str' => 'enZkNPD3',
  'openid' => 'o01Wu01-zSLzut3cB22KEbJ3JxzY',
  'out_trade_no' => '2018021409393900001293854302',
  'result_code' => 'SUCCESS',
  'return_code' => 'SUCCESS',
  'sign' => '12ED9724710D5F35AD3206DD9DF813FB',
  'time_end' => '20180214094300',
  'total_fee' => '100',
  'trade_type' => 'JSAPI',
  'transaction_id' => '4200000054201802142445266190',
)

2018-02-14 09:40:18 pay :
------------
String:
array (
  'appid' => 'wx6e79d28ccc2a8c05',
  'attach' => '2',
  'bank_type' => 'CFT',
  'cash_fee' => '100',
  'fee_type' => 'CNY',
  'is_subscribe' => 'Y',
  'mch_id' => '1490957872',
  'nonce_str' => 'enZkNPD3',
  'openid' => 'o01Wu01-zSLzut3cB22KEbJ3JxzY',
  'out_trade_no' => '2018021409393900001293854302',
  'result_code' => 'SUCCESS',
  'return_code' => 'SUCCESS',
  'sign' => '12ED9724710D5F35AD3206DD9DF813FB',
  'time_end' => '20180214094300',
  'total_fee' => '100',
  'trade_type' => 'JSAPI',
  'transaction_id' => '4200000054201802142445266190',
)

2018-02-14 09:40:50 pay :
------------
String:
array (
  'appid' => 'wx6e79d28ccc2a8c05',
  'attach' => '2',
  'bank_type' => 'CFT',
  'cash_fee' => '100',
  'fee_type' => 'CNY',
  'is_subscribe' => 'Y',
  'mch_id' => '1490957872',
  'nonce_str' => 'enZkNPD3',
  'openid' => 'o01Wu01-zSLzut3cB22KEbJ3JxzY',
  'out_trade_no' => '2018021409393900001293854302',
  'result_code' => 'SUCCESS',
  'return_code' => 'SUCCESS',
  'sign' => '12ED9724710D5F35AD3206DD9DF813FB',
  'time_end' => '20180214094300',
  'total_fee' => '100',
  'trade_type' => 'JSAPI',
  'transaction_id' => '4200000054201802142445266190',
)

2018-02-14 09:43:52 pay :
------------
String:
array (
  'appid' => 'wx6e79d28ccc2a8c05',
  'attach' => '2',
  'bank_type' => 'CFT',
  'cash_fee' => '100',
  'fee_type' => 'CNY',
  'is_subscribe' => 'Y',
  'mch_id' => '1490957872',
  'nonce_str' => 'enZkNPD3',
  'openid' => 'o01Wu01-zSLzut3cB22KEbJ3JxzY',
  'out_trade_no' => '2018021409393900001293854302',
  'result_code' => 'SUCCESS',
  'return_code' => 'SUCCESS',
  'sign' => '12ED9724710D5F35AD3206DD9DF813FB',
  'time_end' => '20180214094300',
  'total_fee' => '100',
  'trade_type' => 'JSAPI',
  'transaction_id' => '4200000054201802142445266190',
)

2018-02-14 10:13:54 pay :
------------
String:
array (
  'appid' => 'wx6e79d28ccc2a8c05',
  'attach' => '2',
  'bank_type' => 'CFT',
  'cash_fee' => '100',
  'fee_type' => 'CNY',
  'is_subscribe' => 'Y',
  'mch_id' => '1490957872',
  'nonce_str' => 'enZkNPD3',
  'openid' => 'o01Wu01-zSLzut3cB22KEbJ3JxzY',
  'out_trade_no' => '2018021409393900001293854302',
  'result_code' => 'SUCCESS',
  'return_code' => 'SUCCESS',
  'sign' => '12ED9724710D5F35AD3206DD9DF813FB',
  'time_end' => '20180214094300',
  'total_fee' => '100',
  'trade_type' => 'JSAPI',
  'transaction_id' => '4200000054201802142445266190',
)

2018-02-14 10:43:56 pay :
------------
String:
array (
  'appid' => 'wx6e79d28ccc2a8c05',
  'attach' => '2',
  'bank_type' => 'CFT',
  'cash_fee' => '100',
  'fee_type' => 'CNY',
  'is_subscribe' => 'Y',
  'mch_id' => '1490957872',
  'nonce_str' => 'enZkNPD3',
  'openid' => 'o01Wu01-zSLzut3cB22KEbJ3JxzY',
  'out_trade_no' => '2018021409393900001293854302',
  'result_code' => 'SUCCESS',
  'return_code' => 'SUCCESS',
  'sign' => '12ED9724710D5F35AD3206DD9DF813FB',
  'time_end' => '20180214094300',
  'total_fee' => '100',
  'trade_type' => 'JSAPI',
  'transaction_id' => '4200000054201802142445266190',
)

2018-02-14 11:13:57 pay :
------------
String:
array (
  'appid' => 'wx6e79d28ccc2a8c05',
  'attach' => '2',
  'bank_type' => 'CFT',
  'cash_fee' => '100',
  'fee_type' => 'CNY',
  'is_subscribe' => 'Y',
  'mch_id' => '1490957872',
  'nonce_str' => 'enZkNPD3',
  'openid' => 'o01Wu01-zSLzut3cB22KEbJ3JxzY',
  'out_trade_no' => '2018021409393900001293854302',
  'result_code' => 'SUCCESS',
  'return_code' => 'SUCCESS',
  'sign' => '12ED9724710D5F35AD3206DD9DF813FB',
  'time_end' => '20180214094300',
  'total_fee' => '100',
  'trade_type' => 'JSAPI',
  'transaction_id' => '4200000054201802142445266190',
)

2018-02-14 11:43:58 pay :
------------
String:
array (
  'appid' => 'wx6e79d28ccc2a8c05',
  'attach' => '2',
  'bank_type' => 'CFT',
  'cash_fee' => '100',
  'fee_type' => 'CNY',
  'is_subscribe' => 'Y',
  'mch_id' => '1490957872',
  'nonce_str' => 'enZkNPD3',
  'openid' => 'o01Wu01-zSLzut3cB22KEbJ3JxzY',
  'out_trade_no' => '2018021409393900001293854302',
  'result_code' => 'SUCCESS',
  'return_code' => 'SUCCESS',
  'sign' => '12ED9724710D5F35AD3206DD9DF813FB',
  'time_end' => '20180214094300',
  'total_fee' => '100',
  'trade_type' => 'JSAPI',
  'transaction_id' => '4200000054201802142445266190',
)

2018-02-14 12:44:00 pay :
------------
String:
array (
  'appid' => 'wx6e79d28ccc2a8c05',
  'attach' => '2',
  'bank_type' => 'CFT',
  'cash_fee' => '100',
  'fee_type' => 'CNY',
  'is_subscribe' => 'Y',
  'mch_id' => '1490957872',
  'nonce_str' => 'enZkNPD3',
  'openid' => 'o01Wu01-zSLzut3cB22KEbJ3JxzY',
  'out_trade_no' => '2018021409393900001293854302',
  'result_code' => 'SUCCESS',
  'return_code' => 'SUCCESS',
  'sign' => '12ED9724710D5F35AD3206DD9DF813FB',
  'time_end' => '20180214094300',
  'total_fee' => '100',
  'trade_type' => 'JSAPI',
  'transaction_id' => '4200000054201802142445266190',
)

