2018-02-11 09:00:35 trace :
------------
String:
<xml><ToUserName><![CDATA[gh_7bcd94754b84]]></ToUserName>
<FromUserName><![CDATA[o01Wu01-zSLzut3cB22KEbJ3JxzY]]></FromUserName>
<CreateTime>1518311015</CreateTime>
<MsgType><![CDATA[event]]></MsgType>
<Event><![CDATA[VIEW]]></Event>
<EventKey><![CDATA[http://ordernow.oneap.net/app/index.php?i=2&c=entry&eid=5]]></EventKey>
<MenuId>830669761</MenuId>
</xml>

2018-02-11 09:00:35 params :
------------
String:
array (
  'rule' => -2,
  'module' => '',
  'message' => 
  array (
    'tousername' => 'gh_7bcd94754b84',
    'fromusername' => 'o01Wu01-zSLzut3cB22KEbJ3JxzY',
    'createtime' => '1518311015',
    'msgtype' => 'event',
    'event' => 'VIEW',
    'eventkey' => 'http://ordernow.oneap.net/app/index.php?i=2&c=entry&eid=5',
    'menuid' => '830669761',
    'from' => 'o01Wu01-zSLzut3cB22KEbJ3JxzY',
    'to' => 'gh_7bcd94754b84',
    'time' => '1518311015',
    'type' => 'text',
    'content' => 'http://ordernow.oneap.net/app/index.php?i=2&c=entry&eid=5',
    'redirection' => true,
    'source' => 'VIEW',
  ),
)

2018-02-11 09:00:35 response :
------------

2018-02-11 09:01:28 trace :
------------
String:
<xml><ToUserName><![CDATA[gh_7bcd94754b84]]></ToUserName>
<FromUserName><![CDATA[o01Wu01-zSLzut3cB22KEbJ3JxzY]]></FromUserName>
<CreateTime>1518311068</CreateTime>
<MsgType><![CDATA[event]]></MsgType>
<Event><![CDATA[VIEW]]></Event>
<EventKey><![CDATA[http://ordernow.oneap.net/app/index.php?i=2&c=entry&eid=5]]></EventKey>
<MenuId>830669761</MenuId>
</xml>

2018-02-11 09:01:28 params :
------------
String:
array (
  'rule' => -2,
  'module' => '',
  'message' => 
  array (
    'tousername' => 'gh_7bcd94754b84',
    'fromusername' => 'o01Wu01-zSLzut3cB22KEbJ3JxzY',
    'createtime' => '1518311068',
    'msgtype' => 'event',
    'event' => 'VIEW',
    'eventkey' => 'http://ordernow.oneap.net/app/index.php?i=2&c=entry&eid=5',
    'menuid' => '830669761',
    'from' => 'o01Wu01-zSLzut3cB22KEbJ3JxzY',
    'to' => 'gh_7bcd94754b84',
    'time' => '1518311068',
    'type' => 'text',
    'content' => 'http://ordernow.oneap.net/app/index.php?i=2&c=entry&eid=5',
    'redirection' => true,
    'source' => 'VIEW',
  ),
)

2018-02-11 09:01:28 response :
------------

2018-02-11 09:02:24 pay :
------------
String:
array (
  'appid' => 'wx6e79d28ccc2a8c05',
  'attach' => '2',
  'bank_type' => 'CFT',
  'cash_fee' => '200',
  'fee_type' => 'CNY',
  'is_subscribe' => 'Y',
  'mch_id' => '1490957872',
  'nonce_str' => 'b36rBrB1',
  'openid' => 'o01Wu01-zSLzut3cB22KEbJ3JxzY',
  'out_trade_no' => '2018021109021400001202468444',
  'result_code' => 'SUCCESS',
  'return_code' => 'SUCCESS',
  'sign' => '94E678F3DCBFF08494FE3B0AF3BF6877',
  'time_end' => '20180211090524',
  'total_fee' => '200',
  'trade_type' => 'JSAPI',
  'transaction_id' => '4200000061201802110823758938',
)

2018-02-11 09:02:24 trace :
------------
String:
<xml><ToUserName><![CDATA[gh_7bcd94754b84]]></ToUserName>
<FromUserName><![CDATA[o01Wu01-zSLzut3cB22KEbJ3JxzY]]></FromUserName>
<CreateTime>1518311125</CreateTime>
<MsgType><![CDATA[event]]></MsgType>
<Event><![CDATA[TEMPLATESENDJOBFINISH]]></Event>
<MsgID>146278100152467459</MsgID>
<Status><![CDATA[success]]></Status>
</xml>

2018-02-11 09:02:24 params :
------------
String:
array (
  'rule' => -2,
  'module' => '',
  'message' => 
  array (
    'tousername' => 'gh_7bcd94754b84',
    'fromusername' => 'o01Wu01-zSLzut3cB22KEbJ3JxzY',
    'createtime' => '1518311125',
    'msgtype' => 'event',
    'event' => 'TEMPLATESENDJOBFINISH',
    'msgid' => '146278100152467459',
    'status' => 'success',
    'from' => 'o01Wu01-zSLzut3cB22KEbJ3JxzY',
    'to' => 'gh_7bcd94754b84',
    'time' => '1518311125',
    'type' => 'event',
  ),
)

2018-02-11 09:02:24 response :
------------

2018-02-11 09:02:25 trace :
------------
String:
<xml><ToUserName><![CDATA[gh_7bcd94754b84]]></ToUserName>
<FromUserName><![CDATA[o01Wu09x8WFY1ZBV-HAf-R-a3ytI]]></FromUserName>
<CreateTime>1518311126</CreateTime>
<MsgType><![CDATA[event]]></MsgType>
<Event><![CDATA[TEMPLATESENDJOBFINISH]]></Event>
<MsgID>146278119345618946</MsgID>
<Status><![CDATA[success]]></Status>
</xml>

2018-02-11 09:02:25 params :
------------
String:
array (
  'rule' => -2,
  'module' => '',
  'message' => 
  array (
    'tousername' => 'gh_7bcd94754b84',
    'fromusername' => 'o01Wu09x8WFY1ZBV-HAf-R-a3ytI',
    'createtime' => '1518311126',
    'msgtype' => 'event',
    'event' => 'TEMPLATESENDJOBFINISH',
    'msgid' => '146278119345618946',
    'status' => 'success',
    'from' => 'o01Wu09x8WFY1ZBV-HAf-R-a3ytI',
    'to' => 'gh_7bcd94754b84',
    'time' => '1518311126',
    'type' => 'event',
  ),
)

2018-02-11 09:02:25 response :
------------

2018-02-11 09:02:42 pay :
------------
String:
array (
  'appid' => 'wx6e79d28ccc2a8c05',
  'attach' => '2',
  'bank_type' => 'CFT',
  'cash_fee' => '200',
  'fee_type' => 'CNY',
  'is_subscribe' => 'Y',
  'mch_id' => '1490957872',
  'nonce_str' => 'b36rBrB1',
  'openid' => 'o01Wu01-zSLzut3cB22KEbJ3JxzY',
  'out_trade_no' => '2018021109021400001202468444',
  'result_code' => 'SUCCESS',
  'return_code' => 'SUCCESS',
  'sign' => '94E678F3DCBFF08494FE3B0AF3BF6877',
  'time_end' => '20180211090524',
  'total_fee' => '200',
  'trade_type' => 'JSAPI',
  'transaction_id' => '4200000061201802110823758938',
)

2018-02-11 09:02:58 pay :
------------
String:
array (
  'appid' => 'wx6e79d28ccc2a8c05',
  'attach' => '2',
  'bank_type' => 'CFT',
  'cash_fee' => '200',
  'fee_type' => 'CNY',
  'is_subscribe' => 'Y',
  'mch_id' => '1490957872',
  'nonce_str' => 'b36rBrB1',
  'openid' => 'o01Wu01-zSLzut3cB22KEbJ3JxzY',
  'out_trade_no' => '2018021109021400001202468444',
  'result_code' => 'SUCCESS',
  'return_code' => 'SUCCESS',
  'sign' => '94E678F3DCBFF08494FE3B0AF3BF6877',
  'time_end' => '20180211090524',
  'total_fee' => '200',
  'trade_type' => 'JSAPI',
  'transaction_id' => '4200000061201802110823758938',
)

2018-02-11 09:03:30 pay :
------------
String:
array (
  'appid' => 'wx6e79d28ccc2a8c05',
  'attach' => '2',
  'bank_type' => 'CFT',
  'cash_fee' => '200',
  'fee_type' => 'CNY',
  'is_subscribe' => 'Y',
  'mch_id' => '1490957872',
  'nonce_str' => 'b36rBrB1',
  'openid' => 'o01Wu01-zSLzut3cB22KEbJ3JxzY',
  'out_trade_no' => '2018021109021400001202468444',
  'result_code' => 'SUCCESS',
  'return_code' => 'SUCCESS',
  'sign' => '94E678F3DCBFF08494FE3B0AF3BF6877',
  'time_end' => '20180211090524',
  'total_fee' => '200',
  'trade_type' => 'JSAPI',
  'transaction_id' => '4200000061201802110823758938',
)

2018-02-11 09:04:26 trace :
------------
String:
<xml><ToUserName><![CDATA[gh_7bcd94754b84]]></ToUserName>
<FromUserName><![CDATA[o01Wu01-zSLzut3cB22KEbJ3JxzY]]></FromUserName>
<CreateTime>1518311247</CreateTime>
<MsgType><![CDATA[event]]></MsgType>
<Event><![CDATA[VIEW]]></Event>
<EventKey><![CDATA[http://ordernow.oneap.net/app/index.php?i=2&c=entry&eid=2]]></EventKey>
<MenuId>830669761</MenuId>
</xml>

2018-02-11 09:04:26 params :
------------
String:
array (
  'rule' => -2,
  'module' => '',
  'message' => 
  array (
    'tousername' => 'gh_7bcd94754b84',
    'fromusername' => 'o01Wu01-zSLzut3cB22KEbJ3JxzY',
    'createtime' => '1518311247',
    'msgtype' => 'event',
    'event' => 'VIEW',
    'eventkey' => 'http://ordernow.oneap.net/app/index.php?i=2&c=entry&eid=2',
    'menuid' => '830669761',
    'from' => 'o01Wu01-zSLzut3cB22KEbJ3JxzY',
    'to' => 'gh_7bcd94754b84',
    'time' => '1518311247',
    'type' => 'text',
    'content' => 'http://ordernow.oneap.net/app/index.php?i=2&c=entry&eid=2',
    'redirection' => true,
    'source' => 'VIEW',
  ),
)

2018-02-11 09:04:26 response :
------------

2018-02-11 09:06:31 pay :
------------
String:
array (
  'appid' => 'wx6e79d28ccc2a8c05',
  'attach' => '2',
  'bank_type' => 'CFT',
  'cash_fee' => '200',
  'fee_type' => 'CNY',
  'is_subscribe' => 'Y',
  'mch_id' => '1490957872',
  'nonce_str' => 'b36rBrB1',
  'openid' => 'o01Wu01-zSLzut3cB22KEbJ3JxzY',
  'out_trade_no' => '2018021109021400001202468444',
  'result_code' => 'SUCCESS',
  'return_code' => 'SUCCESS',
  'sign' => '94E678F3DCBFF08494FE3B0AF3BF6877',
  'time_end' => '20180211090524',
  'total_fee' => '200',
  'trade_type' => 'JSAPI',
  'transaction_id' => '4200000061201802110823758938',
)

2018-02-11 09:36:33 pay :
------------
String:
array (
  'appid' => 'wx6e79d28ccc2a8c05',
  'attach' => '2',
  'bank_type' => 'CFT',
  'cash_fee' => '200',
  'fee_type' => 'CNY',
  'is_subscribe' => 'Y',
  'mch_id' => '1490957872',
  'nonce_str' => 'b36rBrB1',
  'openid' => 'o01Wu01-zSLzut3cB22KEbJ3JxzY',
  'out_trade_no' => '2018021109021400001202468444',
  'result_code' => 'SUCCESS',
  'return_code' => 'SUCCESS',
  'sign' => '94E678F3DCBFF08494FE3B0AF3BF6877',
  'time_end' => '20180211090524',
  'total_fee' => '200',
  'trade_type' => 'JSAPI',
  'transaction_id' => '4200000061201802110823758938',
)

2018-02-11 10:06:35 pay :
------------
String:
array (
  'appid' => 'wx6e79d28ccc2a8c05',
  'attach' => '2',
  'bank_type' => 'CFT',
  'cash_fee' => '200',
  'fee_type' => 'CNY',
  'is_subscribe' => 'Y',
  'mch_id' => '1490957872',
  'nonce_str' => 'b36rBrB1',
  'openid' => 'o01Wu01-zSLzut3cB22KEbJ3JxzY',
  'out_trade_no' => '2018021109021400001202468444',
  'result_code' => 'SUCCESS',
  'return_code' => 'SUCCESS',
  'sign' => '94E678F3DCBFF08494FE3B0AF3BF6877',
  'time_end' => '20180211090524',
  'total_fee' => '200',
  'trade_type' => 'JSAPI',
  'transaction_id' => '4200000061201802110823758938',
)

2018-02-11 10:36:37 pay :
------------
String:
array (
  'appid' => 'wx6e79d28ccc2a8c05',
  'attach' => '2',
  'bank_type' => 'CFT',
  'cash_fee' => '200',
  'fee_type' => 'CNY',
  'is_subscribe' => 'Y',
  'mch_id' => '1490957872',
  'nonce_str' => 'b36rBrB1',
  'openid' => 'o01Wu01-zSLzut3cB22KEbJ3JxzY',
  'out_trade_no' => '2018021109021400001202468444',
  'result_code' => 'SUCCESS',
  'return_code' => 'SUCCESS',
  'sign' => '94E678F3DCBFF08494FE3B0AF3BF6877',
  'time_end' => '20180211090524',
  'total_fee' => '200',
  'trade_type' => 'JSAPI',
  'transaction_id' => '4200000061201802110823758938',
)

2018-02-11 11:06:39 pay :
------------
String:
array (
  'appid' => 'wx6e79d28ccc2a8c05',
  'attach' => '2',
  'bank_type' => 'CFT',
  'cash_fee' => '200',
  'fee_type' => 'CNY',
  'is_subscribe' => 'Y',
  'mch_id' => '1490957872',
  'nonce_str' => 'b36rBrB1',
  'openid' => 'o01Wu01-zSLzut3cB22KEbJ3JxzY',
  'out_trade_no' => '2018021109021400001202468444',
  'result_code' => 'SUCCESS',
  'return_code' => 'SUCCESS',
  'sign' => '94E678F3DCBFF08494FE3B0AF3BF6877',
  'time_end' => '20180211090524',
  'total_fee' => '200',
  'trade_type' => 'JSAPI',
  'transaction_id' => '4200000061201802110823758938',
)

2018-02-11 12:06:42 pay :
------------
String:
array (
  'appid' => 'wx6e79d28ccc2a8c05',
  'attach' => '2',
  'bank_type' => 'CFT',
  'cash_fee' => '200',
  'fee_type' => 'CNY',
  'is_subscribe' => 'Y',
  'mch_id' => '1490957872',
  'nonce_str' => 'b36rBrB1',
  'openid' => 'o01Wu01-zSLzut3cB22KEbJ3JxzY',
  'out_trade_no' => '2018021109021400001202468444',
  'result_code' => 'SUCCESS',
  'return_code' => 'SUCCESS',
  'sign' => '94E678F3DCBFF08494FE3B0AF3BF6877',
  'time_end' => '20180211090524',
  'total_fee' => '200',
  'trade_type' => 'JSAPI',
  'transaction_id' => '4200000061201802110823758938',
)

