2018-01-22 09:33:59 trace :
------------
String:
<xml><ToUserName><![CDATA[gh_7bcd94754b84]]></ToUserName>
<FromUserName><![CDATA[o01Wu01-zSLzut3cB22KEbJ3JxzY]]></FromUserName>
<CreateTime>1516584965</CreateTime>
<MsgType><![CDATA[event]]></MsgType>
<Event><![CDATA[VIEW]]></Event>
<EventKey><![CDATA[http://ordernow.oneap.net/app/index.php?i=2&c=entry&eid=5]]></EventKey>
<MenuId>830669761</MenuId>
</xml>

2018-01-22 09:33:59 params :
------------
String:
array (
  'rule' => -2,
  'module' => '',
  'message' => 
  array (
    'tousername' => 'gh_7bcd94754b84',
    'fromusername' => 'o01Wu01-zSLzut3cB22KEbJ3JxzY',
    'createtime' => '1516584965',
    'msgtype' => 'event',
    'event' => 'VIEW',
    'eventkey' => 'http://ordernow.oneap.net/app/index.php?i=2&c=entry&eid=5',
    'menuid' => '830669761',
    'from' => 'o01Wu01-zSLzut3cB22KEbJ3JxzY',
    'to' => 'gh_7bcd94754b84',
    'time' => '1516584965',
    'type' => 'text',
    'content' => 'http://ordernow.oneap.net/app/index.php?i=2&c=entry&eid=5',
    'redirection' => true,
    'source' => 'VIEW',
  ),
)

2018-01-22 09:33:59 response :
------------

2018-01-22 09:34:45 pay :
------------
String:
array (
  'appid' => 'wx6e79d28ccc2a8c05',
  'attach' => '2',
  'bank_type' => 'CFT',
  'cash_fee' => '89',
  'coupon_count' => '1',
  'coupon_fee' => '111',
  'coupon_fee_0' => '111',
  'coupon_id_0' => '2000000003036666173',
  'fee_type' => 'CNY',
  'is_subscribe' => 'Y',
  'mch_id' => '1490957872',
  'nonce_str' => 'r0C2OVEY',
  'openid' => 'o01Wu01-zSLzut3cB22KEbJ3JxzY',
  'out_trade_no' => '2018012209343500001280292588',
  'result_code' => 'SUCCESS',
  'return_code' => 'SUCCESS',
  'sign' => '1E961EEAFF7AE0C802352B84D9024EE4',
  'time_end' => '20180122093651',
  'total_fee' => '200',
  'trade_type' => 'JSAPI',
  'transaction_id' => '4200000092201801228655650464',
)

2018-01-22 09:34:45 trace :
------------
String:
<xml><ToUserName><![CDATA[gh_7bcd94754b84]]></ToUserName>
<FromUserName><![CDATA[o01Wu01-zSLzut3cB22KEbJ3JxzY]]></FromUserName>
<CreateTime>1516585011</CreateTime>
<MsgType><![CDATA[event]]></MsgType>
<Event><![CDATA[TEMPLATESENDJOBFINISH]]></Event>
<MsgID>117318722045198336</MsgID>
<Status><![CDATA[success]]></Status>
</xml>

2018-01-22 09:34:45 params :
------------
String:
array (
  'rule' => -2,
  'module' => '',
  'message' => 
  array (
    'tousername' => 'gh_7bcd94754b84',
    'fromusername' => 'o01Wu01-zSLzut3cB22KEbJ3JxzY',
    'createtime' => '1516585011',
    'msgtype' => 'event',
    'event' => 'TEMPLATESENDJOBFINISH',
    'msgid' => '117318722045198336',
    'status' => 'success',
    'from' => 'o01Wu01-zSLzut3cB22KEbJ3JxzY',
    'to' => 'gh_7bcd94754b84',
    'time' => '1516585011',
    'type' => 'event',
  ),
)

2018-01-22 09:34:45 response :
------------

2018-01-22 09:34:46 trace :
------------
String:
<xml><ToUserName><![CDATA[gh_7bcd94754b84]]></ToUserName>
<FromUserName><![CDATA[o01Wu09x8WFY1ZBV-HAf-R-a3ytI]]></FromUserName>
<CreateTime>1516585013</CreateTime>
<MsgType><![CDATA[event]]></MsgType>
<Event><![CDATA[TEMPLATESENDJOBFINISH]]></Event>
<MsgID>117318741372567552</MsgID>
<Status><![CDATA[success]]></Status>
</xml>

2018-01-22 09:34:46 params :
------------
String:
array (
  'rule' => -2,
  'module' => '',
  'message' => 
  array (
    'tousername' => 'gh_7bcd94754b84',
    'fromusername' => 'o01Wu09x8WFY1ZBV-HAf-R-a3ytI',
    'createtime' => '1516585013',
    'msgtype' => 'event',
    'event' => 'TEMPLATESENDJOBFINISH',
    'msgid' => '117318741372567552',
    'status' => 'success',
    'from' => 'o01Wu09x8WFY1ZBV-HAf-R-a3ytI',
    'to' => 'gh_7bcd94754b84',
    'time' => '1516585013',
    'type' => 'event',
  ),
)

2018-01-22 09:34:46 response :
------------

2018-01-22 09:34:59 pay :
------------
String:
array (
  'appid' => 'wx6e79d28ccc2a8c05',
  'attach' => '2',
  'bank_type' => 'CFT',
  'cash_fee' => '89',
  'coupon_count' => '1',
  'coupon_fee' => '111',
  'coupon_fee_0' => '111',
  'coupon_id_0' => '2000000003036666173',
  'fee_type' => 'CNY',
  'is_subscribe' => 'Y',
  'mch_id' => '1490957872',
  'nonce_str' => 'r0C2OVEY',
  'openid' => 'o01Wu01-zSLzut3cB22KEbJ3JxzY',
  'out_trade_no' => '2018012209343500001280292588',
  'result_code' => 'SUCCESS',
  'return_code' => 'SUCCESS',
  'sign' => '1E961EEAFF7AE0C802352B84D9024EE4',
  'time_end' => '20180122093651',
  'total_fee' => '200',
  'trade_type' => 'JSAPI',
  'transaction_id' => '4200000092201801228655650464',
)

2018-01-22 09:35:16 pay :
------------
String:
array (
  'appid' => 'wx6e79d28ccc2a8c05',
  'attach' => '2',
  'bank_type' => 'CFT',
  'cash_fee' => '89',
  'coupon_count' => '1',
  'coupon_fee' => '111',
  'coupon_fee_0' => '111',
  'coupon_id_0' => '2000000003036666173',
  'fee_type' => 'CNY',
  'is_subscribe' => 'Y',
  'mch_id' => '1490957872',
  'nonce_str' => 'r0C2OVEY',
  'openid' => 'o01Wu01-zSLzut3cB22KEbJ3JxzY',
  'out_trade_no' => '2018012209343500001280292588',
  'result_code' => 'SUCCESS',
  'return_code' => 'SUCCESS',
  'sign' => '1E961EEAFF7AE0C802352B84D9024EE4',
  'time_end' => '20180122093651',
  'total_fee' => '200',
  'trade_type' => 'JSAPI',
  'transaction_id' => '4200000092201801228655650464',
)

2018-01-22 09:35:49 pay :
------------
String:
array (
  'appid' => 'wx6e79d28ccc2a8c05',
  'attach' => '2',
  'bank_type' => 'CFT',
  'cash_fee' => '89',
  'coupon_count' => '1',
  'coupon_fee' => '111',
  'coupon_fee_0' => '111',
  'coupon_id_0' => '2000000003036666173',
  'fee_type' => 'CNY',
  'is_subscribe' => 'Y',
  'mch_id' => '1490957872',
  'nonce_str' => 'r0C2OVEY',
  'openid' => 'o01Wu01-zSLzut3cB22KEbJ3JxzY',
  'out_trade_no' => '2018012209343500001280292588',
  'result_code' => 'SUCCESS',
  'return_code' => 'SUCCESS',
  'sign' => '1E961EEAFF7AE0C802352B84D9024EE4',
  'time_end' => '20180122093651',
  'total_fee' => '200',
  'trade_type' => 'JSAPI',
  'transaction_id' => '4200000092201801228655650464',
)

2018-01-22 09:38:51 pay :
------------
String:
array (
  'appid' => 'wx6e79d28ccc2a8c05',
  'attach' => '2',
  'bank_type' => 'CFT',
  'cash_fee' => '89',
  'coupon_count' => '1',
  'coupon_fee' => '111',
  'coupon_fee_0' => '111',
  'coupon_id_0' => '2000000003036666173',
  'fee_type' => 'CNY',
  'is_subscribe' => 'Y',
  'mch_id' => '1490957872',
  'nonce_str' => 'r0C2OVEY',
  'openid' => 'o01Wu01-zSLzut3cB22KEbJ3JxzY',
  'out_trade_no' => '2018012209343500001280292588',
  'result_code' => 'SUCCESS',
  'return_code' => 'SUCCESS',
  'sign' => '1E961EEAFF7AE0C802352B84D9024EE4',
  'time_end' => '20180122093651',
  'total_fee' => '200',
  'trade_type' => 'JSAPI',
  'transaction_id' => '4200000092201801228655650464',
)

2018-01-22 10:08:53 pay :
------------
String:
array (
  'appid' => 'wx6e79d28ccc2a8c05',
  'attach' => '2',
  'bank_type' => 'CFT',
  'cash_fee' => '89',
  'coupon_count' => '1',
  'coupon_fee' => '111',
  'coupon_fee_0' => '111',
  'coupon_id_0' => '2000000003036666173',
  'fee_type' => 'CNY',
  'is_subscribe' => 'Y',
  'mch_id' => '1490957872',
  'nonce_str' => 'r0C2OVEY',
  'openid' => 'o01Wu01-zSLzut3cB22KEbJ3JxzY',
  'out_trade_no' => '2018012209343500001280292588',
  'result_code' => 'SUCCESS',
  'return_code' => 'SUCCESS',
  'sign' => '1E961EEAFF7AE0C802352B84D9024EE4',
  'time_end' => '20180122093651',
  'total_fee' => '200',
  'trade_type' => 'JSAPI',
  'transaction_id' => '4200000092201801228655650464',
)

2018-01-22 10:38:55 pay :
------------
String:
array (
  'appid' => 'wx6e79d28ccc2a8c05',
  'attach' => '2',
  'bank_type' => 'CFT',
  'cash_fee' => '89',
  'coupon_count' => '1',
  'coupon_fee' => '111',
  'coupon_fee_0' => '111',
  'coupon_id_0' => '2000000003036666173',
  'fee_type' => 'CNY',
  'is_subscribe' => 'Y',
  'mch_id' => '1490957872',
  'nonce_str' => 'r0C2OVEY',
  'openid' => 'o01Wu01-zSLzut3cB22KEbJ3JxzY',
  'out_trade_no' => '2018012209343500001280292588',
  'result_code' => 'SUCCESS',
  'return_code' => 'SUCCESS',
  'sign' => '1E961EEAFF7AE0C802352B84D9024EE4',
  'time_end' => '20180122093651',
  'total_fee' => '200',
  'trade_type' => 'JSAPI',
  'transaction_id' => '4200000092201801228655650464',
)

2018-01-22 11:08:55 pay :
------------
String:
array (
  'appid' => 'wx6e79d28ccc2a8c05',
  'attach' => '2',
  'bank_type' => 'CFT',
  'cash_fee' => '89',
  'coupon_count' => '1',
  'coupon_fee' => '111',
  'coupon_fee_0' => '111',
  'coupon_id_0' => '2000000003036666173',
  'fee_type' => 'CNY',
  'is_subscribe' => 'Y',
  'mch_id' => '1490957872',
  'nonce_str' => 'r0C2OVEY',
  'openid' => 'o01Wu01-zSLzut3cB22KEbJ3JxzY',
  'out_trade_no' => '2018012209343500001280292588',
  'result_code' => 'SUCCESS',
  'return_code' => 'SUCCESS',
  'sign' => '1E961EEAFF7AE0C802352B84D9024EE4',
  'time_end' => '20180122093651',
  'total_fee' => '200',
  'trade_type' => 'JSAPI',
  'transaction_id' => '4200000092201801228655650464',
)

2018-01-22 11:38:57 pay :
------------
String:
array (
  'appid' => 'wx6e79d28ccc2a8c05',
  'attach' => '2',
  'bank_type' => 'CFT',
  'cash_fee' => '89',
  'coupon_count' => '1',
  'coupon_fee' => '111',
  'coupon_fee_0' => '111',
  'coupon_id_0' => '2000000003036666173',
  'fee_type' => 'CNY',
  'is_subscribe' => 'Y',
  'mch_id' => '1490957872',
  'nonce_str' => 'r0C2OVEY',
  'openid' => 'o01Wu01-zSLzut3cB22KEbJ3JxzY',
  'out_trade_no' => '2018012209343500001280292588',
  'result_code' => 'SUCCESS',
  'return_code' => 'SUCCESS',
  'sign' => '1E961EEAFF7AE0C802352B84D9024EE4',
  'time_end' => '20180122093651',
  'total_fee' => '200',
  'trade_type' => 'JSAPI',
  'transaction_id' => '4200000092201801228655650464',
)

2018-01-22 12:38:59 pay :
------------
String:
array (
  'appid' => 'wx6e79d28ccc2a8c05',
  'attach' => '2',
  'bank_type' => 'CFT',
  'cash_fee' => '89',
  'coupon_count' => '1',
  'coupon_fee' => '111',
  'coupon_fee_0' => '111',
  'coupon_id_0' => '2000000003036666173',
  'fee_type' => 'CNY',
  'is_subscribe' => 'Y',
  'mch_id' => '1490957872',
  'nonce_str' => 'r0C2OVEY',
  'openid' => 'o01Wu01-zSLzut3cB22KEbJ3JxzY',
  'out_trade_no' => '2018012209343500001280292588',
  'result_code' => 'SUCCESS',
  'return_code' => 'SUCCESS',
  'sign' => '1E961EEAFF7AE0C802352B84D9024EE4',
  'time_end' => '20180122093651',
  'total_fee' => '200',
  'trade_type' => 'JSAPI',
  'transaction_id' => '4200000092201801228655650464',
)

