2018-05-09 10:46:48 trace :
------------
String:
<xml><ToUserName><![CDATA[gh_6ace08fd00cf]]></ToUserName>
<FromUserName><![CDATA[oIP0X0nRmf4w6LhtWw_cwGj7NlyA]]></FromUserName>
<CreateTime>1525834008</CreateTime>
<MsgType><![CDATA[event]]></MsgType>
<Event><![CDATA[TEMPLATESENDJOBFINISH]]></Event>
<MsgID>272491135937658884</MsgID>
<Status><![CDATA[success]]></Status>
</xml>

2018-05-09 10:46:48 params :
------------
String:
array (
  'rule' => -2,
  'module' => '',
  'message' => 
  array (
    'tousername' => 'gh_6ace08fd00cf',
    'fromusername' => 'oIP0X0nRmf4w6LhtWw_cwGj7NlyA',
    'createtime' => '1525834008',
    'msgtype' => 'event',
    'event' => 'TEMPLATESENDJOBFINISH',
    'msgid' => '272491135937658884',
    'status' => 'success',
    'from' => 'oIP0X0nRmf4w6LhtWw_cwGj7NlyA',
    'to' => 'gh_6ace08fd00cf',
    'time' => '1525834008',
    'type' => 'event',
  ),
)

2018-05-09 10:46:48 response :
------------

2018-05-09 17:43:32 trace :
------------
String:
<xml><ToUserName><![CDATA[gh_6ace08fd00cf]]></ToUserName>
<FromUserName><![CDATA[oIP0X0nRmf4w6LhtWw_cwGj7NlyA]]></FromUserName>
<CreateTime>1525859012</CreateTime>
<MsgType><![CDATA[text]]></MsgType>
<Content><![CDATA[http://share.yoosee.co/share?Type=1&InviteCode=141580283363662720&SharerName=018291584&AppVersion=3014681&DeviceID=9722759]]></Content>
<MsgId>6553514555661929100</MsgId>
</xml>

2018-05-09 17:43:32 params :
------------
String:
array (
  'rule' => -2,
  'module' => '',
  'message' => 
  array (
    'tousername' => 'gh_6ace08fd00cf',
    'fromusername' => 'oIP0X0nRmf4w6LhtWw_cwGj7NlyA',
    'createtime' => '1525859012',
    'msgtype' => 'text',
    'content' => 'http://share.yoosee.co/share?Type=1&InviteCode=141580283363662720&SharerName=018291584&AppVersion=3014681&DeviceID=9722759',
    'msgid' => '6553514555661929100',
    'from' => 'oIP0X0nRmf4w6LhtWw_cwGj7NlyA',
    'to' => 'gh_6ace08fd00cf',
    'time' => '1525859012',
    'type' => 'text',
    'event' => NULL,
    'redirection' => false,
    'source' => NULL,
  ),
)

2018-05-09 17:43:32 response :
------------

