2018-07-03 11:54:19 trace :
------------
String:
<xml><ToUserName><![CDATA[gh_6ace08fd00cf]]></ToUserName>
<FromUserName><![CDATA[oIP0X0g5j5OmrQEgSHLTECZbCFHw]]></FromUserName>
<CreateTime>1530590058</CreateTime>
<MsgType><![CDATA[event]]></MsgType>
<Event><![CDATA[TEMPLATESENDJOBFINISH]]></Event>
<MsgID>352284421275140100</MsgID>
<Status><![CDATA[success]]></Status>
</xml>

2018-07-03 11:54:19 params :
------------
String:
array (
  'rule' => -2,
  'module' => '',
  'message' => 
  array (
    'tousername' => 'gh_6ace08fd00cf',
    'fromusername' => 'oIP0X0g5j5OmrQEgSHLTECZbCFHw',
    'createtime' => '1530590058',
    'msgtype' => 'event',
    'event' => 'TEMPLATESENDJOBFINISH',
    'msgid' => '352284421275140100',
    'status' => 'success',
    'from' => 'oIP0X0g5j5OmrQEgSHLTECZbCFHw',
    'to' => 'gh_6ace08fd00cf',
    'time' => '1530590058',
    'type' => 'event',
  ),
)

2018-07-03 11:54:19 response :
------------

2018-07-03 11:54:26 trace :
------------
String:
<xml><ToUserName><![CDATA[gh_6ace08fd00cf]]></ToUserName>
<FromUserName><![CDATA[oIP0X0oF5n7OLu49EpAwdouhzRkU]]></FromUserName>
<CreateTime>1530590066</CreateTime>
<MsgType><![CDATA[event]]></MsgType>
<Event><![CDATA[TEMPLATESENDJOBFINISH]]></Event>
<MsgID>352284545560739840</MsgID>
<Status><![CDATA[success]]></Status>
</xml>

2018-07-03 11:54:26 params :
------------
String:
array (
  'rule' => -2,
  'module' => '',
  'message' => 
  array (
    'tousername' => 'gh_6ace08fd00cf',
    'fromusername' => 'oIP0X0oF5n7OLu49EpAwdouhzRkU',
    'createtime' => '1530590066',
    'msgtype' => 'event',
    'event' => 'TEMPLATESENDJOBFINISH',
    'msgid' => '352284545560739840',
    'status' => 'success',
    'from' => 'oIP0X0oF5n7OLu49EpAwdouhzRkU',
    'to' => 'gh_6ace08fd00cf',
    'time' => '1530590066',
    'type' => 'event',
  ),
)

2018-07-03 11:54:26 response :
------------

2018-07-03 11:57:07 SQL Error :
------------
String:
SQL: <br/>SELECT * FROM `ims_weisrc_dish_goods` WHERE storeid=:storeid AND weid=:weid  AND deleted=0 AND pcate=14 and find_in_set(dayofweek(DATE_FORMAT(meal_time,'%Y-%m-%d %H:%i')) -1,week) > 0  and (counts > today_counts or counts = -1) <hr/>Params: <br/>array (
  ':storeid' => 5,
  ':weid' => 2,
)<hr/>SQL Error: <br/>Unknown column 'meal_time' in 'where clause'<hr/>Traces: <br/>file: /framework/class/db.class.php; line: 408; <br />file: /framework/class/db.class.php; line: 162; <br />file: /framework/function/pdo.func.php; line: 49; <br />file: /addons/weisrc_dish/inc/web/order.inc.php; line: 230; <br />file: /framework/class/account.class.php; line: 1082; <br />file: /web/source/site/entry.ctrl.php; line: 89; <br />file: /web/source/site/entry.ctrl.php; line: 89; <br />file: /web/index.php; line: 80; <br />

2018-07-03 12:00:13 SQL Error :
------------
String:
SQL: <br/>SELECT * FROM `ims_weisrc_dish_goods` WHERE storeid=:storeid AND weid=:weid  AND deleted=0 AND pcate=14 and find_in_set(dayofweek(DATE_FORMAT(2018-07-04 11:00,'%Y-%m-%d %H:%i')) -1,week) > 0  and (counts > today_counts or counts = -1) <hr/>Params: <br/>array (
  ':storeid' => 5,
  ':weid' => 2,
)<hr/>SQL Error: <br/>You have an error in your SQL syntax; check the manual that corresponds to your MySQL server version for the right syntax to use near '11:00,'%Y-%m-%d %H:%i')) -1,week) > 0  and (counts > today_counts or counts = -1' at line 1<hr/>Traces: <br/>file: /framework/class/db.class.php; line: 408; <br />file: /framework/class/db.class.php; line: 162; <br />file: /framework/function/pdo.func.php; line: 49; <br />file: /addons/weisrc_dish/inc/web/order.inc.php; line: 230; <br />file: /framework/class/account.class.php; line: 1082; <br />file: /web/source/site/entry.ctrl.php; line: 89; <br />file: /web/source/site/entry.ctrl.php; line: 89; <br />file: /web/index.php; line: 80; <br />

2018-07-03 12:00:14 SQL Error :
------------
String:
SQL: <br/>SELECT * FROM `ims_weisrc_dish_goods` WHERE storeid=:storeid AND weid=:weid  AND deleted=0 AND pcate=14 and find_in_set(dayofweek(DATE_FORMAT(2018-07-04 11:00,'%Y-%m-%d %H:%i')) -1,week) > 0  and (counts > today_counts or counts = -1) <hr/>Params: <br/>array (
  ':storeid' => 5,
  ':weid' => 2,
)<hr/>SQL Error: <br/>You have an error in your SQL syntax; check the manual that corresponds to your MySQL server version for the right syntax to use near '11:00,'%Y-%m-%d %H:%i')) -1,week) > 0  and (counts > today_counts or counts = -1' at line 1<hr/>Traces: <br/>file: /framework/class/db.class.php; line: 408; <br />file: /framework/class/db.class.php; line: 162; <br />file: /framework/function/pdo.func.php; line: 49; <br />file: /addons/weisrc_dish/inc/web/order.inc.php; line: 230; <br />file: /framework/class/account.class.php; line: 1082; <br />file: /web/source/site/entry.ctrl.php; line: 89; <br />file: /web/source/site/entry.ctrl.php; line: 89; <br />file: /web/index.php; line: 80; <br />

2018-07-03 12:00:30 SQL Error :
------------
String:
SQL: <br/>SELECT * FROM `ims_weisrc_dish_goods` WHERE storeid=:storeid AND weid=:weid  AND deleted=0 AND pcate=14 and find_in_set(dayofweek(DATE_FORMAT(2018-07-04 11:00,'%Y-%m-%d %H:%i')) -1,week) > 0  and (counts > today_counts or counts = -1) <hr/>Params: <br/>array (
  ':storeid' => 5,
  ':weid' => 2,
)<hr/>SQL Error: <br/>You have an error in your SQL syntax; check the manual that corresponds to your MySQL server version for the right syntax to use near '11:00,'%Y-%m-%d %H:%i')) -1,week) > 0  and (counts > today_counts or counts = -1' at line 1<hr/>Traces: <br/>file: /framework/class/db.class.php; line: 408; <br />file: /framework/class/db.class.php; line: 162; <br />file: /framework/function/pdo.func.php; line: 49; <br />file: /addons/weisrc_dish/inc/web/order.inc.php; line: 230; <br />file: /framework/class/account.class.php; line: 1082; <br />file: /web/source/site/entry.ctrl.php; line: 89; <br />file: /web/source/site/entry.ctrl.php; line: 89; <br />file: /web/index.php; line: 80; <br />

2018-07-03 13:06:47 trace :
------------
String:
<xml><ToUserName><![CDATA[gh_6ace08fd00cf]]></ToUserName>
<FromUserName><![CDATA[oIP0X0g5j5OmrQEgSHLTECZbCFHw]]></FromUserName>
<CreateTime>1530594407</CreateTime>
<MsgType><![CDATA[event]]></MsgType>
<Event><![CDATA[TEMPLATESENDJOBFINISH]]></Event>
<MsgID>352357375824510978</MsgID>
<Status><![CDATA[success]]></Status>
</xml>

2018-07-03 13:06:47 params :
------------
String:
array (
  'rule' => -2,
  'module' => '',
  'message' => 
  array (
    'tousername' => 'gh_6ace08fd00cf',
    'fromusername' => 'oIP0X0g5j5OmrQEgSHLTECZbCFHw',
    'createtime' => '1530594407',
    'msgtype' => 'event',
    'event' => 'TEMPLATESENDJOBFINISH',
    'msgid' => '352357375824510978',
    'status' => 'success',
    'from' => 'oIP0X0g5j5OmrQEgSHLTECZbCFHw',
    'to' => 'gh_6ace08fd00cf',
    'time' => '1530594407',
    'type' => 'event',
  ),
)

2018-07-03 13:06:47 response :
------------

2018-07-03 13:06:55 trace :
------------
String:
<xml><ToUserName><![CDATA[gh_6ace08fd00cf]]></ToUserName>
<FromUserName><![CDATA[oIP0X0oF5n7OLu49EpAwdouhzRkU]]></FromUserName>
<CreateTime>1530594415</CreateTime>
<MsgType><![CDATA[event]]></MsgType>
<Event><![CDATA[TEMPLATESENDJOBFINISH]]></Event>
<MsgID>352357507374645252</MsgID>
<Status><![CDATA[success]]></Status>
</xml>

2018-07-03 13:06:55 params :
------------
String:
array (
  'rule' => -2,
  'module' => '',
  'message' => 
  array (
    'tousername' => 'gh_6ace08fd00cf',
    'fromusername' => 'oIP0X0oF5n7OLu49EpAwdouhzRkU',
    'createtime' => '1530594415',
    'msgtype' => 'event',
    'event' => 'TEMPLATESENDJOBFINISH',
    'msgid' => '352357507374645252',
    'status' => 'success',
    'from' => 'oIP0X0oF5n7OLu49EpAwdouhzRkU',
    'to' => 'gh_6ace08fd00cf',
    'time' => '1530594415',
    'type' => 'event',
  ),
)

2018-07-03 13:06:55 response :
------------

