2018-07-31 00:08:43 pay-alipay :
------------
String:
array (
  'payment_type' => '1',
  'trade_no' => '2018042821001004230514752263',
  'subject' => '餐饮20180428973751831085',
  'buyer_email' => 'han***@msn.com',
  'gmt_create' => '2018-04-28 14:44:40',
  'notify_type' => 'trade_status_sync',
  'quantity' => '1',
  'out_trade_no' => '2018042814362200001235976364',
  'seller_id' => '2088621957819369',
  'notify_time' => '2018-07-31 00:08:43',
  'body' => '2',
  'trade_status' => 'TRADE_FINISHED',
  'is_total_fee_adjust' => 'N',
  'total_fee' => '1.00',
  'gmt_payment' => '2018-04-28 14:44:42',
  'seller_email' => 'jin703@outlook.com',
  'gmt_close' => '2018-07-30 14:44:54',
  'price' => '1.00',
  'buyer_id' => '2088002328471230',
  'notify_id' => '6f653beea2b7ab28368a88dc44742achs1',
  'use_coupon' => 'N',
  'sign_type' => 'MD5',
  'sign' => 'b375c98aca79680f5020075362800611',
  'query_type' => 'notify',
)

2018-07-31 15:08:27 pay-alipay :
------------
String:
array (
  'payment_type' => '1',
  'trade_no' => '2018042821001004230514752263',
  'subject' => '餐饮20180428973751831085',
  'buyer_email' => 'han***@msn.com',
  'gmt_create' => '2018-04-28 14:44:40',
  'notify_type' => 'trade_status_sync',
  'quantity' => '1',
  'out_trade_no' => '2018042814362200001235976364',
  'seller_id' => '2088621957819369',
  'notify_time' => '2018-07-31 15:08:26',
  'body' => '2',
  'trade_status' => 'TRADE_FINISHED',
  'is_total_fee_adjust' => 'N',
  'total_fee' => '1.00',
  'gmt_payment' => '2018-04-28 14:44:42',
  'seller_email' => 'jin703@outlook.com',
  'gmt_close' => '2018-07-30 14:44:54',
  'price' => '1.00',
  'buyer_id' => '2088002328471230',
  'notify_id' => '6f653beea2b7ab28368a88dc44742achs1',
  'use_coupon' => 'N',
  'sign_type' => 'MD5',
  'sign' => 'e1b9b5301861fe5140d96dbde18401fa',
  'query_type' => 'notify',
)

