2018-08-07 00:19:56 pay-alipay :
------------
String:
array (
  'payment_type' => '1',
  'trade_no' => '2018050521001004230539515440',
  'subject' => '餐饮20180505033075605790',
  'buyer_email' => 'han***@msn.com',
  'gmt_create' => '2018-05-05 14:55:37',
  'notify_type' => 'trade_status_sync',
  'quantity' => '1',
  'out_trade_no' => '2018050514551100001290562442',
  'seller_id' => '2088621957819369',
  'notify_time' => '2018-08-07 00:19:51',
  'body' => '2',
  'trade_status' => 'TRADE_FINISHED',
  'is_total_fee_adjust' => 'N',
  'total_fee' => '2.00',
  'gmt_payment' => '2018-05-05 14:55:39',
  'seller_email' => 'jin703@outlook.com',
  'gmt_close' => '2018-08-06 14:55:55',
  'price' => '2.00',
  'buyer_id' => '2088002328471230',
  'notify_id' => '0d86c24422035ac7a48d9f3b0fff2cchs1',
  'use_coupon' => 'N',
  'sign_type' => 'MD5',
  'sign' => '9209f53bdca9e939c3ead0b7d6a59045',
  'query_type' => 'notify',
)

2018-08-07 00:28:37 pay-alipay :
------------
String:
array (
  'payment_type' => '1',
  'trade_no' => '2018050521001004230538973065',
  'subject' => '餐饮20180505038458631054',
  'buyer_email' => 'han***@msn.com',
  'gmt_create' => '2018-05-05 15:04:28',
  'notify_type' => 'trade_status_sync',
  'quantity' => '1',
  'out_trade_no' => '2018050515040800001246426734',
  'seller_id' => '2088621957819369',
  'notify_time' => '2018-08-07 00:28:36',
  'body' => '2',
  'trade_status' => 'TRADE_FINISHED',
  'is_total_fee_adjust' => 'N',
  'total_fee' => '1.00',
  'gmt_payment' => '2018-05-05 15:04:29',
  'seller_email' => 'jin703@outlook.com',
  'gmt_close' => '2018-08-06 15:04:54',
  'price' => '1.00',
  'buyer_id' => '2088002328471230',
  'notify_id' => 'b9c5eaa5e633bacf57d8a5e0d484f1chs1',
  'use_coupon' => 'N',
  'sign_type' => 'MD5',
  'sign' => 'f573d9187e3bb74d6c46a6a8ffa05638',
  'query_type' => 'notify',
)

2018-08-07 00:49:06 pay-alipay :
------------
String:
array (
  'payment_type' => '1',
  'trade_no' => '2018050521001004230539474192',
  'subject' => '餐饮20180505050927023936',
  'buyer_email' => 'han***@msn.com',
  'gmt_create' => '2018-05-05 15:25:27',
  'notify_type' => 'trade_status_sync',
  'quantity' => '1',
  'out_trade_no' => '2018050515245500001228426292',
  'seller_id' => '2088621957819369',
  'notify_time' => '2018-08-07 00:49:01',
  'body' => '2',
  'trade_status' => 'TRADE_FINISHED',
  'is_total_fee_adjust' => 'N',
  'total_fee' => '2.00',
  'gmt_payment' => '2018-05-05 15:25:29',
  'seller_email' => 'jin703@outlook.com',
  'gmt_close' => '2018-08-06 15:25:55',
  'price' => '2.00',
  'buyer_id' => '2088002328471230',
  'notify_id' => '431a4b18e70f669244ba9ba31166e3fhs1',
  'use_coupon' => 'N',
  'sign_type' => 'MD5',
  'sign' => 'ccfb3205189e7faa7799a8b08ed79594',
  'query_type' => 'notify',
)

2018-08-07 01:07:04 pay-alipay :
------------
String:
array (
  'payment_type' => '1',
  'trade_no' => '2018050521001004230539516849',
  'subject' => '餐饮20180505061564362029',
  'buyer_email' => 'han***@msn.com',
  'gmt_create' => '2018-05-05 15:43:03',
  'notify_type' => 'trade_status_sync',
  'quantity' => '1',
  'out_trade_no' => '2018050515423900001254684438',
  'seller_id' => '2088621957819369',
  'notify_time' => '2018-08-07 01:07:03',
  'body' => '2',
  'trade_status' => 'TRADE_FINISHED',
  'is_total_fee_adjust' => 'N',
  'total_fee' => '2.00',
  'gmt_payment' => '2018-05-05 15:43:04',
  'seller_email' => 'jin703@outlook.com',
  'gmt_close' => '2018-08-06 15:43:54',
  'price' => '2.00',
  'buyer_id' => '2088002328471230',
  'notify_id' => 'fc76b51dacfd59aa6cef652472ce51bhs1',
  'use_coupon' => 'N',
  'sign_type' => 'MD5',
  'sign' => 'fcb2967e10a1e16d2f26ed5b8f4595a9',
  'query_type' => 'notify',
)

2018-08-07 01:57:24 pay-alipay :
------------
String:
array (
  'payment_type' => '1',
  'trade_no' => '2018050521001004230541794019',
  'subject' => '餐饮20180505301561392839',
  'buyer_email' => 'han***@msn.com',
  'gmt_create' => '2018-05-05 22:33:17',
  'notify_type' => 'trade_status_sync',
  'quantity' => '1',
  'out_trade_no' => '2018050522223900001258872028',
  'seller_id' => '2088621957819369',
  'notify_time' => '2018-08-07 01:57:23',
  'body' => '2',
  'trade_status' => 'TRADE_FINISHED',
  'is_total_fee_adjust' => 'N',
  'total_fee' => '0.20',
  'gmt_payment' => '2018-05-05 22:33:18',
  'seller_email' => 'jin703@outlook.com',
  'gmt_close' => '2018-08-06 22:33:55',
  'price' => '0.20',
  'buyer_id' => '2088002328471230',
  'notify_id' => '05b5b0585e26b865b860978bf31460chs1',
  'use_coupon' => 'N',
  'sign_type' => 'MD5',
  'sign' => '292f0448157d1d106f78edab52d3fc69',
  'query_type' => 'notify',
)

2018-08-07 03:10:05 pay-alipay :
------------
String:
array (
  'payment_type' => '1',
  'trade_no' => '2018050521001004230541071366',
  'subject' => '餐饮20180505135537765478',
  'buyer_email' => 'han***@msn.com',
  'gmt_create' => '2018-05-05 17:46:20',
  'notify_type' => 'trade_status_sync',
  'quantity' => '1',
  'out_trade_no' => '2018050517455600001224101874',
  'seller_id' => '2088621957819369',
  'notify_time' => '2018-08-07 03:10:05',
  'body' => '2',
  'trade_status' => 'TRADE_FINISHED',
  'is_total_fee_adjust' => 'N',
  'total_fee' => '1.00',
  'gmt_payment' => '2018-05-05 17:46:22',
  'seller_email' => 'jin703@outlook.com',
  'gmt_close' => '2018-08-06 17:46:55',
  'price' => '1.00',
  'buyer_id' => '2088002328471230',
  'notify_id' => 'f928eb0a5b461498fc86c18013bd66bhs1',
  'use_coupon' => 'N',
  'sign_type' => 'MD5',
  'sign' => 'a1c3f12cb68b20169298f27405e66e35',
  'query_type' => 'notify',
)

2018-08-07 03:18:10 pay-alipay :
------------
String:
array (
  'payment_type' => '1',
  'trade_no' => '2018050521001004230541142379',
  'subject' => '餐饮20180505140629077648',
  'buyer_email' => 'han***@msn.com',
  'gmt_create' => '2018-05-05 17:54:44',
  'notify_type' => 'trade_status_sync',
  'quantity' => '1',
  'out_trade_no' => '2018050517542500001282782268',
  'seller_id' => '2088621957819369',
  'notify_time' => '2018-08-07 03:18:10',
  'body' => '2',
  'trade_status' => 'TRADE_FINISHED',
  'is_total_fee_adjust' => 'N',
  'total_fee' => '0.10',
  'gmt_payment' => '2018-05-05 17:54:46',
  'seller_email' => 'jin703@outlook.com',
  'gmt_close' => '2018-08-06 17:54:55',
  'price' => '0.10',
  'buyer_id' => '2088002328471230',
  'notify_id' => 'eca8a3f286b3e5a27f054bf628861e1hs1',
  'use_coupon' => 'N',
  'sign_type' => 'MD5',
  'sign' => '87070c9be0254381ea3757573738e225',
  'query_type' => 'notify',
)

2018-08-07 07:57:35 pay-alipay :
------------
String:
array (
  'payment_type' => '1',
  'trade_no' => '2018050521001004230541794019',
  'subject' => '餐饮20180505301561392839',
  'buyer_email' => 'han***@msn.com',
  'gmt_create' => '2018-05-05 22:33:17',
  'notify_type' => 'trade_status_sync',
  'quantity' => '1',
  'out_trade_no' => '2018050522223900001258872028',
  'seller_id' => '2088621957819369',
  'notify_time' => '2018-08-07 07:57:34',
  'body' => '2',
  'trade_status' => 'TRADE_FINISHED',
  'is_total_fee_adjust' => 'N',
  'total_fee' => '0.20',
  'gmt_payment' => '2018-05-05 22:33:18',
  'seller_email' => 'jin703@outlook.com',
  'gmt_close' => '2018-08-06 22:33:55',
  'price' => '0.20',
  'buyer_id' => '2088002328471230',
  'notify_id' => '05b5b0585e26b865b860978bf31460chs1',
  'use_coupon' => 'N',
  'sign_type' => 'MD5',
  'sign' => '7dece40e42da7f16453c855c8bdc5c40',
  'query_type' => 'notify',
)

2018-08-07 09:47:55 pay-alipay :
------------
String:
array (
  'payment_type' => '1',
  'trade_no' => '2018050621001004230542302290',
  'subject' => '餐饮20180506692057986438',
  'buyer_email' => 'han***@msn.com',
  'gmt_create' => '2018-05-06 09:47:12',
  'notify_type' => 'trade_status_sync',
  'quantity' => '1',
  'out_trade_no' => '2018050609405300001229483221',
  'seller_id' => '2088621957819369',
  'notify_time' => '2018-08-07 09:47:55',
  'body' => '2',
  'trade_status' => 'TRADE_FINISHED',
  'is_total_fee_adjust' => 'N',
  'total_fee' => '0.10',
  'gmt_payment' => '2018-05-06 09:47:13',
  'seller_email' => 'jin703@outlook.com',
  'gmt_close' => '2018-08-07 09:47:55',
  'price' => '0.10',
  'buyer_id' => '2088002328471230',
  'notify_id' => '3136ad78c5e3fd0ef6b6fe101029272hs1',
  'use_coupon' => 'N',
  'sign_type' => 'MD5',
  'sign' => '92c64af947bb2d02cc7610644b503d22',
  'query_type' => 'notify',
)

2018-08-07 09:51:49 pay-alipay :
------------
String:
array (
  'payment_type' => '1',
  'trade_no' => '2018050621001004230542302290',
  'subject' => '餐饮20180506692057986438',
  'buyer_email' => 'han***@msn.com',
  'gmt_create' => '2018-05-06 09:47:12',
  'notify_type' => 'trade_status_sync',
  'quantity' => '1',
  'out_trade_no' => '2018050609405300001229483221',
  'seller_id' => '2088621957819369',
  'notify_time' => '2018-08-07 09:51:49',
  'body' => '2',
  'trade_status' => 'TRADE_FINISHED',
  'is_total_fee_adjust' => 'N',
  'total_fee' => '0.10',
  'gmt_payment' => '2018-05-06 09:47:13',
  'seller_email' => 'jin703@outlook.com',
  'gmt_close' => '2018-08-07 09:47:55',
  'price' => '0.10',
  'buyer_id' => '2088002328471230',
  'notify_id' => '3136ad78c5e3fd0ef6b6fe101029272hs1',
  'use_coupon' => 'N',
  'sign_type' => 'MD5',
  'sign' => 'afcc871bb0bbe9aed8e444d751577e2b',
  'query_type' => 'notify',
)

2018-08-07 10:01:48 pay-alipay :
------------
String:
array (
  'payment_type' => '1',
  'trade_no' => '2018050621001004230542302290',
  'subject' => '餐饮20180506692057986438',
  'buyer_email' => 'han***@msn.com',
  'gmt_create' => '2018-05-06 09:47:12',
  'notify_type' => 'trade_status_sync',
  'quantity' => '1',
  'out_trade_no' => '2018050609405300001229483221',
  'seller_id' => '2088621957819369',
  'notify_time' => '2018-08-07 10:01:48',
  'body' => '2',
  'trade_status' => 'TRADE_FINISHED',
  'is_total_fee_adjust' => 'N',
  'total_fee' => '0.10',
  'gmt_payment' => '2018-05-06 09:47:13',
  'seller_email' => 'jin703@outlook.com',
  'gmt_close' => '2018-08-07 09:47:55',
  'price' => '0.10',
  'buyer_id' => '2088002328471230',
  'notify_id' => '3136ad78c5e3fd0ef6b6fe101029272hs1',
  'use_coupon' => 'N',
  'sign_type' => 'MD5',
  'sign' => '5443f3a656540c28fe62534cfa1a43e4',
  'query_type' => 'notify',
)

2018-08-07 10:11:29 pay-alipay :
------------
String:
array (
  'payment_type' => '1',
  'trade_no' => '2018050621001004230542302290',
  'subject' => '餐饮20180506692057986438',
  'buyer_email' => 'han***@msn.com',
  'gmt_create' => '2018-05-06 09:47:12',
  'notify_type' => 'trade_status_sync',
  'quantity' => '1',
  'out_trade_no' => '2018050609405300001229483221',
  'seller_id' => '2088621957819369',
  'notify_time' => '2018-08-07 10:11:29',
  'body' => '2',
  'trade_status' => 'TRADE_FINISHED',
  'is_total_fee_adjust' => 'N',
  'total_fee' => '0.10',
  'gmt_payment' => '2018-05-06 09:47:13',
  'seller_email' => 'jin703@outlook.com',
  'gmt_close' => '2018-08-07 09:47:55',
  'price' => '0.10',
  'buyer_id' => '2088002328471230',
  'notify_id' => '3136ad78c5e3fd0ef6b6fe101029272hs1',
  'use_coupon' => 'N',
  'sign_type' => 'MD5',
  'sign' => 'b7ce82d4f9e723d37ccbf003dc1f6c0d',
  'query_type' => 'notify',
)

2018-08-07 11:11:50 pay-alipay :
------------
String:
array (
  'payment_type' => '1',
  'trade_no' => '2018050621001004230542302290',
  'subject' => '餐饮20180506692057986438',
  'buyer_email' => 'han***@msn.com',
  'gmt_create' => '2018-05-06 09:47:12',
  'notify_type' => 'trade_status_sync',
  'quantity' => '1',
  'out_trade_no' => '2018050609405300001229483221',
  'seller_id' => '2088621957819369',
  'notify_time' => '2018-08-07 11:11:50',
  'body' => '2',
  'trade_status' => 'TRADE_FINISHED',
  'is_total_fee_adjust' => 'N',
  'total_fee' => '0.10',
  'gmt_payment' => '2018-05-06 09:47:13',
  'seller_email' => 'jin703@outlook.com',
  'gmt_close' => '2018-08-07 09:47:55',
  'price' => '0.10',
  'buyer_id' => '2088002328471230',
  'notify_id' => '3136ad78c5e3fd0ef6b6fe101029272hs1',
  'use_coupon' => 'N',
  'sign_type' => 'MD5',
  'sign' => '201aa58a35e067de16d46f72e5452c2b',
  'query_type' => 'notify',
)

2018-08-07 12:06:46 pay-alipay :
------------
String:
array (
  'payment_type' => '1',
  'trade_no' => '2018050521001004230538389603',
  'subject' => '餐饮20180505916566513668',
  'buyer_email' => 'han***@msn.com',
  'gmt_create' => '2018-05-05 11:41:57',
  'notify_type' => 'trade_status_sync',
  'quantity' => '1',
  'out_trade_no' => '2018050511405900001288820613',
  'seller_id' => '2088621957819369',
  'notify_time' => '2018-08-07 12:06:46',
  'body' => '2',
  'trade_status' => 'TRADE_FINISHED',
  'is_total_fee_adjust' => 'N',
  'total_fee' => '1.00',
  'gmt_payment' => '2018-05-05 11:41:58',
  'seller_email' => 'jin703@outlook.com',
  'gmt_close' => '2018-08-06 11:42:54',
  'price' => '1.00',
  'buyer_id' => '2088002328471230',
  'notify_id' => 'c7a0f69bd66112a72720cf7b0facf99hs1',
  'use_coupon' => 'N',
  'sign_type' => 'MD5',
  'sign' => '9f30286b3a37cc521a6527240128b427',
  'query_type' => 'notify',
)

2018-08-07 13:11:42 pay-alipay :
------------
String:
array (
  'payment_type' => '1',
  'trade_no' => '2018050621001004230542302290',
  'subject' => '餐饮20180506692057986438',
  'buyer_email' => 'han***@msn.com',
  'gmt_create' => '2018-05-06 09:47:12',
  'notify_type' => 'trade_status_sync',
  'quantity' => '1',
  'out_trade_no' => '2018050609405300001229483221',
  'seller_id' => '2088621957819369',
  'notify_time' => '2018-08-07 13:11:42',
  'body' => '2',
  'trade_status' => 'TRADE_FINISHED',
  'is_total_fee_adjust' => 'N',
  'total_fee' => '0.10',
  'gmt_payment' => '2018-05-06 09:47:13',
  'seller_email' => 'jin703@outlook.com',
  'gmt_close' => '2018-08-07 09:47:55',
  'price' => '0.10',
  'buyer_id' => '2088002328471230',
  'notify_id' => '3136ad78c5e3fd0ef6b6fe101029272hs1',
  'use_coupon' => 'N',
  'sign_type' => 'MD5',
  'sign' => '215ec7fd9da6e326edfc1d7b8aae85c2',
  'query_type' => 'notify',
)

2018-08-07 15:19:19 pay-alipay :
------------
String:
array (
  'payment_type' => '1',
  'trade_no' => '2018050521001004230539515440',
  'subject' => '餐饮20180505033075605790',
  'buyer_email' => 'han***@msn.com',
  'gmt_create' => '2018-05-05 14:55:37',
  'notify_type' => 'trade_status_sync',
  'quantity' => '1',
  'out_trade_no' => '2018050514551100001290562442',
  'seller_id' => '2088621957819369',
  'notify_time' => '2018-08-07 15:19:18',
  'body' => '2',
  'trade_status' => 'TRADE_FINISHED',
  'is_total_fee_adjust' => 'N',
  'total_fee' => '2.00',
  'gmt_payment' => '2018-05-05 14:55:39',
  'seller_email' => 'jin703@outlook.com',
  'gmt_close' => '2018-08-06 14:55:55',
  'price' => '2.00',
  'buyer_id' => '2088002328471230',
  'notify_id' => '0d86c24422035ac7a48d9f3b0fff2cchs1',
  'use_coupon' => 'N',
  'sign_type' => 'MD5',
  'sign' => '9fbb351bb190040b856f11ddb0e4ad7a',
  'query_type' => 'notify',
)

2018-08-07 15:28:11 pay-alipay :
------------
String:
array (
  'payment_type' => '1',
  'trade_no' => '2018050521001004230538973065',
  'subject' => '餐饮20180505038458631054',
  'buyer_email' => 'han***@msn.com',
  'gmt_create' => '2018-05-05 15:04:28',
  'notify_type' => 'trade_status_sync',
  'quantity' => '1',
  'out_trade_no' => '2018050515040800001246426734',
  'seller_id' => '2088621957819369',
  'notify_time' => '2018-08-07 15:28:09',
  'body' => '2',
  'trade_status' => 'TRADE_FINISHED',
  'is_total_fee_adjust' => 'N',
  'total_fee' => '1.00',
  'gmt_payment' => '2018-05-05 15:04:29',
  'seller_email' => 'jin703@outlook.com',
  'gmt_close' => '2018-08-06 15:04:54',
  'price' => '1.00',
  'buyer_id' => '2088002328471230',
  'notify_id' => 'b9c5eaa5e633bacf57d8a5e0d484f1chs1',
  'use_coupon' => 'N',
  'sign_type' => 'MD5',
  'sign' => 'ccdd4ff2ec4a05813953f965aa93b186',
  'query_type' => 'notify',
)

2018-08-07 15:49:11 pay-alipay :
------------
String:
array (
  'payment_type' => '1',
  'trade_no' => '2018050521001004230539474192',
  'subject' => '餐饮20180505050927023936',
  'buyer_email' => 'han***@msn.com',
  'gmt_create' => '2018-05-05 15:25:27',
  'notify_type' => 'trade_status_sync',
  'quantity' => '1',
  'out_trade_no' => '2018050515245500001228426292',
  'seller_id' => '2088621957819369',
  'notify_time' => '2018-08-07 15:49:10',
  'body' => '2',
  'trade_status' => 'TRADE_FINISHED',
  'is_total_fee_adjust' => 'N',
  'total_fee' => '2.00',
  'gmt_payment' => '2018-05-05 15:25:29',
  'seller_email' => 'jin703@outlook.com',
  'gmt_close' => '2018-08-06 15:25:55',
  'price' => '2.00',
  'buyer_id' => '2088002328471230',
  'notify_id' => '431a4b18e70f669244ba9ba31166e3fhs1',
  'use_coupon' => 'N',
  'sign_type' => 'MD5',
  'sign' => 'b6faf8af477c8d8c07c534088462b0f2',
  'query_type' => 'notify',
)

2018-08-07 16:07:07 pay-alipay :
------------
String:
array (
  'payment_type' => '1',
  'trade_no' => '2018050521001004230539516849',
  'subject' => '餐饮20180505061564362029',
  'buyer_email' => 'han***@msn.com',
  'gmt_create' => '2018-05-05 15:43:03',
  'notify_type' => 'trade_status_sync',
  'quantity' => '1',
  'out_trade_no' => '2018050515423900001254684438',
  'seller_id' => '2088621957819369',
  'notify_time' => '2018-08-07 16:07:06',
  'body' => '2',
  'trade_status' => 'TRADE_FINISHED',
  'is_total_fee_adjust' => 'N',
  'total_fee' => '2.00',
  'gmt_payment' => '2018-05-05 15:43:04',
  'seller_email' => 'jin703@outlook.com',
  'gmt_close' => '2018-08-06 15:43:54',
  'price' => '2.00',
  'buyer_id' => '2088002328471230',
  'notify_id' => 'fc76b51dacfd59aa6cef652472ce51bhs1',
  'use_coupon' => 'N',
  'sign_type' => 'MD5',
  'sign' => 'df249f4f7ca0938db04f8e7f3950eada',
  'query_type' => 'notify',
)

2018-08-07 18:10:43 pay-alipay :
------------
String:
array (
  'payment_type' => '1',
  'trade_no' => '2018050521001004230541071366',
  'subject' => '餐饮20180505135537765478',
  'buyer_email' => 'han***@msn.com',
  'gmt_create' => '2018-05-05 17:46:20',
  'notify_type' => 'trade_status_sync',
  'quantity' => '1',
  'out_trade_no' => '2018050517455600001224101874',
  'seller_id' => '2088621957819369',
  'notify_time' => '2018-08-07 18:10:42',
  'body' => '2',
  'trade_status' => 'TRADE_FINISHED',
  'is_total_fee_adjust' => 'N',
  'total_fee' => '1.00',
  'gmt_payment' => '2018-05-05 17:46:22',
  'seller_email' => 'jin703@outlook.com',
  'gmt_close' => '2018-08-06 17:46:55',
  'price' => '1.00',
  'buyer_id' => '2088002328471230',
  'notify_id' => 'f928eb0a5b461498fc86c18013bd66bhs1',
  'use_coupon' => 'N',
  'sign_type' => 'MD5',
  'sign' => '67464538069a18523a2d96a6fe24ca5a',
  'query_type' => 'notify',
)

2018-08-07 18:18:50 pay-alipay :
------------
String:
array (
  'payment_type' => '1',
  'trade_no' => '2018050521001004230541142379',
  'subject' => '餐饮20180505140629077648',
  'buyer_email' => 'han***@msn.com',
  'gmt_create' => '2018-05-05 17:54:44',
  'notify_type' => 'trade_status_sync',
  'quantity' => '1',
  'out_trade_no' => '2018050517542500001282782268',
  'seller_id' => '2088621957819369',
  'notify_time' => '2018-08-07 18:18:50',
  'body' => '2',
  'trade_status' => 'TRADE_FINISHED',
  'is_total_fee_adjust' => 'N',
  'total_fee' => '0.10',
  'gmt_payment' => '2018-05-05 17:54:46',
  'seller_email' => 'jin703@outlook.com',
  'gmt_close' => '2018-08-06 17:54:55',
  'price' => '0.10',
  'buyer_id' => '2088002328471230',
  'notify_id' => 'eca8a3f286b3e5a27f054bf628861e1hs1',
  'use_coupon' => 'N',
  'sign_type' => 'MD5',
  'sign' => '00940e551c42a43fe0921998e050964b',
  'query_type' => 'notify',
)

2018-08-07 19:11:50 pay-alipay :
------------
String:
array (
  'payment_type' => '1',
  'trade_no' => '2018050621001004230542302290',
  'subject' => '餐饮20180506692057986438',
  'buyer_email' => 'han***@msn.com',
  'gmt_create' => '2018-05-06 09:47:12',
  'notify_type' => 'trade_status_sync',
  'quantity' => '1',
  'out_trade_no' => '2018050609405300001229483221',
  'seller_id' => '2088621957819369',
  'notify_time' => '2018-08-07 19:11:49',
  'body' => '2',
  'trade_status' => 'TRADE_FINISHED',
  'is_total_fee_adjust' => 'N',
  'total_fee' => '0.10',
  'gmt_payment' => '2018-05-06 09:47:13',
  'seller_email' => 'jin703@outlook.com',
  'gmt_close' => '2018-08-07 09:47:55',
  'price' => '0.10',
  'buyer_id' => '2088002328471230',
  'notify_id' => '3136ad78c5e3fd0ef6b6fe101029272hs1',
  'use_coupon' => 'N',
  'sign_type' => 'MD5',
  'sign' => '170522109f0d603f2800ca2983fb40a5',
  'query_type' => 'notify',
)

2018-08-07 22:57:31 pay-alipay :
------------
String:
array (
  'payment_type' => '1',
  'trade_no' => '2018050521001004230541794019',
  'subject' => '餐饮20180505301561392839',
  'buyer_email' => 'han***@msn.com',
  'gmt_create' => '2018-05-05 22:33:17',
  'notify_type' => 'trade_status_sync',
  'quantity' => '1',
  'out_trade_no' => '2018050522223900001258872028',
  'seller_id' => '2088621957819369',
  'notify_time' => '2018-08-07 22:57:30',
  'body' => '2',
  'trade_status' => 'TRADE_FINISHED',
  'is_total_fee_adjust' => 'N',
  'total_fee' => '0.20',
  'gmt_payment' => '2018-05-05 22:33:18',
  'seller_email' => 'jin703@outlook.com',
  'gmt_close' => '2018-08-06 22:33:55',
  'price' => '0.20',
  'buyer_id' => '2088002328471230',
  'notify_id' => '05b5b0585e26b865b860978bf31460chs1',
  'use_coupon' => 'N',
  'sign_type' => 'MD5',
  'sign' => 'f8a48c60b02c7b980ed3cb14fb91878f',
  'query_type' => 'notify',
)

