2018-01-08 11:57:55 trace :
------------
String:
<xml><ToUserName><![CDATA[gh_7bcd94754b84]]></ToUserName>
<FromUserName><![CDATA[o01Wu09ljJTssuaWdxeZUCcrWRao]]></FromUserName>
<CreateTime>1515383963</CreateTime>
<MsgType><![CDATA[event]]></MsgType>
<Event><![CDATA[subscribe]]></Event>
<EventKey><![CDATA[]]></EventKey>
</xml>

2018-01-08 11:57:55 params :
------------
String:
array (
  'message' => 
  array (
    'tousername' => 'gh_7bcd94754b84',
    'fromusername' => 'o01Wu09ljJTssuaWdxeZUCcrWRao',
    'createtime' => '1515383963',
    'msgtype' => 'event',
    'event' => 'subscribe',
    'eventkey' => '',
    'from' => 'o01Wu09ljJTssuaWdxeZUCcrWRao',
    'to' => 'gh_7bcd94754b84',
    'time' => '1515383963',
    'type' => 'text',
    'redirection' => true,
    'source' => 'subscribe',
    'content' => '明达',
  ),
  'module' => 'reply',
  'rule' => '22',
  'priority' => '0',
  'keyword' => 
  array (
    'id' => '64',
    'rid' => '22',
    'uniacid' => '2',
    'module' => 'reply',
    'content' => '明达',
    'type' => '1',
    'displayorder' => '0',
    'status' => '1',
    'reply_type' => 
    array (
      0 => 'basic',
      1 => 'news',
    ),
  ),
  'reply_type' => 
  array (
    0 => 'basic',
    1 => 'news',
  ),
)

2018-01-08 11:57:55 response :
------------
Array:
FromUserName : gh_7bcd94754b84 ;
ToUserName : o01Wu09ljJTssuaWdxeZUCcrWRao ;
MsgType : news ;
ArticleCount : 1 ;
Articles : Array ;

2018-01-08 11:57:57 trace :
------------
String:
<xml><ToUserName><![CDATA[gh_7bcd94754b84]]></ToUserName>
<FromUserName><![CDATA[o01Wu09ljJTssuaWdxeZUCcrWRao]]></FromUserName>
<CreateTime>1515383965</CreateTime>
<MsgType><![CDATA[event]]></MsgType>
<Event><![CDATA[VIEW]]></Event>
<EventKey><![CDATA[http://ordernow.oneap.net/app/index.php?i=2&c=entry&eid=5]]></EventKey>
<MenuId>830669761</MenuId>
</xml>

2018-01-08 11:57:57 params :
------------
String:
array (
  'rule' => -2,
  'module' => '',
  'message' => 
  array (
    'tousername' => 'gh_7bcd94754b84',
    'fromusername' => 'o01Wu09ljJTssuaWdxeZUCcrWRao',
    'createtime' => '1515383965',
    'msgtype' => 'event',
    'event' => 'VIEW',
    'eventkey' => 'http://ordernow.oneap.net/app/index.php?i=2&c=entry&eid=5',
    'menuid' => '830669761',
    'from' => 'o01Wu09ljJTssuaWdxeZUCcrWRao',
    'to' => 'gh_7bcd94754b84',
    'time' => '1515383965',
    'type' => 'text',
    'content' => 'http://ordernow.oneap.net/app/index.php?i=2&c=entry&eid=5',
    'redirection' => true,
    'source' => 'VIEW',
  ),
)

2018-01-08 11:57:57 response :
------------

2018-01-08 11:58:06 trace :
------------
String:
<xml><ToUserName><![CDATA[gh_7bcd94754b84]]></ToUserName>
<FromUserName><![CDATA[o01Wu09ljJTssuaWdxeZUCcrWRao]]></FromUserName>
<CreateTime>1515383973</CreateTime>
<MsgType><![CDATA[text]]></MsgType>
<Content><![CDATA[您好，我是做公众号外送系统平台的，如果您想了解请加我微信qi84123400电话15584123400]]></Content>
<MsgId>6508524605749607663</MsgId>
</xml>

2018-01-08 11:58:06 params :
------------
String:
array (
  'rule' => -2,
  'module' => '',
  'message' => 
  array (
    'tousername' => 'gh_7bcd94754b84',
    'fromusername' => 'o01Wu09ljJTssuaWdxeZUCcrWRao',
    'createtime' => '1515383973',
    'msgtype' => 'text',
    'content' => '您好，我是做公众号外送系统平台的，如果您想了解请加我微信qi84123400电话15584123400',
    'msgid' => '6508524605749607663',
    'from' => 'o01Wu09ljJTssuaWdxeZUCcrWRao',
    'to' => 'gh_7bcd94754b84',
    'time' => '1515383973',
    'type' => 'text',
    'event' => NULL,
    'redirection' => false,
    'source' => NULL,
  ),
)

2018-01-08 11:58:06 response :
------------

2018-01-08 21:22:36 trace :
------------
String:
<xml><ToUserName><![CDATA[gh_7bcd94754b84]]></ToUserName>
<FromUserName><![CDATA[o01Wu01-zSLzut3cB22KEbJ3JxzY]]></FromUserName>
<CreateTime>1515417845</CreateTime>
<MsgType><![CDATA[event]]></MsgType>
<Event><![CDATA[VIEW]]></Event>
<EventKey><![CDATA[http://ordernow.oneap.net/app/index.php?i=2&c=entry&eid=5]]></EventKey>
<MenuId>830669761</MenuId>
</xml>

2018-01-08 21:22:36 params :
------------
String:
array (
  'rule' => -2,
  'module' => '',
  'message' => 
  array (
    'tousername' => 'gh_7bcd94754b84',
    'fromusername' => 'o01Wu01-zSLzut3cB22KEbJ3JxzY',
    'createtime' => '1515417845',
    'msgtype' => 'event',
    'event' => 'VIEW',
    'eventkey' => 'http://ordernow.oneap.net/app/index.php?i=2&c=entry&eid=5',
    'menuid' => '830669761',
    'from' => 'o01Wu01-zSLzut3cB22KEbJ3JxzY',
    'to' => 'gh_7bcd94754b84',
    'time' => '1515417845',
    'type' => 'text',
    'content' => 'http://ordernow.oneap.net/app/index.php?i=2&c=entry&eid=5',
    'redirection' => true,
    'source' => 'VIEW',
  ),
)

2018-01-08 21:22:36 response :
------------

2018-01-08 21:28:30 pay-alipay :
------------
String:
array (
  'payment_type' => '1',
  'trade_no' => '2018010821001004230575720080',
  'subject' => '餐饮20180108180474862120',
  'buyer_email' => 'hangming@msn.com',
  'gmt_create' => '2018-01-08 21:29:58',
  'notify_type' => 'trade_status_sync',
  'quantity' => '1',
  'out_trade_no' => '2018010821273200001289212508',
  'seller_id' => '2088621957819369',
  'notify_time' => '2018-01-08 21:29:59',
  'body' => '2',
  'trade_status' => 'TRADE_SUCCESS',
  'is_total_fee_adjust' => 'N',
  'total_fee' => '0.30',
  'gmt_payment' => '2018-01-08 21:29:59',
  'seller_email' => 'jin703@outlook.com',
  'price' => '0.30',
  'buyer_id' => '2088002328471230',
  'notify_id' => '7a265ae6375378c9e9c906fb3611cd9hs1',
  'use_coupon' => 'N',
  'sign_type' => 'MD5',
  'sign' => '2c353b43d26a3b12383025ffe01f3616',
  'query_type' => 'notify',
)

2018-01-08 21:28:30 trace :
------------
String:
<xml><ToUserName><![CDATA[gh_7bcd94754b84]]></ToUserName>
<FromUserName><![CDATA[o01Wu01-zSLzut3cB22KEbJ3JxzY]]></FromUserName>
<CreateTime>1515418200</CreateTime>
<MsgType><![CDATA[event]]></MsgType>
<Event><![CDATA[TEMPLATESENDJOBFINISH]]></Event>
<MsgID>97742867388284928</MsgID>
<Status><![CDATA[success]]></Status>
</xml>

2018-01-08 21:28:30 params :
------------
String:
array (
  'rule' => -2,
  'module' => '',
  'message' => 
  array (
    'tousername' => 'gh_7bcd94754b84',
    'fromusername' => 'o01Wu01-zSLzut3cB22KEbJ3JxzY',
    'createtime' => '1515418200',
    'msgtype' => 'event',
    'event' => 'TEMPLATESENDJOBFINISH',
    'msgid' => '97742867388284928',
    'status' => 'success',
    'from' => 'o01Wu01-zSLzut3cB22KEbJ3JxzY',
    'to' => 'gh_7bcd94754b84',
    'time' => '1515418200',
    'type' => 'event',
  ),
)

2018-01-08 21:28:30 response :
------------

2018-01-08 21:28:32 trace :
------------
String:
<xml><ToUserName><![CDATA[gh_7bcd94754b84]]></ToUserName>
<FromUserName><![CDATA[o01Wu09x8WFY1ZBV-HAf-R-a3ytI]]></FromUserName>
<CreateTime>1515418201</CreateTime>
<MsgType><![CDATA[event]]></MsgType>
<Event><![CDATA[TEMPLATESENDJOBFINISH]]></Event>
<MsgID>97742886866649088</MsgID>
<Status><![CDATA[success]]></Status>
</xml>

2018-01-08 21:28:32 params :
------------
String:
array (
  'rule' => -2,
  'module' => '',
  'message' => 
  array (
    'tousername' => 'gh_7bcd94754b84',
    'fromusername' => 'o01Wu09x8WFY1ZBV-HAf-R-a3ytI',
    'createtime' => '1515418201',
    'msgtype' => 'event',
    'event' => 'TEMPLATESENDJOBFINISH',
    'msgid' => '97742886866649088',
    'status' => 'success',
    'from' => 'o01Wu09x8WFY1ZBV-HAf-R-a3ytI',
    'to' => 'gh_7bcd94754b84',
    'time' => '1515418201',
    'type' => 'event',
  ),
)

2018-01-08 21:28:32 response :
------------

2018-01-08 21:28:33 pay-alipay :
------------
String:
array (
  'body' => '2',
  'is_success' => 'T',
  'notify_id' => 'RqPnCoPT3K9%2Fvwbh3Ih31nnzORqDtVblis7vyK8ssdhKcxHJ74IDlGnsNwruK7FBVrYX',
  'notify_time' => '2018-01-08 21:30:00',
  'notify_type' => 'trade_status_sync',
  'out_trade_no' => '2018010821273200001289212508',
  'payment_type' => '1',
  'seller_id' => '2088621957819369',
  'service' => 'alipay.wap.create.direct.pay.by.user',
  'subject' => '餐饮20180108180474862120',
  'total_fee' => '0.30',
  'trade_no' => '2018010821001004230575720080',
  'trade_status' => 'TRADE_SUCCESS',
  'sign' => '4bbead976d0e8a203824d13ee923340e',
  'sign_type' => 'MD5',
  'query_type' => 'return',
)

2018-01-08 21:31:40 pay-alipay :
------------
String:
array (
  'payment_type' => '1',
  'trade_no' => '2018010821001004230575720080',
  'subject' => '餐饮20180108180474862120',
  'buyer_email' => 'hangming@msn.com',
  'gmt_create' => '2018-01-08 21:29:58',
  'notify_type' => 'trade_status_sync',
  'quantity' => '1',
  'out_trade_no' => '2018010821273200001289212508',
  'seller_id' => '2088621957819369',
  'notify_time' => '2018-01-08 21:33:09',
  'body' => '2',
  'trade_status' => 'TRADE_SUCCESS',
  'is_total_fee_adjust' => 'N',
  'total_fee' => '0.30',
  'gmt_payment' => '2018-01-08 21:29:59',
  'seller_email' => 'jin703@outlook.com',
  'price' => '0.30',
  'buyer_id' => '2088002328471230',
  'notify_id' => '7a265ae6375378c9e9c906fb3611cd9hs1',
  'use_coupon' => 'N',
  'sign_type' => 'MD5',
  'sign' => '02f8067519dce7d3613bd05f582ad89a',
  'query_type' => 'notify',
)

2018-01-08 21:39:15 trace :
------------
String:
<xml><ToUserName><![CDATA[gh_7bcd94754b84]]></ToUserName>
<FromUserName><![CDATA[o01Wu01-zSLzut3cB22KEbJ3JxzY]]></FromUserName>
<CreateTime>1515418844</CreateTime>
<MsgType><![CDATA[event]]></MsgType>
<Event><![CDATA[VIEW]]></Event>
<EventKey><![CDATA[http://ordernow.oneap.net/app/index.php?i=2&c=entry&eid=5]]></EventKey>
<MenuId>830669761</MenuId>
</xml>

2018-01-08 21:39:15 params :
------------
String:
array (
  'rule' => -2,
  'module' => '',
  'message' => 
  array (
    'tousername' => 'gh_7bcd94754b84',
    'fromusername' => 'o01Wu01-zSLzut3cB22KEbJ3JxzY',
    'createtime' => '1515418844',
    'msgtype' => 'event',
    'event' => 'VIEW',
    'eventkey' => 'http://ordernow.oneap.net/app/index.php?i=2&c=entry&eid=5',
    'menuid' => '830669761',
    'from' => 'o01Wu01-zSLzut3cB22KEbJ3JxzY',
    'to' => 'gh_7bcd94754b84',
    'time' => '1515418844',
    'type' => 'text',
    'content' => 'http://ordernow.oneap.net/app/index.php?i=2&c=entry&eid=5',
    'redirection' => true,
    'source' => 'VIEW',
  ),
)

2018-01-08 21:39:15 response :
------------

2018-01-08 21:40:20 pay :
------------
String:
array (
  'appid' => 'wx6e79d28ccc2a8c05',
  'attach' => '2',
  'bank_type' => 'CFT',
  'cash_fee' => '40',
  'fee_type' => 'CNY',
  'is_subscribe' => 'Y',
  'mch_id' => '1490957872',
  'nonce_str' => 'fj1BOGMQ',
  'openid' => 'o01Wu01-zSLzut3cB22KEbJ3JxzY',
  'out_trade_no' => '2018010821400800001202460662',
  'result_code' => 'SUCCESS',
  'return_code' => 'SUCCESS',
  'sign' => '260A2ECED5FB10E6BF3671E096F29E25',
  'time_end' => '20180108214149',
  'total_fee' => '40',
  'trade_type' => 'JSAPI',
  'transaction_id' => '4200000095201801080582806656',
)

2018-01-08 21:40:20 trace :
------------
String:
<xml><ToUserName><![CDATA[gh_7bcd94754b84]]></ToUserName>
<FromUserName><![CDATA[o01Wu01-zSLzut3cB22KEbJ3JxzY]]></FromUserName>
<CreateTime>1515418909</CreateTime>
<MsgType><![CDATA[event]]></MsgType>
<Event><![CDATA[TEMPLATESENDJOBFINISH]]></Event>
<MsgID>97754779446525952</MsgID>
<Status><![CDATA[success]]></Status>
</xml>

2018-01-08 21:40:20 params :
------------
String:
array (
  'rule' => -2,
  'module' => '',
  'message' => 
  array (
    'tousername' => 'gh_7bcd94754b84',
    'fromusername' => 'o01Wu01-zSLzut3cB22KEbJ3JxzY',
    'createtime' => '1515418909',
    'msgtype' => 'event',
    'event' => 'TEMPLATESENDJOBFINISH',
    'msgid' => '97754779446525952',
    'status' => 'success',
    'from' => 'o01Wu01-zSLzut3cB22KEbJ3JxzY',
    'to' => 'gh_7bcd94754b84',
    'time' => '1515418909',
    'type' => 'event',
  ),
)

2018-01-08 21:40:20 response :
------------

2018-01-08 21:40:22 trace :
------------
String:
<xml><ToUserName><![CDATA[gh_7bcd94754b84]]></ToUserName>
<FromUserName><![CDATA[o01Wu09x8WFY1ZBV-HAf-R-a3ytI]]></FromUserName>
<CreateTime>1515418911</CreateTime>
<MsgType><![CDATA[event]]></MsgType>
<Event><![CDATA[TEMPLATESENDJOBFINISH]]></Event>
<MsgID>97754798169915392</MsgID>
<Status><![CDATA[success]]></Status>
</xml>

2018-01-08 21:40:22 params :
------------
String:
array (
  'rule' => -2,
  'module' => '',
  'message' => 
  array (
    'tousername' => 'gh_7bcd94754b84',
    'fromusername' => 'o01Wu09x8WFY1ZBV-HAf-R-a3ytI',
    'createtime' => '1515418911',
    'msgtype' => 'event',
    'event' => 'TEMPLATESENDJOBFINISH',
    'msgid' => '97754798169915392',
    'status' => 'success',
    'from' => 'o01Wu09x8WFY1ZBV-HAf-R-a3ytI',
    'to' => 'gh_7bcd94754b84',
    'time' => '1515418911',
    'type' => 'event',
  ),
)

2018-01-08 21:40:22 response :
------------

2018-01-08 21:40:38 pay :
------------
String:
array (
  'appid' => 'wx6e79d28ccc2a8c05',
  'attach' => '2',
  'bank_type' => 'CFT',
  'cash_fee' => '40',
  'fee_type' => 'CNY',
  'is_subscribe' => 'Y',
  'mch_id' => '1490957872',
  'nonce_str' => 'fj1BOGMQ',
  'openid' => 'o01Wu01-zSLzut3cB22KEbJ3JxzY',
  'out_trade_no' => '2018010821400800001202460662',
  'result_code' => 'SUCCESS',
  'return_code' => 'SUCCESS',
  'sign' => '260A2ECED5FB10E6BF3671E096F29E25',
  'time_end' => '20180108214149',
  'total_fee' => '40',
  'trade_type' => 'JSAPI',
  'transaction_id' => '4200000095201801080582806656',
)

2018-01-08 21:40:55 pay :
------------
String:
array (
  'appid' => 'wx6e79d28ccc2a8c05',
  'attach' => '2',
  'bank_type' => 'CFT',
  'cash_fee' => '40',
  'fee_type' => 'CNY',
  'is_subscribe' => 'Y',
  'mch_id' => '1490957872',
  'nonce_str' => 'fj1BOGMQ',
  'openid' => 'o01Wu01-zSLzut3cB22KEbJ3JxzY',
  'out_trade_no' => '2018010821400800001202460662',
  'result_code' => 'SUCCESS',
  'return_code' => 'SUCCESS',
  'sign' => '260A2ECED5FB10E6BF3671E096F29E25',
  'time_end' => '20180108214149',
  'total_fee' => '40',
  'trade_type' => 'JSAPI',
  'transaction_id' => '4200000095201801080582806656',
)

2018-01-08 21:41:28 pay :
------------
String:
array (
  'appid' => 'wx6e79d28ccc2a8c05',
  'attach' => '2',
  'bank_type' => 'CFT',
  'cash_fee' => '40',
  'fee_type' => 'CNY',
  'is_subscribe' => 'Y',
  'mch_id' => '1490957872',
  'nonce_str' => 'fj1BOGMQ',
  'openid' => 'o01Wu01-zSLzut3cB22KEbJ3JxzY',
  'out_trade_no' => '2018010821400800001202460662',
  'result_code' => 'SUCCESS',
  'return_code' => 'SUCCESS',
  'sign' => '260A2ECED5FB10E6BF3671E096F29E25',
  'time_end' => '20180108214149',
  'total_fee' => '40',
  'trade_type' => 'JSAPI',
  'transaction_id' => '4200000095201801080582806656',
)

2018-01-08 21:41:53 pay-alipay :
------------
String:
array (
  'payment_type' => '1',
  'trade_no' => '2018010821001004230575720080',
  'subject' => '餐饮20180108180474862120',
  'buyer_email' => 'hangming@msn.com',
  'gmt_create' => '2018-01-08 21:29:58',
  'notify_type' => 'trade_status_sync',
  'quantity' => '1',
  'out_trade_no' => '2018010821273200001289212508',
  'seller_id' => '2088621957819369',
  'notify_time' => '2018-01-08 21:43:22',
  'body' => '2',
  'trade_status' => 'TRADE_SUCCESS',
  'is_total_fee_adjust' => 'N',
  'total_fee' => '0.30',
  'gmt_payment' => '2018-01-08 21:29:59',
  'seller_email' => 'jin703@outlook.com',
  'price' => '0.30',
  'buyer_id' => '2088002328471230',
  'notify_id' => '7a265ae6375378c9e9c906fb3611cd9hs1',
  'use_coupon' => 'N',
  'sign_type' => 'MD5',
  'sign' => 'e1d59258645025b07f14127b37ccdcdc',
  'query_type' => 'notify',
)

2018-01-08 21:44:31 pay :
------------
String:
array (
  'appid' => 'wx6e79d28ccc2a8c05',
  'attach' => '2',
  'bank_type' => 'CFT',
  'cash_fee' => '40',
  'fee_type' => 'CNY',
  'is_subscribe' => 'Y',
  'mch_id' => '1490957872',
  'nonce_str' => 'fj1BOGMQ',
  'openid' => 'o01Wu01-zSLzut3cB22KEbJ3JxzY',
  'out_trade_no' => '2018010821400800001202460662',
  'result_code' => 'SUCCESS',
  'return_code' => 'SUCCESS',
  'sign' => '260A2ECED5FB10E6BF3671E096F29E25',
  'time_end' => '20180108214149',
  'total_fee' => '40',
  'trade_type' => 'JSAPI',
  'transaction_id' => '4200000095201801080582806656',
)

2018-01-08 21:48:11 trace :
------------
String:
<xml><ToUserName><![CDATA[gh_7bcd94754b84]]></ToUserName>
<FromUserName><![CDATA[o01Wu01-zSLzut3cB22KEbJ3JxzY]]></FromUserName>
<CreateTime>1515419380</CreateTime>
<MsgType><![CDATA[event]]></MsgType>
<Event><![CDATA[TEMPLATESENDJOBFINISH]]></Event>
<MsgID>97762666533208065</MsgID>
<Status><![CDATA[success]]></Status>
</xml>

2018-01-08 21:48:11 params :
------------
String:
array (
  'rule' => -2,
  'module' => '',
  'message' => 
  array (
    'tousername' => 'gh_7bcd94754b84',
    'fromusername' => 'o01Wu01-zSLzut3cB22KEbJ3JxzY',
    'createtime' => '1515419380',
    'msgtype' => 'event',
    'event' => 'TEMPLATESENDJOBFINISH',
    'msgid' => '97762666533208065',
    'status' => 'success',
    'from' => 'o01Wu01-zSLzut3cB22KEbJ3JxzY',
    'to' => 'gh_7bcd94754b84',
    'time' => '1515419380',
    'type' => 'event',
  ),
)

2018-01-08 21:48:11 response :
------------

2018-01-08 21:48:11 trace :
------------
String:
<xml><ToUserName><![CDATA[gh_7bcd94754b84]]></ToUserName>
<FromUserName><![CDATA[o01Wu01-zSLzut3cB22KEbJ3JxzY]]></FromUserName>
<CreateTime>1515419380</CreateTime>
<MsgType><![CDATA[event]]></MsgType>
<Event><![CDATA[TEMPLATESENDJOBFINISH]]></Event>
<MsgID>97762669284671488</MsgID>
<Status><![CDATA[success]]></Status>
</xml>

2018-01-08 21:48:11 params :
------------
String:
array (
  'rule' => -2,
  'module' => '',
  'message' => 
  array (
    'tousername' => 'gh_7bcd94754b84',
    'fromusername' => 'o01Wu01-zSLzut3cB22KEbJ3JxzY',
    'createtime' => '1515419380',
    'msgtype' => 'event',
    'event' => 'TEMPLATESENDJOBFINISH',
    'msgid' => '97762669284671488',
    'status' => 'success',
    'from' => 'o01Wu01-zSLzut3cB22KEbJ3JxzY',
    'to' => 'gh_7bcd94754b84',
    'time' => '1515419380',
    'type' => 'event',
  ),
)

2018-01-08 21:48:11 response :
------------

2018-01-08 21:51:52 pay-alipay :
------------
String:
array (
  'payment_type' => '1',
  'trade_no' => '2018010821001004230575720080',
  'subject' => '餐饮20180108180474862120',
  'buyer_email' => 'hangming@msn.com',
  'gmt_create' => '2018-01-08 21:29:58',
  'notify_type' => 'trade_status_sync',
  'quantity' => '1',
  'out_trade_no' => '2018010821273200001289212508',
  'seller_id' => '2088621957819369',
  'notify_time' => '2018-01-08 21:53:21',
  'body' => '2',
  'trade_status' => 'TRADE_SUCCESS',
  'is_total_fee_adjust' => 'N',
  'total_fee' => '0.30',
  'gmt_payment' => '2018-01-08 21:29:59',
  'seller_email' => 'jin703@outlook.com',
  'price' => '0.30',
  'buyer_id' => '2088002328471230',
  'notify_id' => '7a265ae6375378c9e9c906fb3611cd9hs1',
  'use_coupon' => 'N',
  'sign_type' => 'MD5',
  'sign' => '18ceae15879957296a356c832af73b2f',
  'query_type' => 'notify',
)

2018-01-08 22:04:26 trace :
------------
String:
<xml><ToUserName><![CDATA[gh_7bcd94754b84]]></ToUserName>
<FromUserName><![CDATA[o01Wu01-zSLzut3cB22KEbJ3JxzY]]></FromUserName>
<CreateTime>1515420355</CreateTime>
<MsgType><![CDATA[event]]></MsgType>
<Event><![CDATA[VIEW]]></Event>
<EventKey><![CDATA[http://ordernow.oneap.net/app/index.php?i=2&c=entry&eid=5]]></EventKey>
<MenuId>830669761</MenuId>
</xml>

2018-01-08 22:04:26 params :
------------
String:
array (
  'rule' => -2,
  'module' => '',
  'message' => 
  array (
    'tousername' => 'gh_7bcd94754b84',
    'fromusername' => 'o01Wu01-zSLzut3cB22KEbJ3JxzY',
    'createtime' => '1515420355',
    'msgtype' => 'event',
    'event' => 'VIEW',
    'eventkey' => 'http://ordernow.oneap.net/app/index.php?i=2&c=entry&eid=5',
    'menuid' => '830669761',
    'from' => 'o01Wu01-zSLzut3cB22KEbJ3JxzY',
    'to' => 'gh_7bcd94754b84',
    'time' => '1515420355',
    'type' => 'text',
    'content' => 'http://ordernow.oneap.net/app/index.php?i=2&c=entry&eid=5',
    'redirection' => true,
    'source' => 'VIEW',
  ),
)

2018-01-08 22:04:26 response :
------------

2018-01-08 22:05:27 pay :
------------
String:
array (
  'appid' => 'wx6e79d28ccc2a8c05',
  'attach' => '2',
  'bank_type' => 'CFT',
  'cash_fee' => '1200',
  'fee_type' => 'CNY',
  'is_subscribe' => 'Y',
  'mch_id' => '1490957872',
  'nonce_str' => 'nKPenAlZ',
  'openid' => 'o01Wu01-zSLzut3cB22KEbJ3JxzY',
  'out_trade_no' => '2018010822041700001273583324',
  'result_code' => 'SUCCESS',
  'return_code' => 'SUCCESS',
  'sign' => 'CCC42E6F340FA884A0021D1147410C64',
  'time_end' => '20180108220656',
  'total_fee' => '1200',
  'trade_type' => 'JSAPI',
  'transaction_id' => '4200000093201801080322792985',
)

2018-01-08 22:05:28 trace :
------------
String:
<xml><ToUserName><![CDATA[gh_7bcd94754b84]]></ToUserName>
<FromUserName><![CDATA[o01Wu01-zSLzut3cB22KEbJ3JxzY]]></FromUserName>
<CreateTime>1515420417</CreateTime>
<MsgType><![CDATA[event]]></MsgType>
<Event><![CDATA[TEMPLATESENDJOBFINISH]]></Event>
<MsgID>97780066569797632</MsgID>
<Status><![CDATA[success]]></Status>
</xml>

2018-01-08 22:05:28 params :
------------
String:
array (
  'rule' => -2,
  'module' => '',
  'message' => 
  array (
    'tousername' => 'gh_7bcd94754b84',
    'fromusername' => 'o01Wu01-zSLzut3cB22KEbJ3JxzY',
    'createtime' => '1515420417',
    'msgtype' => 'event',
    'event' => 'TEMPLATESENDJOBFINISH',
    'msgid' => '97780066569797632',
    'status' => 'success',
    'from' => 'o01Wu01-zSLzut3cB22KEbJ3JxzY',
    'to' => 'gh_7bcd94754b84',
    'time' => '1515420417',
    'type' => 'event',
  ),
)

2018-01-08 22:05:28 response :
------------

2018-01-08 22:05:29 trace :
------------
String:
<xml><ToUserName><![CDATA[gh_7bcd94754b84]]></ToUserName>
<FromUserName><![CDATA[o01Wu09x8WFY1ZBV-HAf-R-a3ytI]]></FromUserName>
<CreateTime>1515420418</CreateTime>
<MsgType><![CDATA[event]]></MsgType>
<Event><![CDATA[TEMPLATESENDJOBFINISH]]></Event>
<MsgID>97780085779726336</MsgID>
<Status><![CDATA[success]]></Status>
</xml>

2018-01-08 22:05:29 params :
------------
String:
array (
  'rule' => -2,
  'module' => '',
  'message' => 
  array (
    'tousername' => 'gh_7bcd94754b84',
    'fromusername' => 'o01Wu09x8WFY1ZBV-HAf-R-a3ytI',
    'createtime' => '1515420418',
    'msgtype' => 'event',
    'event' => 'TEMPLATESENDJOBFINISH',
    'msgid' => '97780085779726336',
    'status' => 'success',
    'from' => 'o01Wu09x8WFY1ZBV-HAf-R-a3ytI',
    'to' => 'gh_7bcd94754b84',
    'time' => '1515420418',
    'type' => 'event',
  ),
)

2018-01-08 22:05:29 response :
------------

2018-01-08 22:05:41 pay :
------------
String:
array (
  'appid' => 'wx6e79d28ccc2a8c05',
  'attach' => '2',
  'bank_type' => 'CFT',
  'cash_fee' => '1200',
  'fee_type' => 'CNY',
  'is_subscribe' => 'Y',
  'mch_id' => '1490957872',
  'nonce_str' => 'nKPenAlZ',
  'openid' => 'o01Wu01-zSLzut3cB22KEbJ3JxzY',
  'out_trade_no' => '2018010822041700001273583324',
  'result_code' => 'SUCCESS',
  'return_code' => 'SUCCESS',
  'sign' => 'CCC42E6F340FA884A0021D1147410C64',
  'time_end' => '20180108220656',
  'total_fee' => '1200',
  'trade_type' => 'JSAPI',
  'transaction_id' => '4200000093201801080322792985',
)

2018-01-08 22:05:58 pay :
------------
String:
array (
  'appid' => 'wx6e79d28ccc2a8c05',
  'attach' => '2',
  'bank_type' => 'CFT',
  'cash_fee' => '1200',
  'fee_type' => 'CNY',
  'is_subscribe' => 'Y',
  'mch_id' => '1490957872',
  'nonce_str' => 'nKPenAlZ',
  'openid' => 'o01Wu01-zSLzut3cB22KEbJ3JxzY',
  'out_trade_no' => '2018010822041700001273583324',
  'result_code' => 'SUCCESS',
  'return_code' => 'SUCCESS',
  'sign' => 'CCC42E6F340FA884A0021D1147410C64',
  'time_end' => '20180108220656',
  'total_fee' => '1200',
  'trade_type' => 'JSAPI',
  'transaction_id' => '4200000093201801080322792985',
)

2018-01-08 22:06:13 trace :
------------
String:
<xml><ToUserName><![CDATA[gh_7bcd94754b84]]></ToUserName>
<FromUserName><![CDATA[o01Wu01-zSLzut3cB22KEbJ3JxzY]]></FromUserName>
<CreateTime>1515420462</CreateTime>
<MsgType><![CDATA[event]]></MsgType>
<Event><![CDATA[TEMPLATESENDJOBFINISH]]></Event>
<MsgID>97780827399766019</MsgID>
<Status><![CDATA[success]]></Status>
</xml>

2018-01-08 22:06:13 params :
------------
String:
array (
  'rule' => -2,
  'module' => '',
  'message' => 
  array (
    'tousername' => 'gh_7bcd94754b84',
    'fromusername' => 'o01Wu01-zSLzut3cB22KEbJ3JxzY',
    'createtime' => '1515420462',
    'msgtype' => 'event',
    'event' => 'TEMPLATESENDJOBFINISH',
    'msgid' => '97780827399766019',
    'status' => 'success',
    'from' => 'o01Wu01-zSLzut3cB22KEbJ3JxzY',
    'to' => 'gh_7bcd94754b84',
    'time' => '1515420462',
    'type' => 'event',
  ),
)

2018-01-08 22:06:13 response :
------------

2018-01-08 22:06:30 pay :
------------
String:
array (
  'appid' => 'wx6e79d28ccc2a8c05',
  'attach' => '2',
  'bank_type' => 'CFT',
  'cash_fee' => '1200',
  'fee_type' => 'CNY',
  'is_subscribe' => 'Y',
  'mch_id' => '1490957872',
  'nonce_str' => 'nKPenAlZ',
  'openid' => 'o01Wu01-zSLzut3cB22KEbJ3JxzY',
  'out_trade_no' => '2018010822041700001273583324',
  'result_code' => 'SUCCESS',
  'return_code' => 'SUCCESS',
  'sign' => 'CCC42E6F340FA884A0021D1147410C64',
  'time_end' => '20180108220656',
  'total_fee' => '1200',
  'trade_type' => 'JSAPI',
  'transaction_id' => '4200000093201801080322792985',
)

2018-01-08 22:09:32 pay :
------------
String:
array (
  'appid' => 'wx6e79d28ccc2a8c05',
  'attach' => '2',
  'bank_type' => 'CFT',
  'cash_fee' => '1200',
  'fee_type' => 'CNY',
  'is_subscribe' => 'Y',
  'mch_id' => '1490957872',
  'nonce_str' => 'nKPenAlZ',
  'openid' => 'o01Wu01-zSLzut3cB22KEbJ3JxzY',
  'out_trade_no' => '2018010822041700001273583324',
  'result_code' => 'SUCCESS',
  'return_code' => 'SUCCESS',
  'sign' => 'CCC42E6F340FA884A0021D1147410C64',
  'time_end' => '20180108220656',
  'total_fee' => '1200',
  'trade_type' => 'JSAPI',
  'transaction_id' => '4200000093201801080322792985',
)

2018-01-08 22:14:33 pay :
------------
String:
array (
  'appid' => 'wx6e79d28ccc2a8c05',
  'attach' => '2',
  'bank_type' => 'CFT',
  'cash_fee' => '40',
  'fee_type' => 'CNY',
  'is_subscribe' => 'Y',
  'mch_id' => '1490957872',
  'nonce_str' => 'fj1BOGMQ',
  'openid' => 'o01Wu01-zSLzut3cB22KEbJ3JxzY',
  'out_trade_no' => '2018010821400800001202460662',
  'result_code' => 'SUCCESS',
  'return_code' => 'SUCCESS',
  'sign' => '260A2ECED5FB10E6BF3671E096F29E25',
  'time_end' => '20180108214149',
  'total_fee' => '40',
  'trade_type' => 'JSAPI',
  'transaction_id' => '4200000095201801080582806656',
)

2018-01-08 22:39:34 pay :
------------
String:
array (
  'appid' => 'wx6e79d28ccc2a8c05',
  'attach' => '2',
  'bank_type' => 'CFT',
  'cash_fee' => '1200',
  'fee_type' => 'CNY',
  'is_subscribe' => 'Y',
  'mch_id' => '1490957872',
  'nonce_str' => 'nKPenAlZ',
  'openid' => 'o01Wu01-zSLzut3cB22KEbJ3JxzY',
  'out_trade_no' => '2018010822041700001273583324',
  'result_code' => 'SUCCESS',
  'return_code' => 'SUCCESS',
  'sign' => 'CCC42E6F340FA884A0021D1147410C64',
  'time_end' => '20180108220656',
  'total_fee' => '1200',
  'trade_type' => 'JSAPI',
  'transaction_id' => '4200000093201801080322792985',
)

2018-01-08 22:44:35 pay :
------------
String:
array (
  'appid' => 'wx6e79d28ccc2a8c05',
  'attach' => '2',
  'bank_type' => 'CFT',
  'cash_fee' => '40',
  'fee_type' => 'CNY',
  'is_subscribe' => 'Y',
  'mch_id' => '1490957872',
  'nonce_str' => 'fj1BOGMQ',
  'openid' => 'o01Wu01-zSLzut3cB22KEbJ3JxzY',
  'out_trade_no' => '2018010821400800001202460662',
  'result_code' => 'SUCCESS',
  'return_code' => 'SUCCESS',
  'sign' => '260A2ECED5FB10E6BF3671E096F29E25',
  'time_end' => '20180108214149',
  'total_fee' => '40',
  'trade_type' => 'JSAPI',
  'transaction_id' => '4200000095201801080582806656',
)

2018-01-08 22:51:35 pay-alipay :
------------
String:
array (
  'payment_type' => '1',
  'trade_no' => '2018010821001004230575720080',
  'subject' => '餐饮20180108180474862120',
  'buyer_email' => 'hangming@msn.com',
  'gmt_create' => '2018-01-08 21:29:58',
  'notify_type' => 'trade_status_sync',
  'quantity' => '1',
  'out_trade_no' => '2018010821273200001289212508',
  'seller_id' => '2088621957819369',
  'notify_time' => '2018-01-08 22:53:04',
  'body' => '2',
  'trade_status' => 'TRADE_SUCCESS',
  'is_total_fee_adjust' => 'N',
  'total_fee' => '0.30',
  'gmt_payment' => '2018-01-08 21:29:59',
  'seller_email' => 'jin703@outlook.com',
  'price' => '0.30',
  'buyer_id' => '2088002328471230',
  'notify_id' => '7a265ae6375378c9e9c906fb3611cd9hs1',
  'use_coupon' => 'N',
  'sign_type' => 'MD5',
  'sign' => '0fdd1df91e347a15165c1bd450ea58e0',
  'query_type' => 'notify',
)

2018-01-08 23:09:36 pay :
------------
String:
array (
  'appid' => 'wx6e79d28ccc2a8c05',
  'attach' => '2',
  'bank_type' => 'CFT',
  'cash_fee' => '1200',
  'fee_type' => 'CNY',
  'is_subscribe' => 'Y',
  'mch_id' => '1490957872',
  'nonce_str' => 'nKPenAlZ',
  'openid' => 'o01Wu01-zSLzut3cB22KEbJ3JxzY',
  'out_trade_no' => '2018010822041700001273583324',
  'result_code' => 'SUCCESS',
  'return_code' => 'SUCCESS',
  'sign' => 'CCC42E6F340FA884A0021D1147410C64',
  'time_end' => '20180108220656',
  'total_fee' => '1200',
  'trade_type' => 'JSAPI',
  'transaction_id' => '4200000093201801080322792985',
)

2018-01-08 23:14:36 pay :
------------
String:
array (
  'appid' => 'wx6e79d28ccc2a8c05',
  'attach' => '2',
  'bank_type' => 'CFT',
  'cash_fee' => '40',
  'fee_type' => 'CNY',
  'is_subscribe' => 'Y',
  'mch_id' => '1490957872',
  'nonce_str' => 'fj1BOGMQ',
  'openid' => 'o01Wu01-zSLzut3cB22KEbJ3JxzY',
  'out_trade_no' => '2018010821400800001202460662',
  'result_code' => 'SUCCESS',
  'return_code' => 'SUCCESS',
  'sign' => '260A2ECED5FB10E6BF3671E096F29E25',
  'time_end' => '20180108214149',
  'total_fee' => '40',
  'trade_type' => 'JSAPI',
  'transaction_id' => '4200000095201801080582806656',
)

2018-01-08 23:39:37 pay :
------------
String:
array (
  'appid' => 'wx6e79d28ccc2a8c05',
  'attach' => '2',
  'bank_type' => 'CFT',
  'cash_fee' => '1200',
  'fee_type' => 'CNY',
  'is_subscribe' => 'Y',
  'mch_id' => '1490957872',
  'nonce_str' => 'nKPenAlZ',
  'openid' => 'o01Wu01-zSLzut3cB22KEbJ3JxzY',
  'out_trade_no' => '2018010822041700001273583324',
  'result_code' => 'SUCCESS',
  'return_code' => 'SUCCESS',
  'sign' => 'CCC42E6F340FA884A0021D1147410C64',
  'time_end' => '20180108220656',
  'total_fee' => '1200',
  'trade_type' => 'JSAPI',
  'transaction_id' => '4200000093201801080322792985',
)

2018-01-08 23:44:38 pay :
------------
String:
array (
  'appid' => 'wx6e79d28ccc2a8c05',
  'attach' => '2',
  'bank_type' => 'CFT',
  'cash_fee' => '40',
  'fee_type' => 'CNY',
  'is_subscribe' => 'Y',
  'mch_id' => '1490957872',
  'nonce_str' => 'fj1BOGMQ',
  'openid' => 'o01Wu01-zSLzut3cB22KEbJ3JxzY',
  'out_trade_no' => '2018010821400800001202460662',
  'result_code' => 'SUCCESS',
  'return_code' => 'SUCCESS',
  'sign' => '260A2ECED5FB10E6BF3671E096F29E25',
  'time_end' => '20180108214149',
  'total_fee' => '40',
  'trade_type' => 'JSAPI',
  'transaction_id' => '4200000095201801080582806656',
)

