2018-08-11 10:55:55 pay-alipay :
------------
String:
array (
  'payment_type' => '1',
  'trade_no' => '2018051021001004230556824946',
  'subject' => '餐饮20180510209037422207',
  'buyer_email' => 'han***@msn.com',
  'gmt_create' => '2018-05-10 10:55:32',
  'notify_type' => 'trade_status_sync',
  'quantity' => '1',
  'out_trade_no' => '2018051010550700001264087488',
  'seller_id' => '2088621957819369',
  'notify_time' => '2018-08-11 10:55:55',
  'body' => '2',
  'trade_status' => 'TRADE_FINISHED',
  'is_total_fee_adjust' => 'N',
  'total_fee' => '0.10',
  'gmt_payment' => '2018-05-10 10:55:33',
  'seller_email' => 'jin703@outlook.com',
  'gmt_close' => '2018-08-11 10:55:55',
  'price' => '0.10',
  'buyer_id' => '2088002328471230',
  'notify_id' => '9848db63decc61c933174adde6b443chs1',
  'use_coupon' => 'N',
  'sign_type' => 'MD5',
  'sign' => '41a16c7f7dd9fd86794879c5342b7e04',
  'query_type' => 'notify',
)

2018-08-11 10:59:42 pay-alipay :
------------
String:
array (
  'payment_type' => '1',
  'trade_no' => '2018051021001004230556824946',
  'subject' => '餐饮20180510209037422207',
  'buyer_email' => 'han***@msn.com',
  'gmt_create' => '2018-05-10 10:55:32',
  'notify_type' => 'trade_status_sync',
  'quantity' => '1',
  'out_trade_no' => '2018051010550700001264087488',
  'seller_id' => '2088621957819369',
  'notify_time' => '2018-08-11 10:59:42',
  'body' => '2',
  'trade_status' => 'TRADE_FINISHED',
  'is_total_fee_adjust' => 'N',
  'total_fee' => '0.10',
  'gmt_payment' => '2018-05-10 10:55:33',
  'seller_email' => 'jin703@outlook.com',
  'gmt_close' => '2018-08-11 10:55:55',
  'price' => '0.10',
  'buyer_id' => '2088002328471230',
  'notify_id' => '9848db63decc61c933174adde6b443chs1',
  'use_coupon' => 'N',
  'sign_type' => 'MD5',
  'sign' => '293d7a1f387b1640cf47b5792f3b42ed',
  'query_type' => 'notify',
)

2018-08-11 11:09:06 pay-alipay :
------------
String:
array (
  'payment_type' => '1',
  'trade_no' => '2018051021001004230556824946',
  'subject' => '餐饮20180510209037422207',
  'buyer_email' => 'han***@msn.com',
  'gmt_create' => '2018-05-10 10:55:32',
  'notify_type' => 'trade_status_sync',
  'quantity' => '1',
  'out_trade_no' => '2018051010550700001264087488',
  'seller_id' => '2088621957819369',
  'notify_time' => '2018-08-11 11:09:06',
  'body' => '2',
  'trade_status' => 'TRADE_FINISHED',
  'is_total_fee_adjust' => 'N',
  'total_fee' => '0.10',
  'gmt_payment' => '2018-05-10 10:55:33',
  'seller_email' => 'jin703@outlook.com',
  'gmt_close' => '2018-08-11 10:55:55',
  'price' => '0.10',
  'buyer_id' => '2088002328471230',
  'notify_id' => '9848db63decc61c933174adde6b443chs1',
  'use_coupon' => 'N',
  'sign_type' => 'MD5',
  'sign' => '005d180f76e99d8f6d25fe2f332a3220',
  'query_type' => 'notify',
)

2018-08-11 11:14:55 pay-alipay :
------------
String:
array (
  'payment_type' => '1',
  'trade_no' => '2018051021001004230556793498',
  'subject' => '餐饮20180510220316660451',
  'buyer_email' => 'han***@msn.com',
  'gmt_create' => '2018-05-10 11:14:28',
  'notify_type' => 'trade_status_sync',
  'quantity' => '1',
  'out_trade_no' => '2018051011135400001288986894',
  'seller_id' => '2088621957819369',
  'notify_time' => '2018-08-11 11:14:55',
  'body' => '2',
  'trade_status' => 'TRADE_FINISHED',
  'is_total_fee_adjust' => 'N',
  'total_fee' => '0.10',
  'gmt_payment' => '2018-05-10 11:14:29',
  'seller_email' => 'jin703@outlook.com',
  'gmt_close' => '2018-08-11 11:14:55',
  'price' => '0.10',
  'buyer_id' => '2088002328471230',
  'notify_id' => '828476b2be27e3434e66d1f1985839bhs1',
  'use_coupon' => 'N',
  'sign_type' => 'MD5',
  'sign' => '8b60d96ad7cd7180226139ecac3c9856',
  'query_type' => 'notify',
)

2018-08-11 11:18:47 pay-alipay :
------------
String:
array (
  'payment_type' => '1',
  'trade_no' => '2018051021001004230556793498',
  'subject' => '餐饮20180510220316660451',
  'buyer_email' => 'han***@msn.com',
  'gmt_create' => '2018-05-10 11:14:28',
  'notify_type' => 'trade_status_sync',
  'quantity' => '1',
  'out_trade_no' => '2018051011135400001288986894',
  'seller_id' => '2088621957819369',
  'notify_time' => '2018-08-11 11:18:40',
  'body' => '2',
  'trade_status' => 'TRADE_FINISHED',
  'is_total_fee_adjust' => 'N',
  'total_fee' => '0.10',
  'gmt_payment' => '2018-05-10 11:14:29',
  'seller_email' => 'jin703@outlook.com',
  'gmt_close' => '2018-08-11 11:14:55',
  'price' => '0.10',
  'buyer_id' => '2088002328471230',
  'notify_id' => '828476b2be27e3434e66d1f1985839bhs1',
  'use_coupon' => 'N',
  'sign_type' => 'MD5',
  'sign' => '21c01bf9e358a4865e8b8de6c83c604d',
  'query_type' => 'notify',
)

2018-08-11 11:18:55 pay-alipay :
------------
String:
array (
  'payment_type' => '1',
  'trade_no' => '2018051021001004230557019090',
  'subject' => '餐饮20180510221367036474',
  'buyer_email' => 'han***@msn.com',
  'gmt_create' => '2018-05-10 11:18:17',
  'notify_type' => 'trade_status_sync',
  'quantity' => '1',
  'out_trade_no' => '2018051011154100001222145228',
  'seller_id' => '2088621957819369',
  'notify_time' => '2018-08-11 11:18:55',
  'body' => '2',
  'trade_status' => 'TRADE_FINISHED',
  'is_total_fee_adjust' => 'N',
  'total_fee' => '0.10',
  'gmt_payment' => '2018-05-10 11:18:18',
  'seller_email' => 'jin703@outlook.com',
  'gmt_close' => '2018-08-11 11:18:55',
  'price' => '0.10',
  'buyer_id' => '2088002328471230',
  'notify_id' => 'f3fc1d2fff4d0f34b496454abb2af3bhs1',
  'use_coupon' => 'N',
  'sign_type' => 'MD5',
  'sign' => '74b6c563fea21e0ae2405405325b0e9e',
  'query_type' => 'notify',
)

2018-08-11 11:19:26 pay-alipay :
------------
String:
array (
  'payment_type' => '1',
  'trade_no' => '2018051021001004230556824946',
  'subject' => '餐饮20180510209037422207',
  'buyer_email' => 'han***@msn.com',
  'gmt_create' => '2018-05-10 10:55:32',
  'notify_type' => 'trade_status_sync',
  'quantity' => '1',
  'out_trade_no' => '2018051010550700001264087488',
  'seller_id' => '2088621957819369',
  'notify_time' => '2018-08-11 11:19:25',
  'body' => '2',
  'trade_status' => 'TRADE_FINISHED',
  'is_total_fee_adjust' => 'N',
  'total_fee' => '0.10',
  'gmt_payment' => '2018-05-10 10:55:33',
  'seller_email' => 'jin703@outlook.com',
  'gmt_close' => '2018-08-11 10:55:55',
  'price' => '0.10',
  'buyer_id' => '2088002328471230',
  'notify_id' => '9848db63decc61c933174adde6b443chs1',
  'use_coupon' => 'N',
  'sign_type' => 'MD5',
  'sign' => 'be8c46ea0e3e0b9fca291ae09a1d50ee',
  'query_type' => 'notify',
)

2018-08-11 11:20:55 pay-alipay :
------------
String:
array (
  'payment_type' => '1',
  'trade_no' => '2018051021001004230556937689',
  'subject' => '餐饮20180510223810902607',
  'buyer_email' => 'han***@msn.com',
  'gmt_create' => '2018-05-10 11:20:15',
  'notify_type' => 'trade_status_sync',
  'quantity' => '1',
  'out_trade_no' => '2018051011194500001275268842',
  'seller_id' => '2088621957819369',
  'notify_time' => '2018-08-11 11:20:54',
  'body' => '2',
  'trade_status' => 'TRADE_FINISHED',
  'is_total_fee_adjust' => 'N',
  'total_fee' => '0.10',
  'gmt_payment' => '2018-05-10 11:20:17',
  'seller_email' => 'jin703@outlook.com',
  'gmt_close' => '2018-08-11 11:20:54',
  'price' => '0.10',
  'buyer_id' => '2088002328471230',
  'notify_id' => 'f0b501dd40b8db59be25f60224fae90hs1',
  'use_coupon' => 'N',
  'sign_type' => 'MD5',
  'sign' => '83597fae26c9bd5257871090870694c1',
  'query_type' => 'notify',
)

2018-08-11 11:22:07 pay-alipay :
------------
String:
array (
  'payment_type' => '1',
  'trade_no' => '2018051021001004230557019090',
  'subject' => '餐饮20180510221367036474',
  'buyer_email' => 'han***@msn.com',
  'gmt_create' => '2018-05-10 11:18:17',
  'notify_type' => 'trade_status_sync',
  'quantity' => '1',
  'out_trade_no' => '2018051011154100001222145228',
  'seller_id' => '2088621957819369',
  'notify_time' => '2018-08-11 11:22:07',
  'body' => '2',
  'trade_status' => 'TRADE_FINISHED',
  'is_total_fee_adjust' => 'N',
  'total_fee' => '0.10',
  'gmt_payment' => '2018-05-10 11:18:18',
  'seller_email' => 'jin703@outlook.com',
  'gmt_close' => '2018-08-11 11:18:55',
  'price' => '0.10',
  'buyer_id' => '2088002328471230',
  'notify_id' => 'f3fc1d2fff4d0f34b496454abb2af3bhs1',
  'use_coupon' => 'N',
  'sign_type' => 'MD5',
  'sign' => '7f389bd7a6f846377702b29ffa999f7f',
  'query_type' => 'notify',
)

2018-08-11 11:24:30 pay-alipay :
------------
String:
array (
  'payment_type' => '1',
  'trade_no' => '2018051021001004230556937689',
  'subject' => '餐饮20180510223810902607',
  'buyer_email' => 'han***@msn.com',
  'gmt_create' => '2018-05-10 11:20:15',
  'notify_type' => 'trade_status_sync',
  'quantity' => '1',
  'out_trade_no' => '2018051011194500001275268842',
  'seller_id' => '2088621957819369',
  'notify_time' => '2018-08-11 11:24:30',
  'body' => '2',
  'trade_status' => 'TRADE_FINISHED',
  'is_total_fee_adjust' => 'N',
  'total_fee' => '0.10',
  'gmt_payment' => '2018-05-10 11:20:17',
  'seller_email' => 'jin703@outlook.com',
  'gmt_close' => '2018-08-11 11:20:54',
  'price' => '0.10',
  'buyer_id' => '2088002328471230',
  'notify_id' => 'f0b501dd40b8db59be25f60224fae90hs1',
  'use_coupon' => 'N',
  'sign_type' => 'MD5',
  'sign' => 'a534412e9712d3c3aa0c59cd72ee62fa',
  'query_type' => 'notify',
)

2018-08-11 11:28:50 pay-alipay :
------------
String:
array (
  'payment_type' => '1',
  'trade_no' => '2018051021001004230556793498',
  'subject' => '餐饮20180510220316660451',
  'buyer_email' => 'han***@msn.com',
  'gmt_create' => '2018-05-10 11:14:28',
  'notify_type' => 'trade_status_sync',
  'quantity' => '1',
  'out_trade_no' => '2018051011135400001288986894',
  'seller_id' => '2088621957819369',
  'notify_time' => '2018-08-11 11:28:50',
  'body' => '2',
  'trade_status' => 'TRADE_FINISHED',
  'is_total_fee_adjust' => 'N',
  'total_fee' => '0.10',
  'gmt_payment' => '2018-05-10 11:14:29',
  'seller_email' => 'jin703@outlook.com',
  'gmt_close' => '2018-08-11 11:14:55',
  'price' => '0.10',
  'buyer_id' => '2088002328471230',
  'notify_id' => '828476b2be27e3434e66d1f1985839bhs1',
  'use_coupon' => 'N',
  'sign_type' => 'MD5',
  'sign' => '1721a8838b2da1abac76bb99f5a832af',
  'query_type' => 'notify',
)

2018-08-11 11:32:07 pay-alipay :
------------
String:
array (
  'payment_type' => '1',
  'trade_no' => '2018051021001004230557019090',
  'subject' => '餐饮20180510221367036474',
  'buyer_email' => 'han***@msn.com',
  'gmt_create' => '2018-05-10 11:18:17',
  'notify_type' => 'trade_status_sync',
  'quantity' => '1',
  'out_trade_no' => '2018051011154100001222145228',
  'seller_id' => '2088621957819369',
  'notify_time' => '2018-08-11 11:32:06',
  'body' => '2',
  'trade_status' => 'TRADE_FINISHED',
  'is_total_fee_adjust' => 'N',
  'total_fee' => '0.10',
  'gmt_payment' => '2018-05-10 11:18:18',
  'seller_email' => 'jin703@outlook.com',
  'gmt_close' => '2018-08-11 11:18:55',
  'price' => '0.10',
  'buyer_id' => '2088002328471230',
  'notify_id' => 'f3fc1d2fff4d0f34b496454abb2af3bhs1',
  'use_coupon' => 'N',
  'sign_type' => 'MD5',
  'sign' => '693eec71c4f8b32de087f454059826f6',
  'query_type' => 'notify',
)

2018-08-11 11:34:11 pay-alipay :
------------
String:
array (
  'payment_type' => '1',
  'trade_no' => '2018051021001004230556937689',
  'subject' => '餐饮20180510223810902607',
  'buyer_email' => 'han***@msn.com',
  'gmt_create' => '2018-05-10 11:20:15',
  'notify_type' => 'trade_status_sync',
  'quantity' => '1',
  'out_trade_no' => '2018051011194500001275268842',
  'seller_id' => '2088621957819369',
  'notify_time' => '2018-08-11 11:34:11',
  'body' => '2',
  'trade_status' => 'TRADE_FINISHED',
  'is_total_fee_adjust' => 'N',
  'total_fee' => '0.10',
  'gmt_payment' => '2018-05-10 11:20:17',
  'seller_email' => 'jin703@outlook.com',
  'gmt_close' => '2018-08-11 11:20:54',
  'price' => '0.10',
  'buyer_id' => '2088002328471230',
  'notify_id' => 'f0b501dd40b8db59be25f60224fae90hs1',
  'use_coupon' => 'N',
  'sign_type' => 'MD5',
  'sign' => '3956a5c9128ddf77cf282541c7b87526',
  'query_type' => 'notify',
)

2018-08-11 11:38:20 pay-alipay :
------------
String:
array (
  'payment_type' => '1',
  'trade_no' => '2018051021001004230556793498',
  'subject' => '餐饮20180510220316660451',
  'buyer_email' => 'han***@msn.com',
  'gmt_create' => '2018-05-10 11:14:28',
  'notify_type' => 'trade_status_sync',
  'quantity' => '1',
  'out_trade_no' => '2018051011135400001288986894',
  'seller_id' => '2088621957819369',
  'notify_time' => '2018-08-11 11:38:20',
  'body' => '2',
  'trade_status' => 'TRADE_FINISHED',
  'is_total_fee_adjust' => 'N',
  'total_fee' => '0.10',
  'gmt_payment' => '2018-05-10 11:14:29',
  'seller_email' => 'jin703@outlook.com',
  'gmt_close' => '2018-08-11 11:14:55',
  'price' => '0.10',
  'buyer_id' => '2088002328471230',
  'notify_id' => '828476b2be27e3434e66d1f1985839bhs1',
  'use_coupon' => 'N',
  'sign_type' => 'MD5',
  'sign' => 'd5efec54094236f15acfcc14f1c223b4',
  'query_type' => 'notify',
)

2018-08-11 11:42:08 pay-alipay :
------------
String:
array (
  'payment_type' => '1',
  'trade_no' => '2018051021001004230557019090',
  'subject' => '餐饮20180510221367036474',
  'buyer_email' => 'han***@msn.com',
  'gmt_create' => '2018-05-10 11:18:17',
  'notify_type' => 'trade_status_sync',
  'quantity' => '1',
  'out_trade_no' => '2018051011154100001222145228',
  'seller_id' => '2088621957819369',
  'notify_time' => '2018-08-11 11:42:06',
  'body' => '2',
  'trade_status' => 'TRADE_FINISHED',
  'is_total_fee_adjust' => 'N',
  'total_fee' => '0.10',
  'gmt_payment' => '2018-05-10 11:18:18',
  'seller_email' => 'jin703@outlook.com',
  'gmt_close' => '2018-08-11 11:18:55',
  'price' => '0.10',
  'buyer_id' => '2088002328471230',
  'notify_id' => 'f3fc1d2fff4d0f34b496454abb2af3bhs1',
  'use_coupon' => 'N',
  'sign_type' => 'MD5',
  'sign' => '0eb99bd36d3d2e009224e5c3821742e4',
  'query_type' => 'notify',
)

2018-08-11 11:44:15 pay-alipay :
------------
String:
array (
  'payment_type' => '1',
  'trade_no' => '2018051021001004230556937689',
  'subject' => '餐饮20180510223810902607',
  'buyer_email' => 'han***@msn.com',
  'gmt_create' => '2018-05-10 11:20:15',
  'notify_type' => 'trade_status_sync',
  'quantity' => '1',
  'out_trade_no' => '2018051011194500001275268842',
  'seller_id' => '2088621957819369',
  'notify_time' => '2018-08-11 11:44:15',
  'body' => '2',
  'trade_status' => 'TRADE_FINISHED',
  'is_total_fee_adjust' => 'N',
  'total_fee' => '0.10',
  'gmt_payment' => '2018-05-10 11:20:17',
  'seller_email' => 'jin703@outlook.com',
  'gmt_close' => '2018-08-11 11:20:54',
  'price' => '0.10',
  'buyer_id' => '2088002328471230',
  'notify_id' => 'f0b501dd40b8db59be25f60224fae90hs1',
  'use_coupon' => 'N',
  'sign_type' => 'MD5',
  'sign' => '86a6fe39aa5d89dd7d15bcbfe3f772d2',
  'query_type' => 'notify',
)

2018-08-11 12:19:27 pay-alipay :
------------
String:
array (
  'payment_type' => '1',
  'trade_no' => '2018051021001004230556824946',
  'subject' => '餐饮20180510209037422207',
  'buyer_email' => 'han***@msn.com',
  'gmt_create' => '2018-05-10 10:55:32',
  'notify_type' => 'trade_status_sync',
  'quantity' => '1',
  'out_trade_no' => '2018051010550700001264087488',
  'seller_id' => '2088621957819369',
  'notify_time' => '2018-08-11 12:19:26',
  'body' => '2',
  'trade_status' => 'TRADE_FINISHED',
  'is_total_fee_adjust' => 'N',
  'total_fee' => '0.10',
  'gmt_payment' => '2018-05-10 10:55:33',
  'seller_email' => 'jin703@outlook.com',
  'gmt_close' => '2018-08-11 10:55:55',
  'price' => '0.10',
  'buyer_id' => '2088002328471230',
  'notify_id' => '9848db63decc61c933174adde6b443chs1',
  'use_coupon' => 'N',
  'sign_type' => 'MD5',
  'sign' => 'e50d7a37b15b2649e8523af5debb4e22',
  'query_type' => 'notify',
)

2018-08-11 12:38:02 pay-alipay :
------------
String:
array (
  'payment_type' => '1',
  'trade_no' => '2018051021001004230556793498',
  'subject' => '餐饮20180510220316660451',
  'buyer_email' => 'han***@msn.com',
  'gmt_create' => '2018-05-10 11:14:28',
  'notify_type' => 'trade_status_sync',
  'quantity' => '1',
  'out_trade_no' => '2018051011135400001288986894',
  'seller_id' => '2088621957819369',
  'notify_time' => '2018-08-11 12:38:02',
  'body' => '2',
  'trade_status' => 'TRADE_FINISHED',
  'is_total_fee_adjust' => 'N',
  'total_fee' => '0.10',
  'gmt_payment' => '2018-05-10 11:14:29',
  'seller_email' => 'jin703@outlook.com',
  'gmt_close' => '2018-08-11 11:14:55',
  'price' => '0.10',
  'buyer_id' => '2088002328471230',
  'notify_id' => '828476b2be27e3434e66d1f1985839bhs1',
  'use_coupon' => 'N',
  'sign_type' => 'MD5',
  'sign' => 'eed27bfd2143924ffafee7ca491d83b2',
  'query_type' => 'notify',
)

2018-08-11 12:42:14 pay-alipay :
------------
String:
array (
  'payment_type' => '1',
  'trade_no' => '2018051021001004230557019090',
  'subject' => '餐饮20180510221367036474',
  'buyer_email' => 'han***@msn.com',
  'gmt_create' => '2018-05-10 11:18:17',
  'notify_type' => 'trade_status_sync',
  'quantity' => '1',
  'out_trade_no' => '2018051011154100001222145228',
  'seller_id' => '2088621957819369',
  'notify_time' => '2018-08-11 12:42:14',
  'body' => '2',
  'trade_status' => 'TRADE_FINISHED',
  'is_total_fee_adjust' => 'N',
  'total_fee' => '0.10',
  'gmt_payment' => '2018-05-10 11:18:18',
  'seller_email' => 'jin703@outlook.com',
  'gmt_close' => '2018-08-11 11:18:55',
  'price' => '0.10',
  'buyer_id' => '2088002328471230',
  'notify_id' => 'f3fc1d2fff4d0f34b496454abb2af3bhs1',
  'use_coupon' => 'N',
  'sign_type' => 'MD5',
  'sign' => 'a2bedfc2bb7b3077e4aa260d6ce49046',
  'query_type' => 'notify',
)

2018-08-11 12:44:45 pay-alipay :
------------
String:
array (
  'payment_type' => '1',
  'trade_no' => '2018051021001004230556937689',
  'subject' => '餐饮20180510223810902607',
  'buyer_email' => 'han***@msn.com',
  'gmt_create' => '2018-05-10 11:20:15',
  'notify_type' => 'trade_status_sync',
  'quantity' => '1',
  'out_trade_no' => '2018051011194500001275268842',
  'seller_id' => '2088621957819369',
  'notify_time' => '2018-08-11 12:44:45',
  'body' => '2',
  'trade_status' => 'TRADE_FINISHED',
  'is_total_fee_adjust' => 'N',
  'total_fee' => '0.10',
  'gmt_payment' => '2018-05-10 11:20:17',
  'seller_email' => 'jin703@outlook.com',
  'gmt_close' => '2018-08-11 11:20:54',
  'price' => '0.10',
  'buyer_id' => '2088002328471230',
  'notify_id' => 'f0b501dd40b8db59be25f60224fae90hs1',
  'use_coupon' => 'N',
  'sign_type' => 'MD5',
  'sign' => 'db2de8e12cdd0306ec5c1a792bcaefae',
  'query_type' => 'notify',
)

2018-08-11 14:19:40 pay-alipay :
------------
String:
array (
  'payment_type' => '1',
  'trade_no' => '2018051021001004230556824946',
  'subject' => '餐饮20180510209037422207',
  'buyer_email' => 'han***@msn.com',
  'gmt_create' => '2018-05-10 10:55:32',
  'notify_type' => 'trade_status_sync',
  'quantity' => '1',
  'out_trade_no' => '2018051010550700001264087488',
  'seller_id' => '2088621957819369',
  'notify_time' => '2018-08-11 14:19:40',
  'body' => '2',
  'trade_status' => 'TRADE_FINISHED',
  'is_total_fee_adjust' => 'N',
  'total_fee' => '0.10',
  'gmt_payment' => '2018-05-10 10:55:33',
  'seller_email' => 'jin703@outlook.com',
  'gmt_close' => '2018-08-11 10:55:55',
  'price' => '0.10',
  'buyer_id' => '2088002328471230',
  'notify_id' => '9848db63decc61c933174adde6b443chs1',
  'use_coupon' => 'N',
  'sign_type' => 'MD5',
  'sign' => '45956a19aad8ea2eab459bc3db97566c',
  'query_type' => 'notify',
)

2018-08-11 14:38:57 pay-alipay :
------------
String:
array (
  'payment_type' => '1',
  'trade_no' => '2018051021001004230556793498',
  'subject' => '餐饮20180510220316660451',
  'buyer_email' => 'han***@msn.com',
  'gmt_create' => '2018-05-10 11:14:28',
  'notify_type' => 'trade_status_sync',
  'quantity' => '1',
  'out_trade_no' => '2018051011135400001288986894',
  'seller_id' => '2088621957819369',
  'notify_time' => '2018-08-11 14:38:49',
  'body' => '2',
  'trade_status' => 'TRADE_FINISHED',
  'is_total_fee_adjust' => 'N',
  'total_fee' => '0.10',
  'gmt_payment' => '2018-05-10 11:14:29',
  'seller_email' => 'jin703@outlook.com',
  'gmt_close' => '2018-08-11 11:14:55',
  'price' => '0.10',
  'buyer_id' => '2088002328471230',
  'notify_id' => '828476b2be27e3434e66d1f1985839bhs1',
  'use_coupon' => 'N',
  'sign_type' => 'MD5',
  'sign' => 'e5fac87210caf5781ee8930d94891be9',
  'query_type' => 'notify',
)

2018-08-11 14:42:28 pay-alipay :
------------
String:
array (
  'payment_type' => '1',
  'trade_no' => '2018051021001004230557019090',
  'subject' => '餐饮20180510221367036474',
  'buyer_email' => 'han***@msn.com',
  'gmt_create' => '2018-05-10 11:18:17',
  'notify_type' => 'trade_status_sync',
  'quantity' => '1',
  'out_trade_no' => '2018051011154100001222145228',
  'seller_id' => '2088621957819369',
  'notify_time' => '2018-08-11 14:42:28',
  'body' => '2',
  'trade_status' => 'TRADE_FINISHED',
  'is_total_fee_adjust' => 'N',
  'total_fee' => '0.10',
  'gmt_payment' => '2018-05-10 11:18:18',
  'seller_email' => 'jin703@outlook.com',
  'gmt_close' => '2018-08-11 11:18:55',
  'price' => '0.10',
  'buyer_id' => '2088002328471230',
  'notify_id' => 'f3fc1d2fff4d0f34b496454abb2af3bhs1',
  'use_coupon' => 'N',
  'sign_type' => 'MD5',
  'sign' => '78779664d16bffe2967f2c4c9e6526a6',
  'query_type' => 'notify',
)

2018-08-11 14:44:19 pay-alipay :
------------
String:
array (
  'payment_type' => '1',
  'trade_no' => '2018051021001004230556937689',
  'subject' => '餐饮20180510223810902607',
  'buyer_email' => 'han***@msn.com',
  'gmt_create' => '2018-05-10 11:20:15',
  'notify_type' => 'trade_status_sync',
  'quantity' => '1',
  'out_trade_no' => '2018051011194500001275268842',
  'seller_id' => '2088621957819369',
  'notify_time' => '2018-08-11 14:44:19',
  'body' => '2',
  'trade_status' => 'TRADE_FINISHED',
  'is_total_fee_adjust' => 'N',
  'total_fee' => '0.10',
  'gmt_payment' => '2018-05-10 11:20:17',
  'seller_email' => 'jin703@outlook.com',
  'gmt_close' => '2018-08-11 11:20:54',
  'price' => '0.10',
  'buyer_id' => '2088002328471230',
  'notify_id' => 'f0b501dd40b8db59be25f60224fae90hs1',
  'use_coupon' => 'N',
  'sign_type' => 'MD5',
  'sign' => '86d7e8bde9a51b65b5104a7dba6688ba',
  'query_type' => 'notify',
)

2018-08-11 20:19:38 pay-alipay :
------------
String:
array (
  'payment_type' => '1',
  'trade_no' => '2018051021001004230556824946',
  'subject' => '餐饮20180510209037422207',
  'buyer_email' => 'han***@msn.com',
  'gmt_create' => '2018-05-10 10:55:32',
  'notify_type' => 'trade_status_sync',
  'quantity' => '1',
  'out_trade_no' => '2018051010550700001264087488',
  'seller_id' => '2088621957819369',
  'notify_time' => '2018-08-11 20:19:37',
  'body' => '2',
  'trade_status' => 'TRADE_FINISHED',
  'is_total_fee_adjust' => 'N',
  'total_fee' => '0.10',
  'gmt_payment' => '2018-05-10 10:55:33',
  'seller_email' => 'jin703@outlook.com',
  'gmt_close' => '2018-08-11 10:55:55',
  'price' => '0.10',
  'buyer_id' => '2088002328471230',
  'notify_id' => '9848db63decc61c933174adde6b443chs1',
  'use_coupon' => 'N',
  'sign_type' => 'MD5',
  'sign' => '936b565b5a9269572c9a7be4aa2a511f',
  'query_type' => 'notify',
)

2018-08-11 20:38:07 pay-alipay :
------------
String:
array (
  'payment_type' => '1',
  'trade_no' => '2018051021001004230556793498',
  'subject' => '餐饮20180510220316660451',
  'buyer_email' => 'han***@msn.com',
  'gmt_create' => '2018-05-10 11:14:28',
  'notify_type' => 'trade_status_sync',
  'quantity' => '1',
  'out_trade_no' => '2018051011135400001288986894',
  'seller_id' => '2088621957819369',
  'notify_time' => '2018-08-11 20:38:06',
  'body' => '2',
  'trade_status' => 'TRADE_FINISHED',
  'is_total_fee_adjust' => 'N',
  'total_fee' => '0.10',
  'gmt_payment' => '2018-05-10 11:14:29',
  'seller_email' => 'jin703@outlook.com',
  'gmt_close' => '2018-08-11 11:14:55',
  'price' => '0.10',
  'buyer_id' => '2088002328471230',
  'notify_id' => '828476b2be27e3434e66d1f1985839bhs1',
  'use_coupon' => 'N',
  'sign_type' => 'MD5',
  'sign' => '8f86a27662bfd4ea0ba844c1d30c2342',
  'query_type' => 'notify',
)

2018-08-11 20:42:51 pay-alipay :
------------
String:
array (
  'payment_type' => '1',
  'trade_no' => '2018051021001004230557019090',
  'subject' => '餐饮20180510221367036474',
  'buyer_email' => 'han***@msn.com',
  'gmt_create' => '2018-05-10 11:18:17',
  'notify_type' => 'trade_status_sync',
  'quantity' => '1',
  'out_trade_no' => '2018051011154100001222145228',
  'seller_id' => '2088621957819369',
  'notify_time' => '2018-08-11 20:42:51',
  'body' => '2',
  'trade_status' => 'TRADE_FINISHED',
  'is_total_fee_adjust' => 'N',
  'total_fee' => '0.10',
  'gmt_payment' => '2018-05-10 11:18:18',
  'seller_email' => 'jin703@outlook.com',
  'gmt_close' => '2018-08-11 11:18:55',
  'price' => '0.10',
  'buyer_id' => '2088002328471230',
  'notify_id' => 'f3fc1d2fff4d0f34b496454abb2af3bhs1',
  'use_coupon' => 'N',
  'sign_type' => 'MD5',
  'sign' => '99f2b5d149988f04bf9de724a693753c',
  'query_type' => 'notify',
)

2018-08-11 20:44:04 pay-alipay :
------------
String:
array (
  'payment_type' => '1',
  'trade_no' => '2018051021001004230556937689',
  'subject' => '餐饮20180510223810902607',
  'buyer_email' => 'han***@msn.com',
  'gmt_create' => '2018-05-10 11:20:15',
  'notify_type' => 'trade_status_sync',
  'quantity' => '1',
  'out_trade_no' => '2018051011194500001275268842',
  'seller_id' => '2088621957819369',
  'notify_time' => '2018-08-11 20:44:04',
  'body' => '2',
  'trade_status' => 'TRADE_FINISHED',
  'is_total_fee_adjust' => 'N',
  'total_fee' => '0.10',
  'gmt_payment' => '2018-05-10 11:20:17',
  'seller_email' => 'jin703@outlook.com',
  'gmt_close' => '2018-08-11 11:20:54',
  'price' => '0.10',
  'buyer_id' => '2088002328471230',
  'notify_id' => 'f0b501dd40b8db59be25f60224fae90hs1',
  'use_coupon' => 'N',
  'sign_type' => 'MD5',
  'sign' => '0a060ac4366f444bed00984bfa026ec1',
  'query_type' => 'notify',
)

