2018-01-25 09:40:37 trace :
------------
String:
<xml><ToUserName><![CDATA[gh_7bcd94754b84]]></ToUserName>
<FromUserName><![CDATA[o01Wu01-zSLzut3cB22KEbJ3JxzY]]></FromUserName>
<CreateTime>1516844571</CreateTime>
<MsgType><![CDATA[event]]></MsgType>
<Event><![CDATA[VIEW]]></Event>
<EventKey><![CDATA[http://ordernow.oneap.net/app/index.php?i=2&c=entry&eid=5]]></EventKey>
<MenuId>830669761</MenuId>
</xml>

2018-01-25 09:40:37 params :
------------
String:
array (
  'rule' => -2,
  'module' => '',
  'message' => 
  array (
    'tousername' => 'gh_7bcd94754b84',
    'fromusername' => 'o01Wu01-zSLzut3cB22KEbJ3JxzY',
    'createtime' => '1516844571',
    'msgtype' => 'event',
    'event' => 'VIEW',
    'eventkey' => 'http://ordernow.oneap.net/app/index.php?i=2&c=entry&eid=5',
    'menuid' => '830669761',
    'from' => 'o01Wu01-zSLzut3cB22KEbJ3JxzY',
    'to' => 'gh_7bcd94754b84',
    'time' => '1516844571',
    'type' => 'text',
    'content' => 'http://ordernow.oneap.net/app/index.php?i=2&c=entry&eid=5',
    'redirection' => true,
    'source' => 'VIEW',
  ),
)

2018-01-25 09:40:37 response :
------------

2018-01-25 09:41:37 pay :
------------
String:
array (
  'appid' => 'wx6e79d28ccc2a8c05',
  'attach' => '2',
  'bank_type' => 'CFT',
  'cash_fee' => '100',
  'fee_type' => 'CNY',
  'is_subscribe' => 'Y',
  'mch_id' => '1490957872',
  'nonce_str' => 'nMXmxd55',
  'openid' => 'o01Wu01-zSLzut3cB22KEbJ3JxzY',
  'out_trade_no' => '2018012509412700001244664147',
  'result_code' => 'SUCCESS',
  'return_code' => 'SUCCESS',
  'sign' => '5D1DCA310CEEC83AE02299127ED4D645',
  'time_end' => '20180125094351',
  'total_fee' => '100',
  'trade_type' => 'JSAPI',
  'transaction_id' => '4200000094201801250424106084',
)

2018-01-25 09:41:37 trace :
------------
String:
<xml><ToUserName><![CDATA[gh_7bcd94754b84]]></ToUserName>
<FromUserName><![CDATA[o01Wu01-zSLzut3cB22KEbJ3JxzY]]></FromUserName>
<CreateTime>1516844631</CreateTime>
<MsgType><![CDATA[event]]></MsgType>
<Event><![CDATA[TEMPLATESENDJOBFINISH]]></Event>
<MsgID>121674424708612098</MsgID>
<Status><![CDATA[success]]></Status>
</xml>

2018-01-25 09:41:37 params :
------------
String:
array (
  'rule' => -2,
  'module' => '',
  'message' => 
  array (
    'tousername' => 'gh_7bcd94754b84',
    'fromusername' => 'o01Wu01-zSLzut3cB22KEbJ3JxzY',
    'createtime' => '1516844631',
    'msgtype' => 'event',
    'event' => 'TEMPLATESENDJOBFINISH',
    'msgid' => '121674424708612098',
    'status' => 'success',
    'from' => 'o01Wu01-zSLzut3cB22KEbJ3JxzY',
    'to' => 'gh_7bcd94754b84',
    'time' => '1516844631',
    'type' => 'event',
  ),
)

2018-01-25 09:41:37 response :
------------

2018-01-25 09:41:38 trace :
------------
String:
<xml><ToUserName><![CDATA[gh_7bcd94754b84]]></ToUserName>
<FromUserName><![CDATA[o01Wu09x8WFY1ZBV-HAf-R-a3ytI]]></FromUserName>
<CreateTime>1516844633</CreateTime>
<MsgType><![CDATA[event]]></MsgType>
<Event><![CDATA[TEMPLATESENDJOBFINISH]]></Event>
<MsgID>121674444287639553</MsgID>
<Status><![CDATA[success]]></Status>
</xml>

2018-01-25 09:41:38 params :
------------
String:
array (
  'rule' => -2,
  'module' => '',
  'message' => 
  array (
    'tousername' => 'gh_7bcd94754b84',
    'fromusername' => 'o01Wu09x8WFY1ZBV-HAf-R-a3ytI',
    'createtime' => '1516844633',
    'msgtype' => 'event',
    'event' => 'TEMPLATESENDJOBFINISH',
    'msgid' => '121674444287639553',
    'status' => 'success',
    'from' => 'o01Wu09x8WFY1ZBV-HAf-R-a3ytI',
    'to' => 'gh_7bcd94754b84',
    'time' => '1516844633',
    'type' => 'event',
  ),
)

2018-01-25 09:41:38 response :
------------

2018-01-25 09:41:48 pay :
------------
String:
array (
  'appid' => 'wx6e79d28ccc2a8c05',
  'attach' => '2',
  'bank_type' => 'CFT',
  'cash_fee' => '100',
  'fee_type' => 'CNY',
  'is_subscribe' => 'Y',
  'mch_id' => '1490957872',
  'nonce_str' => 'nMXmxd55',
  'openid' => 'o01Wu01-zSLzut3cB22KEbJ3JxzY',
  'out_trade_no' => '2018012509412700001244664147',
  'result_code' => 'SUCCESS',
  'return_code' => 'SUCCESS',
  'sign' => '5D1DCA310CEEC83AE02299127ED4D645',
  'time_end' => '20180125094351',
  'total_fee' => '100',
  'trade_type' => 'JSAPI',
  'transaction_id' => '4200000094201801250424106084',
)

2018-01-25 09:42:06 pay :
------------
String:
array (
  'appid' => 'wx6e79d28ccc2a8c05',
  'attach' => '2',
  'bank_type' => 'CFT',
  'cash_fee' => '100',
  'fee_type' => 'CNY',
  'is_subscribe' => 'Y',
  'mch_id' => '1490957872',
  'nonce_str' => 'nMXmxd55',
  'openid' => 'o01Wu01-zSLzut3cB22KEbJ3JxzY',
  'out_trade_no' => '2018012509412700001244664147',
  'result_code' => 'SUCCESS',
  'return_code' => 'SUCCESS',
  'sign' => '5D1DCA310CEEC83AE02299127ED4D645',
  'time_end' => '20180125094351',
  'total_fee' => '100',
  'trade_type' => 'JSAPI',
  'transaction_id' => '4200000094201801250424106084',
)

2018-01-25 09:42:38 pay :
------------
String:
array (
  'appid' => 'wx6e79d28ccc2a8c05',
  'attach' => '2',
  'bank_type' => 'CFT',
  'cash_fee' => '100',
  'fee_type' => 'CNY',
  'is_subscribe' => 'Y',
  'mch_id' => '1490957872',
  'nonce_str' => 'nMXmxd55',
  'openid' => 'o01Wu01-zSLzut3cB22KEbJ3JxzY',
  'out_trade_no' => '2018012509412700001244664147',
  'result_code' => 'SUCCESS',
  'return_code' => 'SUCCESS',
  'sign' => '5D1DCA310CEEC83AE02299127ED4D645',
  'time_end' => '20180125094351',
  'total_fee' => '100',
  'trade_type' => 'JSAPI',
  'transaction_id' => '4200000094201801250424106084',
)

2018-01-25 09:45:40 pay :
------------
String:
array (
  'appid' => 'wx6e79d28ccc2a8c05',
  'attach' => '2',
  'bank_type' => 'CFT',
  'cash_fee' => '100',
  'fee_type' => 'CNY',
  'is_subscribe' => 'Y',
  'mch_id' => '1490957872',
  'nonce_str' => 'nMXmxd55',
  'openid' => 'o01Wu01-zSLzut3cB22KEbJ3JxzY',
  'out_trade_no' => '2018012509412700001244664147',
  'result_code' => 'SUCCESS',
  'return_code' => 'SUCCESS',
  'sign' => '5D1DCA310CEEC83AE02299127ED4D645',
  'time_end' => '20180125094351',
  'total_fee' => '100',
  'trade_type' => 'JSAPI',
  'transaction_id' => '4200000094201801250424106084',
)

2018-01-25 10:15:41 pay :
------------
String:
array (
  'appid' => 'wx6e79d28ccc2a8c05',
  'attach' => '2',
  'bank_type' => 'CFT',
  'cash_fee' => '100',
  'fee_type' => 'CNY',
  'is_subscribe' => 'Y',
  'mch_id' => '1490957872',
  'nonce_str' => 'nMXmxd55',
  'openid' => 'o01Wu01-zSLzut3cB22KEbJ3JxzY',
  'out_trade_no' => '2018012509412700001244664147',
  'result_code' => 'SUCCESS',
  'return_code' => 'SUCCESS',
  'sign' => '5D1DCA310CEEC83AE02299127ED4D645',
  'time_end' => '20180125094351',
  'total_fee' => '100',
  'trade_type' => 'JSAPI',
  'transaction_id' => '4200000094201801250424106084',
)

2018-01-25 10:45:44 pay :
------------
String:
array (
  'appid' => 'wx6e79d28ccc2a8c05',
  'attach' => '2',
  'bank_type' => 'CFT',
  'cash_fee' => '100',
  'fee_type' => 'CNY',
  'is_subscribe' => 'Y',
  'mch_id' => '1490957872',
  'nonce_str' => 'nMXmxd55',
  'openid' => 'o01Wu01-zSLzut3cB22KEbJ3JxzY',
  'out_trade_no' => '2018012509412700001244664147',
  'result_code' => 'SUCCESS',
  'return_code' => 'SUCCESS',
  'sign' => '5D1DCA310CEEC83AE02299127ED4D645',
  'time_end' => '20180125094351',
  'total_fee' => '100',
  'trade_type' => 'JSAPI',
  'transaction_id' => '4200000094201801250424106084',
)

2018-01-25 11:15:47 pay :
------------
String:
array (
  'appid' => 'wx6e79d28ccc2a8c05',
  'attach' => '2',
  'bank_type' => 'CFT',
  'cash_fee' => '100',
  'fee_type' => 'CNY',
  'is_subscribe' => 'Y',
  'mch_id' => '1490957872',
  'nonce_str' => 'nMXmxd55',
  'openid' => 'o01Wu01-zSLzut3cB22KEbJ3JxzY',
  'out_trade_no' => '2018012509412700001244664147',
  'result_code' => 'SUCCESS',
  'return_code' => 'SUCCESS',
  'sign' => '5D1DCA310CEEC83AE02299127ED4D645',
  'time_end' => '20180125094351',
  'total_fee' => '100',
  'trade_type' => 'JSAPI',
  'transaction_id' => '4200000094201801250424106084',
)

2018-01-25 11:45:50 pay :
------------
String:
array (
  'appid' => 'wx6e79d28ccc2a8c05',
  'attach' => '2',
  'bank_type' => 'CFT',
  'cash_fee' => '100',
  'fee_type' => 'CNY',
  'is_subscribe' => 'Y',
  'mch_id' => '1490957872',
  'nonce_str' => 'nMXmxd55',
  'openid' => 'o01Wu01-zSLzut3cB22KEbJ3JxzY',
  'out_trade_no' => '2018012509412700001244664147',
  'result_code' => 'SUCCESS',
  'return_code' => 'SUCCESS',
  'sign' => '5D1DCA310CEEC83AE02299127ED4D645',
  'time_end' => '20180125094351',
  'total_fee' => '100',
  'trade_type' => 'JSAPI',
  'transaction_id' => '4200000094201801250424106084',
)

2018-01-25 12:45:52 pay :
------------
String:
array (
  'appid' => 'wx6e79d28ccc2a8c05',
  'attach' => '2',
  'bank_type' => 'CFT',
  'cash_fee' => '100',
  'fee_type' => 'CNY',
  'is_subscribe' => 'Y',
  'mch_id' => '1490957872',
  'nonce_str' => 'nMXmxd55',
  'openid' => 'o01Wu01-zSLzut3cB22KEbJ3JxzY',
  'out_trade_no' => '2018012509412700001244664147',
  'result_code' => 'SUCCESS',
  'return_code' => 'SUCCESS',
  'sign' => '5D1DCA310CEEC83AE02299127ED4D645',
  'time_end' => '20180125094351',
  'total_fee' => '100',
  'trade_type' => 'JSAPI',
  'transaction_id' => '4200000094201801250424106084',
)

