2018-06-21 10:42:41 trace :
------------
String:
<xml><ToUserName><![CDATA[gh_6ace08fd00cf]]></ToUserName>
<FromUserName><![CDATA[oIP0X0g5j5OmrQEgSHLTECZbCFHw]]></FromUserName>
<CreateTime>1529548961</CreateTime>
<MsgType><![CDATA[event]]></MsgType>
<Event><![CDATA[TEMPLATESENDJOBFINISH]]></Event>
<MsgID>334817710401798146</MsgID>
<Status><![CDATA[success]]></Status>
</xml>

2018-06-21 10:42:41 params :
------------
String:
array (
  'rule' => -2,
  'module' => '',
  'message' => 
  array (
    'tousername' => 'gh_6ace08fd00cf',
    'fromusername' => 'oIP0X0g5j5OmrQEgSHLTECZbCFHw',
    'createtime' => '1529548961',
    'msgtype' => 'event',
    'event' => 'TEMPLATESENDJOBFINISH',
    'msgid' => '334817710401798146',
    'status' => 'success',
    'from' => 'oIP0X0g5j5OmrQEgSHLTECZbCFHw',
    'to' => 'gh_6ace08fd00cf',
    'time' => '1529548961',
    'type' => 'event',
  ),
)

2018-06-21 10:42:41 response :
------------

2018-06-21 10:42:49 trace :
------------
String:
<xml><ToUserName><![CDATA[gh_6ace08fd00cf]]></ToUserName>
<FromUserName><![CDATA[oIP0X0oF5n7OLu49EpAwdouhzRkU]]></FromUserName>
<CreateTime>1529548969</CreateTime>
<MsgType><![CDATA[event]]></MsgType>
<Event><![CDATA[TEMPLATESENDJOBFINISH]]></Event>
<MsgID>334817834536402946</MsgID>
<Status><![CDATA[success]]></Status>
</xml>

2018-06-21 10:42:49 params :
------------
String:
array (
  'rule' => -2,
  'module' => '',
  'message' => 
  array (
    'tousername' => 'gh_6ace08fd00cf',
    'fromusername' => 'oIP0X0oF5n7OLu49EpAwdouhzRkU',
    'createtime' => '1529548969',
    'msgtype' => 'event',
    'event' => 'TEMPLATESENDJOBFINISH',
    'msgid' => '334817834536402946',
    'status' => 'success',
    'from' => 'oIP0X0oF5n7OLu49EpAwdouhzRkU',
    'to' => 'gh_6ace08fd00cf',
    'time' => '1529548969',
    'type' => 'event',
  ),
)

2018-06-21 10:42:49 response :
------------

2018-06-21 11:21:07 trace :
------------
String:
<xml><ToUserName><![CDATA[gh_6ace08fd00cf]]></ToUserName>
<FromUserName><![CDATA[oIP0X0nRmf4w6LhtWw_cwGj7NlyA]]></FromUserName>
<CreateTime>1529551267</CreateTime>
<MsgType><![CDATA[event]]></MsgType>
<Event><![CDATA[VIEW]]></Event>
<EventKey><![CDATA[http://orderamz.oneap.net/app/index.php?i=2&c=entry&eid=15]]></EventKey>
<MenuId>813904688</MenuId>
</xml>

2018-06-21 11:21:07 params :
------------
String:
array (
  'rule' => -2,
  'module' => '',
  'message' => 
  array (
    'tousername' => 'gh_6ace08fd00cf',
    'fromusername' => 'oIP0X0nRmf4w6LhtWw_cwGj7NlyA',
    'createtime' => '1529551267',
    'msgtype' => 'event',
    'event' => 'VIEW',
    'eventkey' => 'http://orderamz.oneap.net/app/index.php?i=2&c=entry&eid=15',
    'menuid' => '813904688',
    'from' => 'oIP0X0nRmf4w6LhtWw_cwGj7NlyA',
    'to' => 'gh_6ace08fd00cf',
    'time' => '1529551267',
    'type' => 'text',
    'content' => 'http://orderamz.oneap.net/app/index.php?i=2&c=entry&eid=15',
    'redirection' => true,
    'source' => 'VIEW',
  ),
)

2018-06-21 11:21:07 response :
------------

2018-06-21 11:22:49 trace :
------------
String:
<xml><ToUserName><![CDATA[gh_6ace08fd00cf]]></ToUserName>
<FromUserName><![CDATA[oIP0X0nRmf4w6LhtWw_cwGj7NlyA]]></FromUserName>
<CreateTime>1529551369</CreateTime>
<MsgType><![CDATA[event]]></MsgType>
<Event><![CDATA[TEMPLATESENDJOBFINISH]]></Event>
<MsgID>334858104518852610</MsgID>
<Status><![CDATA[success]]></Status>
</xml>

2018-06-21 11:22:49 params :
------------
String:
array (
  'rule' => -2,
  'module' => '',
  'message' => 
  array (
    'tousername' => 'gh_6ace08fd00cf',
    'fromusername' => 'oIP0X0nRmf4w6LhtWw_cwGj7NlyA',
    'createtime' => '1529551369',
    'msgtype' => 'event',
    'event' => 'TEMPLATESENDJOBFINISH',
    'msgid' => '334858104518852610',
    'status' => 'success',
    'from' => 'oIP0X0nRmf4w6LhtWw_cwGj7NlyA',
    'to' => 'gh_6ace08fd00cf',
    'time' => '1529551369',
    'type' => 'event',
  ),
)

2018-06-21 11:22:49 response :
------------

2018-06-21 11:22:56 trace :
------------
String:
<xml><ToUserName><![CDATA[gh_6ace08fd00cf]]></ToUserName>
<FromUserName><![CDATA[oIP0X0oF5n7OLu49EpAwdouhzRkU]]></FromUserName>
<CreateTime>1529551376</CreateTime>
<MsgType><![CDATA[event]]></MsgType>
<Event><![CDATA[TEMPLATESENDJOBFINISH]]></Event>
<MsgID>334858216506785794</MsgID>
<Status><![CDATA[success]]></Status>
</xml>

2018-06-21 11:22:56 params :
------------
String:
array (
  'rule' => -2,
  'module' => '',
  'message' => 
  array (
    'tousername' => 'gh_6ace08fd00cf',
    'fromusername' => 'oIP0X0oF5n7OLu49EpAwdouhzRkU',
    'createtime' => '1529551376',
    'msgtype' => 'event',
    'event' => 'TEMPLATESENDJOBFINISH',
    'msgid' => '334858216506785794',
    'status' => 'success',
    'from' => 'oIP0X0oF5n7OLu49EpAwdouhzRkU',
    'to' => 'gh_6ace08fd00cf',
    'time' => '1529551376',
    'type' => 'event',
  ),
)

2018-06-21 11:22:56 response :
------------

2018-06-21 11:23:24 pay :
------------
String:
array (
  'appid' => 'wxbca5dd09334f3ae0',
  'attach' => '2',
  'bank_type' => 'CFT',
  'cash_fee' => '10',
  'fee_type' => 'CNY',
  'is_subscribe' => 'Y',
  'mch_id' => '1502298101',
  'nonce_str' => 'dQ5r5Q35',
  'openid' => 'oIP0X0nRmf4w6LhtWw_cwGj7NlyA',
  'out_trade_no' => '2018062111224700001227774596',
  'result_code' => 'SUCCESS',
  'return_code' => 'SUCCESS',
  'sign' => '6BB5CA7F550240CBEED3756331710374',
  'time_end' => '20180621112323',
  'total_fee' => '10',
  'trade_type' => 'JSAPI',
  'transaction_id' => '4200000151201806211965240858',
)

2018-06-21 11:23:25 trace :
------------
String:
<xml><ToUserName><![CDATA[gh_6ace08fd00cf]]></ToUserName>
<FromUserName><![CDATA[oIP0X0nRmf4w6LhtWw_cwGj7NlyA]]></FromUserName>
<CreateTime>1529551405</CreateTime>
<MsgType><![CDATA[event]]></MsgType>
<Event><![CDATA[TEMPLATESENDJOBFINISH]]></Event>
<MsgID>334858714186104835</MsgID>
<Status><![CDATA[success]]></Status>
</xml>

2018-06-21 11:23:25 params :
------------
String:
array (
  'rule' => -2,
  'module' => '',
  'message' => 
  array (
    'tousername' => 'gh_6ace08fd00cf',
    'fromusername' => 'oIP0X0nRmf4w6LhtWw_cwGj7NlyA',
    'createtime' => '1529551405',
    'msgtype' => 'event',
    'event' => 'TEMPLATESENDJOBFINISH',
    'msgid' => '334858714186104835',
    'status' => 'success',
    'from' => 'oIP0X0nRmf4w6LhtWw_cwGj7NlyA',
    'to' => 'gh_6ace08fd00cf',
    'time' => '1529551405',
    'type' => 'event',
  ),
)

2018-06-21 11:23:25 response :
------------

2018-06-21 11:23:31 trace :
------------
String:
<xml><ToUserName><![CDATA[gh_6ace08fd00cf]]></ToUserName>
<FromUserName><![CDATA[oIP0X0oF5n7OLu49EpAwdouhzRkU]]></FromUserName>
<CreateTime>1529551411</CreateTime>
<MsgType><![CDATA[event]]></MsgType>
<Event><![CDATA[TEMPLATESENDJOBFINISH]]></Event>
<MsgID>334858811644968964</MsgID>
<Status><![CDATA[success]]></Status>
</xml>

2018-06-21 11:23:31 params :
------------
String:
array (
  'rule' => -2,
  'module' => '',
  'message' => 
  array (
    'tousername' => 'gh_6ace08fd00cf',
    'fromusername' => 'oIP0X0oF5n7OLu49EpAwdouhzRkU',
    'createtime' => '1529551411',
    'msgtype' => 'event',
    'event' => 'TEMPLATESENDJOBFINISH',
    'msgid' => '334858811644968964',
    'status' => 'success',
    'from' => 'oIP0X0oF5n7OLu49EpAwdouhzRkU',
    'to' => 'gh_6ace08fd00cf',
    'time' => '1529551411',
    'type' => 'event',
  ),
)

2018-06-21 11:23:31 response :
------------

2018-06-21 11:23:41 pay :
------------
String:
array (
  'appid' => 'wxbca5dd09334f3ae0',
  'attach' => '2',
  'bank_type' => 'CFT',
  'cash_fee' => '10',
  'fee_type' => 'CNY',
  'is_subscribe' => 'Y',
  'mch_id' => '1502298101',
  'nonce_str' => 'dQ5r5Q35',
  'openid' => 'oIP0X0nRmf4w6LhtWw_cwGj7NlyA',
  'out_trade_no' => '2018062111224700001227774596',
  'result_code' => 'SUCCESS',
  'return_code' => 'SUCCESS',
  'sign' => '6BB5CA7F550240CBEED3756331710374',
  'time_end' => '20180621112323',
  'total_fee' => '10',
  'trade_type' => 'JSAPI',
  'transaction_id' => '4200000151201806211965240858',
)

2018-06-21 11:24:28 pay :
------------
String:
array (
  'appid' => 'wxbca5dd09334f3ae0',
  'attach' => '2',
  'bank_type' => 'CFT',
  'cash_fee' => '10',
  'fee_type' => 'CNY',
  'is_subscribe' => 'Y',
  'mch_id' => '1502298101',
  'nonce_str' => 'dQ5r5Q35',
  'openid' => 'oIP0X0nRmf4w6LhtWw_cwGj7NlyA',
  'out_trade_no' => '2018062111224700001227774596',
  'result_code' => 'SUCCESS',
  'return_code' => 'SUCCESS',
  'sign' => '6BB5CA7F550240CBEED3756331710374',
  'time_end' => '20180621112323',
  'total_fee' => '10',
  'trade_type' => 'JSAPI',
  'transaction_id' => '4200000151201806211965240858',
)

2018-06-21 11:27:29 pay :
------------
String:
array (
  'appid' => 'wxbca5dd09334f3ae0',
  'attach' => '2',
  'bank_type' => 'CFT',
  'cash_fee' => '10',
  'fee_type' => 'CNY',
  'is_subscribe' => 'Y',
  'mch_id' => '1502298101',
  'nonce_str' => 'dQ5r5Q35',
  'openid' => 'oIP0X0nRmf4w6LhtWw_cwGj7NlyA',
  'out_trade_no' => '2018062111224700001227774596',
  'result_code' => 'SUCCESS',
  'return_code' => 'SUCCESS',
  'sign' => '6BB5CA7F550240CBEED3756331710374',
  'time_end' => '20180621112323',
  'total_fee' => '10',
  'trade_type' => 'JSAPI',
  'transaction_id' => '4200000151201806211965240858',
)

2018-06-21 11:57:32 pay :
------------
String:
array (
  'appid' => 'wxbca5dd09334f3ae0',
  'attach' => '2',
  'bank_type' => 'CFT',
  'cash_fee' => '10',
  'fee_type' => 'CNY',
  'is_subscribe' => 'Y',
  'mch_id' => '1502298101',
  'nonce_str' => 'dQ5r5Q35',
  'openid' => 'oIP0X0nRmf4w6LhtWw_cwGj7NlyA',
  'out_trade_no' => '2018062111224700001227774596',
  'result_code' => 'SUCCESS',
  'return_code' => 'SUCCESS',
  'sign' => '6BB5CA7F550240CBEED3756331710374',
  'time_end' => '20180621112323',
  'total_fee' => '10',
  'trade_type' => 'JSAPI',
  'transaction_id' => '4200000151201806211965240858',
)

2018-06-21 12:27:33 pay :
------------
String:
array (
  'appid' => 'wxbca5dd09334f3ae0',
  'attach' => '2',
  'bank_type' => 'CFT',
  'cash_fee' => '10',
  'fee_type' => 'CNY',
  'is_subscribe' => 'Y',
  'mch_id' => '1502298101',
  'nonce_str' => 'dQ5r5Q35',
  'openid' => 'oIP0X0nRmf4w6LhtWw_cwGj7NlyA',
  'out_trade_no' => '2018062111224700001227774596',
  'result_code' => 'SUCCESS',
  'return_code' => 'SUCCESS',
  'sign' => '6BB5CA7F550240CBEED3756331710374',
  'time_end' => '20180621112323',
  'total_fee' => '10',
  'trade_type' => 'JSAPI',
  'transaction_id' => '4200000151201806211965240858',
)

2018-06-21 12:57:35 pay :
------------
String:
array (
  'appid' => 'wxbca5dd09334f3ae0',
  'attach' => '2',
  'bank_type' => 'CFT',
  'cash_fee' => '10',
  'fee_type' => 'CNY',
  'is_subscribe' => 'Y',
  'mch_id' => '1502298101',
  'nonce_str' => 'dQ5r5Q35',
  'openid' => 'oIP0X0nRmf4w6LhtWw_cwGj7NlyA',
  'out_trade_no' => '2018062111224700001227774596',
  'result_code' => 'SUCCESS',
  'return_code' => 'SUCCESS',
  'sign' => '6BB5CA7F550240CBEED3756331710374',
  'time_end' => '20180621112323',
  'total_fee' => '10',
  'trade_type' => 'JSAPI',
  'transaction_id' => '4200000151201806211965240858',
)

2018-06-21 13:44:09 trace :
------------
String:
<xml><ToUserName><![CDATA[gh_6ace08fd00cf]]></ToUserName>
<FromUserName><![CDATA[oIP0X0nRmf4w6LhtWw_cwGj7NlyA]]></FromUserName>
<CreateTime>1529559849</CreateTime>
<MsgType><![CDATA[text]]></MsgType>
<Content><![CDATA[退款了]]></Content>
<MsgId>6569409529548245633</MsgId>
</xml>

2018-06-21 13:44:09 params :
------------
String:
array (
  'rule' => -2,
  'module' => '',
  'message' => 
  array (
    'tousername' => 'gh_6ace08fd00cf',
    'fromusername' => 'oIP0X0nRmf4w6LhtWw_cwGj7NlyA',
    'createtime' => '1529559849',
    'msgtype' => 'text',
    'content' => '退款了',
    'msgid' => '6569409529548245633',
    'from' => 'oIP0X0nRmf4w6LhtWw_cwGj7NlyA',
    'to' => 'gh_6ace08fd00cf',
    'time' => '1529559849',
    'type' => 'text',
    'event' => NULL,
    'redirection' => false,
    'source' => NULL,
  ),
)

2018-06-21 13:44:09 response :
------------

2018-06-21 14:17:18 trace :
------------
String:
<xml><ToUserName><![CDATA[gh_6ace08fd00cf]]></ToUserName>
<FromUserName><![CDATA[oIP0X0nRmf4w6LhtWw_cwGj7NlyA]]></FromUserName>
<CreateTime>1529561838</CreateTime>
<MsgType><![CDATA[event]]></MsgType>
<Event><![CDATA[VIEW]]></Event>
<EventKey><![CDATA[http://orderamz.oneap.net/app/index.php?i=2&c=entry&eid=15]]></EventKey>
<MenuId>813904688</MenuId>
</xml>

2018-06-21 14:17:18 params :
------------
String:
array (
  'rule' => -2,
  'module' => '',
  'message' => 
  array (
    'tousername' => 'gh_6ace08fd00cf',
    'fromusername' => 'oIP0X0nRmf4w6LhtWw_cwGj7NlyA',
    'createtime' => '1529561838',
    'msgtype' => 'event',
    'event' => 'VIEW',
    'eventkey' => 'http://orderamz.oneap.net/app/index.php?i=2&c=entry&eid=15',
    'menuid' => '813904688',
    'from' => 'oIP0X0nRmf4w6LhtWw_cwGj7NlyA',
    'to' => 'gh_6ace08fd00cf',
    'time' => '1529561838',
    'type' => 'text',
    'content' => 'http://orderamz.oneap.net/app/index.php?i=2&c=entry&eid=15',
    'redirection' => true,
    'source' => 'VIEW',
  ),
)

2018-06-21 14:17:18 response :
------------

2018-06-21 14:18:19 pay :
------------
String:
array (
  'appid' => 'wxbca5dd09334f3ae0',
  'attach' => '2',
  'bank_type' => 'CFT',
  'cash_fee' => '20',
  'fee_type' => 'CNY',
  'is_subscribe' => 'Y',
  'mch_id' => '1502298101',
  'nonce_str' => 'eTu4SWD6',
  'openid' => 'oIP0X0nRmf4w6LhtWw_cwGj7NlyA',
  'out_trade_no' => '2018062114180500001268091928',
  'result_code' => 'SUCCESS',
  'return_code' => 'SUCCESS',
  'sign' => 'B2DCECD2F1D49CDED015F4C4AA5F273D',
  'time_end' => '20180621141817',
  'total_fee' => '20',
  'trade_type' => 'JSAPI',
  'transaction_id' => '4200000144201806212359383158',
)

2018-06-21 14:18:20 trace :
------------
String:
<xml><ToUserName><![CDATA[gh_6ace08fd00cf]]></ToUserName>
<FromUserName><![CDATA[oIP0X0nRmf4w6LhtWw_cwGj7NlyA]]></FromUserName>
<CreateTime>1529561900</CreateTime>
<MsgType><![CDATA[event]]></MsgType>
<Event><![CDATA[TEMPLATESENDJOBFINISH]]></Event>
<MsgID>335034783501500416</MsgID>
<Status><![CDATA[success]]></Status>
</xml>

2018-06-21 14:18:20 params :
------------
String:
array (
  'rule' => -2,
  'module' => '',
  'message' => 
  array (
    'tousername' => 'gh_6ace08fd00cf',
    'fromusername' => 'oIP0X0nRmf4w6LhtWw_cwGj7NlyA',
    'createtime' => '1529561900',
    'msgtype' => 'event',
    'event' => 'TEMPLATESENDJOBFINISH',
    'msgid' => '335034783501500416',
    'status' => 'success',
    'from' => 'oIP0X0nRmf4w6LhtWw_cwGj7NlyA',
    'to' => 'gh_6ace08fd00cf',
    'time' => '1529561900',
    'type' => 'event',
  ),
)

2018-06-21 14:18:20 response :
------------

2018-06-21 14:18:29 trace :
------------
String:
<xml><ToUserName><![CDATA[gh_6ace08fd00cf]]></ToUserName>
<FromUserName><![CDATA[oIP0X0oF5n7OLu49EpAwdouhzRkU]]></FromUserName>
<CreateTime>1529561909</CreateTime>
<MsgType><![CDATA[event]]></MsgType>
<Event><![CDATA[TEMPLATESENDJOBFINISH]]></Event>
<MsgID>335034931375898625</MsgID>
<Status><![CDATA[success]]></Status>
</xml>

2018-06-21 14:18:29 params :
------------
String:
array (
  'rule' => -2,
  'module' => '',
  'message' => 
  array (
    'tousername' => 'gh_6ace08fd00cf',
    'fromusername' => 'oIP0X0oF5n7OLu49EpAwdouhzRkU',
    'createtime' => '1529561909',
    'msgtype' => 'event',
    'event' => 'TEMPLATESENDJOBFINISH',
    'msgid' => '335034931375898625',
    'status' => 'success',
    'from' => 'oIP0X0oF5n7OLu49EpAwdouhzRkU',
    'to' => 'gh_6ace08fd00cf',
    'time' => '1529561909',
    'type' => 'event',
  ),
)

2018-06-21 14:18:29 response :
------------

2018-06-21 14:18:35 pay :
------------
String:
array (
  'appid' => 'wxbca5dd09334f3ae0',
  'attach' => '2',
  'bank_type' => 'CFT',
  'cash_fee' => '20',
  'fee_type' => 'CNY',
  'is_subscribe' => 'Y',
  'mch_id' => '1502298101',
  'nonce_str' => 'eTu4SWD6',
  'openid' => 'oIP0X0nRmf4w6LhtWw_cwGj7NlyA',
  'out_trade_no' => '2018062114180500001268091928',
  'result_code' => 'SUCCESS',
  'return_code' => 'SUCCESS',
  'sign' => 'B2DCECD2F1D49CDED015F4C4AA5F273D',
  'time_end' => '20180621141817',
  'total_fee' => '20',
  'trade_type' => 'JSAPI',
  'transaction_id' => '4200000144201806212359383158',
)

2018-06-21 14:18:50 pay :
------------
String:
array (
  'appid' => 'wxbca5dd09334f3ae0',
  'attach' => '2',
  'bank_type' => 'CFT',
  'cash_fee' => '20',
  'fee_type' => 'CNY',
  'is_subscribe' => 'Y',
  'mch_id' => '1502298101',
  'nonce_str' => 'eTu4SWD6',
  'openid' => 'oIP0X0nRmf4w6LhtWw_cwGj7NlyA',
  'out_trade_no' => '2018062114180500001268091928',
  'result_code' => 'SUCCESS',
  'return_code' => 'SUCCESS',
  'sign' => 'B2DCECD2F1D49CDED015F4C4AA5F273D',
  'time_end' => '20180621141817',
  'total_fee' => '20',
  'trade_type' => 'JSAPI',
  'transaction_id' => '4200000144201806212359383158',
)

2018-06-21 14:19:20 pay :
------------
String:
array (
  'appid' => 'wxbca5dd09334f3ae0',
  'attach' => '2',
  'bank_type' => 'CFT',
  'cash_fee' => '20',
  'fee_type' => 'CNY',
  'is_subscribe' => 'Y',
  'mch_id' => '1502298101',
  'nonce_str' => 'eTu4SWD6',
  'openid' => 'oIP0X0nRmf4w6LhtWw_cwGj7NlyA',
  'out_trade_no' => '2018062114180500001268091928',
  'result_code' => 'SUCCESS',
  'return_code' => 'SUCCESS',
  'sign' => 'B2DCECD2F1D49CDED015F4C4AA5F273D',
  'time_end' => '20180621141817',
  'total_fee' => '20',
  'trade_type' => 'JSAPI',
  'transaction_id' => '4200000144201806212359383158',
)

2018-06-21 14:22:21 pay :
------------
String:
array (
  'appid' => 'wxbca5dd09334f3ae0',
  'attach' => '2',
  'bank_type' => 'CFT',
  'cash_fee' => '20',
  'fee_type' => 'CNY',
  'is_subscribe' => 'Y',
  'mch_id' => '1502298101',
  'nonce_str' => 'eTu4SWD6',
  'openid' => 'oIP0X0nRmf4w6LhtWw_cwGj7NlyA',
  'out_trade_no' => '2018062114180500001268091928',
  'result_code' => 'SUCCESS',
  'return_code' => 'SUCCESS',
  'sign' => 'B2DCECD2F1D49CDED015F4C4AA5F273D',
  'time_end' => '20180621141817',
  'total_fee' => '20',
  'trade_type' => 'JSAPI',
  'transaction_id' => '4200000144201806212359383158',
)

2018-06-21 14:27:40 pay :
------------
String:
array (
  'appid' => 'wxbca5dd09334f3ae0',
  'attach' => '2',
  'bank_type' => 'CFT',
  'cash_fee' => '10',
  'fee_type' => 'CNY',
  'is_subscribe' => 'Y',
  'mch_id' => '1502298101',
  'nonce_str' => 'dQ5r5Q35',
  'openid' => 'oIP0X0nRmf4w6LhtWw_cwGj7NlyA',
  'out_trade_no' => '2018062111224700001227774596',
  'result_code' => 'SUCCESS',
  'return_code' => 'SUCCESS',
  'sign' => '6BB5CA7F550240CBEED3756331710374',
  'time_end' => '20180621112323',
  'total_fee' => '10',
  'trade_type' => 'JSAPI',
  'transaction_id' => '4200000151201806211965240858',
)

2018-06-21 14:52:22 pay :
------------
String:
array (
  'appid' => 'wxbca5dd09334f3ae0',
  'attach' => '2',
  'bank_type' => 'CFT',
  'cash_fee' => '20',
  'fee_type' => 'CNY',
  'is_subscribe' => 'Y',
  'mch_id' => '1502298101',
  'nonce_str' => 'eTu4SWD6',
  'openid' => 'oIP0X0nRmf4w6LhtWw_cwGj7NlyA',
  'out_trade_no' => '2018062114180500001268091928',
  'result_code' => 'SUCCESS',
  'return_code' => 'SUCCESS',
  'sign' => 'B2DCECD2F1D49CDED015F4C4AA5F273D',
  'time_end' => '20180621141817',
  'total_fee' => '20',
  'trade_type' => 'JSAPI',
  'transaction_id' => '4200000144201806212359383158',
)

2018-06-21 15:22:24 pay :
------------
String:
array (
  'appid' => 'wxbca5dd09334f3ae0',
  'attach' => '2',
  'bank_type' => 'CFT',
  'cash_fee' => '20',
  'fee_type' => 'CNY',
  'is_subscribe' => 'Y',
  'mch_id' => '1502298101',
  'nonce_str' => 'eTu4SWD6',
  'openid' => 'oIP0X0nRmf4w6LhtWw_cwGj7NlyA',
  'out_trade_no' => '2018062114180500001268091928',
  'result_code' => 'SUCCESS',
  'return_code' => 'SUCCESS',
  'sign' => 'B2DCECD2F1D49CDED015F4C4AA5F273D',
  'time_end' => '20180621141817',
  'total_fee' => '20',
  'trade_type' => 'JSAPI',
  'transaction_id' => '4200000144201806212359383158',
)

2018-06-21 15:52:26 pay :
------------
String:
array (
  'appid' => 'wxbca5dd09334f3ae0',
  'attach' => '2',
  'bank_type' => 'CFT',
  'cash_fee' => '20',
  'fee_type' => 'CNY',
  'is_subscribe' => 'Y',
  'mch_id' => '1502298101',
  'nonce_str' => 'eTu4SWD6',
  'openid' => 'oIP0X0nRmf4w6LhtWw_cwGj7NlyA',
  'out_trade_no' => '2018062114180500001268091928',
  'result_code' => 'SUCCESS',
  'return_code' => 'SUCCESS',
  'sign' => 'B2DCECD2F1D49CDED015F4C4AA5F273D',
  'time_end' => '20180621141817',
  'total_fee' => '20',
  'trade_type' => 'JSAPI',
  'transaction_id' => '4200000144201806212359383158',
)

2018-06-21 16:22:28 pay :
------------
String:
array (
  'appid' => 'wxbca5dd09334f3ae0',
  'attach' => '2',
  'bank_type' => 'CFT',
  'cash_fee' => '20',
  'fee_type' => 'CNY',
  'is_subscribe' => 'Y',
  'mch_id' => '1502298101',
  'nonce_str' => 'eTu4SWD6',
  'openid' => 'oIP0X0nRmf4w6LhtWw_cwGj7NlyA',
  'out_trade_no' => '2018062114180500001268091928',
  'result_code' => 'SUCCESS',
  'return_code' => 'SUCCESS',
  'sign' => 'B2DCECD2F1D49CDED015F4C4AA5F273D',
  'time_end' => '20180621141817',
  'total_fee' => '20',
  'trade_type' => 'JSAPI',
  'transaction_id' => '4200000144201806212359383158',
)

2018-06-21 17:22:31 pay :
------------
String:
array (
  'appid' => 'wxbca5dd09334f3ae0',
  'attach' => '2',
  'bank_type' => 'CFT',
  'cash_fee' => '20',
  'fee_type' => 'CNY',
  'is_subscribe' => 'Y',
  'mch_id' => '1502298101',
  'nonce_str' => 'eTu4SWD6',
  'openid' => 'oIP0X0nRmf4w6LhtWw_cwGj7NlyA',
  'out_trade_no' => '2018062114180500001268091928',
  'result_code' => 'SUCCESS',
  'return_code' => 'SUCCESS',
  'sign' => 'B2DCECD2F1D49CDED015F4C4AA5F273D',
  'time_end' => '20180621141817',
  'total_fee' => '20',
  'trade_type' => 'JSAPI',
  'transaction_id' => '4200000144201806212359383158',
)

2018-06-21 21:30:13 trace :
------------
String:
<xml><ToUserName><![CDATA[gh_6ace08fd00cf]]></ToUserName>
<FromUserName><![CDATA[oIP0X0nRmf4w6LhtWw_cwGj7NlyA]]></FromUserName>
<CreateTime>1529587813</CreateTime>
<MsgType><![CDATA[event]]></MsgType>
<Event><![CDATA[VIEW]]></Event>
<EventKey><![CDATA[http://orderamz.oneap.net/app/index.php?i=2&c=entry&eid=3]]></EventKey>
<MenuId>813904688</MenuId>
</xml>

2018-06-21 21:30:13 params :
------------
String:
array (
  'rule' => -2,
  'module' => '',
  'message' => 
  array (
    'tousername' => 'gh_6ace08fd00cf',
    'fromusername' => 'oIP0X0nRmf4w6LhtWw_cwGj7NlyA',
    'createtime' => '1529587813',
    'msgtype' => 'event',
    'event' => 'VIEW',
    'eventkey' => 'http://orderamz.oneap.net/app/index.php?i=2&c=entry&eid=3',
    'menuid' => '813904688',
    'from' => 'oIP0X0nRmf4w6LhtWw_cwGj7NlyA',
    'to' => 'gh_6ace08fd00cf',
    'time' => '1529587813',
    'type' => 'text',
    'content' => 'http://orderamz.oneap.net/app/index.php?i=2&c=entry&eid=3',
    'redirection' => true,
    'source' => 'VIEW',
  ),
)

2018-06-21 21:30:13 response :
------------

2018-06-21 21:32:16 trace :
------------
String:
<xml><ToUserName><![CDATA[gh_6ace08fd00cf]]></ToUserName>
<FromUserName><![CDATA[oIP0X0nRmf4w6LhtWw_cwGj7NlyA]]></FromUserName>
<CreateTime>1529587935</CreateTime>
<MsgType><![CDATA[event]]></MsgType>
<Event><![CDATA[VIEW]]></Event>
<EventKey><![CDATA[http://orderamz.oneap.net/app/index.php?i=2&c=entry&eid=3]]></EventKey>
<MenuId>813904688</MenuId>
</xml>

2018-06-21 21:32:16 params :
------------
String:
array (
  'rule' => -2,
  'module' => '',
  'message' => 
  array (
    'tousername' => 'gh_6ace08fd00cf',
    'fromusername' => 'oIP0X0nRmf4w6LhtWw_cwGj7NlyA',
    'createtime' => '1529587935',
    'msgtype' => 'event',
    'event' => 'VIEW',
    'eventkey' => 'http://orderamz.oneap.net/app/index.php?i=2&c=entry&eid=3',
    'menuid' => '813904688',
    'from' => 'oIP0X0nRmf4w6LhtWw_cwGj7NlyA',
    'to' => 'gh_6ace08fd00cf',
    'time' => '1529587935',
    'type' => 'text',
    'content' => 'http://orderamz.oneap.net/app/index.php?i=2&c=entry&eid=3',
    'redirection' => true,
    'source' => 'VIEW',
  ),
)

2018-06-21 21:32:16 response :
------------

