2018-02-03 09:56:25 trace :
------------
String:
<xml><ToUserName><![CDATA[gh_7bcd94754b84]]></ToUserName>
<FromUserName><![CDATA[o01Wu01-zSLzut3cB22KEbJ3JxzY]]></FromUserName>
<CreateTime>1517623144</CreateTime>
<MsgType><![CDATA[event]]></MsgType>
<Event><![CDATA[VIEW]]></Event>
<EventKey><![CDATA[http://ordernow.oneap.net/app/index.php?i=2&c=entry&eid=5]]></EventKey>
<MenuId>830669761</MenuId>
</xml>

2018-02-03 09:56:25 params :
------------
String:
array (
  'rule' => -2,
  'module' => '',
  'message' => 
  array (
    'tousername' => 'gh_7bcd94754b84',
    'fromusername' => 'o01Wu01-zSLzut3cB22KEbJ3JxzY',
    'createtime' => '1517623144',
    'msgtype' => 'event',
    'event' => 'VIEW',
    'eventkey' => 'http://ordernow.oneap.net/app/index.php?i=2&c=entry&eid=5',
    'menuid' => '830669761',
    'from' => 'o01Wu01-zSLzut3cB22KEbJ3JxzY',
    'to' => 'gh_7bcd94754b84',
    'time' => '1517623144',
    'type' => 'text',
    'content' => 'http://ordernow.oneap.net/app/index.php?i=2&c=entry&eid=5',
    'redirection' => true,
    'source' => 'VIEW',
  ),
)

2018-02-03 09:56:25 response :
------------

2018-02-03 09:57:51 pay :
------------
String:
array (
  'appid' => 'wx6e79d28ccc2a8c05',
  'attach' => '2',
  'bank_type' => 'CFT',
  'cash_fee' => '100',
  'fee_type' => 'CNY',
  'is_subscribe' => 'Y',
  'mch_id' => '1490957872',
  'nonce_str' => 'E63833Z5',
  'openid' => 'o01Wu01-zSLzut3cB22KEbJ3JxzY',
  'out_trade_no' => '2018020309574100001289781467',
  'result_code' => 'SUCCESS',
  'return_code' => 'SUCCESS',
  'sign' => 'C36F2EB35908B73B630B806727DE086E',
  'time_end' => '20180203100030',
  'total_fee' => '100',
  'trade_type' => 'JSAPI',
  'transaction_id' => '4200000083201802036125608121',
)

2018-02-03 09:57:51 trace :
------------
String:
<xml><ToUserName><![CDATA[gh_7bcd94754b84]]></ToUserName>
<FromUserName><![CDATA[o01Wu01-zSLzut3cB22KEbJ3JxzY]]></FromUserName>
<CreateTime>1517623230</CreateTime>
<MsgType><![CDATA[event]]></MsgType>
<Event><![CDATA[TEMPLATESENDJOBFINISH]]></Event>
<MsgID>134737146446725120</MsgID>
<Status><![CDATA[success]]></Status>
</xml>

2018-02-03 09:57:51 params :
------------
String:
array (
  'rule' => -2,
  'module' => '',
  'message' => 
  array (
    'tousername' => 'gh_7bcd94754b84',
    'fromusername' => 'o01Wu01-zSLzut3cB22KEbJ3JxzY',
    'createtime' => '1517623230',
    'msgtype' => 'event',
    'event' => 'TEMPLATESENDJOBFINISH',
    'msgid' => '134737146446725120',
    'status' => 'success',
    'from' => 'o01Wu01-zSLzut3cB22KEbJ3JxzY',
    'to' => 'gh_7bcd94754b84',
    'time' => '1517623230',
    'type' => 'event',
  ),
)

2018-02-03 09:57:51 response :
------------

2018-02-03 09:57:53 trace :
------------
String:
<xml><ToUserName><![CDATA[gh_7bcd94754b84]]></ToUserName>
<FromUserName><![CDATA[o01Wu09x8WFY1ZBV-HAf-R-a3ytI]]></FromUserName>
<CreateTime>1517623231</CreateTime>
<MsgType><![CDATA[event]]></MsgType>
<Event><![CDATA[TEMPLATESENDJOBFINISH]]></Event>
<MsgID>134737165421772800</MsgID>
<Status><![CDATA[success]]></Status>
</xml>

2018-02-03 09:57:53 params :
------------
String:
array (
  'rule' => -2,
  'module' => '',
  'message' => 
  array (
    'tousername' => 'gh_7bcd94754b84',
    'fromusername' => 'o01Wu09x8WFY1ZBV-HAf-R-a3ytI',
    'createtime' => '1517623231',
    'msgtype' => 'event',
    'event' => 'TEMPLATESENDJOBFINISH',
    'msgid' => '134737165421772800',
    'status' => 'success',
    'from' => 'o01Wu09x8WFY1ZBV-HAf-R-a3ytI',
    'to' => 'gh_7bcd94754b84',
    'time' => '1517623231',
    'type' => 'event',
  ),
)

2018-02-03 09:57:53 response :
------------

2018-02-03 09:58:09 pay :
------------
String:
array (
  'appid' => 'wx6e79d28ccc2a8c05',
  'attach' => '2',
  'bank_type' => 'CFT',
  'cash_fee' => '100',
  'fee_type' => 'CNY',
  'is_subscribe' => 'Y',
  'mch_id' => '1490957872',
  'nonce_str' => 'E63833Z5',
  'openid' => 'o01Wu01-zSLzut3cB22KEbJ3JxzY',
  'out_trade_no' => '2018020309574100001289781467',
  'result_code' => 'SUCCESS',
  'return_code' => 'SUCCESS',
  'sign' => 'C36F2EB35908B73B630B806727DE086E',
  'time_end' => '20180203100030',
  'total_fee' => '100',
  'trade_type' => 'JSAPI',
  'transaction_id' => '4200000083201802036125608121',
)

2018-02-03 09:58:26 pay :
------------
String:
array (
  'appid' => 'wx6e79d28ccc2a8c05',
  'attach' => '2',
  'bank_type' => 'CFT',
  'cash_fee' => '100',
  'fee_type' => 'CNY',
  'is_subscribe' => 'Y',
  'mch_id' => '1490957872',
  'nonce_str' => 'E63833Z5',
  'openid' => 'o01Wu01-zSLzut3cB22KEbJ3JxzY',
  'out_trade_no' => '2018020309574100001289781467',
  'result_code' => 'SUCCESS',
  'return_code' => 'SUCCESS',
  'sign' => 'C36F2EB35908B73B630B806727DE086E',
  'time_end' => '20180203100030',
  'total_fee' => '100',
  'trade_type' => 'JSAPI',
  'transaction_id' => '4200000083201802036125608121',
)

2018-02-03 09:58:57 pay :
------------
String:
array (
  'appid' => 'wx6e79d28ccc2a8c05',
  'attach' => '2',
  'bank_type' => 'CFT',
  'cash_fee' => '100',
  'fee_type' => 'CNY',
  'is_subscribe' => 'Y',
  'mch_id' => '1490957872',
  'nonce_str' => 'E63833Z5',
  'openid' => 'o01Wu01-zSLzut3cB22KEbJ3JxzY',
  'out_trade_no' => '2018020309574100001289781467',
  'result_code' => 'SUCCESS',
  'return_code' => 'SUCCESS',
  'sign' => 'C36F2EB35908B73B630B806727DE086E',
  'time_end' => '20180203100030',
  'total_fee' => '100',
  'trade_type' => 'JSAPI',
  'transaction_id' => '4200000083201802036125608121',
)

2018-02-03 10:02:00 pay :
------------
String:
array (
  'appid' => 'wx6e79d28ccc2a8c05',
  'attach' => '2',
  'bank_type' => 'CFT',
  'cash_fee' => '100',
  'fee_type' => 'CNY',
  'is_subscribe' => 'Y',
  'mch_id' => '1490957872',
  'nonce_str' => 'E63833Z5',
  'openid' => 'o01Wu01-zSLzut3cB22KEbJ3JxzY',
  'out_trade_no' => '2018020309574100001289781467',
  'result_code' => 'SUCCESS',
  'return_code' => 'SUCCESS',
  'sign' => 'C36F2EB35908B73B630B806727DE086E',
  'time_end' => '20180203100030',
  'total_fee' => '100',
  'trade_type' => 'JSAPI',
  'transaction_id' => '4200000083201802036125608121',
)

2018-02-03 10:32:02 pay :
------------
String:
array (
  'appid' => 'wx6e79d28ccc2a8c05',
  'attach' => '2',
  'bank_type' => 'CFT',
  'cash_fee' => '100',
  'fee_type' => 'CNY',
  'is_subscribe' => 'Y',
  'mch_id' => '1490957872',
  'nonce_str' => 'E63833Z5',
  'openid' => 'o01Wu01-zSLzut3cB22KEbJ3JxzY',
  'out_trade_no' => '2018020309574100001289781467',
  'result_code' => 'SUCCESS',
  'return_code' => 'SUCCESS',
  'sign' => 'C36F2EB35908B73B630B806727DE086E',
  'time_end' => '20180203100030',
  'total_fee' => '100',
  'trade_type' => 'JSAPI',
  'transaction_id' => '4200000083201802036125608121',
)

2018-02-03 11:02:05 pay :
------------
String:
array (
  'appid' => 'wx6e79d28ccc2a8c05',
  'attach' => '2',
  'bank_type' => 'CFT',
  'cash_fee' => '100',
  'fee_type' => 'CNY',
  'is_subscribe' => 'Y',
  'mch_id' => '1490957872',
  'nonce_str' => 'E63833Z5',
  'openid' => 'o01Wu01-zSLzut3cB22KEbJ3JxzY',
  'out_trade_no' => '2018020309574100001289781467',
  'result_code' => 'SUCCESS',
  'return_code' => 'SUCCESS',
  'sign' => 'C36F2EB35908B73B630B806727DE086E',
  'time_end' => '20180203100030',
  'total_fee' => '100',
  'trade_type' => 'JSAPI',
  'transaction_id' => '4200000083201802036125608121',
)

2018-02-03 11:32:07 pay :
------------
String:
array (
  'appid' => 'wx6e79d28ccc2a8c05',
  'attach' => '2',
  'bank_type' => 'CFT',
  'cash_fee' => '100',
  'fee_type' => 'CNY',
  'is_subscribe' => 'Y',
  'mch_id' => '1490957872',
  'nonce_str' => 'E63833Z5',
  'openid' => 'o01Wu01-zSLzut3cB22KEbJ3JxzY',
  'out_trade_no' => '2018020309574100001289781467',
  'result_code' => 'SUCCESS',
  'return_code' => 'SUCCESS',
  'sign' => 'C36F2EB35908B73B630B806727DE086E',
  'time_end' => '20180203100030',
  'total_fee' => '100',
  'trade_type' => 'JSAPI',
  'transaction_id' => '4200000083201802036125608121',
)

2018-02-03 12:02:08 pay :
------------
String:
array (
  'appid' => 'wx6e79d28ccc2a8c05',
  'attach' => '2',
  'bank_type' => 'CFT',
  'cash_fee' => '100',
  'fee_type' => 'CNY',
  'is_subscribe' => 'Y',
  'mch_id' => '1490957872',
  'nonce_str' => 'E63833Z5',
  'openid' => 'o01Wu01-zSLzut3cB22KEbJ3JxzY',
  'out_trade_no' => '2018020309574100001289781467',
  'result_code' => 'SUCCESS',
  'return_code' => 'SUCCESS',
  'sign' => 'C36F2EB35908B73B630B806727DE086E',
  'time_end' => '20180203100030',
  'total_fee' => '100',
  'trade_type' => 'JSAPI',
  'transaction_id' => '4200000083201802036125608121',
)

2018-02-03 13:02:10 pay :
------------
String:
array (
  'appid' => 'wx6e79d28ccc2a8c05',
  'attach' => '2',
  'bank_type' => 'CFT',
  'cash_fee' => '100',
  'fee_type' => 'CNY',
  'is_subscribe' => 'Y',
  'mch_id' => '1490957872',
  'nonce_str' => 'E63833Z5',
  'openid' => 'o01Wu01-zSLzut3cB22KEbJ3JxzY',
  'out_trade_no' => '2018020309574100001289781467',
  'result_code' => 'SUCCESS',
  'return_code' => 'SUCCESS',
  'sign' => 'C36F2EB35908B73B630B806727DE086E',
  'time_end' => '20180203100030',
  'total_fee' => '100',
  'trade_type' => 'JSAPI',
  'transaction_id' => '4200000083201802036125608121',
)

