2018-02-06 10:23:12 pay :
------------
String:
array (
  'appid' => 'wx6e79d28ccc2a8c05',
  'attach' => '2',
  'bank_type' => 'CFT',
  'cash_fee' => '200',
  'fee_type' => 'CNY',
  'is_subscribe' => 'Y',
  'mch_id' => '1490957872',
  'nonce_str' => 'IbZ73UsL',
  'openid' => 'o01Wu01-zSLzut3cB22KEbJ3JxzY',
  'out_trade_no' => '2018020610230300001223941841',
  'result_code' => 'SUCCESS',
  'return_code' => 'SUCCESS',
  'sign' => '755DA26E76383C347194DB240D5A29FA',
  'time_end' => '20180206102559',
  'total_fee' => '200',
  'trade_type' => 'JSAPI',
  'transaction_id' => '4200000099201802067959931663',
)

2018-02-06 10:23:12 trace :
------------
String:
<xml><ToUserName><![CDATA[gh_7bcd94754b84]]></ToUserName>
<FromUserName><![CDATA[o01Wu01-zSLzut3cB22KEbJ3JxzY]]></FromUserName>
<CreateTime>1517883959</CreateTime>
<MsgType><![CDATA[event]]></MsgType>
<Event><![CDATA[TEMPLATESENDJOBFINISH]]></Event>
<MsgID>139111451905343488</MsgID>
<Status><![CDATA[success]]></Status>
</xml>

2018-02-06 10:23:12 params :
------------
String:
array (
  'rule' => -2,
  'module' => '',
  'message' => 
  array (
    'tousername' => 'gh_7bcd94754b84',
    'fromusername' => 'o01Wu01-zSLzut3cB22KEbJ3JxzY',
    'createtime' => '1517883959',
    'msgtype' => 'event',
    'event' => 'TEMPLATESENDJOBFINISH',
    'msgid' => '139111451905343488',
    'status' => 'success',
    'from' => 'o01Wu01-zSLzut3cB22KEbJ3JxzY',
    'to' => 'gh_7bcd94754b84',
    'time' => '1517883959',
    'type' => 'event',
  ),
)

2018-02-06 10:23:12 response :
------------

2018-02-06 10:23:13 trace :
------------
String:
<xml><ToUserName><![CDATA[gh_7bcd94754b84]]></ToUserName>
<FromUserName><![CDATA[o01Wu09x8WFY1ZBV-HAf-R-a3ytI]]></FromUserName>
<CreateTime>1517883960</CreateTime>
<MsgType><![CDATA[event]]></MsgType>
<Event><![CDATA[TEMPLATESENDJOBFINISH]]></Event>
<MsgID>139111471115272192</MsgID>
<Status><![CDATA[success]]></Status>
</xml>

2018-02-06 10:23:13 params :
------------
String:
array (
  'rule' => -2,
  'module' => '',
  'message' => 
  array (
    'tousername' => 'gh_7bcd94754b84',
    'fromusername' => 'o01Wu09x8WFY1ZBV-HAf-R-a3ytI',
    'createtime' => '1517883960',
    'msgtype' => 'event',
    'event' => 'TEMPLATESENDJOBFINISH',
    'msgid' => '139111471115272192',
    'status' => 'success',
    'from' => 'o01Wu09x8WFY1ZBV-HAf-R-a3ytI',
    'to' => 'gh_7bcd94754b84',
    'time' => '1517883960',
    'type' => 'event',
  ),
)

2018-02-06 10:23:13 response :
------------

2018-02-06 10:23:28 pay :
------------
String:
array (
  'appid' => 'wx6e79d28ccc2a8c05',
  'attach' => '2',
  'bank_type' => 'CFT',
  'cash_fee' => '200',
  'fee_type' => 'CNY',
  'is_subscribe' => 'Y',
  'mch_id' => '1490957872',
  'nonce_str' => 'IbZ73UsL',
  'openid' => 'o01Wu01-zSLzut3cB22KEbJ3JxzY',
  'out_trade_no' => '2018020610230300001223941841',
  'result_code' => 'SUCCESS',
  'return_code' => 'SUCCESS',
  'sign' => '755DA26E76383C347194DB240D5A29FA',
  'time_end' => '20180206102559',
  'total_fee' => '200',
  'trade_type' => 'JSAPI',
  'transaction_id' => '4200000099201802067959931663',
)

2018-02-06 10:23:47 pay :
------------
String:
array (
  'appid' => 'wx6e79d28ccc2a8c05',
  'attach' => '2',
  'bank_type' => 'CFT',
  'cash_fee' => '200',
  'fee_type' => 'CNY',
  'is_subscribe' => 'Y',
  'mch_id' => '1490957872',
  'nonce_str' => 'IbZ73UsL',
  'openid' => 'o01Wu01-zSLzut3cB22KEbJ3JxzY',
  'out_trade_no' => '2018020610230300001223941841',
  'result_code' => 'SUCCESS',
  'return_code' => 'SUCCESS',
  'sign' => '755DA26E76383C347194DB240D5A29FA',
  'time_end' => '20180206102559',
  'total_fee' => '200',
  'trade_type' => 'JSAPI',
  'transaction_id' => '4200000099201802067959931663',
)

2018-02-06 10:24:19 pay :
------------
String:
array (
  'appid' => 'wx6e79d28ccc2a8c05',
  'attach' => '2',
  'bank_type' => 'CFT',
  'cash_fee' => '200',
  'fee_type' => 'CNY',
  'is_subscribe' => 'Y',
  'mch_id' => '1490957872',
  'nonce_str' => 'IbZ73UsL',
  'openid' => 'o01Wu01-zSLzut3cB22KEbJ3JxzY',
  'out_trade_no' => '2018020610230300001223941841',
  'result_code' => 'SUCCESS',
  'return_code' => 'SUCCESS',
  'sign' => '755DA26E76383C347194DB240D5A29FA',
  'time_end' => '20180206102559',
  'total_fee' => '200',
  'trade_type' => 'JSAPI',
  'transaction_id' => '4200000099201802067959931663',
)

2018-02-06 10:27:20 pay :
------------
String:
array (
  'appid' => 'wx6e79d28ccc2a8c05',
  'attach' => '2',
  'bank_type' => 'CFT',
  'cash_fee' => '200',
  'fee_type' => 'CNY',
  'is_subscribe' => 'Y',
  'mch_id' => '1490957872',
  'nonce_str' => 'IbZ73UsL',
  'openid' => 'o01Wu01-zSLzut3cB22KEbJ3JxzY',
  'out_trade_no' => '2018020610230300001223941841',
  'result_code' => 'SUCCESS',
  'return_code' => 'SUCCESS',
  'sign' => '755DA26E76383C347194DB240D5A29FA',
  'time_end' => '20180206102559',
  'total_fee' => '200',
  'trade_type' => 'JSAPI',
  'transaction_id' => '4200000099201802067959931663',
)

2018-02-06 10:57:22 pay :
------------
String:
array (
  'appid' => 'wx6e79d28ccc2a8c05',
  'attach' => '2',
  'bank_type' => 'CFT',
  'cash_fee' => '200',
  'fee_type' => 'CNY',
  'is_subscribe' => 'Y',
  'mch_id' => '1490957872',
  'nonce_str' => 'IbZ73UsL',
  'openid' => 'o01Wu01-zSLzut3cB22KEbJ3JxzY',
  'out_trade_no' => '2018020610230300001223941841',
  'result_code' => 'SUCCESS',
  'return_code' => 'SUCCESS',
  'sign' => '755DA26E76383C347194DB240D5A29FA',
  'time_end' => '20180206102559',
  'total_fee' => '200',
  'trade_type' => 'JSAPI',
  'transaction_id' => '4200000099201802067959931663',
)

2018-02-06 11:27:25 pay :
------------
String:
array (
  'appid' => 'wx6e79d28ccc2a8c05',
  'attach' => '2',
  'bank_type' => 'CFT',
  'cash_fee' => '200',
  'fee_type' => 'CNY',
  'is_subscribe' => 'Y',
  'mch_id' => '1490957872',
  'nonce_str' => 'IbZ73UsL',
  'openid' => 'o01Wu01-zSLzut3cB22KEbJ3JxzY',
  'out_trade_no' => '2018020610230300001223941841',
  'result_code' => 'SUCCESS',
  'return_code' => 'SUCCESS',
  'sign' => '755DA26E76383C347194DB240D5A29FA',
  'time_end' => '20180206102559',
  'total_fee' => '200',
  'trade_type' => 'JSAPI',
  'transaction_id' => '4200000099201802067959931663',
)

2018-02-06 11:57:28 pay :
------------
String:
array (
  'appid' => 'wx6e79d28ccc2a8c05',
  'attach' => '2',
  'bank_type' => 'CFT',
  'cash_fee' => '200',
  'fee_type' => 'CNY',
  'is_subscribe' => 'Y',
  'mch_id' => '1490957872',
  'nonce_str' => 'IbZ73UsL',
  'openid' => 'o01Wu01-zSLzut3cB22KEbJ3JxzY',
  'out_trade_no' => '2018020610230300001223941841',
  'result_code' => 'SUCCESS',
  'return_code' => 'SUCCESS',
  'sign' => '755DA26E76383C347194DB240D5A29FA',
  'time_end' => '20180206102559',
  'total_fee' => '200',
  'trade_type' => 'JSAPI',
  'transaction_id' => '4200000099201802067959931663',
)

2018-02-06 12:27:30 pay :
------------
String:
array (
  'appid' => 'wx6e79d28ccc2a8c05',
  'attach' => '2',
  'bank_type' => 'CFT',
  'cash_fee' => '200',
  'fee_type' => 'CNY',
  'is_subscribe' => 'Y',
  'mch_id' => '1490957872',
  'nonce_str' => 'IbZ73UsL',
  'openid' => 'o01Wu01-zSLzut3cB22KEbJ3JxzY',
  'out_trade_no' => '2018020610230300001223941841',
  'result_code' => 'SUCCESS',
  'return_code' => 'SUCCESS',
  'sign' => '755DA26E76383C347194DB240D5A29FA',
  'time_end' => '20180206102559',
  'total_fee' => '200',
  'trade_type' => 'JSAPI',
  'transaction_id' => '4200000099201802067959931663',
)

2018-02-06 13:27:32 pay :
------------
String:
array (
  'appid' => 'wx6e79d28ccc2a8c05',
  'attach' => '2',
  'bank_type' => 'CFT',
  'cash_fee' => '200',
  'fee_type' => 'CNY',
  'is_subscribe' => 'Y',
  'mch_id' => '1490957872',
  'nonce_str' => 'IbZ73UsL',
  'openid' => 'o01Wu01-zSLzut3cB22KEbJ3JxzY',
  'out_trade_no' => '2018020610230300001223941841',
  'result_code' => 'SUCCESS',
  'return_code' => 'SUCCESS',
  'sign' => '755DA26E76383C347194DB240D5A29FA',
  'time_end' => '20180206102559',
  'total_fee' => '200',
  'trade_type' => 'JSAPI',
  'transaction_id' => '4200000099201802067959931663',
)

