2018-06-23 01:35:32 pay-alipay :
------------
String:
array (
  'payment_type' => '1',
  'trade_no' => '2018062221001004230542156318',
  'subject' => '餐饮20180622765820911964',
  'buyer_email' => 'han***@msn.com',
  'gmt_create' => '2018-06-22 22:10:59',
  'notify_type' => 'trade_status_sync',
  'quantity' => '1',
  'out_trade_no' => '2018062222095500001220382149',
  'seller_id' => '2088621957819369',
  'notify_time' => '2018-06-23 01:35:32',
  'body' => '2',
  'trade_status' => 'TRADE_SUCCESS',
  'is_total_fee_adjust' => 'N',
  'total_fee' => '0.30',
  'gmt_payment' => '2018-06-22 22:11:00',
  'seller_email' => 'jin703@outlook.com',
  'price' => '0.30',
  'buyer_id' => '2088002328471230',
  'notify_id' => '5a6a73900f75b578fe207a8cc1ad12fhs1',
  'use_coupon' => 'N',
  'sign_type' => 'MD5',
  'sign' => '924135e1faec840940734a412bd3d219',
  'query_type' => 'notify',
)

2018-06-23 03:11:02 pay-alipay :
------------
String:
array (
  'payment_type' => '1',
  'trade_no' => '2018062221001004230543073571',
  'subject' => '餐饮20180622607910618145',
  'buyer_email' => 'han***@msn.com',
  'gmt_create' => '2018-06-22 17:47:41',
  'notify_type' => 'trade_status_sync',
  'quantity' => '1',
  'out_trade_no' => '2018062217463600001245724295',
  'seller_id' => '2088621957819369',
  'notify_time' => '2018-06-23 03:11:02',
  'body' => '2',
  'trade_status' => 'TRADE_SUCCESS',
  'is_total_fee_adjust' => 'N',
  'total_fee' => '0.10',
  'gmt_payment' => '2018-06-22 17:47:42',
  'seller_email' => 'jin703@outlook.com',
  'price' => '0.10',
  'buyer_id' => '2088002328471230',
  'notify_id' => 'f4524bb1bc81fed5e9fd69b5f3a8bd6hs1',
  'use_coupon' => 'N',
  'sign_type' => 'MD5',
  'sign' => '9a51109055bb39fa1162224d06341960',
  'query_type' => 'notify',
)

2018-06-23 03:16:31 pay-alipay :
------------
String:
array (
  'payment_type' => '1',
  'trade_no' => '2018062221001004230541884820',
  'subject' => '餐饮20180622610363790210',
  'buyer_email' => 'han***@msn.com',
  'gmt_create' => '2018-06-22 17:52:41',
  'notify_type' => 'trade_status_sync',
  'quantity' => '1',
  'out_trade_no' => '2018062217504100001207404150',
  'seller_id' => '2088621957819369',
  'notify_time' => '2018-06-23 03:16:30',
  'body' => '2',
  'trade_status' => 'TRADE_SUCCESS',
  'is_total_fee_adjust' => 'N',
  'total_fee' => '0.20',
  'gmt_payment' => '2018-06-22 17:52:41',
  'seller_email' => 'jin703@outlook.com',
  'price' => '0.20',
  'buyer_id' => '2088002328471230',
  'notify_id' => '85decb5a500d52b5f0c4d4fd17c79c3hs1',
  'use_coupon' => 'N',
  'sign_type' => 'MD5',
  'sign' => '2b7eed6f1467891272c25d8725a9b6b1',
  'query_type' => 'notify',
)

2018-06-23 07:35:09 pay-alipay :
------------
String:
array (
  'payment_type' => '1',
  'trade_no' => '2018062221001004230542156318',
  'subject' => '餐饮20180622765820911964',
  'buyer_email' => 'han***@msn.com',
  'gmt_create' => '2018-06-22 22:10:59',
  'notify_type' => 'trade_status_sync',
  'quantity' => '1',
  'out_trade_no' => '2018062222095500001220382149',
  'seller_id' => '2088621957819369',
  'notify_time' => '2018-06-23 07:35:08',
  'body' => '2',
  'trade_status' => 'TRADE_SUCCESS',
  'is_total_fee_adjust' => 'N',
  'total_fee' => '0.30',
  'gmt_payment' => '2018-06-22 22:11:00',
  'seller_email' => 'jin703@outlook.com',
  'price' => '0.30',
  'buyer_id' => '2088002328471230',
  'notify_id' => '5a6a73900f75b578fe207a8cc1ad12fhs1',
  'use_coupon' => 'N',
  'sign_type' => 'MD5',
  'sign' => 'd992977a835bf413808d2f0d90d9410f',
  'query_type' => 'notify',
)

2018-06-23 14:13:47 trace :
------------
String:
<xml><ToUserName><![CDATA[gh_6ace08fd00cf]]></ToUserName>
<FromUserName><![CDATA[oIP0X0nRmf4w6LhtWw_cwGj7NlyA]]></FromUserName>
<CreateTime>1529734426</CreateTime>
<MsgType><![CDATA[event]]></MsgType>
<Event><![CDATA[VIEW]]></Event>
<EventKey><![CDATA[http://orderamz.oneap.net/app/index.php?i=2&c=entry&eid=2]]></EventKey>
<MenuId>813904688</MenuId>
</xml>

2018-06-23 14:13:47 params :
------------
String:
array (
  'rule' => -2,
  'module' => '',
  'message' => 
  array (
    'tousername' => 'gh_6ace08fd00cf',
    'fromusername' => 'oIP0X0nRmf4w6LhtWw_cwGj7NlyA',
    'createtime' => '1529734426',
    'msgtype' => 'event',
    'event' => 'VIEW',
    'eventkey' => 'http://orderamz.oneap.net/app/index.php?i=2&c=entry&eid=2',
    'menuid' => '813904688',
    'from' => 'oIP0X0nRmf4w6LhtWw_cwGj7NlyA',
    'to' => 'gh_6ace08fd00cf',
    'time' => '1529734426',
    'type' => 'text',
    'content' => 'http://orderamz.oneap.net/app/index.php?i=2&c=entry&eid=2',
    'redirection' => true,
    'source' => 'VIEW',
  ),
)

2018-06-23 14:13:47 response :
------------

2018-06-23 14:13:57 trace :
------------
String:
<xml><ToUserName><![CDATA[gh_6ace08fd00cf]]></ToUserName>
<FromUserName><![CDATA[oIP0X0nRmf4w6LhtWw_cwGj7NlyA]]></FromUserName>
<CreateTime>1529734437</CreateTime>
<MsgType><![CDATA[event]]></MsgType>
<Event><![CDATA[VIEW]]></Event>
<EventKey><![CDATA[http://orderamz.oneap.net/app/index.php?i=2&c=entry&eid=2]]></EventKey>
<MenuId>813904688</MenuId>
</xml>

2018-06-23 14:13:57 params :
------------
String:
array (
  'rule' => -2,
  'module' => '',
  'message' => 
  array (
    'tousername' => 'gh_6ace08fd00cf',
    'fromusername' => 'oIP0X0nRmf4w6LhtWw_cwGj7NlyA',
    'createtime' => '1529734437',
    'msgtype' => 'event',
    'event' => 'VIEW',
    'eventkey' => 'http://orderamz.oneap.net/app/index.php?i=2&c=entry&eid=2',
    'menuid' => '813904688',
    'from' => 'oIP0X0nRmf4w6LhtWw_cwGj7NlyA',
    'to' => 'gh_6ace08fd00cf',
    'time' => '1529734437',
    'type' => 'text',
    'content' => 'http://orderamz.oneap.net/app/index.php?i=2&c=entry&eid=2',
    'redirection' => true,
    'source' => 'VIEW',
  ),
)

2018-06-23 14:13:57 response :
------------

2018-06-23 14:13:59 trace :
------------
String:
<xml><ToUserName><![CDATA[gh_6ace08fd00cf]]></ToUserName>
<FromUserName><![CDATA[oIP0X0nRmf4w6LhtWw_cwGj7NlyA]]></FromUserName>
<CreateTime>1529734439</CreateTime>
<MsgType><![CDATA[event]]></MsgType>
<Event><![CDATA[VIEW]]></Event>
<EventKey><![CDATA[http://orderamz.oneap.net/app/index.php?i=2&c=entry&eid=2]]></EventKey>
<MenuId>813904688</MenuId>
</xml>

2018-06-23 14:13:59 params :
------------
String:
array (
  'rule' => -2,
  'module' => '',
  'message' => 
  array (
    'tousername' => 'gh_6ace08fd00cf',
    'fromusername' => 'oIP0X0nRmf4w6LhtWw_cwGj7NlyA',
    'createtime' => '1529734439',
    'msgtype' => 'event',
    'event' => 'VIEW',
    'eventkey' => 'http://orderamz.oneap.net/app/index.php?i=2&c=entry&eid=2',
    'menuid' => '813904688',
    'from' => 'oIP0X0nRmf4w6LhtWw_cwGj7NlyA',
    'to' => 'gh_6ace08fd00cf',
    'time' => '1529734439',
    'type' => 'text',
    'content' => 'http://orderamz.oneap.net/app/index.php?i=2&c=entry&eid=2',
    'redirection' => true,
    'source' => 'VIEW',
  ),
)

2018-06-23 14:13:59 response :
------------

2018-06-23 14:34:28 pay-alipay :
------------
String:
array (
  'payment_type' => '1',
  'trade_no' => '2018062321001004230546064764',
  'subject' => '餐饮20180623343509286368',
  'buyer_email' => 'han***@msn.com',
  'gmt_create' => '2018-06-23 14:34:26',
  'notify_type' => 'trade_status_sync',
  'quantity' => '1',
  'out_trade_no' => '2018062314123500001221823248',
  'seller_id' => '2088621957819369',
  'notify_time' => '2018-06-23 14:34:28',
  'body' => '2',
  'trade_status' => 'TRADE_SUCCESS',
  'is_total_fee_adjust' => 'N',
  'total_fee' => '0.10',
  'gmt_payment' => '2018-06-23 14:34:28',
  'seller_email' => 'jin703@outlook.com',
  'price' => '0.10',
  'buyer_id' => '2088002328471230',
  'notify_id' => '3a0146df2089aebd8198401bc0657f6hs1',
  'use_coupon' => 'N',
  'sign_type' => 'MD5',
  'sign' => 'a2d50632a5bda7e78087d8503137c94b',
  'query_type' => 'notify',
)

2018-06-23 14:34:30 trace :
------------
String:
<xml><ToUserName><![CDATA[gh_6ace08fd00cf]]></ToUserName>
<FromUserName><![CDATA[oIP0X0g5j5OmrQEgSHLTECZbCFHw]]></FromUserName>
<CreateTime>1529735670</CreateTime>
<MsgType><![CDATA[event]]></MsgType>
<Event><![CDATA[TEMPLATESENDJOBFINISH]]></Event>
<MsgID>337950167137402881</MsgID>
<Status><![CDATA[success]]></Status>
</xml>

2018-06-23 14:34:30 params :
------------
String:
array (
  'rule' => -2,
  'module' => '',
  'message' => 
  array (
    'tousername' => 'gh_6ace08fd00cf',
    'fromusername' => 'oIP0X0g5j5OmrQEgSHLTECZbCFHw',
    'createtime' => '1529735670',
    'msgtype' => 'event',
    'event' => 'TEMPLATESENDJOBFINISH',
    'msgid' => '337950167137402881',
    'status' => 'success',
    'from' => 'oIP0X0g5j5OmrQEgSHLTECZbCFHw',
    'to' => 'gh_6ace08fd00cf',
    'time' => '1529735670',
    'type' => 'event',
  ),
)

2018-06-23 14:34:30 response :
------------

2018-06-23 14:34:33 pay-alipay :
------------
String:
array (
  'body' => '2',
  'is_success' => 'T',
  'notify_id' => 'RqPnCoPT3K9%2Fvwbh3Ih0ElGMB3Dlp5kgBvrJkzxiUu2tg15%2FLWCPrYbOUM8Lj4skWEid',
  'notify_time' => '2018-06-23 14:34:28',
  'notify_type' => 'trade_status_sync',
  'out_trade_no' => '2018062314123500001221823248',
  'payment_type' => '1',
  'seller_id' => '2088621957819369',
  'service' => 'alipay.wap.create.direct.pay.by.user',
  'subject' => '餐饮20180623343509286368',
  'total_fee' => '0.10',
  'trade_no' => '2018062321001004230546064764',
  'trade_status' => 'TRADE_SUCCESS',
  'sign' => '9713501722cc3bd4f77e11b1292498fb',
  'sign_type' => 'MD5',
  'query_type' => 'return',
)

2018-06-23 14:34:40 trace :
------------
String:
<xml><ToUserName><![CDATA[gh_6ace08fd00cf]]></ToUserName>
<FromUserName><![CDATA[oIP0X0oF5n7OLu49EpAwdouhzRkU]]></FromUserName>
<CreateTime>1529735679</CreateTime>
<MsgType><![CDATA[event]]></MsgType>
<Event><![CDATA[TEMPLATESENDJOBFINISH]]></Event>
<MsgID>337950319222849538</MsgID>
<Status><![CDATA[success]]></Status>
</xml>

2018-06-23 14:34:40 params :
------------
String:
array (
  'rule' => -2,
  'module' => '',
  'message' => 
  array (
    'tousername' => 'gh_6ace08fd00cf',
    'fromusername' => 'oIP0X0oF5n7OLu49EpAwdouhzRkU',
    'createtime' => '1529735679',
    'msgtype' => 'event',
    'event' => 'TEMPLATESENDJOBFINISH',
    'msgid' => '337950319222849538',
    'status' => 'success',
    'from' => 'oIP0X0oF5n7OLu49EpAwdouhzRkU',
    'to' => 'gh_6ace08fd00cf',
    'time' => '1529735679',
    'type' => 'event',
  ),
)

2018-06-23 14:34:40 response :
------------

2018-06-23 14:38:01 pay-alipay :
------------
String:
array (
  'payment_type' => '1',
  'trade_no' => '2018062321001004230546064764',
  'subject' => '餐饮20180623343509286368',
  'buyer_email' => 'han***@msn.com',
  'gmt_create' => '2018-06-23 14:34:26',
  'notify_type' => 'trade_status_sync',
  'quantity' => '1',
  'out_trade_no' => '2018062314123500001221823248',
  'seller_id' => '2088621957819369',
  'notify_time' => '2018-06-23 14:38:01',
  'body' => '2',
  'trade_status' => 'TRADE_SUCCESS',
  'is_total_fee_adjust' => 'N',
  'total_fee' => '0.10',
  'gmt_payment' => '2018-06-23 14:34:28',
  'seller_email' => 'jin703@outlook.com',
  'price' => '0.10',
  'buyer_id' => '2088002328471230',
  'notify_id' => '3a0146df2089aebd8198401bc0657f6hs1',
  'use_coupon' => 'N',
  'sign_type' => 'MD5',
  'sign' => 'ed8d7d3d63533b9c008402d525922998',
  'query_type' => 'notify',
)

2018-06-23 14:48:18 pay-alipay :
------------
String:
array (
  'payment_type' => '1',
  'trade_no' => '2018062321001004230546064764',
  'subject' => '餐饮20180623343509286368',
  'buyer_email' => 'han***@msn.com',
  'gmt_create' => '2018-06-23 14:34:26',
  'notify_type' => 'trade_status_sync',
  'quantity' => '1',
  'out_trade_no' => '2018062314123500001221823248',
  'seller_id' => '2088621957819369',
  'notify_time' => '2018-06-23 14:48:17',
  'body' => '2',
  'trade_status' => 'TRADE_SUCCESS',
  'is_total_fee_adjust' => 'N',
  'total_fee' => '0.10',
  'gmt_payment' => '2018-06-23 14:34:28',
  'seller_email' => 'jin703@outlook.com',
  'price' => '0.10',
  'buyer_id' => '2088002328471230',
  'notify_id' => '3a0146df2089aebd8198401bc0657f6hs1',
  'use_coupon' => 'N',
  'sign_type' => 'MD5',
  'sign' => '708957571ae3899d66d9fff81fa1a73f',
  'query_type' => 'notify',
)

2018-06-23 14:58:28 pay-alipay :
------------
String:
array (
  'payment_type' => '1',
  'trade_no' => '2018062321001004230546064764',
  'subject' => '餐饮20180623343509286368',
  'buyer_email' => 'han***@msn.com',
  'gmt_create' => '2018-06-23 14:34:26',
  'notify_type' => 'trade_status_sync',
  'quantity' => '1',
  'out_trade_no' => '2018062314123500001221823248',
  'seller_id' => '2088621957819369',
  'notify_time' => '2018-06-23 14:58:28',
  'body' => '2',
  'trade_status' => 'TRADE_SUCCESS',
  'is_total_fee_adjust' => 'N',
  'total_fee' => '0.10',
  'gmt_payment' => '2018-06-23 14:34:28',
  'seller_email' => 'jin703@outlook.com',
  'price' => '0.10',
  'buyer_id' => '2088002328471230',
  'notify_id' => '3a0146df2089aebd8198401bc0657f6hs1',
  'use_coupon' => 'N',
  'sign_type' => 'MD5',
  'sign' => 'e9c2ed494dcf67e9c081d50ea37981a5',
  'query_type' => 'notify',
)

2018-06-23 15:13:07 trace :
------------
String:
<xml><ToUserName><![CDATA[gh_6ace08fd00cf]]></ToUserName>
<FromUserName><![CDATA[oIP0X0nRmf4w6LhtWw_cwGj7NlyA]]></FromUserName>
<CreateTime>1529737987</CreateTime>
<MsgType><![CDATA[event]]></MsgType>
<Event><![CDATA[TEMPLATESENDJOBFINISH]]></Event>
<MsgID>337989036658507777</MsgID>
<Status><![CDATA[success]]></Status>
</xml>

2018-06-23 15:13:07 params :
------------
String:
array (
  'rule' => -2,
  'module' => '',
  'message' => 
  array (
    'tousername' => 'gh_6ace08fd00cf',
    'fromusername' => 'oIP0X0nRmf4w6LhtWw_cwGj7NlyA',
    'createtime' => '1529737987',
    'msgtype' => 'event',
    'event' => 'TEMPLATESENDJOBFINISH',
    'msgid' => '337989036658507777',
    'status' => 'success',
    'from' => 'oIP0X0nRmf4w6LhtWw_cwGj7NlyA',
    'to' => 'gh_6ace08fd00cf',
    'time' => '1529737987',
    'type' => 'event',
  ),
)

2018-06-23 15:13:07 response :
------------

2018-06-23 15:14:16 trace :
------------
String:
<xml><ToUserName><![CDATA[gh_6ace08fd00cf]]></ToUserName>
<FromUserName><![CDATA[oIP0X0g5j5OmrQEgSHLTECZbCFHw]]></FromUserName>
<CreateTime>1529738056</CreateTime>
<MsgType><![CDATA[event]]></MsgType>
<Event><![CDATA[TEMPLATESENDJOBFINISH]]></Event>
<MsgID>337990185629401088</MsgID>
<Status><![CDATA[success]]></Status>
</xml>

2018-06-23 15:14:16 params :
------------
String:
array (
  'rule' => -2,
  'module' => '',
  'message' => 
  array (
    'tousername' => 'gh_6ace08fd00cf',
    'fromusername' => 'oIP0X0g5j5OmrQEgSHLTECZbCFHw',
    'createtime' => '1529738056',
    'msgtype' => 'event',
    'event' => 'TEMPLATESENDJOBFINISH',
    'msgid' => '337990185629401088',
    'status' => 'success',
    'from' => 'oIP0X0g5j5OmrQEgSHLTECZbCFHw',
    'to' => 'gh_6ace08fd00cf',
    'time' => '1529738056',
    'type' => 'event',
  ),
)

2018-06-23 15:14:16 response :
------------

2018-06-23 15:14:24 trace :
------------
String:
<xml><ToUserName><![CDATA[gh_6ace08fd00cf]]></ToUserName>
<FromUserName><![CDATA[oIP0X0oF5n7OLu49EpAwdouhzRkU]]></FromUserName>
<CreateTime>1529738064</CreateTime>
<MsgType><![CDATA[event]]></MsgType>
<Event><![CDATA[TEMPLATESENDJOBFINISH]]></Event>
<MsgID>337990323722649603</MsgID>
<Status><![CDATA[success]]></Status>
</xml>

2018-06-23 15:14:24 params :
------------
String:
array (
  'rule' => -2,
  'module' => '',
  'message' => 
  array (
    'tousername' => 'gh_6ace08fd00cf',
    'fromusername' => 'oIP0X0oF5n7OLu49EpAwdouhzRkU',
    'createtime' => '1529738064',
    'msgtype' => 'event',
    'event' => 'TEMPLATESENDJOBFINISH',
    'msgid' => '337990323722649603',
    'status' => 'success',
    'from' => 'oIP0X0oF5n7OLu49EpAwdouhzRkU',
    'to' => 'gh_6ace08fd00cf',
    'time' => '1529738064',
    'type' => 'event',
  ),
)

2018-06-23 15:14:24 response :
------------

2018-06-23 15:15:49 trace :
------------
String:
<xml><ToUserName><![CDATA[gh_6ace08fd00cf]]></ToUserName>
<FromUserName><![CDATA[oIP0X0g5j5OmrQEgSHLTECZbCFHw]]></FromUserName>
<CreateTime>1529738149</CreateTime>
<MsgType><![CDATA[event]]></MsgType>
<Event><![CDATA[TEMPLATESENDJOBFINISH]]></Event>
<MsgID>337991747772760065</MsgID>
<Status><![CDATA[success]]></Status>
</xml>

2018-06-23 15:15:49 params :
------------
String:
array (
  'rule' => -2,
  'module' => '',
  'message' => 
  array (
    'tousername' => 'gh_6ace08fd00cf',
    'fromusername' => 'oIP0X0g5j5OmrQEgSHLTECZbCFHw',
    'createtime' => '1529738149',
    'msgtype' => 'event',
    'event' => 'TEMPLATESENDJOBFINISH',
    'msgid' => '337991747772760065',
    'status' => 'success',
    'from' => 'oIP0X0g5j5OmrQEgSHLTECZbCFHw',
    'to' => 'gh_6ace08fd00cf',
    'time' => '1529738149',
    'type' => 'event',
  ),
)

2018-06-23 15:15:49 response :
------------

2018-06-23 15:17:49 trace :
------------
String:
<xml><ToUserName><![CDATA[gh_6ace08fd00cf]]></ToUserName>
<FromUserName><![CDATA[oIP0X0g5j5OmrQEgSHLTECZbCFHw]]></FromUserName>
<CreateTime>1529738269</CreateTime>
<MsgType><![CDATA[event]]></MsgType>
<Event><![CDATA[TEMPLATESENDJOBFINISH]]></Event>
<MsgID>337993770786242561</MsgID>
<Status><![CDATA[success]]></Status>
</xml>

2018-06-23 15:17:49 params :
------------
String:
array (
  'rule' => -2,
  'module' => '',
  'message' => 
  array (
    'tousername' => 'gh_6ace08fd00cf',
    'fromusername' => 'oIP0X0g5j5OmrQEgSHLTECZbCFHw',
    'createtime' => '1529738269',
    'msgtype' => 'event',
    'event' => 'TEMPLATESENDJOBFINISH',
    'msgid' => '337993770786242561',
    'status' => 'success',
    'from' => 'oIP0X0g5j5OmrQEgSHLTECZbCFHw',
    'to' => 'gh_6ace08fd00cf',
    'time' => '1529738269',
    'type' => 'event',
  ),
)

2018-06-23 15:17:49 response :
------------

2018-06-23 15:18:44 trace :
------------
String:
<xml><ToUserName><![CDATA[gh_6ace08fd00cf]]></ToUserName>
<FromUserName><![CDATA[oIP0X0g5j5OmrQEgSHLTECZbCFHw]]></FromUserName>
<CreateTime>1529738324</CreateTime>
<MsgType><![CDATA[event]]></MsgType>
<Event><![CDATA[TEMPLATESENDJOBFINISH]]></Event>
<MsgID>337994682158170113</MsgID>
<Status><![CDATA[success]]></Status>
</xml>

2018-06-23 15:18:44 params :
------------
String:
array (
  'rule' => -2,
  'module' => '',
  'message' => 
  array (
    'tousername' => 'gh_6ace08fd00cf',
    'fromusername' => 'oIP0X0g5j5OmrQEgSHLTECZbCFHw',
    'createtime' => '1529738324',
    'msgtype' => 'event',
    'event' => 'TEMPLATESENDJOBFINISH',
    'msgid' => '337994682158170113',
    'status' => 'success',
    'from' => 'oIP0X0g5j5OmrQEgSHLTECZbCFHw',
    'to' => 'gh_6ace08fd00cf',
    'time' => '1529738324',
    'type' => 'event',
  ),
)

2018-06-23 15:18:44 response :
------------

2018-06-23 15:18:53 trace :
------------
String:
<xml><ToUserName><![CDATA[gh_6ace08fd00cf]]></ToUserName>
<FromUserName><![CDATA[oIP0X0oF5n7OLu49EpAwdouhzRkU]]></FromUserName>
<CreateTime>1529738333</CreateTime>
<MsgType><![CDATA[event]]></MsgType>
<Event><![CDATA[TEMPLATESENDJOBFINISH]]></Event>
<MsgID>337994837297070080</MsgID>
<Status><![CDATA[success]]></Status>
</xml>

2018-06-23 15:18:53 params :
------------
String:
array (
  'rule' => -2,
  'module' => '',
  'message' => 
  array (
    'tousername' => 'gh_6ace08fd00cf',
    'fromusername' => 'oIP0X0oF5n7OLu49EpAwdouhzRkU',
    'createtime' => '1529738333',
    'msgtype' => 'event',
    'event' => 'TEMPLATESENDJOBFINISH',
    'msgid' => '337994837297070080',
    'status' => 'success',
    'from' => 'oIP0X0oF5n7OLu49EpAwdouhzRkU',
    'to' => 'gh_6ace08fd00cf',
    'time' => '1529738333',
    'type' => 'event',
  ),
)

2018-06-23 15:18:53 response :
------------

2018-06-23 15:19:06 trace :
------------
String:
<xml><ToUserName><![CDATA[gh_6ace08fd00cf]]></ToUserName>
<FromUserName><![CDATA[oIP0X0g5j5OmrQEgSHLTECZbCFHw]]></FromUserName>
<CreateTime>1529738346</CreateTime>
<MsgType><![CDATA[event]]></MsgType>
<Event><![CDATA[TEMPLATESENDJOBFINISH]]></Event>
<MsgID>337995058420793345</MsgID>
<Status><![CDATA[success]]></Status>
</xml>

2018-06-23 15:19:06 params :
------------
String:
array (
  'rule' => -2,
  'module' => '',
  'message' => 
  array (
    'tousername' => 'gh_6ace08fd00cf',
    'fromusername' => 'oIP0X0g5j5OmrQEgSHLTECZbCFHw',
    'createtime' => '1529738346',
    'msgtype' => 'event',
    'event' => 'TEMPLATESENDJOBFINISH',
    'msgid' => '337995058420793345',
    'status' => 'success',
    'from' => 'oIP0X0g5j5OmrQEgSHLTECZbCFHw',
    'to' => 'gh_6ace08fd00cf',
    'time' => '1529738346',
    'type' => 'event',
  ),
)

2018-06-23 15:19:06 response :
------------

2018-06-23 15:19:48 trace :
------------
String:
<xml><ToUserName><![CDATA[gh_6ace08fd00cf]]></ToUserName>
<FromUserName><![CDATA[oIP0X0g5j5OmrQEgSHLTECZbCFHw]]></FromUserName>
<CreateTime>1529738388</CreateTime>
<MsgType><![CDATA[event]]></MsgType>
<Event><![CDATA[TEMPLATESENDJOBFINISH]]></Event>
<MsgID>337995764187938816</MsgID>
<Status><![CDATA[success]]></Status>
</xml>

2018-06-23 15:19:48 params :
------------
String:
array (
  'rule' => -2,
  'module' => '',
  'message' => 
  array (
    'tousername' => 'gh_6ace08fd00cf',
    'fromusername' => 'oIP0X0g5j5OmrQEgSHLTECZbCFHw',
    'createtime' => '1529738388',
    'msgtype' => 'event',
    'event' => 'TEMPLATESENDJOBFINISH',
    'msgid' => '337995764187938816',
    'status' => 'success',
    'from' => 'oIP0X0g5j5OmrQEgSHLTECZbCFHw',
    'to' => 'gh_6ace08fd00cf',
    'time' => '1529738388',
    'type' => 'event',
  ),
)

2018-06-23 15:19:48 response :
------------

2018-06-23 15:21:17 trace :
------------
String:
<xml><ToUserName><![CDATA[gh_6ace08fd00cf]]></ToUserName>
<FromUserName><![CDATA[oIP0X0nRmf4w6LhtWw_cwGj7NlyA]]></FromUserName>
<CreateTime>1529738477</CreateTime>
<MsgType><![CDATA[event]]></MsgType>
<Event><![CDATA[TEMPLATESENDJOBFINISH]]></Event>
<MsgID>337997251991420928</MsgID>
<Status><![CDATA[success]]></Status>
</xml>

2018-06-23 15:21:17 params :
------------
String:
array (
  'rule' => -2,
  'module' => '',
  'message' => 
  array (
    'tousername' => 'gh_6ace08fd00cf',
    'fromusername' => 'oIP0X0nRmf4w6LhtWw_cwGj7NlyA',
    'createtime' => '1529738477',
    'msgtype' => 'event',
    'event' => 'TEMPLATESENDJOBFINISH',
    'msgid' => '337997251991420928',
    'status' => 'success',
    'from' => 'oIP0X0nRmf4w6LhtWw_cwGj7NlyA',
    'to' => 'gh_6ace08fd00cf',
    'time' => '1529738477',
    'type' => 'event',
  ),
)

2018-06-23 15:21:17 response :
------------

2018-06-23 15:21:30 trace :
------------
String:
<xml><ToUserName><![CDATA[gh_6ace08fd00cf]]></ToUserName>
<FromUserName><![CDATA[oIP0X0oF5n7OLu49EpAwdouhzRkU]]></FromUserName>
<CreateTime>1529738490</CreateTime>
<MsgType><![CDATA[event]]></MsgType>
<Event><![CDATA[TEMPLATESENDJOBFINISH]]></Event>
<MsgID>337997474474098691</MsgID>
<Status><![CDATA[success]]></Status>
</xml>

2018-06-23 15:21:30 params :
------------
String:
array (
  'rule' => -2,
  'module' => '',
  'message' => 
  array (
    'tousername' => 'gh_6ace08fd00cf',
    'fromusername' => 'oIP0X0oF5n7OLu49EpAwdouhzRkU',
    'createtime' => '1529738490',
    'msgtype' => 'event',
    'event' => 'TEMPLATESENDJOBFINISH',
    'msgid' => '337997474474098691',
    'status' => 'success',
    'from' => 'oIP0X0oF5n7OLu49EpAwdouhzRkU',
    'to' => 'gh_6ace08fd00cf',
    'time' => '1529738490',
    'type' => 'event',
  ),
)

2018-06-23 15:21:30 response :
------------

2018-06-23 15:22:14 trace :
------------
String:
<xml><ToUserName><![CDATA[gh_6ace08fd00cf]]></ToUserName>
<FromUserName><![CDATA[oIP0X0nRmf4w6LhtWw_cwGj7NlyA]]></FromUserName>
<CreateTime>1529738534</CreateTime>
<MsgType><![CDATA[event]]></MsgType>
<Event><![CDATA[TEMPLATESENDJOBFINISH]]></Event>
<MsgID>337998216345796609</MsgID>
<Status><![CDATA[success]]></Status>
</xml>

2018-06-23 15:22:14 params :
------------
String:
array (
  'rule' => -2,
  'module' => '',
  'message' => 
  array (
    'tousername' => 'gh_6ace08fd00cf',
    'fromusername' => 'oIP0X0nRmf4w6LhtWw_cwGj7NlyA',
    'createtime' => '1529738534',
    'msgtype' => 'event',
    'event' => 'TEMPLATESENDJOBFINISH',
    'msgid' => '337998216345796609',
    'status' => 'success',
    'from' => 'oIP0X0nRmf4w6LhtWw_cwGj7NlyA',
    'to' => 'gh_6ace08fd00cf',
    'time' => '1529738534',
    'type' => 'event',
  ),
)

2018-06-23 15:22:14 response :
------------

2018-06-23 15:24:17 pay-alipay :
------------
String:
array (
  'payment_type' => '1',
  'trade_no' => '2018062321001004230545666188',
  'subject' => '餐饮20180623385813923374',
  'buyer_email' => 'han***@msn.com',
  'gmt_create' => '2018-06-23 15:24:15',
  'notify_type' => 'trade_status_sync',
  'quantity' => '1',
  'out_trade_no' => '2018062315230500001246438321',
  'seller_id' => '2088621957819369',
  'notify_time' => '2018-06-23 15:24:16',
  'body' => '2',
  'trade_status' => 'TRADE_SUCCESS',
  'is_total_fee_adjust' => 'N',
  'total_fee' => '0.10',
  'gmt_payment' => '2018-06-23 15:24:16',
  'seller_email' => 'jin703@outlook.com',
  'price' => '0.10',
  'buyer_id' => '2088002328471230',
  'notify_id' => '2da0d4df606b81df8b191b0be8e3a8ahs1',
  'use_coupon' => 'N',
  'sign_type' => 'MD5',
  'sign' => '304ccaf102e028b78560401a44c2a4e4',
  'query_type' => 'notify',
)

2018-06-23 15:24:18 trace :
------------
String:
<xml><ToUserName><![CDATA[gh_6ace08fd00cf]]></ToUserName>
<FromUserName><![CDATA[oIP0X0nRmf4w6LhtWw_cwGj7NlyA]]></FromUserName>
<CreateTime>1529738658</CreateTime>
<MsgType><![CDATA[event]]></MsgType>
<Event><![CDATA[TEMPLATESENDJOBFINISH]]></Event>
<MsgID>338000291637084163</MsgID>
<Status><![CDATA[success]]></Status>
</xml>

2018-06-23 15:24:18 params :
------------
String:
array (
  'rule' => -2,
  'module' => '',
  'message' => 
  array (
    'tousername' => 'gh_6ace08fd00cf',
    'fromusername' => 'oIP0X0nRmf4w6LhtWw_cwGj7NlyA',
    'createtime' => '1529738658',
    'msgtype' => 'event',
    'event' => 'TEMPLATESENDJOBFINISH',
    'msgid' => '338000291637084163',
    'status' => 'success',
    'from' => 'oIP0X0nRmf4w6LhtWw_cwGj7NlyA',
    'to' => 'gh_6ace08fd00cf',
    'time' => '1529738658',
    'type' => 'event',
  ),
)

2018-06-23 15:24:18 response :
------------

2018-06-23 15:24:24 pay-alipay :
------------
String:
array (
  'body' => '2',
  'is_success' => 'T',
  'notify_id' => 'RqPnCoPT3K9%2Fvwbh3Ih0ElGMCvv3eTYddfuVw%2BKfRNxhMj%2FZHUUm8EgD8cQpbx2YzDHf',
  'notify_time' => '2018-06-23 15:24:17',
  'notify_type' => 'trade_status_sync',
  'out_trade_no' => '2018062315230500001246438321',
  'payment_type' => '1',
  'seller_id' => '2088621957819369',
  'service' => 'alipay.wap.create.direct.pay.by.user',
  'subject' => '餐饮20180623385813923374',
  'total_fee' => '0.10',
  'trade_no' => '2018062321001004230545666188',
  'trade_status' => 'TRADE_SUCCESS',
  'sign' => '585618ff05036e45abf97c1500d5b180',
  'sign_type' => 'MD5',
  'query_type' => 'return',
)

2018-06-23 15:24:27 trace :
------------
String:
<xml><ToUserName><![CDATA[gh_6ace08fd00cf]]></ToUserName>
<FromUserName><![CDATA[oIP0X0oF5n7OLu49EpAwdouhzRkU]]></FromUserName>
<CreateTime>1529738666</CreateTime>
<MsgType><![CDATA[event]]></MsgType>
<Event><![CDATA[TEMPLATESENDJOBFINISH]]></Event>
<MsgID>338000433119363073</MsgID>
<Status><![CDATA[success]]></Status>
</xml>

2018-06-23 15:24:27 params :
------------
String:
array (
  'rule' => -2,
  'module' => '',
  'message' => 
  array (
    'tousername' => 'gh_6ace08fd00cf',
    'fromusername' => 'oIP0X0oF5n7OLu49EpAwdouhzRkU',
    'createtime' => '1529738666',
    'msgtype' => 'event',
    'event' => 'TEMPLATESENDJOBFINISH',
    'msgid' => '338000433119363073',
    'status' => 'success',
    'from' => 'oIP0X0oF5n7OLu49EpAwdouhzRkU',
    'to' => 'gh_6ace08fd00cf',
    'time' => '1529738666',
    'type' => 'event',
  ),
)

2018-06-23 15:24:27 response :
------------

2018-06-23 15:24:34 pay-alipay :
------------
String:
array (
  'body' => '2',
  'is_success' => 'T',
  'notify_id' => 'RqPnCoPT3K9%2Fvwbh3Ih0ElGMCvv0Oo0ZqVzd7rfi%2BBwG5p2i%2FMBe9qV5Y21wiJK87NT7',
  'notify_time' => '2018-06-23 15:24:29',
  'notify_type' => 'trade_status_sync',
  'out_trade_no' => '2018062315230500001246438321',
  'payment_type' => '1',
  'seller_id' => '2088621957819369',
  'service' => 'alipay.wap.create.direct.pay.by.user',
  'subject' => '餐饮20180623385813923374',
  'total_fee' => '0.10',
  'trade_no' => '2018062321001004230545666188',
  'trade_status' => 'TRADE_SUCCESS',
  'sign' => '0049f767ec4268486addcd99683747eb',
  'sign_type' => 'MD5',
  'query_type' => 'return',
)

2018-06-23 15:28:10 pay-alipay :
------------
String:
array (
  'payment_type' => '1',
  'trade_no' => '2018062321001004230545666188',
  'subject' => '餐饮20180623385813923374',
  'buyer_email' => 'han***@msn.com',
  'gmt_create' => '2018-06-23 15:24:15',
  'notify_type' => 'trade_status_sync',
  'quantity' => '1',
  'out_trade_no' => '2018062315230500001246438321',
  'seller_id' => '2088621957819369',
  'notify_time' => '2018-06-23 15:28:09',
  'body' => '2',
  'trade_status' => 'TRADE_SUCCESS',
  'is_total_fee_adjust' => 'N',
  'total_fee' => '0.10',
  'gmt_payment' => '2018-06-23 15:24:16',
  'seller_email' => 'jin703@outlook.com',
  'price' => '0.10',
  'buyer_id' => '2088002328471230',
  'notify_id' => '2da0d4df606b81df8b191b0be8e3a8ahs1',
  'use_coupon' => 'N',
  'sign_type' => 'MD5',
  'sign' => '1e97eced495b38471569e7c90d6f6ed7',
  'query_type' => 'notify',
)

2018-06-23 15:38:21 pay-alipay :
------------
String:
array (
  'payment_type' => '1',
  'trade_no' => '2018062321001004230545666188',
  'subject' => '餐饮20180623385813923374',
  'buyer_email' => 'han***@msn.com',
  'gmt_create' => '2018-06-23 15:24:15',
  'notify_type' => 'trade_status_sync',
  'quantity' => '1',
  'out_trade_no' => '2018062315230500001246438321',
  'seller_id' => '2088621957819369',
  'notify_time' => '2018-06-23 15:38:21',
  'body' => '2',
  'trade_status' => 'TRADE_SUCCESS',
  'is_total_fee_adjust' => 'N',
  'total_fee' => '0.10',
  'gmt_payment' => '2018-06-23 15:24:16',
  'seller_email' => 'jin703@outlook.com',
  'price' => '0.10',
  'buyer_id' => '2088002328471230',
  'notify_id' => '2da0d4df606b81df8b191b0be8e3a8ahs1',
  'use_coupon' => 'N',
  'sign_type' => 'MD5',
  'sign' => '40bc59edea0c869337f2d9c32c30ffbc',
  'query_type' => 'notify',
)

2018-06-23 15:48:40 trace :
------------
String:
<xml><ToUserName><![CDATA[gh_6ace08fd00cf]]></ToUserName>
<FromUserName><![CDATA[oIP0X0nRmf4w6LhtWw_cwGj7NlyA]]></FromUserName>
<CreateTime>1529740120</CreateTime>
<MsgType><![CDATA[event]]></MsgType>
<Event><![CDATA[TEMPLATESENDJOBFINISH]]></Event>
<MsgID>338024816705650688</MsgID>
<Status><![CDATA[success]]></Status>
</xml>

2018-06-23 15:48:40 params :
------------
String:
array (
  'rule' => -2,
  'module' => '',
  'message' => 
  array (
    'tousername' => 'gh_6ace08fd00cf',
    'fromusername' => 'oIP0X0nRmf4w6LhtWw_cwGj7NlyA',
    'createtime' => '1529740120',
    'msgtype' => 'event',
    'event' => 'TEMPLATESENDJOBFINISH',
    'msgid' => '338024816705650688',
    'status' => 'success',
    'from' => 'oIP0X0nRmf4w6LhtWw_cwGj7NlyA',
    'to' => 'gh_6ace08fd00cf',
    'time' => '1529740120',
    'type' => 'event',
  ),
)

2018-06-23 15:48:40 response :
------------

2018-06-23 15:48:49 pay-alipay :
------------
String:
array (
  'payment_type' => '1',
  'trade_no' => '2018062321001004230545666188',
  'subject' => '餐饮20180623385813923374',
  'buyer_email' => 'han***@msn.com',
  'gmt_create' => '2018-06-23 15:24:15',
  'notify_type' => 'trade_status_sync',
  'quantity' => '1',
  'out_trade_no' => '2018062315230500001246438321',
  'seller_id' => '2088621957819369',
  'notify_time' => '2018-06-23 15:48:48',
  'body' => '2',
  'trade_status' => 'TRADE_SUCCESS',
  'is_total_fee_adjust' => 'N',
  'total_fee' => '0.10',
  'gmt_payment' => '2018-06-23 15:24:16',
  'seller_email' => 'jin703@outlook.com',
  'price' => '0.10',
  'buyer_id' => '2088002328471230',
  'notify_id' => '2da0d4df606b81df8b191b0be8e3a8ahs1',
  'use_coupon' => 'N',
  'sign_type' => 'MD5',
  'sign' => '25a2657d35326c2f961cf9ec9d8dc993',
  'query_type' => 'notify',
)

2018-06-23 15:51:22 trace :
------------
String:
<xml><ToUserName><![CDATA[gh_6ace08fd00cf]]></ToUserName>
<FromUserName><![CDATA[oIP0X0nRmf4w6LhtWw_cwGj7NlyA]]></FromUserName>
<CreateTime>1529740282</CreateTime>
<MsgType><![CDATA[event]]></MsgType>
<Event><![CDATA[VIEW]]></Event>
<EventKey><![CDATA[http://orderamz.oneap.net/app/index.php?i=2&c=entry&eid=2]]></EventKey>
<MenuId>813904688</MenuId>
</xml>

2018-06-23 15:51:22 params :
------------
String:
array (
  'rule' => -2,
  'module' => '',
  'message' => 
  array (
    'tousername' => 'gh_6ace08fd00cf',
    'fromusername' => 'oIP0X0nRmf4w6LhtWw_cwGj7NlyA',
    'createtime' => '1529740282',
    'msgtype' => 'event',
    'event' => 'VIEW',
    'eventkey' => 'http://orderamz.oneap.net/app/index.php?i=2&c=entry&eid=2',
    'menuid' => '813904688',
    'from' => 'oIP0X0nRmf4w6LhtWw_cwGj7NlyA',
    'to' => 'gh_6ace08fd00cf',
    'time' => '1529740282',
    'type' => 'text',
    'content' => 'http://orderamz.oneap.net/app/index.php?i=2&c=entry&eid=2',
    'redirection' => true,
    'source' => 'VIEW',
  ),
)

2018-06-23 15:51:22 response :
------------

2018-06-23 15:51:46 trace :
------------
String:
<xml><ToUserName><![CDATA[gh_6ace08fd00cf]]></ToUserName>
<FromUserName><![CDATA[oIP0X0nRmf4w6LhtWw_cwGj7NlyA]]></FromUserName>
<CreateTime>1529740306</CreateTime>
<MsgType><![CDATA[event]]></MsgType>
<Event><![CDATA[TEMPLATESENDJOBFINISH]]></Event>
<MsgID>338027934264705024</MsgID>
<Status><![CDATA[success]]></Status>
</xml>

2018-06-23 15:51:46 params :
------------
String:
array (
  'rule' => -2,
  'module' => '',
  'message' => 
  array (
    'tousername' => 'gh_6ace08fd00cf',
    'fromusername' => 'oIP0X0nRmf4w6LhtWw_cwGj7NlyA',
    'createtime' => '1529740306',
    'msgtype' => 'event',
    'event' => 'TEMPLATESENDJOBFINISH',
    'msgid' => '338027934264705024',
    'status' => 'success',
    'from' => 'oIP0X0nRmf4w6LhtWw_cwGj7NlyA',
    'to' => 'gh_6ace08fd00cf',
    'time' => '1529740306',
    'type' => 'event',
  ),
)

2018-06-23 15:51:46 response :
------------

2018-06-23 15:51:54 trace :
------------
String:
<xml><ToUserName><![CDATA[gh_6ace08fd00cf]]></ToUserName>
<FromUserName><![CDATA[oIP0X0oF5n7OLu49EpAwdouhzRkU]]></FromUserName>
<CreateTime>1529740314</CreateTime>
<MsgType><![CDATA[event]]></MsgType>
<Event><![CDATA[TEMPLATESENDJOBFINISH]]></Event>
<MsgID>338028074237034497</MsgID>
<Status><![CDATA[success]]></Status>
</xml>

2018-06-23 15:51:54 params :
------------
String:
array (
  'rule' => -2,
  'module' => '',
  'message' => 
  array (
    'tousername' => 'gh_6ace08fd00cf',
    'fromusername' => 'oIP0X0oF5n7OLu49EpAwdouhzRkU',
    'createtime' => '1529740314',
    'msgtype' => 'event',
    'event' => 'TEMPLATESENDJOBFINISH',
    'msgid' => '338028074237034497',
    'status' => 'success',
    'from' => 'oIP0X0oF5n7OLu49EpAwdouhzRkU',
    'to' => 'gh_6ace08fd00cf',
    'time' => '1529740314',
    'type' => 'event',
  ),
)

2018-06-23 15:51:54 response :
------------

2018-06-23 15:53:05 trace :
------------
String:
<xml><ToUserName><![CDATA[gh_6ace08fd00cf]]></ToUserName>
<FromUserName><![CDATA[oIP0X0nRmf4w6LhtWw_cwGj7NlyA]]></FromUserName>
<CreateTime>1529740385</CreateTime>
<MsgType><![CDATA[event]]></MsgType>
<Event><![CDATA[TEMPLATESENDJOBFINISH]]></Event>
<MsgID>338029267449397250</MsgID>
<Status><![CDATA[success]]></Status>
</xml>

2018-06-23 15:53:05 params :
------------
String:
array (
  'rule' => -2,
  'module' => '',
  'message' => 
  array (
    'tousername' => 'gh_6ace08fd00cf',
    'fromusername' => 'oIP0X0nRmf4w6LhtWw_cwGj7NlyA',
    'createtime' => '1529740385',
    'msgtype' => 'event',
    'event' => 'TEMPLATESENDJOBFINISH',
    'msgid' => '338029267449397250',
    'status' => 'success',
    'from' => 'oIP0X0nRmf4w6LhtWw_cwGj7NlyA',
    'to' => 'gh_6ace08fd00cf',
    'time' => '1529740385',
    'type' => 'event',
  ),
)

2018-06-23 15:53:05 response :
------------

2018-06-23 15:53:28 trace :
------------
String:
<xml><ToUserName><![CDATA[gh_6ace08fd00cf]]></ToUserName>
<FromUserName><![CDATA[oIP0X0nRmf4w6LhtWw_cwGj7NlyA]]></FromUserName>
<CreateTime>1529740408</CreateTime>
<MsgType><![CDATA[event]]></MsgType>
<Event><![CDATA[VIEW]]></Event>
<EventKey><![CDATA[http://orderamz.oneap.net/app/index.php?i=2&c=entry&eid=15]]></EventKey>
<MenuId>813904688</MenuId>
</xml>

2018-06-23 15:53:28 params :
------------
String:
array (
  'rule' => -2,
  'module' => '',
  'message' => 
  array (
    'tousername' => 'gh_6ace08fd00cf',
    'fromusername' => 'oIP0X0nRmf4w6LhtWw_cwGj7NlyA',
    'createtime' => '1529740408',
    'msgtype' => 'event',
    'event' => 'VIEW',
    'eventkey' => 'http://orderamz.oneap.net/app/index.php?i=2&c=entry&eid=15',
    'menuid' => '813904688',
    'from' => 'oIP0X0nRmf4w6LhtWw_cwGj7NlyA',
    'to' => 'gh_6ace08fd00cf',
    'time' => '1529740408',
    'type' => 'text',
    'content' => 'http://orderamz.oneap.net/app/index.php?i=2&c=entry&eid=15',
    'redirection' => true,
    'source' => 'VIEW',
  ),
)

2018-06-23 15:53:28 response :
------------

2018-06-23 15:55:28 pay-alipay :
------------
String:
array (
  'payment_type' => '1',
  'trade_no' => '2018062321001004230546898869',
  'subject' => '餐饮20180623404605993794',
  'buyer_email' => 'han***@msn.com',
  'gmt_create' => '2018-06-23 15:55:27',
  'notify_type' => 'trade_status_sync',
  'quantity' => '1',
  'out_trade_no' => '2018062315543500001232885259',
  'seller_id' => '2088621957819369',
  'notify_time' => '2018-06-23 15:55:28',
  'body' => '2',
  'trade_status' => 'TRADE_SUCCESS',
  'is_total_fee_adjust' => 'N',
  'total_fee' => '0.20',
  'gmt_payment' => '2018-06-23 15:55:27',
  'seller_email' => 'jin703@outlook.com',
  'price' => '0.20',
  'buyer_id' => '2088002328471230',
  'notify_id' => '3ea4defaf741bcb5d17a9a27947612ehs1',
  'use_coupon' => 'N',
  'sign_type' => 'MD5',
  'sign' => '5cce1e8c4dcfbc47eeb8c80f6ec33170',
  'query_type' => 'notify',
)

2018-06-23 15:55:30 trace :
------------
String:
<xml><ToUserName><![CDATA[gh_6ace08fd00cf]]></ToUserName>
<FromUserName><![CDATA[oIP0X0nRmf4w6LhtWw_cwGj7NlyA]]></FromUserName>
<CreateTime>1529740530</CreateTime>
<MsgType><![CDATA[event]]></MsgType>
<Event><![CDATA[TEMPLATESENDJOBFINISH]]></Event>
<MsgID>338031693971701760</MsgID>
<Status><![CDATA[success]]></Status>
</xml>

2018-06-23 15:55:30 params :
------------
String:
array (
  'rule' => -2,
  'module' => '',
  'message' => 
  array (
    'tousername' => 'gh_6ace08fd00cf',
    'fromusername' => 'oIP0X0nRmf4w6LhtWw_cwGj7NlyA',
    'createtime' => '1529740530',
    'msgtype' => 'event',
    'event' => 'TEMPLATESENDJOBFINISH',
    'msgid' => '338031693971701760',
    'status' => 'success',
    'from' => 'oIP0X0nRmf4w6LhtWw_cwGj7NlyA',
    'to' => 'gh_6ace08fd00cf',
    'time' => '1529740530',
    'type' => 'event',
  ),
)

2018-06-23 15:55:30 response :
------------

2018-06-23 15:55:31 pay-alipay :
------------
String:
array (
  'body' => '2',
  'is_success' => 'T',
  'notify_id' => 'RqPnCoPT3K9%2Fvwbh3Ih0ElGLSKzRf3jacrn2MGb5dFCrvVQnlP3qWgbBXeUgpxes2VAu',
  'notify_time' => '2018-06-23 15:55:28',
  'notify_type' => 'trade_status_sync',
  'out_trade_no' => '2018062315543500001232885259',
  'payment_type' => '1',
  'seller_id' => '2088621957819369',
  'service' => 'alipay.wap.create.direct.pay.by.user',
  'subject' => '餐饮20180623404605993794',
  'total_fee' => '0.20',
  'trade_no' => '2018062321001004230546898869',
  'trade_status' => 'TRADE_SUCCESS',
  'sign' => 'f41a90a0097622ed1eb85317a8912752',
  'sign_type' => 'MD5',
  'query_type' => 'return',
)

2018-06-23 15:55:35 pay-alipay :
------------
String:
array (
  'body' => '2',
  'is_success' => 'T',
  'notify_id' => 'RqPnCoPT3K9%2Fvwbh3Ih0ElGLSKzQDqzyL%2BRrUC8Jmx%2B0EcraGtvXNzXFOpg8XWCRqsFa',
  'notify_time' => '2018-06-23 15:55:34',
  'notify_type' => 'trade_status_sync',
  'out_trade_no' => '2018062315543500001232885259',
  'payment_type' => '1',
  'seller_id' => '2088621957819369',
  'service' => 'alipay.wap.create.direct.pay.by.user',
  'subject' => '餐饮20180623404605993794',
  'total_fee' => '0.20',
  'trade_no' => '2018062321001004230546898869',
  'trade_status' => 'TRADE_SUCCESS',
  'sign' => '229f75e4cfa2468c9840c6db4a65543f',
  'sign_type' => 'MD5',
  'query_type' => 'return',
)

2018-06-23 15:55:38 trace :
------------
String:
<xml><ToUserName><![CDATA[gh_6ace08fd00cf]]></ToUserName>
<FromUserName><![CDATA[oIP0X0oF5n7OLu49EpAwdouhzRkU]]></FromUserName>
<CreateTime>1529740537</CreateTime>
<MsgType><![CDATA[event]]></MsgType>
<Event><![CDATA[TEMPLATESENDJOBFINISH]]></Event>
<MsgID>338031824146137090</MsgID>
<Status><![CDATA[success]]></Status>
</xml>

2018-06-23 15:55:38 params :
------------
String:
array (
  'rule' => -2,
  'module' => '',
  'message' => 
  array (
    'tousername' => 'gh_6ace08fd00cf',
    'fromusername' => 'oIP0X0oF5n7OLu49EpAwdouhzRkU',
    'createtime' => '1529740537',
    'msgtype' => 'event',
    'event' => 'TEMPLATESENDJOBFINISH',
    'msgid' => '338031824146137090',
    'status' => 'success',
    'from' => 'oIP0X0oF5n7OLu49EpAwdouhzRkU',
    'to' => 'gh_6ace08fd00cf',
    'time' => '1529740537',
    'type' => 'event',
  ),
)

2018-06-23 15:55:38 response :
------------

2018-06-23 15:55:38 pay-alipay :
------------
String:
array (
  'body' => '2',
  'is_success' => 'T',
  'notify_id' => 'RqPnCoPT3K9%2Fvwbh3Ih0ElGLSKzQDaFFVEvOR4P%2Bm4QmBZ7EnsPUamZnTZPvSBoRkK8J',
  'notify_time' => '2018-06-23 15:55:37',
  'notify_type' => 'trade_status_sync',
  'out_trade_no' => '2018062315543500001232885259',
  'payment_type' => '1',
  'seller_id' => '2088621957819369',
  'service' => 'alipay.wap.create.direct.pay.by.user',
  'subject' => '餐饮20180623404605993794',
  'total_fee' => '0.20',
  'trade_no' => '2018062321001004230546898869',
  'trade_status' => 'TRADE_SUCCESS',
  'sign' => 'f74d4d0c0eabe364e363ebd5126522ef',
  'sign_type' => 'MD5',
  'query_type' => 'return',
)

2018-06-23 15:56:34 trace :
------------
String:
<xml><ToUserName><![CDATA[gh_6ace08fd00cf]]></ToUserName>
<FromUserName><![CDATA[oIP0X0nRmf4w6LhtWw_cwGj7NlyA]]></FromUserName>
<CreateTime>1529740594</CreateTime>
<MsgType><![CDATA[event]]></MsgType>
<Event><![CDATA[TEMPLATESENDJOBFINISH]]></Event>
<MsgID>338032768065847298</MsgID>
<Status><![CDATA[success]]></Status>
</xml>

2018-06-23 15:56:34 params :
------------
String:
array (
  'rule' => -2,
  'module' => '',
  'message' => 
  array (
    'tousername' => 'gh_6ace08fd00cf',
    'fromusername' => 'oIP0X0nRmf4w6LhtWw_cwGj7NlyA',
    'createtime' => '1529740594',
    'msgtype' => 'event',
    'event' => 'TEMPLATESENDJOBFINISH',
    'msgid' => '338032768065847298',
    'status' => 'success',
    'from' => 'oIP0X0nRmf4w6LhtWw_cwGj7NlyA',
    'to' => 'gh_6ace08fd00cf',
    'time' => '1529740594',
    'type' => 'event',
  ),
)

2018-06-23 15:56:34 response :
------------

2018-06-23 15:58:40 pay-alipay :
------------
String:
array (
  'payment_type' => '1',
  'trade_no' => '2018062321001004230546064764',
  'subject' => '餐饮20180623343509286368',
  'buyer_email' => 'han***@msn.com',
  'gmt_create' => '2018-06-23 14:34:26',
  'notify_type' => 'trade_status_sync',
  'quantity' => '1',
  'out_trade_no' => '2018062314123500001221823248',
  'seller_id' => '2088621957819369',
  'notify_time' => '2018-06-23 15:58:39',
  'body' => '2',
  'trade_status' => 'TRADE_SUCCESS',
  'is_total_fee_adjust' => 'N',
  'total_fee' => '0.10',
  'gmt_payment' => '2018-06-23 14:34:28',
  'seller_email' => 'jin703@outlook.com',
  'price' => '0.10',
  'buyer_id' => '2088002328471230',
  'notify_id' => '3a0146df2089aebd8198401bc0657f6hs1',
  'use_coupon' => 'N',
  'sign_type' => 'MD5',
  'sign' => '8966103fabbabba76e98563e6f9b2b3a',
  'query_type' => 'notify',
)

2018-06-23 15:59:18 pay-alipay :
------------
String:
array (
  'payment_type' => '1',
  'trade_no' => '2018062321001004230546898869',
  'subject' => '餐饮20180623404605993794',
  'buyer_email' => 'han***@msn.com',
  'gmt_create' => '2018-06-23 15:55:27',
  'notify_type' => 'trade_status_sync',
  'quantity' => '1',
  'out_trade_no' => '2018062315543500001232885259',
  'seller_id' => '2088621957819369',
  'notify_time' => '2018-06-23 15:59:17',
  'body' => '2',
  'trade_status' => 'TRADE_SUCCESS',
  'is_total_fee_adjust' => 'N',
  'total_fee' => '0.20',
  'gmt_payment' => '2018-06-23 15:55:27',
  'seller_email' => 'jin703@outlook.com',
  'price' => '0.20',
  'buyer_id' => '2088002328471230',
  'notify_id' => '3ea4defaf741bcb5d17a9a27947612ehs1',
  'use_coupon' => 'N',
  'sign_type' => 'MD5',
  'sign' => '378b515e31209c9d2f8da7b19a73535f',
  'query_type' => 'notify',
)

2018-06-23 16:00:35 pay-alipay :
------------
String:
array (
  'payment_type' => '1',
  'trade_no' => '2018062321001004230547104613',
  'subject' => '餐饮20180623407706160575',
  'buyer_email' => 'han***@msn.com',
  'gmt_create' => '2018-06-23 16:00:33',
  'notify_type' => 'trade_status_sync',
  'quantity' => '1',
  'out_trade_no' => '2018062315593400001274855106',
  'seller_id' => '2088621957819369',
  'notify_time' => '2018-06-23 16:00:34',
  'body' => '2',
  'trade_status' => 'TRADE_SUCCESS',
  'is_total_fee_adjust' => 'N',
  'total_fee' => '0.10',
  'gmt_payment' => '2018-06-23 16:00:34',
  'seller_email' => 'jin703@outlook.com',
  'price' => '0.10',
  'buyer_id' => '2088002328471230',
  'notify_id' => 'b8b872bdfc476905f2281615dbd57dbhs1',
  'use_coupon' => 'N',
  'sign_type' => 'MD5',
  'sign' => '3b5b0c31ce81dbd630dc60597a7bebe3',
  'query_type' => 'notify',
)

2018-06-23 16:00:36 trace :
------------
String:
<xml><ToUserName><![CDATA[gh_6ace08fd00cf]]></ToUserName>
<FromUserName><![CDATA[oIP0X0nRmf4w6LhtWw_cwGj7NlyA]]></FromUserName>
<CreateTime>1529740836</CreateTime>
<MsgType><![CDATA[event]]></MsgType>
<Event><![CDATA[TEMPLATESENDJOBFINISH]]></Event>
<MsgID>338036835634757632</MsgID>
<Status><![CDATA[success]]></Status>
</xml>

2018-06-23 16:00:36 params :
------------
String:
array (
  'rule' => -2,
  'module' => '',
  'message' => 
  array (
    'tousername' => 'gh_6ace08fd00cf',
    'fromusername' => 'oIP0X0nRmf4w6LhtWw_cwGj7NlyA',
    'createtime' => '1529740836',
    'msgtype' => 'event',
    'event' => 'TEMPLATESENDJOBFINISH',
    'msgid' => '338036835634757632',
    'status' => 'success',
    'from' => 'oIP0X0nRmf4w6LhtWw_cwGj7NlyA',
    'to' => 'gh_6ace08fd00cf',
    'time' => '1529740836',
    'type' => 'event',
  ),
)

2018-06-23 16:00:36 response :
------------

2018-06-23 16:00:37 pay-alipay :
------------
String:
array (
  'body' => '2',
  'is_success' => 'T',
  'notify_id' => 'RqPnCoPT3K9%2Fvwbh3Ih0ElGLSKGBdLgpyLAB3X%2FOngqSu%2B1V%2B6TUXTdR4BCyTKlBANiF',
  'notify_time' => '2018-06-23 16:00:35',
  'notify_type' => 'trade_status_sync',
  'out_trade_no' => '2018062315593400001274855106',
  'payment_type' => '1',
  'seller_id' => '2088621957819369',
  'service' => 'alipay.wap.create.direct.pay.by.user',
  'subject' => '餐饮20180623407706160575',
  'total_fee' => '0.10',
  'trade_no' => '2018062321001004230547104613',
  'trade_status' => 'TRADE_SUCCESS',
  'sign' => '037dc5cc7ab2490dc7ea810089051841',
  'sign_type' => 'MD5',
  'query_type' => 'return',
)

2018-06-23 16:00:45 trace :
------------
String:
<xml><ToUserName><![CDATA[gh_6ace08fd00cf]]></ToUserName>
<FromUserName><![CDATA[oIP0X0oF5n7OLu49EpAwdouhzRkU]]></FromUserName>
<CreateTime>1529740844</CreateTime>
<MsgType><![CDATA[event]]></MsgType>
<Event><![CDATA[TEMPLATESENDJOBFINISH]]></Event>
<MsgID>338036973694484483</MsgID>
<Status><![CDATA[success]]></Status>
</xml>

2018-06-23 16:00:45 params :
------------
String:
array (
  'rule' => -2,
  'module' => '',
  'message' => 
  array (
    'tousername' => 'gh_6ace08fd00cf',
    'fromusername' => 'oIP0X0oF5n7OLu49EpAwdouhzRkU',
    'createtime' => '1529740844',
    'msgtype' => 'event',
    'event' => 'TEMPLATESENDJOBFINISH',
    'msgid' => '338036973694484483',
    'status' => 'success',
    'from' => 'oIP0X0oF5n7OLu49EpAwdouhzRkU',
    'to' => 'gh_6ace08fd00cf',
    'time' => '1529740844',
    'type' => 'event',
  ),
)

2018-06-23 16:00:45 response :
------------

2018-06-23 16:00:48 pay-alipay :
------------
String:
array (
  'body' => '2',
  'is_success' => 'T',
  'notify_id' => 'RqPnCoPT3K9%2Fvwbh3Ih0ElGLSKGGU5vL92emQyRkBpbLKR%2B7z4sP3izaDWLfTLn9kshx',
  'notify_time' => '2018-06-23 16:00:40',
  'notify_type' => 'trade_status_sync',
  'out_trade_no' => '2018062315593400001274855106',
  'payment_type' => '1',
  'seller_id' => '2088621957819369',
  'service' => 'alipay.wap.create.direct.pay.by.user',
  'subject' => '餐饮20180623407706160575',
  'total_fee' => '0.10',
  'trade_no' => '2018062321001004230547104613',
  'trade_status' => 'TRADE_SUCCESS',
  'sign' => 'bef5e5f45f8dead631a352e34bc38e14',
  'sign_type' => 'MD5',
  'query_type' => 'return',
)

2018-06-23 16:01:29 trace :
------------
String:
<xml><ToUserName><![CDATA[gh_6ace08fd00cf]]></ToUserName>
<FromUserName><![CDATA[oIP0X0nRmf4w6LhtWw_cwGj7NlyA]]></FromUserName>
<CreateTime>1529740889</CreateTime>
<MsgType><![CDATA[event]]></MsgType>
<Event><![CDATA[VIEW]]></Event>
<EventKey><![CDATA[http://orderamz.oneap.net/app/index.php?i=2&c=entry&eid=2]]></EventKey>
<MenuId>813904688</MenuId>
</xml>

2018-06-23 16:01:29 params :
------------
String:
array (
  'rule' => -2,
  'module' => '',
  'message' => 
  array (
    'tousername' => 'gh_6ace08fd00cf',
    'fromusername' => 'oIP0X0nRmf4w6LhtWw_cwGj7NlyA',
    'createtime' => '1529740889',
    'msgtype' => 'event',
    'event' => 'VIEW',
    'eventkey' => 'http://orderamz.oneap.net/app/index.php?i=2&c=entry&eid=2',
    'menuid' => '813904688',
    'from' => 'oIP0X0nRmf4w6LhtWw_cwGj7NlyA',
    'to' => 'gh_6ace08fd00cf',
    'time' => '1529740889',
    'type' => 'text',
    'content' => 'http://orderamz.oneap.net/app/index.php?i=2&c=entry&eid=2',
    'redirection' => true,
    'source' => 'VIEW',
  ),
)

2018-06-23 16:01:29 response :
------------

2018-06-23 16:03:15 pay-alipay :
------------
String:
array (
  'payment_type' => '1',
  'trade_no' => '2018062321001004230545185369',
  'subject' => '餐饮20180623409424990976',
  'buyer_email' => 'han***@msn.com',
  'gmt_create' => '2018-06-23 16:03:13',
  'notify_type' => 'trade_status_sync',
  'quantity' => '1',
  'out_trade_no' => '2018062316022900001255620982',
  'seller_id' => '2088621957819369',
  'notify_time' => '2018-06-23 16:03:14',
  'body' => '2',
  'trade_status' => 'TRADE_SUCCESS',
  'is_total_fee_adjust' => 'N',
  'total_fee' => '0.20',
  'gmt_payment' => '2018-06-23 16:03:14',
  'seller_email' => 'jin703@outlook.com',
  'price' => '0.20',
  'buyer_id' => '2088002328471230',
  'notify_id' => '61ce0e573fff89757b8e65fa77e0b83hs1',
  'use_coupon' => 'N',
  'sign_type' => 'MD5',
  'sign' => '56131ce60eee8694a61a6cf5273f3add',
  'query_type' => 'notify',
)

2018-06-23 16:03:17 pay-alipay :
------------
String:
array (
  'body' => '2',
  'is_success' => 'T',
  'notify_id' => 'RqPnCoPT3K9%2Fvwbh3Ih0ElGLSKCG9t9NR6aS%2FcJVyw%2B6Ew6Q2%2Bh1uw2YVHd3C94%2BjOFg',
  'notify_time' => '2018-06-23 16:03:15',
  'notify_type' => 'trade_status_sync',
  'out_trade_no' => '2018062316022900001255620982',
  'payment_type' => '1',
  'seller_id' => '2088621957819369',
  'service' => 'alipay.wap.create.direct.pay.by.user',
  'subject' => '餐饮20180623409424990976',
  'total_fee' => '0.20',
  'trade_no' => '2018062321001004230545185369',
  'trade_status' => 'TRADE_SUCCESS',
  'sign' => '00f8d22cb308a888228e7e917986b0f9',
  'sign_type' => 'MD5',
  'query_type' => 'return',
)

2018-06-23 16:03:17 trace :
------------
String:
<xml><ToUserName><![CDATA[gh_6ace08fd00cf]]></ToUserName>
<FromUserName><![CDATA[oIP0X0nRmf4w6LhtWw_cwGj7NlyA]]></FromUserName>
<CreateTime>1529740997</CreateTime>
<MsgType><![CDATA[event]]></MsgType>
<Event><![CDATA[TEMPLATESENDJOBFINISH]]></Event>
<MsgID>338039536464543745</MsgID>
<Status><![CDATA[success]]></Status>
</xml>

2018-06-23 16:03:17 params :
------------
String:
array (
  'rule' => -2,
  'module' => '',
  'message' => 
  array (
    'tousername' => 'gh_6ace08fd00cf',
    'fromusername' => 'oIP0X0nRmf4w6LhtWw_cwGj7NlyA',
    'createtime' => '1529740997',
    'msgtype' => 'event',
    'event' => 'TEMPLATESENDJOBFINISH',
    'msgid' => '338039536464543745',
    'status' => 'success',
    'from' => 'oIP0X0nRmf4w6LhtWw_cwGj7NlyA',
    'to' => 'gh_6ace08fd00cf',
    'time' => '1529740997',
    'type' => 'event',
  ),
)

2018-06-23 16:03:17 response :
------------

2018-06-23 16:03:27 trace :
------------
String:
<xml><ToUserName><![CDATA[gh_6ace08fd00cf]]></ToUserName>
<FromUserName><![CDATA[oIP0X0oF5n7OLu49EpAwdouhzRkU]]></FromUserName>
<CreateTime>1529741007</CreateTime>
<MsgType><![CDATA[event]]></MsgType>
<Event><![CDATA[TEMPLATESENDJOBFINISH]]></Event>
<MsgID>338039703364304898</MsgID>
<Status><![CDATA[success]]></Status>
</xml>

2018-06-23 16:03:27 params :
------------
String:
array (
  'rule' => -2,
  'module' => '',
  'message' => 
  array (
    'tousername' => 'gh_6ace08fd00cf',
    'fromusername' => 'oIP0X0oF5n7OLu49EpAwdouhzRkU',
    'createtime' => '1529741007',
    'msgtype' => 'event',
    'event' => 'TEMPLATESENDJOBFINISH',
    'msgid' => '338039703364304898',
    'status' => 'success',
    'from' => 'oIP0X0oF5n7OLu49EpAwdouhzRkU',
    'to' => 'gh_6ace08fd00cf',
    'time' => '1529741007',
    'type' => 'event',
  ),
)

2018-06-23 16:03:27 response :
------------

2018-06-23 16:04:12 pay-alipay :
------------
String:
array (
  'payment_type' => '1',
  'trade_no' => '2018062321001004230547104613',
  'subject' => '餐饮20180623407706160575',
  'buyer_email' => 'han***@msn.com',
  'gmt_create' => '2018-06-23 16:00:33',
  'notify_type' => 'trade_status_sync',
  'quantity' => '1',
  'out_trade_no' => '2018062315593400001274855106',
  'seller_id' => '2088621957819369',
  'notify_time' => '2018-06-23 16:04:12',
  'body' => '2',
  'trade_status' => 'TRADE_SUCCESS',
  'is_total_fee_adjust' => 'N',
  'total_fee' => '0.10',
  'gmt_payment' => '2018-06-23 16:00:34',
  'seller_email' => 'jin703@outlook.com',
  'price' => '0.10',
  'buyer_id' => '2088002328471230',
  'notify_id' => 'b8b872bdfc476905f2281615dbd57dbhs1',
  'use_coupon' => 'N',
  'sign_type' => 'MD5',
  'sign' => '359383673ca0b1d2d3ffadd96299f549',
  'query_type' => 'notify',
)

2018-06-23 16:07:09 pay-alipay :
------------
String:
array (
  'payment_type' => '1',
  'trade_no' => '2018062321001004230545185369',
  'subject' => '餐饮20180623409424990976',
  'buyer_email' => 'han***@msn.com',
  'gmt_create' => '2018-06-23 16:03:13',
  'notify_type' => 'trade_status_sync',
  'quantity' => '1',
  'out_trade_no' => '2018062316022900001255620982',
  'seller_id' => '2088621957819369',
  'notify_time' => '2018-06-23 16:07:08',
  'body' => '2',
  'trade_status' => 'TRADE_SUCCESS',
  'is_total_fee_adjust' => 'N',
  'total_fee' => '0.20',
  'gmt_payment' => '2018-06-23 16:03:14',
  'seller_email' => 'jin703@outlook.com',
  'price' => '0.20',
  'buyer_id' => '2088002328471230',
  'notify_id' => '61ce0e573fff89757b8e65fa77e0b83hs1',
  'use_coupon' => 'N',
  'sign_type' => 'MD5',
  'sign' => '29c5253b2ac1507fdefc9bb1bd090153',
  'query_type' => 'notify',
)

2018-06-23 16:08:10 trace :
------------
String:
<xml><ToUserName><![CDATA[gh_6ace08fd00cf]]></ToUserName>
<FromUserName><![CDATA[oIP0X0nRmf4w6LhtWw_cwGj7NlyA]]></FromUserName>
<CreateTime>1529741290</CreateTime>
<MsgType><![CDATA[event]]></MsgType>
<Event><![CDATA[TEMPLATESENDJOBFINISH]]></Event>
<MsgID>338044450024570880</MsgID>
<Status><![CDATA[success]]></Status>
</xml>

2018-06-23 16:08:10 params :
------------
String:
array (
  'rule' => -2,
  'module' => '',
  'message' => 
  array (
    'tousername' => 'gh_6ace08fd00cf',
    'fromusername' => 'oIP0X0nRmf4w6LhtWw_cwGj7NlyA',
    'createtime' => '1529741290',
    'msgtype' => 'event',
    'event' => 'TEMPLATESENDJOBFINISH',
    'msgid' => '338044450024570880',
    'status' => 'success',
    'from' => 'oIP0X0nRmf4w6LhtWw_cwGj7NlyA',
    'to' => 'gh_6ace08fd00cf',
    'time' => '1529741290',
    'type' => 'event',
  ),
)

2018-06-23 16:08:10 response :
------------

2018-06-23 16:09:31 pay-alipay :
------------
String:
array (
  'payment_type' => '1',
  'trade_no' => '2018062321001004230546898869',
  'subject' => '餐饮20180623404605993794',
  'buyer_email' => 'han***@msn.com',
  'gmt_create' => '2018-06-23 15:55:27',
  'notify_type' => 'trade_status_sync',
  'quantity' => '1',
  'out_trade_no' => '2018062315543500001232885259',
  'seller_id' => '2088621957819369',
  'notify_time' => '2018-06-23 16:09:30',
  'body' => '2',
  'trade_status' => 'TRADE_SUCCESS',
  'is_total_fee_adjust' => 'N',
  'total_fee' => '0.20',
  'gmt_payment' => '2018-06-23 15:55:27',
  'seller_email' => 'jin703@outlook.com',
  'price' => '0.20',
  'buyer_id' => '2088002328471230',
  'notify_id' => '3ea4defaf741bcb5d17a9a27947612ehs1',
  'use_coupon' => 'N',
  'sign_type' => 'MD5',
  'sign' => 'fdd4cadfddfd8cabbcef2f098e9fa8dc',
  'query_type' => 'notify',
)

2018-06-23 16:14:03 trace :
------------
String:
<xml><ToUserName><![CDATA[gh_6ace08fd00cf]]></ToUserName>
<FromUserName><![CDATA[oIP0X0nRmf4w6LhtWw_cwGj7NlyA]]></FromUserName>
<CreateTime>1529741642</CreateTime>
<MsgType><![CDATA[event]]></MsgType>
<Event><![CDATA[TEMPLATESENDJOBFINISH]]></Event>
<MsgID>338050362214825985</MsgID>
<Status><![CDATA[success]]></Status>
</xml>

2018-06-23 16:14:03 params :
------------
String:
array (
  'rule' => -2,
  'module' => '',
  'message' => 
  array (
    'tousername' => 'gh_6ace08fd00cf',
    'fromusername' => 'oIP0X0nRmf4w6LhtWw_cwGj7NlyA',
    'createtime' => '1529741642',
    'msgtype' => 'event',
    'event' => 'TEMPLATESENDJOBFINISH',
    'msgid' => '338050362214825985',
    'status' => 'success',
    'from' => 'oIP0X0nRmf4w6LhtWw_cwGj7NlyA',
    'to' => 'gh_6ace08fd00cf',
    'time' => '1529741642',
    'type' => 'event',
  ),
)

2018-06-23 16:14:03 response :
------------

2018-06-23 16:14:03 trace :
------------
String:
<xml><ToUserName><![CDATA[gh_6ace08fd00cf]]></ToUserName>
<FromUserName><![CDATA[oIP0X0nRmf4w6LhtWw_cwGj7NlyA]]></FromUserName>
<CreateTime>1529741643</CreateTime>
<MsgType><![CDATA[event]]></MsgType>
<Event><![CDATA[TEMPLATESENDJOBFINISH]]></Event>
<MsgID>338050370620211202</MsgID>
<Status><![CDATA[success]]></Status>
</xml>

2018-06-23 16:14:03 params :
------------
String:
array (
  'rule' => -2,
  'module' => '',
  'message' => 
  array (
    'tousername' => 'gh_6ace08fd00cf',
    'fromusername' => 'oIP0X0nRmf4w6LhtWw_cwGj7NlyA',
    'createtime' => '1529741643',
    'msgtype' => 'event',
    'event' => 'TEMPLATESENDJOBFINISH',
    'msgid' => '338050370620211202',
    'status' => 'success',
    'from' => 'oIP0X0nRmf4w6LhtWw_cwGj7NlyA',
    'to' => 'gh_6ace08fd00cf',
    'time' => '1529741643',
    'type' => 'event',
  ),
)

2018-06-23 16:14:03 response :
------------

2018-06-23 16:14:36 pay-alipay :
------------
String:
array (
  'payment_type' => '1',
  'trade_no' => '2018062321001004230547104613',
  'subject' => '餐饮20180623407706160575',
  'buyer_email' => 'han***@msn.com',
  'gmt_create' => '2018-06-23 16:00:33',
  'notify_type' => 'trade_status_sync',
  'quantity' => '1',
  'out_trade_no' => '2018062315593400001274855106',
  'seller_id' => '2088621957819369',
  'notify_time' => '2018-06-23 16:14:35',
  'body' => '2',
  'trade_status' => 'TRADE_SUCCESS',
  'is_total_fee_adjust' => 'N',
  'total_fee' => '0.10',
  'gmt_payment' => '2018-06-23 16:00:34',
  'seller_email' => 'jin703@outlook.com',
  'price' => '0.10',
  'buyer_id' => '2088002328471230',
  'notify_id' => 'b8b872bdfc476905f2281615dbd57dbhs1',
  'use_coupon' => 'N',
  'sign_type' => 'MD5',
  'sign' => 'bea7aedc07689aee9f1c5894fdb9d454',
  'query_type' => 'notify',
)

2018-06-23 16:16:07 trace :
------------
String:
<xml><ToUserName><![CDATA[gh_6ace08fd00cf]]></ToUserName>
<FromUserName><![CDATA[oIP0X0nRmf4w6LhtWw_cwGj7NlyA]]></FromUserName>
<CreateTime>1529741767</CreateTime>
<MsgType><![CDATA[event]]></MsgType>
<Event><![CDATA[VIEW]]></Event>
<EventKey><![CDATA[http://orderamz.oneap.net/app/index.php?i=2&c=entry&eid=15]]></EventKey>
<MenuId>813904688</MenuId>
</xml>

2018-06-23 16:16:07 params :
------------
String:
array (
  'rule' => -2,
  'module' => '',
  'message' => 
  array (
    'tousername' => 'gh_6ace08fd00cf',
    'fromusername' => 'oIP0X0nRmf4w6LhtWw_cwGj7NlyA',
    'createtime' => '1529741767',
    'msgtype' => 'event',
    'event' => 'VIEW',
    'eventkey' => 'http://orderamz.oneap.net/app/index.php?i=2&c=entry&eid=15',
    'menuid' => '813904688',
    'from' => 'oIP0X0nRmf4w6LhtWw_cwGj7NlyA',
    'to' => 'gh_6ace08fd00cf',
    'time' => '1529741767',
    'type' => 'text',
    'content' => 'http://orderamz.oneap.net/app/index.php?i=2&c=entry&eid=15',
    'redirection' => true,
    'source' => 'VIEW',
  ),
)

2018-06-23 16:16:07 response :
------------

2018-06-23 16:17:05 pay-alipay :
------------
String:
array (
  'payment_type' => '1',
  'trade_no' => '2018062321001004230545185369',
  'subject' => '餐饮20180623409424990976',
  'buyer_email' => 'han***@msn.com',
  'gmt_create' => '2018-06-23 16:03:13',
  'notify_type' => 'trade_status_sync',
  'quantity' => '1',
  'out_trade_no' => '2018062316022900001255620982',
  'seller_id' => '2088621957819369',
  'notify_time' => '2018-06-23 16:17:04',
  'body' => '2',
  'trade_status' => 'TRADE_SUCCESS',
  'is_total_fee_adjust' => 'N',
  'total_fee' => '0.20',
  'gmt_payment' => '2018-06-23 16:03:14',
  'seller_email' => 'jin703@outlook.com',
  'price' => '0.20',
  'buyer_id' => '2088002328471230',
  'notify_id' => '61ce0e573fff89757b8e65fa77e0b83hs1',
  'use_coupon' => 'N',
  'sign_type' => 'MD5',
  'sign' => '21faaa8df39a562925a89171c3558d3f',
  'query_type' => 'notify',
)

2018-06-23 16:18:25 pay-alipay :
------------
String:
array (
  'payment_type' => '1',
  'trade_no' => '2018062321001004230547104820',
  'subject' => '餐饮20180623418539316573',
  'buyer_email' => 'han***@msn.com',
  'gmt_create' => '2018-06-23 16:18:24',
  'notify_type' => 'trade_status_sync',
  'quantity' => '1',
  'out_trade_no' => '2018062316174000001228384787',
  'seller_id' => '2088621957819369',
  'notify_time' => '2018-06-23 16:18:25',
  'body' => '2',
  'trade_status' => 'TRADE_SUCCESS',
  'is_total_fee_adjust' => 'N',
  'total_fee' => '0.10',
  'gmt_payment' => '2018-06-23 16:18:24',
  'seller_email' => 'jin703@outlook.com',
  'price' => '0.10',
  'buyer_id' => '2088002328471230',
  'notify_id' => '396a20ed06c7eaf66b3aebd95410d39hs1',
  'use_coupon' => 'N',
  'sign_type' => 'MD5',
  'sign' => 'fce87a2658683a5df62731d9d03253eb',
  'query_type' => 'notify',
)

2018-06-23 16:18:27 trace :
------------
String:
<xml><ToUserName><![CDATA[gh_6ace08fd00cf]]></ToUserName>
<FromUserName><![CDATA[oIP0X0nRmf4w6LhtWw_cwGj7NlyA]]></FromUserName>
<CreateTime>1529741907</CreateTime>
<MsgType><![CDATA[event]]></MsgType>
<Event><![CDATA[TEMPLATESENDJOBFINISH]]></Event>
<MsgID>338054795443159041</MsgID>
<Status><![CDATA[success]]></Status>
</xml>

2018-06-23 16:18:27 params :
------------
String:
array (
  'rule' => -2,
  'module' => '',
  'message' => 
  array (
    'tousername' => 'gh_6ace08fd00cf',
    'fromusername' => 'oIP0X0nRmf4w6LhtWw_cwGj7NlyA',
    'createtime' => '1529741907',
    'msgtype' => 'event',
    'event' => 'TEMPLATESENDJOBFINISH',
    'msgid' => '338054795443159041',
    'status' => 'success',
    'from' => 'oIP0X0nRmf4w6LhtWw_cwGj7NlyA',
    'to' => 'gh_6ace08fd00cf',
    'time' => '1529741907',
    'type' => 'event',
  ),
)

2018-06-23 16:18:27 response :
------------

2018-06-23 16:18:34 pay-alipay :
------------
String:
array (
  'body' => '2',
  'is_success' => 'T',
  'notify_id' => 'RqPnCoPT3K9%2Fvwbh3Ih0ElGLSUIuG1DU6emExz08i0xI3AwlHf4JJX9eLjgJSQwbT%2F39',
  'notify_time' => '2018-06-23 16:18:25',
  'notify_type' => 'trade_status_sync',
  'out_trade_no' => '2018062316174000001228384787',
  'payment_type' => '1',
  'seller_id' => '2088621957819369',
  'service' => 'alipay.wap.create.direct.pay.by.user',
  'subject' => '餐饮20180623418539316573',
  'total_fee' => '0.10',
  'trade_no' => '2018062321001004230547104820',
  'trade_status' => 'TRADE_SUCCESS',
  'sign' => '88fcc93ca3a57df937465838f43ae818',
  'sign_type' => 'MD5',
  'query_type' => 'return',
)

2018-06-23 16:18:36 trace :
------------
String:
<xml><ToUserName><![CDATA[gh_6ace08fd00cf]]></ToUserName>
<FromUserName><![CDATA[oIP0X0oF5n7OLu49EpAwdouhzRkU]]></FromUserName>
<CreateTime>1529741916</CreateTime>
<MsgType><![CDATA[event]]></MsgType>
<Event><![CDATA[TEMPLATESENDJOBFINISH]]></Event>
<MsgID>338054950649200643</MsgID>
<Status><![CDATA[success]]></Status>
</xml>

2018-06-23 16:18:36 params :
------------
String:
array (
  'rule' => -2,
  'module' => '',
  'message' => 
  array (
    'tousername' => 'gh_6ace08fd00cf',
    'fromusername' => 'oIP0X0oF5n7OLu49EpAwdouhzRkU',
    'createtime' => '1529741916',
    'msgtype' => 'event',
    'event' => 'TEMPLATESENDJOBFINISH',
    'msgid' => '338054950649200643',
    'status' => 'success',
    'from' => 'oIP0X0oF5n7OLu49EpAwdouhzRkU',
    'to' => 'gh_6ace08fd00cf',
    'time' => '1529741916',
    'type' => 'event',
  ),
)

2018-06-23 16:18:36 response :
------------

2018-06-23 16:19:18 pay-alipay :
------------
String:
array (
  'payment_type' => '1',
  'trade_no' => '2018062321001004230546898869',
  'subject' => '餐饮20180623404605993794',
  'buyer_email' => 'han***@msn.com',
  'gmt_create' => '2018-06-23 15:55:27',
  'notify_type' => 'trade_status_sync',
  'quantity' => '1',
  'out_trade_no' => '2018062315543500001232885259',
  'seller_id' => '2088621957819369',
  'notify_time' => '2018-06-23 16:19:17',
  'body' => '2',
  'trade_status' => 'TRADE_SUCCESS',
  'is_total_fee_adjust' => 'N',
  'total_fee' => '0.20',
  'gmt_payment' => '2018-06-23 15:55:27',
  'seller_email' => 'jin703@outlook.com',
  'price' => '0.20',
  'buyer_id' => '2088002328471230',
  'notify_id' => '3ea4defaf741bcb5d17a9a27947612ehs1',
  'use_coupon' => 'N',
  'sign_type' => 'MD5',
  'sign' => 'e221a9439e8c95031241de6f8892409b',
  'query_type' => 'notify',
)

2018-06-23 16:19:42 trace :
------------
String:
<xml><ToUserName><![CDATA[gh_6ace08fd00cf]]></ToUserName>
<FromUserName><![CDATA[oIP0X0nRmf4w6LhtWw_cwGj7NlyA]]></FromUserName>
<CreateTime>1529741982</CreateTime>
<MsgType><![CDATA[event]]></MsgType>
<Event><![CDATA[VIEW]]></Event>
<EventKey><![CDATA[http://orderamz.oneap.net/app/index.php?i=2&c=entry&eid=2]]></EventKey>
<MenuId>813904688</MenuId>
</xml>

2018-06-23 16:19:42 params :
------------
String:
array (
  'rule' => -2,
  'module' => '',
  'message' => 
  array (
    'tousername' => 'gh_6ace08fd00cf',
    'fromusername' => 'oIP0X0nRmf4w6LhtWw_cwGj7NlyA',
    'createtime' => '1529741982',
    'msgtype' => 'event',
    'event' => 'VIEW',
    'eventkey' => 'http://orderamz.oneap.net/app/index.php?i=2&c=entry&eid=2',
    'menuid' => '813904688',
    'from' => 'oIP0X0nRmf4w6LhtWw_cwGj7NlyA',
    'to' => 'gh_6ace08fd00cf',
    'time' => '1529741982',
    'type' => 'text',
    'content' => 'http://orderamz.oneap.net/app/index.php?i=2&c=entry&eid=2',
    'redirection' => true,
    'source' => 'VIEW',
  ),
)

2018-06-23 16:19:42 response :
------------

2018-06-23 16:21:50 trace :
------------
String:
<xml><ToUserName><![CDATA[gh_6ace08fd00cf]]></ToUserName>
<FromUserName><![CDATA[oIP0X0nRmf4w6LhtWw_cwGj7NlyA]]></FromUserName>
<CreateTime>1529742109</CreateTime>
<MsgType><![CDATA[event]]></MsgType>
<Event><![CDATA[VIEW]]></Event>
<EventKey><![CDATA[http://orderamz.oneap.net/app/index.php?i=2&c=entry&eid=2]]></EventKey>
<MenuId>813904688</MenuId>
</xml>

2018-06-23 16:21:50 params :
------------
String:
array (
  'rule' => -2,
  'module' => '',
  'message' => 
  array (
    'tousername' => 'gh_6ace08fd00cf',
    'fromusername' => 'oIP0X0nRmf4w6LhtWw_cwGj7NlyA',
    'createtime' => '1529742109',
    'msgtype' => 'event',
    'event' => 'VIEW',
    'eventkey' => 'http://orderamz.oneap.net/app/index.php?i=2&c=entry&eid=2',
    'menuid' => '813904688',
    'from' => 'oIP0X0nRmf4w6LhtWw_cwGj7NlyA',
    'to' => 'gh_6ace08fd00cf',
    'time' => '1529742109',
    'type' => 'text',
    'content' => 'http://orderamz.oneap.net/app/index.php?i=2&c=entry&eid=2',
    'redirection' => true,
    'source' => 'VIEW',
  ),
)

2018-06-23 16:21:50 response :
------------

2018-06-23 16:22:02 pay-alipay :
------------
String:
array (
  'payment_type' => '1',
  'trade_no' => '2018062321001004230547104820',
  'subject' => '餐饮20180623418539316573',
  'buyer_email' => 'han***@msn.com',
  'gmt_create' => '2018-06-23 16:18:24',
  'notify_type' => 'trade_status_sync',
  'quantity' => '1',
  'out_trade_no' => '2018062316174000001228384787',
  'seller_id' => '2088621957819369',
  'notify_time' => '2018-06-23 16:22:01',
  'body' => '2',
  'trade_status' => 'TRADE_SUCCESS',
  'is_total_fee_adjust' => 'N',
  'total_fee' => '0.10',
  'gmt_payment' => '2018-06-23 16:18:24',
  'seller_email' => 'jin703@outlook.com',
  'price' => '0.10',
  'buyer_id' => '2088002328471230',
  'notify_id' => '396a20ed06c7eaf66b3aebd95410d39hs1',
  'use_coupon' => 'N',
  'sign_type' => 'MD5',
  'sign' => '8eb8efe0c4f7850108d25ed8195495a6',
  'query_type' => 'notify',
)

2018-06-23 16:22:16 trace :
------------
String:
<xml><ToUserName><![CDATA[gh_6ace08fd00cf]]></ToUserName>
<FromUserName><![CDATA[oIP0X0nRmf4w6LhtWw_cwGj7NlyA]]></FromUserName>
<CreateTime>1529742136</CreateTime>
<MsgType><![CDATA[event]]></MsgType>
<Event><![CDATA[VIEW]]></Event>
<EventKey><![CDATA[http://orderamz.oneap.net/app/index.php?i=2&c=entry&eid=15]]></EventKey>
<MenuId>813904688</MenuId>
</xml>

2018-06-23 16:22:16 params :
------------
String:
array (
  'rule' => -2,
  'module' => '',
  'message' => 
  array (
    'tousername' => 'gh_6ace08fd00cf',
    'fromusername' => 'oIP0X0nRmf4w6LhtWw_cwGj7NlyA',
    'createtime' => '1529742136',
    'msgtype' => 'event',
    'event' => 'VIEW',
    'eventkey' => 'http://orderamz.oneap.net/app/index.php?i=2&c=entry&eid=15',
    'menuid' => '813904688',
    'from' => 'oIP0X0nRmf4w6LhtWw_cwGj7NlyA',
    'to' => 'gh_6ace08fd00cf',
    'time' => '1529742136',
    'type' => 'text',
    'content' => 'http://orderamz.oneap.net/app/index.php?i=2&c=entry&eid=15',
    'redirection' => true,
    'source' => 'VIEW',
  ),
)

2018-06-23 16:22:16 response :
------------

2018-06-23 16:23:32 trace :
------------
String:
<xml><ToUserName><![CDATA[gh_6ace08fd00cf]]></ToUserName>
<FromUserName><![CDATA[oIP0X0nRmf4w6LhtWw_cwGj7NlyA]]></FromUserName>
<CreateTime>1529742212</CreateTime>
<MsgType><![CDATA[event]]></MsgType>
<Event><![CDATA[TEMPLATESENDJOBFINISH]]></Event>
<MsgID>338059923265011713</MsgID>
<Status><![CDATA[success]]></Status>
</xml>

2018-06-23 16:23:32 params :
------------
String:
array (
  'rule' => -2,
  'module' => '',
  'message' => 
  array (
    'tousername' => 'gh_6ace08fd00cf',
    'fromusername' => 'oIP0X0nRmf4w6LhtWw_cwGj7NlyA',
    'createtime' => '1529742212',
    'msgtype' => 'event',
    'event' => 'TEMPLATESENDJOBFINISH',
    'msgid' => '338059923265011713',
    'status' => 'success',
    'from' => 'oIP0X0nRmf4w6LhtWw_cwGj7NlyA',
    'to' => 'gh_6ace08fd00cf',
    'time' => '1529742212',
    'type' => 'event',
  ),
)

2018-06-23 16:23:32 response :
------------

2018-06-23 16:23:42 trace :
------------
String:
<xml><ToUserName><![CDATA[gh_6ace08fd00cf]]></ToUserName>
<FromUserName><![CDATA[oIP0X0oF5n7OLu49EpAwdouhzRkU]]></FromUserName>
<CreateTime>1529742222</CreateTime>
<MsgType><![CDATA[event]]></MsgType>
<Event><![CDATA[TEMPLATESENDJOBFINISH]]></Event>
<MsgID>338060078840152065</MsgID>
<Status><![CDATA[success]]></Status>
</xml>

2018-06-23 16:23:42 params :
------------
String:
array (
  'rule' => -2,
  'module' => '',
  'message' => 
  array (
    'tousername' => 'gh_6ace08fd00cf',
    'fromusername' => 'oIP0X0oF5n7OLu49EpAwdouhzRkU',
    'createtime' => '1529742222',
    'msgtype' => 'event',
    'event' => 'TEMPLATESENDJOBFINISH',
    'msgid' => '338060078840152065',
    'status' => 'success',
    'from' => 'oIP0X0oF5n7OLu49EpAwdouhzRkU',
    'to' => 'gh_6ace08fd00cf',
    'time' => '1529742222',
    'type' => 'event',
  ),
)

2018-06-23 16:23:42 response :
------------

2018-06-23 16:24:46 pay-alipay :
------------
String:
array (
  'payment_type' => '1',
  'trade_no' => '2018062321001004230547104613',
  'subject' => '餐饮20180623407706160575',
  'buyer_email' => 'han***@msn.com',
  'gmt_create' => '2018-06-23 16:00:33',
  'notify_type' => 'trade_status_sync',
  'quantity' => '1',
  'out_trade_no' => '2018062315593400001274855106',
  'seller_id' => '2088621957819369',
  'notify_time' => '2018-06-23 16:24:45',
  'body' => '2',
  'trade_status' => 'TRADE_SUCCESS',
  'is_total_fee_adjust' => 'N',
  'total_fee' => '0.10',
  'gmt_payment' => '2018-06-23 16:00:34',
  'seller_email' => 'jin703@outlook.com',
  'price' => '0.10',
  'buyer_id' => '2088002328471230',
  'notify_id' => 'b8b872bdfc476905f2281615dbd57dbhs1',
  'use_coupon' => 'N',
  'sign_type' => 'MD5',
  'sign' => '58f446beec582cfbb31b0ed939d607be',
  'query_type' => 'notify',
)

2018-06-23 16:26:42 trace :
------------
String:
<xml><ToUserName><![CDATA[gh_6ace08fd00cf]]></ToUserName>
<FromUserName><![CDATA[oIP0X0nRmf4w6LhtWw_cwGj7NlyA]]></FromUserName>
<CreateTime>1529742402</CreateTime>
<MsgType><![CDATA[event]]></MsgType>
<Event><![CDATA[TEMPLATESENDJOBFINISH]]></Event>
<MsgID>338063108872454144</MsgID>
<Status><![CDATA[success]]></Status>
</xml>

2018-06-23 16:26:42 params :
------------
String:
array (
  'rule' => -2,
  'module' => '',
  'message' => 
  array (
    'tousername' => 'gh_6ace08fd00cf',
    'fromusername' => 'oIP0X0nRmf4w6LhtWw_cwGj7NlyA',
    'createtime' => '1529742402',
    'msgtype' => 'event',
    'event' => 'TEMPLATESENDJOBFINISH',
    'msgid' => '338063108872454144',
    'status' => 'success',
    'from' => 'oIP0X0nRmf4w6LhtWw_cwGj7NlyA',
    'to' => 'gh_6ace08fd00cf',
    'time' => '1529742402',
    'type' => 'event',
  ),
)

2018-06-23 16:26:42 response :
------------

2018-06-23 16:26:50 trace :
------------
String:
<xml><ToUserName><![CDATA[gh_6ace08fd00cf]]></ToUserName>
<FromUserName><![CDATA[oIP0X0oF5n7OLu49EpAwdouhzRkU]]></FromUserName>
<CreateTime>1529742410</CreateTime>
<MsgType><![CDATA[event]]></MsgType>
<Event><![CDATA[TEMPLATESENDJOBFINISH]]></Event>
<MsgID>338063232805765120</MsgID>
<Status><![CDATA[success]]></Status>
</xml>

2018-06-23 16:26:50 params :
------------
String:
array (
  'rule' => -2,
  'module' => '',
  'message' => 
  array (
    'tousername' => 'gh_6ace08fd00cf',
    'fromusername' => 'oIP0X0oF5n7OLu49EpAwdouhzRkU',
    'createtime' => '1529742410',
    'msgtype' => 'event',
    'event' => 'TEMPLATESENDJOBFINISH',
    'msgid' => '338063232805765120',
    'status' => 'success',
    'from' => 'oIP0X0oF5n7OLu49EpAwdouhzRkU',
    'to' => 'gh_6ace08fd00cf',
    'time' => '1529742410',
    'type' => 'event',
  ),
)

2018-06-23 16:26:50 response :
------------

2018-06-23 16:27:05 pay-alipay :
------------
String:
array (
  'payment_type' => '1',
  'trade_no' => '2018062321001004230545185369',
  'subject' => '餐饮20180623409424990976',
  'buyer_email' => 'han***@msn.com',
  'gmt_create' => '2018-06-23 16:03:13',
  'notify_type' => 'trade_status_sync',
  'quantity' => '1',
  'out_trade_no' => '2018062316022900001255620982',
  'seller_id' => '2088621957819369',
  'notify_time' => '2018-06-23 16:27:04',
  'body' => '2',
  'trade_status' => 'TRADE_SUCCESS',
  'is_total_fee_adjust' => 'N',
  'total_fee' => '0.20',
  'gmt_payment' => '2018-06-23 16:03:14',
  'seller_email' => 'jin703@outlook.com',
  'price' => '0.20',
  'buyer_id' => '2088002328471230',
  'notify_id' => '61ce0e573fff89757b8e65fa77e0b83hs1',
  'use_coupon' => 'N',
  'sign_type' => 'MD5',
  'sign' => '613deccaa21380db456ad1793f0fc869',
  'query_type' => 'notify',
)

2018-06-23 16:32:04 pay-alipay :
------------
String:
array (
  'payment_type' => '1',
  'trade_no' => '2018062321001004230547104820',
  'subject' => '餐饮20180623418539316573',
  'buyer_email' => 'han***@msn.com',
  'gmt_create' => '2018-06-23 16:18:24',
  'notify_type' => 'trade_status_sync',
  'quantity' => '1',
  'out_trade_no' => '2018062316174000001228384787',
  'seller_id' => '2088621957819369',
  'notify_time' => '2018-06-23 16:32:02',
  'body' => '2',
  'trade_status' => 'TRADE_SUCCESS',
  'is_total_fee_adjust' => 'N',
  'total_fee' => '0.10',
  'gmt_payment' => '2018-06-23 16:18:24',
  'seller_email' => 'jin703@outlook.com',
  'price' => '0.10',
  'buyer_id' => '2088002328471230',
  'notify_id' => '396a20ed06c7eaf66b3aebd95410d39hs1',
  'use_coupon' => 'N',
  'sign_type' => 'MD5',
  'sign' => 'f0dea1f27c8b4b45aad43bc0b6fa6e72',
  'query_type' => 'notify',
)

2018-06-23 16:35:21 trace :
------------
String:
<xml><ToUserName><![CDATA[gh_6ace08fd00cf]]></ToUserName>
<FromUserName><![CDATA[oIP0X0nRmf4w6LhtWw_cwGj7NlyA]]></FromUserName>
<CreateTime>1529742921</CreateTime>
<MsgType><![CDATA[event]]></MsgType>
<Event><![CDATA[TEMPLATESENDJOBFINISH]]></Event>
<MsgID>338071807254970368</MsgID>
<Status><![CDATA[success]]></Status>
</xml>

2018-06-23 16:35:21 params :
------------
String:
array (
  'rule' => -2,
  'module' => '',
  'message' => 
  array (
    'tousername' => 'gh_6ace08fd00cf',
    'fromusername' => 'oIP0X0nRmf4w6LhtWw_cwGj7NlyA',
    'createtime' => '1529742921',
    'msgtype' => 'event',
    'event' => 'TEMPLATESENDJOBFINISH',
    'msgid' => '338071807254970368',
    'status' => 'success',
    'from' => 'oIP0X0nRmf4w6LhtWw_cwGj7NlyA',
    'to' => 'gh_6ace08fd00cf',
    'time' => '1529742921',
    'type' => 'event',
  ),
)

2018-06-23 16:35:21 response :
------------

2018-06-23 16:42:20 pay-alipay :
------------
String:
array (
  'payment_type' => '1',
  'trade_no' => '2018062321001004230547104820',
  'subject' => '餐饮20180623418539316573',
  'buyer_email' => 'han***@msn.com',
  'gmt_create' => '2018-06-23 16:18:24',
  'notify_type' => 'trade_status_sync',
  'quantity' => '1',
  'out_trade_no' => '2018062316174000001228384787',
  'seller_id' => '2088621957819369',
  'notify_time' => '2018-06-23 16:42:19',
  'body' => '2',
  'trade_status' => 'TRADE_SUCCESS',
  'is_total_fee_adjust' => 'N',
  'total_fee' => '0.10',
  'gmt_payment' => '2018-06-23 16:18:24',
  'seller_email' => 'jin703@outlook.com',
  'price' => '0.10',
  'buyer_id' => '2088002328471230',
  'notify_id' => '396a20ed06c7eaf66b3aebd95410d39hs1',
  'use_coupon' => 'N',
  'sign_type' => 'MD5',
  'sign' => '498181d6215346d28ac496d9f365f95e',
  'query_type' => 'notify',
)

2018-06-23 16:48:06 pay-alipay :
------------
String:
array (
  'payment_type' => '1',
  'trade_no' => '2018062321001004230545666188',
  'subject' => '餐饮20180623385813923374',
  'buyer_email' => 'han***@msn.com',
  'gmt_create' => '2018-06-23 15:24:15',
  'notify_type' => 'trade_status_sync',
  'quantity' => '1',
  'out_trade_no' => '2018062315230500001246438321',
  'seller_id' => '2088621957819369',
  'notify_time' => '2018-06-23 16:48:05',
  'body' => '2',
  'trade_status' => 'TRADE_SUCCESS',
  'is_total_fee_adjust' => 'N',
  'total_fee' => '0.10',
  'gmt_payment' => '2018-06-23 15:24:16',
  'seller_email' => 'jin703@outlook.com',
  'price' => '0.10',
  'buyer_id' => '2088002328471230',
  'notify_id' => '2da0d4df606b81df8b191b0be8e3a8ahs1',
  'use_coupon' => 'N',
  'sign_type' => 'MD5',
  'sign' => 'bdccb007added706cedd2607815390a0',
  'query_type' => 'notify',
)

2018-06-23 17:19:05 pay-alipay :
------------
String:
array (
  'payment_type' => '1',
  'trade_no' => '2018062321001004230546898869',
  'subject' => '餐饮20180623404605993794',
  'buyer_email' => 'han***@msn.com',
  'gmt_create' => '2018-06-23 15:55:27',
  'notify_type' => 'trade_status_sync',
  'quantity' => '1',
  'out_trade_no' => '2018062315543500001232885259',
  'seller_id' => '2088621957819369',
  'notify_time' => '2018-06-23 17:19:05',
  'body' => '2',
  'trade_status' => 'TRADE_SUCCESS',
  'is_total_fee_adjust' => 'N',
  'total_fee' => '0.20',
  'gmt_payment' => '2018-06-23 15:55:27',
  'seller_email' => 'jin703@outlook.com',
  'price' => '0.20',
  'buyer_id' => '2088002328471230',
  'notify_id' => '3ea4defaf741bcb5d17a9a27947612ehs1',
  'use_coupon' => 'N',
  'sign_type' => 'MD5',
  'sign' => 'c30394871012780e26e4a83acc9b711f',
  'query_type' => 'notify',
)

2018-06-23 17:24:02 pay-alipay :
------------
String:
array (
  'payment_type' => '1',
  'trade_no' => '2018062321001004230547104613',
  'subject' => '餐饮20180623407706160575',
  'buyer_email' => 'han***@msn.com',
  'gmt_create' => '2018-06-23 16:00:33',
  'notify_type' => 'trade_status_sync',
  'quantity' => '1',
  'out_trade_no' => '2018062315593400001274855106',
  'seller_id' => '2088621957819369',
  'notify_time' => '2018-06-23 17:24:01',
  'body' => '2',
  'trade_status' => 'TRADE_SUCCESS',
  'is_total_fee_adjust' => 'N',
  'total_fee' => '0.10',
  'gmt_payment' => '2018-06-23 16:00:34',
  'seller_email' => 'jin703@outlook.com',
  'price' => '0.10',
  'buyer_id' => '2088002328471230',
  'notify_id' => 'b8b872bdfc476905f2281615dbd57dbhs1',
  'use_coupon' => 'N',
  'sign_type' => 'MD5',
  'sign' => '11472949619cd18e8dcce7b6aaa59171',
  'query_type' => 'notify',
)

2018-06-23 17:27:18 pay-alipay :
------------
String:
array (
  'payment_type' => '1',
  'trade_no' => '2018062321001004230545185369',
  'subject' => '餐饮20180623409424990976',
  'buyer_email' => 'han***@msn.com',
  'gmt_create' => '2018-06-23 16:03:13',
  'notify_type' => 'trade_status_sync',
  'quantity' => '1',
  'out_trade_no' => '2018062316022900001255620982',
  'seller_id' => '2088621957819369',
  'notify_time' => '2018-06-23 17:27:18',
  'body' => '2',
  'trade_status' => 'TRADE_SUCCESS',
  'is_total_fee_adjust' => 'N',
  'total_fee' => '0.20',
  'gmt_payment' => '2018-06-23 16:03:14',
  'seller_email' => 'jin703@outlook.com',
  'price' => '0.20',
  'buyer_id' => '2088002328471230',
  'notify_id' => '61ce0e573fff89757b8e65fa77e0b83hs1',
  'use_coupon' => 'N',
  'sign_type' => 'MD5',
  'sign' => '5369fdfec2ee9546aa08fc2573f0279a',
  'query_type' => 'notify',
)

2018-06-23 17:42:46 pay-alipay :
------------
String:
array (
  'payment_type' => '1',
  'trade_no' => '2018062321001004230547104820',
  'subject' => '餐饮20180623418539316573',
  'buyer_email' => 'han***@msn.com',
  'gmt_create' => '2018-06-23 16:18:24',
  'notify_type' => 'trade_status_sync',
  'quantity' => '1',
  'out_trade_no' => '2018062316174000001228384787',
  'seller_id' => '2088621957819369',
  'notify_time' => '2018-06-23 17:42:45',
  'body' => '2',
  'trade_status' => 'TRADE_SUCCESS',
  'is_total_fee_adjust' => 'N',
  'total_fee' => '0.10',
  'gmt_payment' => '2018-06-23 16:18:24',
  'seller_email' => 'jin703@outlook.com',
  'price' => '0.10',
  'buyer_id' => '2088002328471230',
  'notify_id' => '396a20ed06c7eaf66b3aebd95410d39hs1',
  'use_coupon' => 'N',
  'sign_type' => 'MD5',
  'sign' => 'ba4cd071ee5625e454f5d0dfd5b1c2c0',
  'query_type' => 'notify',
)

2018-06-23 17:58:36 pay-alipay :
------------
String:
array (
  'payment_type' => '1',
  'trade_no' => '2018062321001004230546064764',
  'subject' => '餐饮20180623343509286368',
  'buyer_email' => 'han***@msn.com',
  'gmt_create' => '2018-06-23 14:34:26',
  'notify_type' => 'trade_status_sync',
  'quantity' => '1',
  'out_trade_no' => '2018062314123500001221823248',
  'seller_id' => '2088621957819369',
  'notify_time' => '2018-06-23 17:58:35',
  'body' => '2',
  'trade_status' => 'TRADE_SUCCESS',
  'is_total_fee_adjust' => 'N',
  'total_fee' => '0.10',
  'gmt_payment' => '2018-06-23 14:34:28',
  'seller_email' => 'jin703@outlook.com',
  'price' => '0.10',
  'buyer_id' => '2088002328471230',
  'notify_id' => '3a0146df2089aebd8198401bc0657f6hs1',
  'use_coupon' => 'N',
  'sign_type' => 'MD5',
  'sign' => 'bb41afdae29068711b18e7fecb8ba8be',
  'query_type' => 'notify',
)

2018-06-23 18:11:26 pay-alipay :
------------
String:
array (
  'payment_type' => '1',
  'trade_no' => '2018062221001004230543073571',
  'subject' => '餐饮20180622607910618145',
  'buyer_email' => 'han***@msn.com',
  'gmt_create' => '2018-06-22 17:47:41',
  'notify_type' => 'trade_status_sync',
  'quantity' => '1',
  'out_trade_no' => '2018062217463600001245724295',
  'seller_id' => '2088621957819369',
  'notify_time' => '2018-06-23 18:11:26',
  'body' => '2',
  'trade_status' => 'TRADE_SUCCESS',
  'is_total_fee_adjust' => 'N',
  'total_fee' => '0.10',
  'gmt_payment' => '2018-06-22 17:47:42',
  'seller_email' => 'jin703@outlook.com',
  'price' => '0.10',
  'buyer_id' => '2088002328471230',
  'notify_id' => 'f4524bb1bc81fed5e9fd69b5f3a8bd6hs1',
  'use_coupon' => 'N',
  'sign_type' => 'MD5',
  'sign' => '4cf92ec5ded3c240057387b9eb3f90fa',
  'query_type' => 'notify',
)

2018-06-23 18:16:46 pay-alipay :
------------
String:
array (
  'payment_type' => '1',
  'trade_no' => '2018062221001004230541884820',
  'subject' => '餐饮20180622610363790210',
  'buyer_email' => 'han***@msn.com',
  'gmt_create' => '2018-06-22 17:52:41',
  'notify_type' => 'trade_status_sync',
  'quantity' => '1',
  'out_trade_no' => '2018062217504100001207404150',
  'seller_id' => '2088621957819369',
  'notify_time' => '2018-06-23 18:16:45',
  'body' => '2',
  'trade_status' => 'TRADE_SUCCESS',
  'is_total_fee_adjust' => 'N',
  'total_fee' => '0.20',
  'gmt_payment' => '2018-06-22 17:52:41',
  'seller_email' => 'jin703@outlook.com',
  'price' => '0.20',
  'buyer_id' => '2088002328471230',
  'notify_id' => '85decb5a500d52b5f0c4d4fd17c79c3hs1',
  'use_coupon' => 'N',
  'sign_type' => 'MD5',
  'sign' => '5de9c2acea40b34265b6824b78a6b1f2',
  'query_type' => 'notify',
)

2018-06-23 18:48:48 pay-alipay :
------------
String:
array (
  'payment_type' => '1',
  'trade_no' => '2018062321001004230545666188',
  'subject' => '餐饮20180623385813923374',
  'buyer_email' => 'han***@msn.com',
  'gmt_create' => '2018-06-23 15:24:15',
  'notify_type' => 'trade_status_sync',
  'quantity' => '1',
  'out_trade_no' => '2018062315230500001246438321',
  'seller_id' => '2088621957819369',
  'notify_time' => '2018-06-23 18:48:48',
  'body' => '2',
  'trade_status' => 'TRADE_SUCCESS',
  'is_total_fee_adjust' => 'N',
  'total_fee' => '0.10',
  'gmt_payment' => '2018-06-23 15:24:16',
  'seller_email' => 'jin703@outlook.com',
  'price' => '0.10',
  'buyer_id' => '2088002328471230',
  'notify_id' => '2da0d4df606b81df8b191b0be8e3a8ahs1',
  'use_coupon' => 'N',
  'sign_type' => 'MD5',
  'sign' => '6f53773be091723969ea4156a066ee03',
  'query_type' => 'notify',
)

2018-06-23 19:19:44 pay-alipay :
------------
String:
array (
  'payment_type' => '1',
  'trade_no' => '2018062321001004230546898869',
  'subject' => '餐饮20180623404605993794',
  'buyer_email' => 'han***@msn.com',
  'gmt_create' => '2018-06-23 15:55:27',
  'notify_type' => 'trade_status_sync',
  'quantity' => '1',
  'out_trade_no' => '2018062315543500001232885259',
  'seller_id' => '2088621957819369',
  'notify_time' => '2018-06-23 19:19:43',
  'body' => '2',
  'trade_status' => 'TRADE_SUCCESS',
  'is_total_fee_adjust' => 'N',
  'total_fee' => '0.20',
  'gmt_payment' => '2018-06-23 15:55:27',
  'seller_email' => 'jin703@outlook.com',
  'price' => '0.20',
  'buyer_id' => '2088002328471230',
  'notify_id' => '3ea4defaf741bcb5d17a9a27947612ehs1',
  'use_coupon' => 'N',
  'sign_type' => 'MD5',
  'sign' => '4668d4a5cc1dd81b0bc42740bfff39bc',
  'query_type' => 'notify',
)

2018-06-23 19:24:10 pay-alipay :
------------
String:
array (
  'payment_type' => '1',
  'trade_no' => '2018062321001004230547104613',
  'subject' => '餐饮20180623407706160575',
  'buyer_email' => 'han***@msn.com',
  'gmt_create' => '2018-06-23 16:00:33',
  'notify_type' => 'trade_status_sync',
  'quantity' => '1',
  'out_trade_no' => '2018062315593400001274855106',
  'seller_id' => '2088621957819369',
  'notify_time' => '2018-06-23 19:24:09',
  'body' => '2',
  'trade_status' => 'TRADE_SUCCESS',
  'is_total_fee_adjust' => 'N',
  'total_fee' => '0.10',
  'gmt_payment' => '2018-06-23 16:00:34',
  'seller_email' => 'jin703@outlook.com',
  'price' => '0.10',
  'buyer_id' => '2088002328471230',
  'notify_id' => 'b8b872bdfc476905f2281615dbd57dbhs1',
  'use_coupon' => 'N',
  'sign_type' => 'MD5',
  'sign' => '9fcf5d63966571bfe5dc47292a8aa4fb',
  'query_type' => 'notify',
)

2018-06-23 19:27:24 pay-alipay :
------------
String:
array (
  'payment_type' => '1',
  'trade_no' => '2018062321001004230545185369',
  'subject' => '餐饮20180623409424990976',
  'buyer_email' => 'han***@msn.com',
  'gmt_create' => '2018-06-23 16:03:13',
  'notify_type' => 'trade_status_sync',
  'quantity' => '1',
  'out_trade_no' => '2018062316022900001255620982',
  'seller_id' => '2088621957819369',
  'notify_time' => '2018-06-23 19:27:24',
  'body' => '2',
  'trade_status' => 'TRADE_SUCCESS',
  'is_total_fee_adjust' => 'N',
  'total_fee' => '0.20',
  'gmt_payment' => '2018-06-23 16:03:14',
  'seller_email' => 'jin703@outlook.com',
  'price' => '0.20',
  'buyer_id' => '2088002328471230',
  'notify_id' => '61ce0e573fff89757b8e65fa77e0b83hs1',
  'use_coupon' => 'N',
  'sign_type' => 'MD5',
  'sign' => '0dab32d831893a74bbccda4738ca2f8b',
  'query_type' => 'notify',
)

2018-06-23 19:42:19 pay-alipay :
------------
String:
array (
  'payment_type' => '1',
  'trade_no' => '2018062321001004230547104820',
  'subject' => '餐饮20180623418539316573',
  'buyer_email' => 'han***@msn.com',
  'gmt_create' => '2018-06-23 16:18:24',
  'notify_type' => 'trade_status_sync',
  'quantity' => '1',
  'out_trade_no' => '2018062316174000001228384787',
  'seller_id' => '2088621957819369',
  'notify_time' => '2018-06-23 19:42:19',
  'body' => '2',
  'trade_status' => 'TRADE_SUCCESS',
  'is_total_fee_adjust' => 'N',
  'total_fee' => '0.10',
  'gmt_payment' => '2018-06-23 16:18:24',
  'seller_email' => 'jin703@outlook.com',
  'price' => '0.10',
  'buyer_id' => '2088002328471230',
  'notify_id' => '396a20ed06c7eaf66b3aebd95410d39hs1',
  'use_coupon' => 'N',
  'sign_type' => 'MD5',
  'sign' => '8b1f86b27e2edd75f11f0cfd84335247',
  'query_type' => 'notify',
)

2018-06-23 22:35:31 pay-alipay :
------------
String:
array (
  'payment_type' => '1',
  'trade_no' => '2018062221001004230542156318',
  'subject' => '餐饮20180622765820911964',
  'buyer_email' => 'han***@msn.com',
  'gmt_create' => '2018-06-22 22:10:59',
  'notify_type' => 'trade_status_sync',
  'quantity' => '1',
  'out_trade_no' => '2018062222095500001220382149',
  'seller_id' => '2088621957819369',
  'notify_time' => '2018-06-23 22:35:31',
  'body' => '2',
  'trade_status' => 'TRADE_SUCCESS',
  'is_total_fee_adjust' => 'N',
  'total_fee' => '0.30',
  'gmt_payment' => '2018-06-22 22:11:00',
  'seller_email' => 'jin703@outlook.com',
  'price' => '0.30',
  'buyer_id' => '2088002328471230',
  'notify_id' => '5a6a73900f75b578fe207a8cc1ad12fhs1',
  'use_coupon' => 'N',
  'sign_type' => 'MD5',
  'sign' => 'e605487d892931970c19553d45036f88',
  'query_type' => 'notify',
)

2018-06-23 23:58:19 pay-alipay :
------------
String:
array (
  'payment_type' => '1',
  'trade_no' => '2018062321001004230546064764',
  'subject' => '餐饮20180623343509286368',
  'buyer_email' => 'han***@msn.com',
  'gmt_create' => '2018-06-23 14:34:26',
  'notify_type' => 'trade_status_sync',
  'quantity' => '1',
  'out_trade_no' => '2018062314123500001221823248',
  'seller_id' => '2088621957819369',
  'notify_time' => '2018-06-23 23:58:15',
  'body' => '2',
  'trade_status' => 'TRADE_SUCCESS',
  'is_total_fee_adjust' => 'N',
  'total_fee' => '0.10',
  'gmt_payment' => '2018-06-23 14:34:28',
  'seller_email' => 'jin703@outlook.com',
  'price' => '0.10',
  'buyer_id' => '2088002328471230',
  'notify_id' => '3a0146df2089aebd8198401bc0657f6hs1',
  'use_coupon' => 'N',
  'sign_type' => 'MD5',
  'sign' => 'bef3fab7437d1fa984953d8308a509f5',
  'query_type' => 'notify',
)

