2018-01-17 18:11:58 trace :
------------
String:
<xml><ToUserName><![CDATA[gh_7bcd94754b84]]></ToUserName>
<FromUserName><![CDATA[o01Wu01-zSLzut3cB22KEbJ3JxzY]]></FromUserName>
<CreateTime>1516184031</CreateTime>
<MsgType><![CDATA[event]]></MsgType>
<Event><![CDATA[VIEW]]></Event>
<EventKey><![CDATA[http://ordernow.oneap.net/app/index.php?i=2&c=entry&eid=5]]></EventKey>
<MenuId>830669761</MenuId>
</xml>

2018-01-17 18:11:58 params :
------------
String:
array (
  'rule' => -2,
  'module' => '',
  'message' => 
  array (
    'tousername' => 'gh_7bcd94754b84',
    'fromusername' => 'o01Wu01-zSLzut3cB22KEbJ3JxzY',
    'createtime' => '1516184031',
    'msgtype' => 'event',
    'event' => 'VIEW',
    'eventkey' => 'http://ordernow.oneap.net/app/index.php?i=2&c=entry&eid=5',
    'menuid' => '830669761',
    'from' => 'o01Wu01-zSLzut3cB22KEbJ3JxzY',
    'to' => 'gh_7bcd94754b84',
    'time' => '1516184031',
    'type' => 'text',
    'content' => 'http://ordernow.oneap.net/app/index.php?i=2&c=entry&eid=5',
    'redirection' => true,
    'source' => 'VIEW',
  ),
)

2018-01-17 18:11:58 response :
------------

2018-01-17 18:13:16 pay :
------------
String:
array (
  'appid' => 'wx6e79d28ccc2a8c05',
  'attach' => '2',
  'bank_type' => 'CFT',
  'cash_fee' => '100',
  'fee_type' => 'CNY',
  'is_subscribe' => 'Y',
  'mch_id' => '1490957872',
  'nonce_str' => 'Wn7nNl7N',
  'openid' => 'o01Wu01-zSLzut3cB22KEbJ3JxzY',
  'out_trade_no' => '2018011718130300001207226878',
  'result_code' => 'SUCCESS',
  'return_code' => 'SUCCESS',
  'sign' => '0A24B18B97EAE3E09D0479D9629F356D',
  'time_end' => '20180117181509',
  'total_fee' => '100',
  'trade_type' => 'JSAPI',
  'transaction_id' => '4200000099201801175859252388',
)

2018-01-17 18:13:16 trace :
------------
String:
<xml><ToUserName><![CDATA[gh_7bcd94754b84]]></ToUserName>
<FromUserName><![CDATA[o01Wu01-zSLzut3cB22KEbJ3JxzY]]></FromUserName>
<CreateTime>1516184110</CreateTime>
<MsgType><![CDATA[event]]></MsgType>
<Event><![CDATA[TEMPLATESENDJOBFINISH]]></Event>
<MsgID>110592707327541249</MsgID>
<Status><![CDATA[success]]></Status>
</xml>

2018-01-17 18:13:16 params :
------------
String:
array (
  'rule' => -2,
  'module' => '',
  'message' => 
  array (
    'tousername' => 'gh_7bcd94754b84',
    'fromusername' => 'o01Wu01-zSLzut3cB22KEbJ3JxzY',
    'createtime' => '1516184110',
    'msgtype' => 'event',
    'event' => 'TEMPLATESENDJOBFINISH',
    'msgid' => '110592707327541249',
    'status' => 'success',
    'from' => 'o01Wu01-zSLzut3cB22KEbJ3JxzY',
    'to' => 'gh_7bcd94754b84',
    'time' => '1516184110',
    'type' => 'event',
  ),
)

2018-01-17 18:13:16 response :
------------

2018-01-17 18:13:18 trace :
------------
String:
<xml><ToUserName><![CDATA[gh_7bcd94754b84]]></ToUserName>
<FromUserName><![CDATA[o01Wu09x8WFY1ZBV-HAf-R-a3ytI]]></FromUserName>
<CreateTime>1516184111</CreateTime>
<MsgType><![CDATA[event]]></MsgType>
<Event><![CDATA[TEMPLATESENDJOBFINISH]]></Event>
<MsgID>110592726738796544</MsgID>
<Status><![CDATA[success]]></Status>
</xml>

2018-01-17 18:13:18 params :
------------
String:
array (
  'rule' => -2,
  'module' => '',
  'message' => 
  array (
    'tousername' => 'gh_7bcd94754b84',
    'fromusername' => 'o01Wu09x8WFY1ZBV-HAf-R-a3ytI',
    'createtime' => '1516184111',
    'msgtype' => 'event',
    'event' => 'TEMPLATESENDJOBFINISH',
    'msgid' => '110592726738796544',
    'status' => 'success',
    'from' => 'o01Wu09x8WFY1ZBV-HAf-R-a3ytI',
    'to' => 'gh_7bcd94754b84',
    'time' => '1516184111',
    'type' => 'event',
  ),
)

2018-01-17 18:13:18 response :
------------

2018-01-17 18:13:30 pay :
------------
String:
array (
  'appid' => 'wx6e79d28ccc2a8c05',
  'attach' => '2',
  'bank_type' => 'CFT',
  'cash_fee' => '100',
  'fee_type' => 'CNY',
  'is_subscribe' => 'Y',
  'mch_id' => '1490957872',
  'nonce_str' => 'Wn7nNl7N',
  'openid' => 'o01Wu01-zSLzut3cB22KEbJ3JxzY',
  'out_trade_no' => '2018011718130300001207226878',
  'result_code' => 'SUCCESS',
  'return_code' => 'SUCCESS',
  'sign' => '0A24B18B97EAE3E09D0479D9629F356D',
  'time_end' => '20180117181509',
  'total_fee' => '100',
  'trade_type' => 'JSAPI',
  'transaction_id' => '4200000099201801175859252388',
)

2018-01-17 18:13:47 pay :
------------
String:
array (
  'appid' => 'wx6e79d28ccc2a8c05',
  'attach' => '2',
  'bank_type' => 'CFT',
  'cash_fee' => '100',
  'fee_type' => 'CNY',
  'is_subscribe' => 'Y',
  'mch_id' => '1490957872',
  'nonce_str' => 'Wn7nNl7N',
  'openid' => 'o01Wu01-zSLzut3cB22KEbJ3JxzY',
  'out_trade_no' => '2018011718130300001207226878',
  'result_code' => 'SUCCESS',
  'return_code' => 'SUCCESS',
  'sign' => '0A24B18B97EAE3E09D0479D9629F356D',
  'time_end' => '20180117181509',
  'total_fee' => '100',
  'trade_type' => 'JSAPI',
  'transaction_id' => '4200000099201801175859252388',
)

2018-01-17 18:14:19 pay :
------------
String:
array (
  'appid' => 'wx6e79d28ccc2a8c05',
  'attach' => '2',
  'bank_type' => 'CFT',
  'cash_fee' => '100',
  'fee_type' => 'CNY',
  'is_subscribe' => 'Y',
  'mch_id' => '1490957872',
  'nonce_str' => 'Wn7nNl7N',
  'openid' => 'o01Wu01-zSLzut3cB22KEbJ3JxzY',
  'out_trade_no' => '2018011718130300001207226878',
  'result_code' => 'SUCCESS',
  'return_code' => 'SUCCESS',
  'sign' => '0A24B18B97EAE3E09D0479D9629F356D',
  'time_end' => '20180117181509',
  'total_fee' => '100',
  'trade_type' => 'JSAPI',
  'transaction_id' => '4200000099201801175859252388',
)

2018-01-17 18:17:22 pay :
------------
String:
array (
  'appid' => 'wx6e79d28ccc2a8c05',
  'attach' => '2',
  'bank_type' => 'CFT',
  'cash_fee' => '100',
  'fee_type' => 'CNY',
  'is_subscribe' => 'Y',
  'mch_id' => '1490957872',
  'nonce_str' => 'Wn7nNl7N',
  'openid' => 'o01Wu01-zSLzut3cB22KEbJ3JxzY',
  'out_trade_no' => '2018011718130300001207226878',
  'result_code' => 'SUCCESS',
  'return_code' => 'SUCCESS',
  'sign' => '0A24B18B97EAE3E09D0479D9629F356D',
  'time_end' => '20180117181509',
  'total_fee' => '100',
  'trade_type' => 'JSAPI',
  'transaction_id' => '4200000099201801175859252388',
)

2018-01-17 18:47:24 pay :
------------
String:
array (
  'appid' => 'wx6e79d28ccc2a8c05',
  'attach' => '2',
  'bank_type' => 'CFT',
  'cash_fee' => '100',
  'fee_type' => 'CNY',
  'is_subscribe' => 'Y',
  'mch_id' => '1490957872',
  'nonce_str' => 'Wn7nNl7N',
  'openid' => 'o01Wu01-zSLzut3cB22KEbJ3JxzY',
  'out_trade_no' => '2018011718130300001207226878',
  'result_code' => 'SUCCESS',
  'return_code' => 'SUCCESS',
  'sign' => '0A24B18B97EAE3E09D0479D9629F356D',
  'time_end' => '20180117181509',
  'total_fee' => '100',
  'trade_type' => 'JSAPI',
  'transaction_id' => '4200000099201801175859252388',
)

2018-01-17 19:17:26 pay :
------------
String:
array (
  'appid' => 'wx6e79d28ccc2a8c05',
  'attach' => '2',
  'bank_type' => 'CFT',
  'cash_fee' => '100',
  'fee_type' => 'CNY',
  'is_subscribe' => 'Y',
  'mch_id' => '1490957872',
  'nonce_str' => 'Wn7nNl7N',
  'openid' => 'o01Wu01-zSLzut3cB22KEbJ3JxzY',
  'out_trade_no' => '2018011718130300001207226878',
  'result_code' => 'SUCCESS',
  'return_code' => 'SUCCESS',
  'sign' => '0A24B18B97EAE3E09D0479D9629F356D',
  'time_end' => '20180117181509',
  'total_fee' => '100',
  'trade_type' => 'JSAPI',
  'transaction_id' => '4200000099201801175859252388',
)

2018-01-17 19:47:27 pay :
------------
String:
array (
  'appid' => 'wx6e79d28ccc2a8c05',
  'attach' => '2',
  'bank_type' => 'CFT',
  'cash_fee' => '100',
  'fee_type' => 'CNY',
  'is_subscribe' => 'Y',
  'mch_id' => '1490957872',
  'nonce_str' => 'Wn7nNl7N',
  'openid' => 'o01Wu01-zSLzut3cB22KEbJ3JxzY',
  'out_trade_no' => '2018011718130300001207226878',
  'result_code' => 'SUCCESS',
  'return_code' => 'SUCCESS',
  'sign' => '0A24B18B97EAE3E09D0479D9629F356D',
  'time_end' => '20180117181509',
  'total_fee' => '100',
  'trade_type' => 'JSAPI',
  'transaction_id' => '4200000099201801175859252388',
)

2018-01-17 20:17:30 pay :
------------
String:
array (
  'appid' => 'wx6e79d28ccc2a8c05',
  'attach' => '2',
  'bank_type' => 'CFT',
  'cash_fee' => '100',
  'fee_type' => 'CNY',
  'is_subscribe' => 'Y',
  'mch_id' => '1490957872',
  'nonce_str' => 'Wn7nNl7N',
  'openid' => 'o01Wu01-zSLzut3cB22KEbJ3JxzY',
  'out_trade_no' => '2018011718130300001207226878',
  'result_code' => 'SUCCESS',
  'return_code' => 'SUCCESS',
  'sign' => '0A24B18B97EAE3E09D0479D9629F356D',
  'time_end' => '20180117181509',
  'total_fee' => '100',
  'trade_type' => 'JSAPI',
  'transaction_id' => '4200000099201801175859252388',
)

2018-01-17 21:17:32 pay :
------------
String:
array (
  'appid' => 'wx6e79d28ccc2a8c05',
  'attach' => '2',
  'bank_type' => 'CFT',
  'cash_fee' => '100',
  'fee_type' => 'CNY',
  'is_subscribe' => 'Y',
  'mch_id' => '1490957872',
  'nonce_str' => 'Wn7nNl7N',
  'openid' => 'o01Wu01-zSLzut3cB22KEbJ3JxzY',
  'out_trade_no' => '2018011718130300001207226878',
  'result_code' => 'SUCCESS',
  'return_code' => 'SUCCESS',
  'sign' => '0A24B18B97EAE3E09D0479D9629F356D',
  'time_end' => '20180117181509',
  'total_fee' => '100',
  'trade_type' => 'JSAPI',
  'transaction_id' => '4200000099201801175859252388',
)

