2018-01-09 00:09:38 pay :
------------
String:
array (
  'appid' => 'wx6e79d28ccc2a8c05',
  'attach' => '2',
  'bank_type' => 'CFT',
  'cash_fee' => '1200',
  'fee_type' => 'CNY',
  'is_subscribe' => 'Y',
  'mch_id' => '1490957872',
  'nonce_str' => 'nKPenAlZ',
  'openid' => 'o01Wu01-zSLzut3cB22KEbJ3JxzY',
  'out_trade_no' => '2018010822041700001273583324',
  'result_code' => 'SUCCESS',
  'return_code' => 'SUCCESS',
  'sign' => 'CCC42E6F340FA884A0021D1147410C64',
  'time_end' => '20180108220656',
  'total_fee' => '1200',
  'trade_type' => 'JSAPI',
  'transaction_id' => '4200000093201801080322792985',
)

2018-01-09 00:44:40 pay :
------------
String:
array (
  'appid' => 'wx6e79d28ccc2a8c05',
  'attach' => '2',
  'bank_type' => 'CFT',
  'cash_fee' => '40',
  'fee_type' => 'CNY',
  'is_subscribe' => 'Y',
  'mch_id' => '1490957872',
  'nonce_str' => 'fj1BOGMQ',
  'openid' => 'o01Wu01-zSLzut3cB22KEbJ3JxzY',
  'out_trade_no' => '2018010821400800001202460662',
  'result_code' => 'SUCCESS',
  'return_code' => 'SUCCESS',
  'sign' => '260A2ECED5FB10E6BF3671E096F29E25',
  'time_end' => '20180108214149',
  'total_fee' => '40',
  'trade_type' => 'JSAPI',
  'transaction_id' => '4200000095201801080582806656',
)

2018-01-09 00:51:47 pay-alipay :
------------
String:
array (
  'payment_type' => '1',
  'trade_no' => '2018010821001004230575720080',
  'subject' => '餐饮20180108180474862120',
  'buyer_email' => 'hangming@msn.com',
  'gmt_create' => '2018-01-08 21:29:58',
  'notify_type' => 'trade_status_sync',
  'quantity' => '1',
  'out_trade_no' => '2018010821273200001289212508',
  'seller_id' => '2088621957819369',
  'notify_time' => '2018-01-09 00:53:16',
  'body' => '2',
  'trade_status' => 'TRADE_SUCCESS',
  'is_total_fee_adjust' => 'N',
  'total_fee' => '0.30',
  'gmt_payment' => '2018-01-08 21:29:59',
  'seller_email' => 'jin703@outlook.com',
  'price' => '0.30',
  'buyer_id' => '2088002328471230',
  'notify_id' => '7a265ae6375378c9e9c906fb3611cd9hs1',
  'use_coupon' => 'N',
  'sign_type' => 'MD5',
  'sign' => 'd7f23fa9e403de8d13111d87e7e2e951',
  'query_type' => 'notify',
)

2018-01-09 01:09:41 pay :
------------
String:
array (
  'appid' => 'wx6e79d28ccc2a8c05',
  'attach' => '2',
  'bank_type' => 'CFT',
  'cash_fee' => '1200',
  'fee_type' => 'CNY',
  'is_subscribe' => 'Y',
  'mch_id' => '1490957872',
  'nonce_str' => 'nKPenAlZ',
  'openid' => 'o01Wu01-zSLzut3cB22KEbJ3JxzY',
  'out_trade_no' => '2018010822041700001273583324',
  'result_code' => 'SUCCESS',
  'return_code' => 'SUCCESS',
  'sign' => 'CCC42E6F340FA884A0021D1147410C64',
  'time_end' => '20180108220656',
  'total_fee' => '1200',
  'trade_type' => 'JSAPI',
  'transaction_id' => '4200000093201801080322792985',
)

2018-01-09 06:51:43 pay-alipay :
------------
String:
array (
  'payment_type' => '1',
  'trade_no' => '2018010821001004230575720080',
  'subject' => '餐饮20180108180474862120',
  'buyer_email' => 'hangming@msn.com',
  'gmt_create' => '2018-01-08 21:29:58',
  'notify_type' => 'trade_status_sync',
  'quantity' => '1',
  'out_trade_no' => '2018010821273200001289212508',
  'seller_id' => '2088621957819369',
  'notify_time' => '2018-01-09 06:53:13',
  'body' => '2',
  'trade_status' => 'TRADE_SUCCESS',
  'is_total_fee_adjust' => 'N',
  'total_fee' => '0.30',
  'gmt_payment' => '2018-01-08 21:29:59',
  'seller_email' => 'jin703@outlook.com',
  'price' => '0.30',
  'buyer_id' => '2088002328471230',
  'notify_id' => '7a265ae6375378c9e9c906fb3611cd9hs1',
  'use_coupon' => 'N',
  'sign_type' => 'MD5',
  'sign' => 'd35116995e7ae5ef96d6f8e371f34def',
  'query_type' => 'notify',
)

2018-01-09 11:43:55 trace :
------------
String:
<xml><ToUserName><![CDATA[gh_7bcd94754b84]]></ToUserName>
<FromUserName><![CDATA[o01Wu01-zSLzut3cB22KEbJ3JxzY]]></FromUserName>
<CreateTime>1515469526</CreateTime>
<MsgType><![CDATA[event]]></MsgType>
<Event><![CDATA[VIEW]]></Event>
<EventKey><![CDATA[http://ordernow.oneap.net/app/index.php?i=2&c=entry&eid=5]]></EventKey>
<MenuId>830669761</MenuId>
</xml>

2018-01-09 11:43:56 params :
------------
String:
array (
  'rule' => -2,
  'module' => '',
  'message' => 
  array (
    'tousername' => 'gh_7bcd94754b84',
    'fromusername' => 'o01Wu01-zSLzut3cB22KEbJ3JxzY',
    'createtime' => '1515469526',
    'msgtype' => 'event',
    'event' => 'VIEW',
    'eventkey' => 'http://ordernow.oneap.net/app/index.php?i=2&c=entry&eid=5',
    'menuid' => '830669761',
    'from' => 'o01Wu01-zSLzut3cB22KEbJ3JxzY',
    'to' => 'gh_7bcd94754b84',
    'time' => '1515469526',
    'type' => 'text',
    'content' => 'http://ordernow.oneap.net/app/index.php?i=2&c=entry&eid=5',
    'redirection' => true,
    'source' => 'VIEW',
  ),
)

2018-01-09 11:43:56 response :
------------

2018-01-09 11:44:01 trace :
------------
String:
<xml><ToUserName><![CDATA[gh_7bcd94754b84]]></ToUserName>
<FromUserName><![CDATA[o01Wu01-zSLzut3cB22KEbJ3JxzY]]></FromUserName>
<CreateTime>1515469531</CreateTime>
<MsgType><![CDATA[event]]></MsgType>
<Event><![CDATA[VIEW]]></Event>
<EventKey><![CDATA[http://ordernow.oneap.net/app/index.php?i=2&c=entry&eid=5]]></EventKey>
<MenuId>830669761</MenuId>
</xml>

2018-01-09 11:44:01 params :
------------
String:
array (
  'rule' => -2,
  'module' => '',
  'message' => 
  array (
    'tousername' => 'gh_7bcd94754b84',
    'fromusername' => 'o01Wu01-zSLzut3cB22KEbJ3JxzY',
    'createtime' => '1515469531',
    'msgtype' => 'event',
    'event' => 'VIEW',
    'eventkey' => 'http://ordernow.oneap.net/app/index.php?i=2&c=entry&eid=5',
    'menuid' => '830669761',
    'from' => 'o01Wu01-zSLzut3cB22KEbJ3JxzY',
    'to' => 'gh_7bcd94754b84',
    'time' => '1515469531',
    'type' => 'text',
    'content' => 'http://ordernow.oneap.net/app/index.php?i=2&c=entry&eid=5',
    'redirection' => true,
    'source' => 'VIEW',
  ),
)

2018-01-09 11:44:01 response :
------------

2018-01-09 11:45:29 pay :
------------
String:
array (
  'appid' => 'wx6e79d28ccc2a8c05',
  'attach' => '2',
  'bank_type' => 'CFT',
  'cash_fee' => '30',
  'fee_type' => 'CNY',
  'is_subscribe' => 'Y',
  'mch_id' => '1490957872',
  'nonce_str' => 'a14K1XKK',
  'openid' => 'o01Wu01-zSLzut3cB22KEbJ3JxzY',
  'out_trade_no' => '2018010911451600001221279360',
  'result_code' => 'SUCCESS',
  'return_code' => 'SUCCESS',
  'sign' => '3D7025267A6542609A6847949CBF73D9',
  'time_end' => '20180109114659',
  'total_fee' => '30',
  'trade_type' => 'JSAPI',
  'transaction_id' => '4200000082201801090930487998',
)

2018-01-09 11:45:29 trace :
------------
String:
<xml><ToUserName><![CDATA[gh_7bcd94754b84]]></ToUserName>
<FromUserName><![CDATA[o01Wu01-zSLzut3cB22KEbJ3JxzY]]></FromUserName>
<CreateTime>1515469620</CreateTime>
<MsgType><![CDATA[event]]></MsgType>
<Event><![CDATA[TEMPLATESENDJOBFINISH]]></Event>
<MsgID>98605552959078400</MsgID>
<Status><![CDATA[success]]></Status>
</xml>

2018-01-09 11:45:29 params :
------------
String:
array (
  'rule' => -2,
  'module' => '',
  'message' => 
  array (
    'tousername' => 'gh_7bcd94754b84',
    'fromusername' => 'o01Wu01-zSLzut3cB22KEbJ3JxzY',
    'createtime' => '1515469620',
    'msgtype' => 'event',
    'event' => 'TEMPLATESENDJOBFINISH',
    'msgid' => '98605552959078400',
    'status' => 'success',
    'from' => 'o01Wu01-zSLzut3cB22KEbJ3JxzY',
    'to' => 'gh_7bcd94754b84',
    'time' => '1515469620',
    'type' => 'event',
  ),
)

2018-01-09 11:45:29 response :
------------

2018-01-09 11:45:30 trace :
------------
String:
<xml><ToUserName><![CDATA[gh_7bcd94754b84]]></ToUserName>
<FromUserName><![CDATA[o01Wu09x8WFY1ZBV-HAf-R-a3ytI]]></FromUserName>
<CreateTime>1515469621</CreateTime>
<MsgType><![CDATA[event]]></MsgType>
<Event><![CDATA[TEMPLATESENDJOBFINISH]]></Event>
<MsgID>98605572487774208</MsgID>
<Status><![CDATA[success]]></Status>
</xml>

2018-01-09 11:45:30 params :
------------
String:
array (
  'rule' => -2,
  'module' => '',
  'message' => 
  array (
    'tousername' => 'gh_7bcd94754b84',
    'fromusername' => 'o01Wu09x8WFY1ZBV-HAf-R-a3ytI',
    'createtime' => '1515469621',
    'msgtype' => 'event',
    'event' => 'TEMPLATESENDJOBFINISH',
    'msgid' => '98605572487774208',
    'status' => 'success',
    'from' => 'o01Wu09x8WFY1ZBV-HAf-R-a3ytI',
    'to' => 'gh_7bcd94754b84',
    'time' => '1515469621',
    'type' => 'event',
  ),
)

2018-01-09 11:45:30 response :
------------

2018-01-09 11:45:42 pay :
------------
String:
array (
  'appid' => 'wx6e79d28ccc2a8c05',
  'attach' => '2',
  'bank_type' => 'CFT',
  'cash_fee' => '30',
  'fee_type' => 'CNY',
  'is_subscribe' => 'Y',
  'mch_id' => '1490957872',
  'nonce_str' => 'a14K1XKK',
  'openid' => 'o01Wu01-zSLzut3cB22KEbJ3JxzY',
  'out_trade_no' => '2018010911451600001221279360',
  'result_code' => 'SUCCESS',
  'return_code' => 'SUCCESS',
  'sign' => '3D7025267A6542609A6847949CBF73D9',
  'time_end' => '20180109114659',
  'total_fee' => '30',
  'trade_type' => 'JSAPI',
  'transaction_id' => '4200000082201801090930487998',
)

2018-01-09 11:45:58 pay :
------------
String:
array (
  'appid' => 'wx6e79d28ccc2a8c05',
  'attach' => '2',
  'bank_type' => 'CFT',
  'cash_fee' => '30',
  'fee_type' => 'CNY',
  'is_subscribe' => 'Y',
  'mch_id' => '1490957872',
  'nonce_str' => 'a14K1XKK',
  'openid' => 'o01Wu01-zSLzut3cB22KEbJ3JxzY',
  'out_trade_no' => '2018010911451600001221279360',
  'result_code' => 'SUCCESS',
  'return_code' => 'SUCCESS',
  'sign' => '3D7025267A6542609A6847949CBF73D9',
  'time_end' => '20180109114659',
  'total_fee' => '30',
  'trade_type' => 'JSAPI',
  'transaction_id' => '4200000082201801090930487998',
)

2018-01-09 11:46:29 pay :
------------
String:
array (
  'appid' => 'wx6e79d28ccc2a8c05',
  'attach' => '2',
  'bank_type' => 'CFT',
  'cash_fee' => '30',
  'fee_type' => 'CNY',
  'is_subscribe' => 'Y',
  'mch_id' => '1490957872',
  'nonce_str' => 'a14K1XKK',
  'openid' => 'o01Wu01-zSLzut3cB22KEbJ3JxzY',
  'out_trade_no' => '2018010911451600001221279360',
  'result_code' => 'SUCCESS',
  'return_code' => 'SUCCESS',
  'sign' => '3D7025267A6542609A6847949CBF73D9',
  'time_end' => '20180109114659',
  'total_fee' => '30',
  'trade_type' => 'JSAPI',
  'transaction_id' => '4200000082201801090930487998',
)

2018-01-09 11:49:31 pay :
------------
String:
array (
  'appid' => 'wx6e79d28ccc2a8c05',
  'attach' => '2',
  'bank_type' => 'CFT',
  'cash_fee' => '30',
  'fee_type' => 'CNY',
  'is_subscribe' => 'Y',
  'mch_id' => '1490957872',
  'nonce_str' => 'a14K1XKK',
  'openid' => 'o01Wu01-zSLzut3cB22KEbJ3JxzY',
  'out_trade_no' => '2018010911451600001221279360',
  'result_code' => 'SUCCESS',
  'return_code' => 'SUCCESS',
  'sign' => '3D7025267A6542609A6847949CBF73D9',
  'time_end' => '20180109114659',
  'total_fee' => '30',
  'trade_type' => 'JSAPI',
  'transaction_id' => '4200000082201801090930487998',
)

2018-01-09 12:19:32 pay :
------------
String:
array (
  'appid' => 'wx6e79d28ccc2a8c05',
  'attach' => '2',
  'bank_type' => 'CFT',
  'cash_fee' => '30',
  'fee_type' => 'CNY',
  'is_subscribe' => 'Y',
  'mch_id' => '1490957872',
  'nonce_str' => 'a14K1XKK',
  'openid' => 'o01Wu01-zSLzut3cB22KEbJ3JxzY',
  'out_trade_no' => '2018010911451600001221279360',
  'result_code' => 'SUCCESS',
  'return_code' => 'SUCCESS',
  'sign' => '3D7025267A6542609A6847949CBF73D9',
  'time_end' => '20180109114659',
  'total_fee' => '30',
  'trade_type' => 'JSAPI',
  'transaction_id' => '4200000082201801090930487998',
)

2018-01-09 12:49:35 pay :
------------
String:
array (
  'appid' => 'wx6e79d28ccc2a8c05',
  'attach' => '2',
  'bank_type' => 'CFT',
  'cash_fee' => '30',
  'fee_type' => 'CNY',
  'is_subscribe' => 'Y',
  'mch_id' => '1490957872',
  'nonce_str' => 'a14K1XKK',
  'openid' => 'o01Wu01-zSLzut3cB22KEbJ3JxzY',
  'out_trade_no' => '2018010911451600001221279360',
  'result_code' => 'SUCCESS',
  'return_code' => 'SUCCESS',
  'sign' => '3D7025267A6542609A6847949CBF73D9',
  'time_end' => '20180109114659',
  'total_fee' => '30',
  'trade_type' => 'JSAPI',
  'transaction_id' => '4200000082201801090930487998',
)

2018-01-09 13:19:37 pay :
------------
String:
array (
  'appid' => 'wx6e79d28ccc2a8c05',
  'attach' => '2',
  'bank_type' => 'CFT',
  'cash_fee' => '30',
  'fee_type' => 'CNY',
  'is_subscribe' => 'Y',
  'mch_id' => '1490957872',
  'nonce_str' => 'a14K1XKK',
  'openid' => 'o01Wu01-zSLzut3cB22KEbJ3JxzY',
  'out_trade_no' => '2018010911451600001221279360',
  'result_code' => 'SUCCESS',
  'return_code' => 'SUCCESS',
  'sign' => '3D7025267A6542609A6847949CBF73D9',
  'time_end' => '20180109114659',
  'total_fee' => '30',
  'trade_type' => 'JSAPI',
  'transaction_id' => '4200000082201801090930487998',
)

2018-01-09 13:49:39 pay :
------------
String:
array (
  'appid' => 'wx6e79d28ccc2a8c05',
  'attach' => '2',
  'bank_type' => 'CFT',
  'cash_fee' => '30',
  'fee_type' => 'CNY',
  'is_subscribe' => 'Y',
  'mch_id' => '1490957872',
  'nonce_str' => 'a14K1XKK',
  'openid' => 'o01Wu01-zSLzut3cB22KEbJ3JxzY',
  'out_trade_no' => '2018010911451600001221279360',
  'result_code' => 'SUCCESS',
  'return_code' => 'SUCCESS',
  'sign' => '3D7025267A6542609A6847949CBF73D9',
  'time_end' => '20180109114659',
  'total_fee' => '30',
  'trade_type' => 'JSAPI',
  'transaction_id' => '4200000082201801090930487998',
)

2018-01-09 14:49:42 pay :
------------
String:
array (
  'appid' => 'wx6e79d28ccc2a8c05',
  'attach' => '2',
  'bank_type' => 'CFT',
  'cash_fee' => '30',
  'fee_type' => 'CNY',
  'is_subscribe' => 'Y',
  'mch_id' => '1490957872',
  'nonce_str' => 'a14K1XKK',
  'openid' => 'o01Wu01-zSLzut3cB22KEbJ3JxzY',
  'out_trade_no' => '2018010911451600001221279360',
  'result_code' => 'SUCCESS',
  'return_code' => 'SUCCESS',
  'sign' => '3D7025267A6542609A6847949CBF73D9',
  'time_end' => '20180109114659',
  'total_fee' => '30',
  'trade_type' => 'JSAPI',
  'transaction_id' => '4200000082201801090930487998',
)

2018-01-09 21:52:18 pay-alipay :
------------
String:
array (
  'payment_type' => '1',
  'trade_no' => '2018010821001004230575720080',
  'subject' => '餐饮20180108180474862120',
  'buyer_email' => 'hangming@msn.com',
  'gmt_create' => '2018-01-08 21:29:58',
  'notify_type' => 'trade_status_sync',
  'quantity' => '1',
  'out_trade_no' => '2018010821273200001289212508',
  'seller_id' => '2088621957819369',
  'notify_time' => '2018-01-09 21:53:49',
  'body' => '2',
  'trade_status' => 'TRADE_SUCCESS',
  'is_total_fee_adjust' => 'N',
  'total_fee' => '0.30',
  'gmt_payment' => '2018-01-08 21:29:59',
  'seller_email' => 'jin703@outlook.com',
  'price' => '0.30',
  'buyer_id' => '2088002328471230',
  'notify_id' => '7a265ae6375378c9e9c906fb3611cd9hs1',
  'use_coupon' => 'N',
  'sign_type' => 'MD5',
  'sign' => '7e816553ff70ccce7bd792098620c52f',
  'query_type' => 'notify',
)

