2018-07-30 14:44:55 pay-alipay :
------------
String:
array (
  'payment_type' => '1',
  'trade_no' => '2018042821001004230514752263',
  'subject' => '餐饮20180428973751831085',
  'buyer_email' => 'han***@msn.com',
  'gmt_create' => '2018-04-28 14:44:40',
  'notify_type' => 'trade_status_sync',
  'quantity' => '1',
  'out_trade_no' => '2018042814362200001235976364',
  'seller_id' => '2088621957819369',
  'notify_time' => '2018-07-30 14:44:54',
  'body' => '2',
  'trade_status' => 'TRADE_FINISHED',
  'is_total_fee_adjust' => 'N',
  'total_fee' => '1.00',
  'gmt_payment' => '2018-04-28 14:44:42',
  'seller_email' => 'jin703@outlook.com',
  'gmt_close' => '2018-07-30 14:44:54',
  'price' => '1.00',
  'buyer_id' => '2088002328471230',
  'notify_id' => '6f653beea2b7ab28368a88dc44742achs1',
  'use_coupon' => 'N',
  'sign_type' => 'MD5',
  'sign' => '924814e4e67711edb664a43ece7fca4d',
  'query_type' => 'notify',
)

2018-07-30 14:48:07 pay-alipay :
------------
String:
array (
  'payment_type' => '1',
  'trade_no' => '2018042821001004230514752263',
  'subject' => '餐饮20180428973751831085',
  'buyer_email' => 'han***@msn.com',
  'gmt_create' => '2018-04-28 14:44:40',
  'notify_type' => 'trade_status_sync',
  'quantity' => '1',
  'out_trade_no' => '2018042814362200001235976364',
  'seller_id' => '2088621957819369',
  'notify_time' => '2018-07-30 14:48:07',
  'body' => '2',
  'trade_status' => 'TRADE_FINISHED',
  'is_total_fee_adjust' => 'N',
  'total_fee' => '1.00',
  'gmt_payment' => '2018-04-28 14:44:42',
  'seller_email' => 'jin703@outlook.com',
  'gmt_close' => '2018-07-30 14:44:54',
  'price' => '1.00',
  'buyer_id' => '2088002328471230',
  'notify_id' => '6f653beea2b7ab28368a88dc44742achs1',
  'use_coupon' => 'N',
  'sign_type' => 'MD5',
  'sign' => 'f613e2aa3247ebf45d27d4c48762f24a',
  'query_type' => 'notify',
)

2018-07-30 14:58:23 pay-alipay :
------------
String:
array (
  'payment_type' => '1',
  'trade_no' => '2018042821001004230514752263',
  'subject' => '餐饮20180428973751831085',
  'buyer_email' => 'han***@msn.com',
  'gmt_create' => '2018-04-28 14:44:40',
  'notify_type' => 'trade_status_sync',
  'quantity' => '1',
  'out_trade_no' => '2018042814362200001235976364',
  'seller_id' => '2088621957819369',
  'notify_time' => '2018-07-30 14:58:23',
  'body' => '2',
  'trade_status' => 'TRADE_FINISHED',
  'is_total_fee_adjust' => 'N',
  'total_fee' => '1.00',
  'gmt_payment' => '2018-04-28 14:44:42',
  'seller_email' => 'jin703@outlook.com',
  'gmt_close' => '2018-07-30 14:44:54',
  'price' => '1.00',
  'buyer_id' => '2088002328471230',
  'notify_id' => '6f653beea2b7ab28368a88dc44742achs1',
  'use_coupon' => 'N',
  'sign_type' => 'MD5',
  'sign' => '1c224df981dfe53c1c8c0cb71c4a4e5c',
  'query_type' => 'notify',
)

2018-07-30 15:08:14 pay-alipay :
------------
String:
array (
  'payment_type' => '1',
  'trade_no' => '2018042821001004230514752263',
  'subject' => '餐饮20180428973751831085',
  'buyer_email' => 'han***@msn.com',
  'gmt_create' => '2018-04-28 14:44:40',
  'notify_type' => 'trade_status_sync',
  'quantity' => '1',
  'out_trade_no' => '2018042814362200001235976364',
  'seller_id' => '2088621957819369',
  'notify_time' => '2018-07-30 15:08:13',
  'body' => '2',
  'trade_status' => 'TRADE_FINISHED',
  'is_total_fee_adjust' => 'N',
  'total_fee' => '1.00',
  'gmt_payment' => '2018-04-28 14:44:42',
  'seller_email' => 'jin703@outlook.com',
  'gmt_close' => '2018-07-30 14:44:54',
  'price' => '1.00',
  'buyer_id' => '2088002328471230',
  'notify_id' => '6f653beea2b7ab28368a88dc44742achs1',
  'use_coupon' => 'N',
  'sign_type' => 'MD5',
  'sign' => 'd2fcb6eedc84a151b6bd2951e3531bb4',
  'query_type' => 'notify',
)

2018-07-30 16:08:42 pay-alipay :
------------
String:
array (
  'payment_type' => '1',
  'trade_no' => '2018042821001004230514752263',
  'subject' => '餐饮20180428973751831085',
  'buyer_email' => 'han***@msn.com',
  'gmt_create' => '2018-04-28 14:44:40',
  'notify_type' => 'trade_status_sync',
  'quantity' => '1',
  'out_trade_no' => '2018042814362200001235976364',
  'seller_id' => '2088621957819369',
  'notify_time' => '2018-07-30 16:08:41',
  'body' => '2',
  'trade_status' => 'TRADE_FINISHED',
  'is_total_fee_adjust' => 'N',
  'total_fee' => '1.00',
  'gmt_payment' => '2018-04-28 14:44:42',
  'seller_email' => 'jin703@outlook.com',
  'gmt_close' => '2018-07-30 14:44:54',
  'price' => '1.00',
  'buyer_id' => '2088002328471230',
  'notify_id' => '6f653beea2b7ab28368a88dc44742achs1',
  'use_coupon' => 'N',
  'sign_type' => 'MD5',
  'sign' => '1357f92986405fe44a03edac9a8e2935',
  'query_type' => 'notify',
)

2018-07-30 18:08:19 pay-alipay :
------------
String:
array (
  'payment_type' => '1',
  'trade_no' => '2018042821001004230514752263',
  'subject' => '餐饮20180428973751831085',
  'buyer_email' => 'han***@msn.com',
  'gmt_create' => '2018-04-28 14:44:40',
  'notify_type' => 'trade_status_sync',
  'quantity' => '1',
  'out_trade_no' => '2018042814362200001235976364',
  'seller_id' => '2088621957819369',
  'notify_time' => '2018-07-30 18:08:18',
  'body' => '2',
  'trade_status' => 'TRADE_FINISHED',
  'is_total_fee_adjust' => 'N',
  'total_fee' => '1.00',
  'gmt_payment' => '2018-04-28 14:44:42',
  'seller_email' => 'jin703@outlook.com',
  'gmt_close' => '2018-07-30 14:44:54',
  'price' => '1.00',
  'buyer_id' => '2088002328471230',
  'notify_id' => '6f653beea2b7ab28368a88dc44742achs1',
  'use_coupon' => 'N',
  'sign_type' => 'MD5',
  'sign' => '72828b7c60d0f9c5ea09fae2afdf1ca0',
  'query_type' => 'notify',
)

