2018-07-15 11:14:33 pay-alipay :
------------
String:
array (
  'payment_type' => '1',
  'trade_no' => '2018071421001004230533316257',
  'subject' => '餐饮20180714363360722639',
  'buyer_email' => 'han***@msn.com',
  'gmt_create' => '2018-07-14 10:50:32',
  'notify_type' => 'trade_status_sync',
  'quantity' => '1',
  'out_trade_no' => '2018071410454200001220920881',
  'seller_id' => '2088621957819369',
  'notify_time' => '2018-07-15 11:14:32',
  'body' => '2',
  'trade_status' => 'TRADE_SUCCESS',
  'is_total_fee_adjust' => 'N',
  'total_fee' => '0.10',
  'gmt_payment' => '2018-07-14 10:50:33',
  'seller_email' => 'jin703@outlook.com',
  'price' => '0.10',
  'buyer_id' => '2088002328471230',
  'notify_id' => '8b45ea672deea8c8dfe9d130a4f7c2bhs1',
  'use_coupon' => 'N',
  'sign_type' => 'MD5',
  'sign' => 'a8a44154339757415f22ffe5bf88a22c',
  'query_type' => 'notify',
)

2018-07-15 13:14:04 trace :
------------
String:
<xml><ToUserName><![CDATA[gh_6ace08fd00cf]]></ToUserName>
<FromUserName><![CDATA[oIP0X0nRmf4w6LhtWw_cwGj7NlyA]]></FromUserName>
<CreateTime>1531631643</CreateTime>
<MsgType><![CDATA[event]]></MsgType>
<Event><![CDATA[VIEW]]></Event>
<EventKey><![CDATA[http://orderamz.oneap.net/app/index.php?i=2&c=entry&eid=15]]></EventKey>
<MenuId>813904688</MenuId>
</xml>

2018-07-15 13:14:04 params :
------------
String:
array (
  'rule' => -2,
  'module' => '',
  'message' => 
  array (
    'tousername' => 'gh_6ace08fd00cf',
    'fromusername' => 'oIP0X0nRmf4w6LhtWw_cwGj7NlyA',
    'createtime' => '1531631643',
    'msgtype' => 'event',
    'event' => 'VIEW',
    'eventkey' => 'http://orderamz.oneap.net/app/index.php?i=2&c=entry&eid=15',
    'menuid' => '813904688',
    'from' => 'oIP0X0nRmf4w6LhtWw_cwGj7NlyA',
    'to' => 'gh_6ace08fd00cf',
    'time' => '1531631643',
    'type' => 'text',
    'content' => 'http://orderamz.oneap.net/app/index.php?i=2&c=entry&eid=15',
    'redirection' => true,
    'source' => 'VIEW',
  ),
)

2018-07-15 13:14:04 response :
------------

2018-07-15 13:16:15 pay-alipay :
------------
String:
array (
  'payment_type' => '1',
  'trade_no' => '2018071521001004230537104450',
  'subject' => '餐饮20180715317088769231',
  'buyer_email' => 'han***@msn.com',
  'gmt_create' => '2018-07-15 13:16:13',
  'notify_type' => 'trade_status_sync',
  'quantity' => '1',
  'out_trade_no' => '2018071513151600001298638796',
  'seller_id' => '2088621957819369',
  'notify_time' => '2018-07-15 13:16:14',
  'body' => '2',
  'trade_status' => 'TRADE_SUCCESS',
  'is_total_fee_adjust' => 'N',
  'total_fee' => '0.10',
  'gmt_payment' => '2018-07-15 13:16:14',
  'seller_email' => 'jin703@outlook.com',
  'price' => '0.10',
  'buyer_id' => '2088002328471230',
  'notify_id' => '86634dee142d14bf8dada70a34e7dc9hs1',
  'use_coupon' => 'N',
  'sign_type' => 'MD5',
  'sign' => '14ed44ee7c718030a7a4c853ee4de7b3',
  'query_type' => 'notify',
)

2018-07-15 13:16:16 pay-alipay :
------------
String:
array (
  'body' => '2',
  'is_success' => 'T',
  'notify_id' => 'RqPnCoPT3K9%2Fvwbh3Ih125NvRSmarPDTnkRclF35ISxOCnn3MvNROHom6E8eEPbDPosU',
  'notify_time' => '2018-07-15 13:16:15',
  'notify_type' => 'trade_status_sync',
  'out_trade_no' => '2018071513151600001298638796',
  'payment_type' => '1',
  'seller_id' => '2088621957819369',
  'service' => 'alipay.wap.create.direct.pay.by.user',
  'subject' => '餐饮20180715317088769231',
  'total_fee' => '0.10',
  'trade_no' => '2018071521001004230537104450',
  'trade_status' => 'TRADE_SUCCESS',
  'sign' => 'c6003b0ba209bed21d2362c52acb2c83',
  'sign_type' => 'MD5',
  'query_type' => 'return',
)

2018-07-15 13:16:16 trace :
------------
String:
<xml><ToUserName><![CDATA[gh_6ace08fd00cf]]></ToUserName>
<FromUserName><![CDATA[oIP0X0nRmf4w6LhtWw_cwGj7NlyA]]></FromUserName>
<CreateTime>1531631776</CreateTime>
<MsgType><![CDATA[event]]></MsgType>
<Event><![CDATA[TEMPLATESENDJOBFINISH]]></Event>
<MsgID>369761545883860995</MsgID>
<Status><![CDATA[success]]></Status>
</xml>

2018-07-15 13:16:16 params :
------------
String:
array (
  'rule' => -2,
  'module' => '',
  'message' => 
  array (
    'tousername' => 'gh_6ace08fd00cf',
    'fromusername' => 'oIP0X0nRmf4w6LhtWw_cwGj7NlyA',
    'createtime' => '1531631776',
    'msgtype' => 'event',
    'event' => 'TEMPLATESENDJOBFINISH',
    'msgid' => '369761545883860995',
    'status' => 'success',
    'from' => 'oIP0X0nRmf4w6LhtWw_cwGj7NlyA',
    'to' => 'gh_6ace08fd00cf',
    'time' => '1531631776',
    'type' => 'event',
  ),
)

2018-07-15 13:16:16 response :
------------

2018-07-15 13:16:24 trace :
------------
String:
<xml><ToUserName><![CDATA[gh_6ace08fd00cf]]></ToUserName>
<FromUserName><![CDATA[oIP0X0oF5n7OLu49EpAwdouhzRkU]]></FromUserName>
<CreateTime>1531631784</CreateTime>
<MsgType><![CDATA[event]]></MsgType>
<Event><![CDATA[TEMPLATESENDJOBFINISH]]></Event>
<MsgID>369761680286154753</MsgID>
<Status><![CDATA[success]]></Status>
</xml>

2018-07-15 13:16:24 params :
------------
String:
array (
  'rule' => -2,
  'module' => '',
  'message' => 
  array (
    'tousername' => 'gh_6ace08fd00cf',
    'fromusername' => 'oIP0X0oF5n7OLu49EpAwdouhzRkU',
    'createtime' => '1531631784',
    'msgtype' => 'event',
    'event' => 'TEMPLATESENDJOBFINISH',
    'msgid' => '369761680286154753',
    'status' => 'success',
    'from' => 'oIP0X0oF5n7OLu49EpAwdouhzRkU',
    'to' => 'gh_6ace08fd00cf',
    'time' => '1531631784',
    'type' => 'event',
  ),
)

2018-07-15 13:16:24 response :
------------

2018-07-15 13:20:34 pay-alipay :
------------
String:
array (
  'payment_type' => '1',
  'trade_no' => '2018071521001004230537104450',
  'subject' => '餐饮20180715317088769231',
  'buyer_email' => 'han***@msn.com',
  'gmt_create' => '2018-07-15 13:16:13',
  'notify_type' => 'trade_status_sync',
  'quantity' => '1',
  'out_trade_no' => '2018071513151600001298638796',
  'seller_id' => '2088621957819369',
  'notify_time' => '2018-07-15 13:20:33',
  'body' => '2',
  'trade_status' => 'TRADE_SUCCESS',
  'is_total_fee_adjust' => 'N',
  'total_fee' => '0.10',
  'gmt_payment' => '2018-07-15 13:16:14',
  'seller_email' => 'jin703@outlook.com',
  'price' => '0.10',
  'buyer_id' => '2088002328471230',
  'notify_id' => '86634dee142d14bf8dada70a34e7dc9hs1',
  'use_coupon' => 'N',
  'sign_type' => 'MD5',
  'sign' => '4b278e0cd38bb6efa1f5638f16ee2ffa',
  'query_type' => 'notify',
)

2018-07-15 13:22:14 trace :
------------
String:
<xml><ToUserName><![CDATA[gh_6ace08fd00cf]]></ToUserName>
<FromUserName><![CDATA[oIP0X0nRmf4w6LhtWw_cwGj7NlyA]]></FromUserName>
<CreateTime>1531632134</CreateTime>
<MsgType><![CDATA[event]]></MsgType>
<Event><![CDATA[TEMPLATESENDJOBFINISH]]></Event>
<MsgID>369767541943418882</MsgID>
<Status><![CDATA[success]]></Status>
</xml>

2018-07-15 13:22:14 params :
------------
String:
array (
  'rule' => -2,
  'module' => '',
  'message' => 
  array (
    'tousername' => 'gh_6ace08fd00cf',
    'fromusername' => 'oIP0X0nRmf4w6LhtWw_cwGj7NlyA',
    'createtime' => '1531632134',
    'msgtype' => 'event',
    'event' => 'TEMPLATESENDJOBFINISH',
    'msgid' => '369767541943418882',
    'status' => 'success',
    'from' => 'oIP0X0nRmf4w6LhtWw_cwGj7NlyA',
    'to' => 'gh_6ace08fd00cf',
    'time' => '1531632134',
    'type' => 'event',
  ),
)

2018-07-15 13:22:14 response :
------------

2018-07-15 13:22:21 trace :
------------
String:
<xml><ToUserName><![CDATA[gh_6ace08fd00cf]]></ToUserName>
<FromUserName><![CDATA[oIP0X0oF5n7OLu49EpAwdouhzRkU]]></FromUserName>
<CreateTime>1531632141</CreateTime>
<MsgType><![CDATA[event]]></MsgType>
<Event><![CDATA[TEMPLATESENDJOBFINISH]]></Event>
<MsgID>369767669584494595</MsgID>
<Status><![CDATA[success]]></Status>
</xml>

2018-07-15 13:22:21 params :
------------
String:
array (
  'rule' => -2,
  'module' => '',
  'message' => 
  array (
    'tousername' => 'gh_6ace08fd00cf',
    'fromusername' => 'oIP0X0oF5n7OLu49EpAwdouhzRkU',
    'createtime' => '1531632141',
    'msgtype' => 'event',
    'event' => 'TEMPLATESENDJOBFINISH',
    'msgid' => '369767669584494595',
    'status' => 'success',
    'from' => 'oIP0X0oF5n7OLu49EpAwdouhzRkU',
    'to' => 'gh_6ace08fd00cf',
    'time' => '1531632141',
    'type' => 'event',
  ),
)

2018-07-15 13:22:21 response :
------------

2018-07-15 13:23:40 pay :
------------
String:
array (
  'appid' => 'wxbca5dd09334f3ae0',
  'attach' => '2',
  'bank_type' => 'CFT',
  'cash_fee' => '10',
  'fee_type' => 'CNY',
  'is_subscribe' => 'Y',
  'mch_id' => '1502298101',
  'nonce_str' => 'aoe8mp6G',
  'openid' => 'oIP0X0nRmf4w6LhtWw_cwGj7NlyA',
  'out_trade_no' => '2018071513232100001294618285',
  'result_code' => 'SUCCESS',
  'return_code' => 'SUCCESS',
  'sign' => '36C9FB947EBC10423FD9084706AE3C4B',
  'time_end' => '20180715132339',
  'total_fee' => '10',
  'trade_type' => 'JSAPI',
  'transaction_id' => '4200000148201807159193756013',
)

2018-07-15 13:23:43 trace :
------------
String:
<xml><ToUserName><![CDATA[gh_6ace08fd00cf]]></ToUserName>
<FromUserName><![CDATA[oIP0X0nRmf4w6LhtWw_cwGj7NlyA]]></FromUserName>
<CreateTime>1531632223</CreateTime>
<MsgType><![CDATA[event]]></MsgType>
<Event><![CDATA[TEMPLATESENDJOBFINISH]]></Event>
<MsgID>369769034612326402</MsgID>
<Status><![CDATA[success]]></Status>
</xml>

2018-07-15 13:23:43 params :
------------
String:
array (
  'rule' => -2,
  'module' => '',
  'message' => 
  array (
    'tousername' => 'gh_6ace08fd00cf',
    'fromusername' => 'oIP0X0nRmf4w6LhtWw_cwGj7NlyA',
    'createtime' => '1531632223',
    'msgtype' => 'event',
    'event' => 'TEMPLATESENDJOBFINISH',
    'msgid' => '369769034612326402',
    'status' => 'success',
    'from' => 'oIP0X0nRmf4w6LhtWw_cwGj7NlyA',
    'to' => 'gh_6ace08fd00cf',
    'time' => '1531632223',
    'type' => 'event',
  ),
)

2018-07-15 13:23:43 response :
------------

2018-07-15 13:23:50 trace :
------------
String:
<xml><ToUserName><![CDATA[gh_6ace08fd00cf]]></ToUserName>
<FromUserName><![CDATA[oIP0X0oF5n7OLu49EpAwdouhzRkU]]></FromUserName>
<CreateTime>1531632230</CreateTime>
<MsgType><![CDATA[event]]></MsgType>
<Event><![CDATA[TEMPLATESENDJOBFINISH]]></Event>
<MsgID>369769161951412226</MsgID>
<Status><![CDATA[success]]></Status>
</xml>

2018-07-15 13:23:50 params :
------------
String:
array (
  'rule' => -2,
  'module' => '',
  'message' => 
  array (
    'tousername' => 'gh_6ace08fd00cf',
    'fromusername' => 'oIP0X0oF5n7OLu49EpAwdouhzRkU',
    'createtime' => '1531632230',
    'msgtype' => 'event',
    'event' => 'TEMPLATESENDJOBFINISH',
    'msgid' => '369769161951412226',
    'status' => 'success',
    'from' => 'oIP0X0oF5n7OLu49EpAwdouhzRkU',
    'to' => 'gh_6ace08fd00cf',
    'time' => '1531632230',
    'type' => 'event',
  ),
)

2018-07-15 13:23:50 response :
------------

2018-07-15 13:23:57 pay :
------------
String:
array (
  'appid' => 'wxbca5dd09334f3ae0',
  'attach' => '2',
  'bank_type' => 'CFT',
  'cash_fee' => '10',
  'fee_type' => 'CNY',
  'is_subscribe' => 'Y',
  'mch_id' => '1502298101',
  'nonce_str' => 'aoe8mp6G',
  'openid' => 'oIP0X0nRmf4w6LhtWw_cwGj7NlyA',
  'out_trade_no' => '2018071513232100001294618285',
  'result_code' => 'SUCCESS',
  'return_code' => 'SUCCESS',
  'sign' => '36C9FB947EBC10423FD9084706AE3C4B',
  'time_end' => '20180715132339',
  'total_fee' => '10',
  'trade_type' => 'JSAPI',
  'transaction_id' => '4200000148201807159193756013',
)

2018-07-15 13:24:42 trace :
------------
String:
<xml><ToUserName><![CDATA[gh_6ace08fd00cf]]></ToUserName>
<FromUserName><![CDATA[oIP0X0g5j5OmrQEgSHLTECZbCFHw]]></FromUserName>
<CreateTime>1531632282</CreateTime>
<MsgType><![CDATA[event]]></MsgType>
<Event><![CDATA[VIEW]]></Event>
<EventKey><![CDATA[http://orderamz.oneap.net/app/index.php?i=2&c=entry&eid=3]]></EventKey>
<MenuId>813904688</MenuId>
</xml>

2018-07-15 13:24:42 params :
------------
String:
array (
  'rule' => -2,
  'module' => '',
  'message' => 
  array (
    'tousername' => 'gh_6ace08fd00cf',
    'fromusername' => 'oIP0X0g5j5OmrQEgSHLTECZbCFHw',
    'createtime' => '1531632282',
    'msgtype' => 'event',
    'event' => 'VIEW',
    'eventkey' => 'http://orderamz.oneap.net/app/index.php?i=2&c=entry&eid=3',
    'menuid' => '813904688',
    'from' => 'oIP0X0g5j5OmrQEgSHLTECZbCFHw',
    'to' => 'gh_6ace08fd00cf',
    'time' => '1531632282',
    'type' => 'text',
    'content' => 'http://orderamz.oneap.net/app/index.php?i=2&c=entry&eid=3',
    'redirection' => true,
    'source' => 'VIEW',
  ),
)

2018-07-15 13:24:42 response :
------------

2018-07-15 13:24:44 pay :
------------
String:
array (
  'appid' => 'wxbca5dd09334f3ae0',
  'attach' => '2',
  'bank_type' => 'CFT',
  'cash_fee' => '10',
  'fee_type' => 'CNY',
  'is_subscribe' => 'Y',
  'mch_id' => '1502298101',
  'nonce_str' => 'aoe8mp6G',
  'openid' => 'oIP0X0nRmf4w6LhtWw_cwGj7NlyA',
  'out_trade_no' => '2018071513232100001294618285',
  'result_code' => 'SUCCESS',
  'return_code' => 'SUCCESS',
  'sign' => '36C9FB947EBC10423FD9084706AE3C4B',
  'time_end' => '20180715132339',
  'total_fee' => '10',
  'trade_type' => 'JSAPI',
  'transaction_id' => '4200000148201807159193756013',
)

2018-07-15 13:27:45 pay :
------------
String:
array (
  'appid' => 'wxbca5dd09334f3ae0',
  'attach' => '2',
  'bank_type' => 'CFT',
  'cash_fee' => '10',
  'fee_type' => 'CNY',
  'is_subscribe' => 'Y',
  'mch_id' => '1502298101',
  'nonce_str' => 'aoe8mp6G',
  'openid' => 'oIP0X0nRmf4w6LhtWw_cwGj7NlyA',
  'out_trade_no' => '2018071513232100001294618285',
  'result_code' => 'SUCCESS',
  'return_code' => 'SUCCESS',
  'sign' => '36C9FB947EBC10423FD9084706AE3C4B',
  'time_end' => '20180715132339',
  'total_fee' => '10',
  'trade_type' => 'JSAPI',
  'transaction_id' => '4200000148201807159193756013',
)

2018-07-15 13:30:45 pay-alipay :
------------
String:
array (
  'payment_type' => '1',
  'trade_no' => '2018071521001004230537104450',
  'subject' => '餐饮20180715317088769231',
  'buyer_email' => 'han***@msn.com',
  'gmt_create' => '2018-07-15 13:16:13',
  'notify_type' => 'trade_status_sync',
  'quantity' => '1',
  'out_trade_no' => '2018071513151600001298638796',
  'seller_id' => '2088621957819369',
  'notify_time' => '2018-07-15 13:30:45',
  'body' => '2',
  'trade_status' => 'TRADE_SUCCESS',
  'is_total_fee_adjust' => 'N',
  'total_fee' => '0.10',
  'gmt_payment' => '2018-07-15 13:16:14',
  'seller_email' => 'jin703@outlook.com',
  'price' => '0.10',
  'buyer_id' => '2088002328471230',
  'notify_id' => '86634dee142d14bf8dada70a34e7dc9hs1',
  'use_coupon' => 'N',
  'sign_type' => 'MD5',
  'sign' => '18dc227b3913d29bf8b2d49141c3d293',
  'query_type' => 'notify',
)

2018-07-15 13:32:58 trace :
------------
String:
<xml><ToUserName><![CDATA[gh_6ace08fd00cf]]></ToUserName>
<FromUserName><![CDATA[oIP0X0g5j5OmrQEgSHLTECZbCFHw]]></FromUserName>
<CreateTime>1531632778</CreateTime>
<MsgType><![CDATA[event]]></MsgType>
<Event><![CDATA[TEMPLATESENDJOBFINISH]]></Event>
<MsgID>369778346067902465</MsgID>
<Status><![CDATA[success]]></Status>
</xml>

2018-07-15 13:32:58 params :
------------
String:
array (
  'rule' => -2,
  'module' => '',
  'message' => 
  array (
    'tousername' => 'gh_6ace08fd00cf',
    'fromusername' => 'oIP0X0g5j5OmrQEgSHLTECZbCFHw',
    'createtime' => '1531632778',
    'msgtype' => 'event',
    'event' => 'TEMPLATESENDJOBFINISH',
    'msgid' => '369778346067902465',
    'status' => 'success',
    'from' => 'oIP0X0g5j5OmrQEgSHLTECZbCFHw',
    'to' => 'gh_6ace08fd00cf',
    'time' => '1531632778',
    'type' => 'event',
  ),
)

2018-07-15 13:32:58 response :
------------

2018-07-15 13:33:24 trace :
------------
String:
<xml><ToUserName><![CDATA[gh_6ace08fd00cf]]></ToUserName>
<FromUserName><![CDATA[oIP0X0g5j5OmrQEgSHLTECZbCFHw]]></FromUserName>
<CreateTime>1531632803</CreateTime>
<MsgType><![CDATA[event]]></MsgType>
<Event><![CDATA[TEMPLATESENDJOBFINISH]]></Event>
<MsgID>369778780211920897</MsgID>
<Status><![CDATA[success]]></Status>
</xml>

2018-07-15 13:33:24 params :
------------
String:
array (
  'rule' => -2,
  'module' => '',
  'message' => 
  array (
    'tousername' => 'gh_6ace08fd00cf',
    'fromusername' => 'oIP0X0g5j5OmrQEgSHLTECZbCFHw',
    'createtime' => '1531632803',
    'msgtype' => 'event',
    'event' => 'TEMPLATESENDJOBFINISH',
    'msgid' => '369778780211920897',
    'status' => 'success',
    'from' => 'oIP0X0g5j5OmrQEgSHLTECZbCFHw',
    'to' => 'gh_6ace08fd00cf',
    'time' => '1531632803',
    'type' => 'event',
  ),
)

2018-07-15 13:33:24 response :
------------

2018-07-15 13:33:40 trace :
------------
String:
<xml><ToUserName><![CDATA[gh_6ace08fd00cf]]></ToUserName>
<FromUserName><![CDATA[oIP0X0g5j5OmrQEgSHLTECZbCFHw]]></FromUserName>
<CreateTime>1531632820</CreateTime>
<MsgType><![CDATA[event]]></MsgType>
<Event><![CDATA[TEMPLATESENDJOBFINISH]]></Event>
<MsgID>369779061230288896</MsgID>
<Status><![CDATA[success]]></Status>
</xml>

2018-07-15 13:33:40 params :
------------
String:
array (
  'rule' => -2,
  'module' => '',
  'message' => 
  array (
    'tousername' => 'gh_6ace08fd00cf',
    'fromusername' => 'oIP0X0g5j5OmrQEgSHLTECZbCFHw',
    'createtime' => '1531632820',
    'msgtype' => 'event',
    'event' => 'TEMPLATESENDJOBFINISH',
    'msgid' => '369779061230288896',
    'status' => 'success',
    'from' => 'oIP0X0g5j5OmrQEgSHLTECZbCFHw',
    'to' => 'gh_6ace08fd00cf',
    'time' => '1531632820',
    'type' => 'event',
  ),
)

2018-07-15 13:33:40 response :
------------

2018-07-15 13:34:14 trace :
------------
String:
<xml><ToUserName><![CDATA[gh_6ace08fd00cf]]></ToUserName>
<FromUserName><![CDATA[oIP0X0g5j5OmrQEgSHLTECZbCFHw]]></FromUserName>
<CreateTime>1531632854</CreateTime>
<MsgType><![CDATA[event]]></MsgType>
<Event><![CDATA[TEMPLATESENDJOBFINISH]]></Event>
<MsgID>369779629323599872</MsgID>
<Status><![CDATA[success]]></Status>
</xml>

2018-07-15 13:34:14 params :
------------
String:
array (
  'rule' => -2,
  'module' => '',
  'message' => 
  array (
    'tousername' => 'gh_6ace08fd00cf',
    'fromusername' => 'oIP0X0g5j5OmrQEgSHLTECZbCFHw',
    'createtime' => '1531632854',
    'msgtype' => 'event',
    'event' => 'TEMPLATESENDJOBFINISH',
    'msgid' => '369779629323599872',
    'status' => 'success',
    'from' => 'oIP0X0g5j5OmrQEgSHLTECZbCFHw',
    'to' => 'gh_6ace08fd00cf',
    'time' => '1531632854',
    'type' => 'event',
  ),
)

2018-07-15 13:34:14 response :
------------

2018-07-15 13:34:19 trace :
------------
String:
<xml><ToUserName><![CDATA[gh_6ace08fd00cf]]></ToUserName>
<FromUserName><![CDATA[oIP0X0g5j5OmrQEgSHLTECZbCFHw]]></FromUserName>
<CreateTime>1531632859</CreateTime>
<MsgType><![CDATA[event]]></MsgType>
<Event><![CDATA[TEMPLATESENDJOBFINISH]]></Event>
<MsgID>369779715743039488</MsgID>
<Status><![CDATA[success]]></Status>
</xml>

2018-07-15 13:34:19 params :
------------
String:
array (
  'rule' => -2,
  'module' => '',
  'message' => 
  array (
    'tousername' => 'gh_6ace08fd00cf',
    'fromusername' => 'oIP0X0g5j5OmrQEgSHLTECZbCFHw',
    'createtime' => '1531632859',
    'msgtype' => 'event',
    'event' => 'TEMPLATESENDJOBFINISH',
    'msgid' => '369779715743039488',
    'status' => 'success',
    'from' => 'oIP0X0g5j5OmrQEgSHLTECZbCFHw',
    'to' => 'gh_6ace08fd00cf',
    'time' => '1531632859',
    'type' => 'event',
  ),
)

2018-07-15 13:34:19 response :
------------

2018-07-15 13:36:04 trace :
------------
String:
<xml><ToUserName><![CDATA[gh_6ace08fd00cf]]></ToUserName>
<FromUserName><![CDATA[oIP0X0nRmf4w6LhtWw_cwGj7NlyA]]></FromUserName>
<CreateTime>1531632964</CreateTime>
<MsgType><![CDATA[event]]></MsgType>
<Event><![CDATA[TEMPLATESENDJOBFINISH]]></Event>
<MsgID>369781466277724160</MsgID>
<Status><![CDATA[success]]></Status>
</xml>

2018-07-15 13:36:04 params :
------------
String:
array (
  'rule' => -2,
  'module' => '',
  'message' => 
  array (
    'tousername' => 'gh_6ace08fd00cf',
    'fromusername' => 'oIP0X0nRmf4w6LhtWw_cwGj7NlyA',
    'createtime' => '1531632964',
    'msgtype' => 'event',
    'event' => 'TEMPLATESENDJOBFINISH',
    'msgid' => '369781466277724160',
    'status' => 'success',
    'from' => 'oIP0X0nRmf4w6LhtWw_cwGj7NlyA',
    'to' => 'gh_6ace08fd00cf',
    'time' => '1531632964',
    'type' => 'event',
  ),
)

2018-07-15 13:36:04 response :
------------

2018-07-15 13:37:11 trace :
------------
String:
<xml><ToUserName><![CDATA[gh_6ace08fd00cf]]></ToUserName>
<FromUserName><![CDATA[oIP0X0nRmf4w6LhtWw_cwGj7NlyA]]></FromUserName>
<CreateTime>1531633031</CreateTime>
<MsgType><![CDATA[event]]></MsgType>
<Event><![CDATA[TEMPLATESENDJOBFINISH]]></Event>
<MsgID>369782593639530497</MsgID>
<Status><![CDATA[success]]></Status>
</xml>

2018-07-15 13:37:11 params :
------------
String:
array (
  'rule' => -2,
  'module' => '',
  'message' => 
  array (
    'tousername' => 'gh_6ace08fd00cf',
    'fromusername' => 'oIP0X0nRmf4w6LhtWw_cwGj7NlyA',
    'createtime' => '1531633031',
    'msgtype' => 'event',
    'event' => 'TEMPLATESENDJOBFINISH',
    'msgid' => '369782593639530497',
    'status' => 'success',
    'from' => 'oIP0X0nRmf4w6LhtWw_cwGj7NlyA',
    'to' => 'gh_6ace08fd00cf',
    'time' => '1531633031',
    'type' => 'event',
  ),
)

2018-07-15 13:37:11 response :
------------

2018-07-15 13:37:26 trace :
------------
String:
<xml><ToUserName><![CDATA[gh_6ace08fd00cf]]></ToUserName>
<FromUserName><![CDATA[oIP0X0nRmf4w6LhtWw_cwGj7NlyA]]></FromUserName>
<CreateTime>1531633046</CreateTime>
<MsgType><![CDATA[event]]></MsgType>
<Event><![CDATA[TEMPLATESENDJOBFINISH]]></Event>
<MsgID>369782849374633984</MsgID>
<Status><![CDATA[success]]></Status>
</xml>

2018-07-15 13:37:26 params :
------------
String:
array (
  'rule' => -2,
  'module' => '',
  'message' => 
  array (
    'tousername' => 'gh_6ace08fd00cf',
    'fromusername' => 'oIP0X0nRmf4w6LhtWw_cwGj7NlyA',
    'createtime' => '1531633046',
    'msgtype' => 'event',
    'event' => 'TEMPLATESENDJOBFINISH',
    'msgid' => '369782849374633984',
    'status' => 'success',
    'from' => 'oIP0X0nRmf4w6LhtWw_cwGj7NlyA',
    'to' => 'gh_6ace08fd00cf',
    'time' => '1531633046',
    'type' => 'event',
  ),
)

2018-07-15 13:37:26 response :
------------

2018-07-15 13:38:33 trace :
------------
String:
<xml><ToUserName><![CDATA[gh_6ace08fd00cf]]></ToUserName>
<FromUserName><![CDATA[oIP0X0nRmf4w6LhtWw_cwGj7NlyA]]></FromUserName>
<CreateTime>1531633112</CreateTime>
<MsgType><![CDATA[event]]></MsgType>
<Event><![CDATA[TEMPLATESENDJOBFINISH]]></Event>
<MsgID>369783964673622016</MsgID>
<Status><![CDATA[success]]></Status>
</xml>

2018-07-15 13:38:33 params :
------------
String:
array (
  'rule' => -2,
  'module' => '',
  'message' => 
  array (
    'tousername' => 'gh_6ace08fd00cf',
    'fromusername' => 'oIP0X0nRmf4w6LhtWw_cwGj7NlyA',
    'createtime' => '1531633112',
    'msgtype' => 'event',
    'event' => 'TEMPLATESENDJOBFINISH',
    'msgid' => '369783964673622016',
    'status' => 'success',
    'from' => 'oIP0X0nRmf4w6LhtWw_cwGj7NlyA',
    'to' => 'gh_6ace08fd00cf',
    'time' => '1531633112',
    'type' => 'event',
  ),
)

2018-07-15 13:38:33 response :
------------

2018-07-15 13:38:59 trace :
------------
String:
<xml><ToUserName><![CDATA[gh_6ace08fd00cf]]></ToUserName>
<FromUserName><![CDATA[oIP0X0nRmf4w6LhtWw_cwGj7NlyA]]></FromUserName>
<CreateTime>1531633139</CreateTime>
<MsgType><![CDATA[event]]></MsgType>
<Event><![CDATA[TEMPLATESENDJOBFINISH]]></Event>
<MsgID>369784412205858819</MsgID>
<Status><![CDATA[success]]></Status>
</xml>

2018-07-15 13:38:59 params :
------------
String:
array (
  'rule' => -2,
  'module' => '',
  'message' => 
  array (
    'tousername' => 'gh_6ace08fd00cf',
    'fromusername' => 'oIP0X0nRmf4w6LhtWw_cwGj7NlyA',
    'createtime' => '1531633139',
    'msgtype' => 'event',
    'event' => 'TEMPLATESENDJOBFINISH',
    'msgid' => '369784412205858819',
    'status' => 'success',
    'from' => 'oIP0X0nRmf4w6LhtWw_cwGj7NlyA',
    'to' => 'gh_6ace08fd00cf',
    'time' => '1531633139',
    'type' => 'event',
  ),
)

2018-07-15 13:38:59 response :
------------

2018-07-15 13:40:02 pay-alipay :
------------
String:
array (
  'payment_type' => '1',
  'trade_no' => '2018071521001004230537104450',
  'subject' => '餐饮20180715317088769231',
  'buyer_email' => 'han***@msn.com',
  'gmt_create' => '2018-07-15 13:16:13',
  'notify_type' => 'trade_status_sync',
  'quantity' => '1',
  'out_trade_no' => '2018071513151600001298638796',
  'seller_id' => '2088621957819369',
  'notify_time' => '2018-07-15 13:40:01',
  'body' => '2',
  'trade_status' => 'TRADE_SUCCESS',
  'is_total_fee_adjust' => 'N',
  'total_fee' => '0.10',
  'gmt_payment' => '2018-07-15 13:16:14',
  'seller_email' => 'jin703@outlook.com',
  'price' => '0.10',
  'buyer_id' => '2088002328471230',
  'notify_id' => '86634dee142d14bf8dada70a34e7dc9hs1',
  'use_coupon' => 'N',
  'sign_type' => 'MD5',
  'sign' => '1ed179e90c3d4722f9225d9c82d80f47',
  'query_type' => 'notify',
)

2018-07-15 13:40:54 trace :
------------
String:
<xml><ToUserName><![CDATA[gh_6ace08fd00cf]]></ToUserName>
<FromUserName><![CDATA[oIP0X0nRmf4w6LhtWw_cwGj7NlyA]]></FromUserName>
<CreateTime>1531633254</CreateTime>
<MsgType><![CDATA[event]]></MsgType>
<Event><![CDATA[TEMPLATESENDJOBFINISH]]></Event>
<MsgID>369786338096037889</MsgID>
<Status><![CDATA[success]]></Status>
</xml>

2018-07-15 13:40:54 params :
------------
String:
array (
  'rule' => -2,
  'module' => '',
  'message' => 
  array (
    'tousername' => 'gh_6ace08fd00cf',
    'fromusername' => 'oIP0X0nRmf4w6LhtWw_cwGj7NlyA',
    'createtime' => '1531633254',
    'msgtype' => 'event',
    'event' => 'TEMPLATESENDJOBFINISH',
    'msgid' => '369786338096037889',
    'status' => 'success',
    'from' => 'oIP0X0nRmf4w6LhtWw_cwGj7NlyA',
    'to' => 'gh_6ace08fd00cf',
    'time' => '1531633254',
    'type' => 'event',
  ),
)

2018-07-15 13:40:54 response :
------------

2018-07-15 13:41:08 trace :
------------
String:
<xml><ToUserName><![CDATA[gh_6ace08fd00cf]]></ToUserName>
<FromUserName><![CDATA[oIP0X0nRmf4w6LhtWw_cwGj7NlyA]]></FromUserName>
<CreateTime>1531633268</CreateTime>
<MsgType><![CDATA[event]]></MsgType>
<Event><![CDATA[TEMPLATESENDJOBFINISH]]></Event>
<MsgID>369786572188532736</MsgID>
<Status><![CDATA[success]]></Status>
</xml>

2018-07-15 13:41:08 params :
------------
String:
array (
  'rule' => -2,
  'module' => '',
  'message' => 
  array (
    'tousername' => 'gh_6ace08fd00cf',
    'fromusername' => 'oIP0X0nRmf4w6LhtWw_cwGj7NlyA',
    'createtime' => '1531633268',
    'msgtype' => 'event',
    'event' => 'TEMPLATESENDJOBFINISH',
    'msgid' => '369786572188532736',
    'status' => 'success',
    'from' => 'oIP0X0nRmf4w6LhtWw_cwGj7NlyA',
    'to' => 'gh_6ace08fd00cf',
    'time' => '1531633268',
    'type' => 'event',
  ),
)

2018-07-15 13:41:08 response :
------------

2018-07-15 13:42:06 trace :
------------
String:
<xml><ToUserName><![CDATA[gh_6ace08fd00cf]]></ToUserName>
<FromUserName><![CDATA[oIP0X0g5j5OmrQEgSHLTECZbCFHw]]></FromUserName>
<CreateTime>1531633326</CreateTime>
<MsgType><![CDATA[event]]></MsgType>
<Event><![CDATA[TEMPLATESENDJOBFINISH]]></Event>
<MsgID>369787546609270784</MsgID>
<Status><![CDATA[success]]></Status>
</xml>

2018-07-15 13:42:06 params :
------------
String:
array (
  'rule' => -2,
  'module' => '',
  'message' => 
  array (
    'tousername' => 'gh_6ace08fd00cf',
    'fromusername' => 'oIP0X0g5j5OmrQEgSHLTECZbCFHw',
    'createtime' => '1531633326',
    'msgtype' => 'event',
    'event' => 'TEMPLATESENDJOBFINISH',
    'msgid' => '369787546609270784',
    'status' => 'success',
    'from' => 'oIP0X0g5j5OmrQEgSHLTECZbCFHw',
    'to' => 'gh_6ace08fd00cf',
    'time' => '1531633326',
    'type' => 'event',
  ),
)

2018-07-15 13:42:06 response :
------------

2018-07-15 13:42:25 trace :
------------
String:
<xml><ToUserName><![CDATA[gh_6ace08fd00cf]]></ToUserName>
<FromUserName><![CDATA[oIP0X0g5j5OmrQEgSHLTECZbCFHw]]></FromUserName>
<CreateTime>1531633345</CreateTime>
<MsgType><![CDATA[event]]></MsgType>
<Event><![CDATA[TEMPLATESENDJOBFINISH]]></Event>
<MsgID>369787871130959873</MsgID>
<Status><![CDATA[success]]></Status>
</xml>

2018-07-15 13:42:25 params :
------------
String:
array (
  'rule' => -2,
  'module' => '',
  'message' => 
  array (
    'tousername' => 'gh_6ace08fd00cf',
    'fromusername' => 'oIP0X0g5j5OmrQEgSHLTECZbCFHw',
    'createtime' => '1531633345',
    'msgtype' => 'event',
    'event' => 'TEMPLATESENDJOBFINISH',
    'msgid' => '369787871130959873',
    'status' => 'success',
    'from' => 'oIP0X0g5j5OmrQEgSHLTECZbCFHw',
    'to' => 'gh_6ace08fd00cf',
    'time' => '1531633345',
    'type' => 'event',
  ),
)

2018-07-15 13:42:25 response :
------------

2018-07-15 13:43:10 trace :
------------
String:
<xml><ToUserName><![CDATA[gh_6ace08fd00cf]]></ToUserName>
<FromUserName><![CDATA[oIP0X0oF5n7OLu49EpAwdouhzRkU]]></FromUserName>
<CreateTime>1531633389</CreateTime>
<MsgType><![CDATA[event]]></MsgType>
<Event><![CDATA[VIEW]]></Event>
<EventKey><![CDATA[http://orderamz.oneap.net/app/index.php?i=2&c=entry&eid=15]]></EventKey>
<MenuId>813904688</MenuId>
</xml>

2018-07-15 13:43:10 params :
------------
String:
array (
  'rule' => -2,
  'module' => '',
  'message' => 
  array (
    'tousername' => 'gh_6ace08fd00cf',
    'fromusername' => 'oIP0X0oF5n7OLu49EpAwdouhzRkU',
    'createtime' => '1531633389',
    'msgtype' => 'event',
    'event' => 'VIEW',
    'eventkey' => 'http://orderamz.oneap.net/app/index.php?i=2&c=entry&eid=15',
    'menuid' => '813904688',
    'from' => 'oIP0X0oF5n7OLu49EpAwdouhzRkU',
    'to' => 'gh_6ace08fd00cf',
    'time' => '1531633389',
    'type' => 'text',
    'content' => 'http://orderamz.oneap.net/app/index.php?i=2&c=entry&eid=15',
    'redirection' => true,
    'source' => 'VIEW',
  ),
)

2018-07-15 13:43:10 response :
------------

2018-07-15 13:43:54 trace :
------------
String:
<xml><ToUserName><![CDATA[gh_6ace08fd00cf]]></ToUserName>
<FromUserName><![CDATA[oIP0X0oF5n7OLu49EpAwdouhzRkU]]></FromUserName>
<CreateTime>1531633434</CreateTime>
<MsgType><![CDATA[event]]></MsgType>
<Event><![CDATA[TEMPLATESENDJOBFINISH]]></Event>
<MsgID>369789360964501504</MsgID>
<Status><![CDATA[success]]></Status>
</xml>

2018-07-15 13:43:54 params :
------------
String:
array (
  'rule' => -2,
  'module' => '',
  'message' => 
  array (
    'tousername' => 'gh_6ace08fd00cf',
    'fromusername' => 'oIP0X0oF5n7OLu49EpAwdouhzRkU',
    'createtime' => '1531633434',
    'msgtype' => 'event',
    'event' => 'TEMPLATESENDJOBFINISH',
    'msgid' => '369789360964501504',
    'status' => 'success',
    'from' => 'oIP0X0oF5n7OLu49EpAwdouhzRkU',
    'to' => 'gh_6ace08fd00cf',
    'time' => '1531633434',
    'type' => 'event',
  ),
)

2018-07-15 13:43:54 response :
------------

2018-07-15 13:44:05 trace :
------------
String:
<xml><ToUserName><![CDATA[gh_6ace08fd00cf]]></ToUserName>
<FromUserName><![CDATA[oIP0X0oF5n7OLu49EpAwdouhzRkU]]></FromUserName>
<CreateTime>1531633445</CreateTime>
<MsgType><![CDATA[event]]></MsgType>
<Event><![CDATA[TEMPLATESENDJOBFINISH]]></Event>
<MsgID>369789547929796608</MsgID>
<Status><![CDATA[success]]></Status>
</xml>

2018-07-15 13:44:05 params :
------------
String:
array (
  'rule' => -2,
  'module' => '',
  'message' => 
  array (
    'tousername' => 'gh_6ace08fd00cf',
    'fromusername' => 'oIP0X0oF5n7OLu49EpAwdouhzRkU',
    'createtime' => '1531633445',
    'msgtype' => 'event',
    'event' => 'TEMPLATESENDJOBFINISH',
    'msgid' => '369789547929796608',
    'status' => 'success',
    'from' => 'oIP0X0oF5n7OLu49EpAwdouhzRkU',
    'to' => 'gh_6ace08fd00cf',
    'time' => '1531633445',
    'type' => 'event',
  ),
)

2018-07-15 13:44:05 response :
------------

2018-07-15 13:51:00 trace :
------------
String:
<xml><ToUserName><![CDATA[gh_6ace08fd00cf]]></ToUserName>
<FromUserName><![CDATA[oIP0X0nRmf4w6LhtWw_cwGj7NlyA]]></FromUserName>
<CreateTime>1531633859</CreateTime>
<MsgType><![CDATA[event]]></MsgType>
<Event><![CDATA[VIEW]]></Event>
<EventKey><![CDATA[http://orderamz.oneap.net/app/index.php?i=2&c=entry&eid=3]]></EventKey>
<MenuId>813904688</MenuId>
</xml>

2018-07-15 13:51:00 params :
------------
String:
array (
  'rule' => -2,
  'module' => '',
  'message' => 
  array (
    'tousername' => 'gh_6ace08fd00cf',
    'fromusername' => 'oIP0X0nRmf4w6LhtWw_cwGj7NlyA',
    'createtime' => '1531633859',
    'msgtype' => 'event',
    'event' => 'VIEW',
    'eventkey' => 'http://orderamz.oneap.net/app/index.php?i=2&c=entry&eid=3',
    'menuid' => '813904688',
    'from' => 'oIP0X0nRmf4w6LhtWw_cwGj7NlyA',
    'to' => 'gh_6ace08fd00cf',
    'time' => '1531633859',
    'type' => 'text',
    'content' => 'http://orderamz.oneap.net/app/index.php?i=2&c=entry&eid=3',
    'redirection' => true,
    'source' => 'VIEW',
  ),
)

2018-07-15 13:51:00 response :
------------

2018-07-15 13:51:51 trace :
------------
String:
<xml><ToUserName><![CDATA[gh_6ace08fd00cf]]></ToUserName>
<FromUserName><![CDATA[oIP0X0oF5n7OLu49EpAwdouhzRkU]]></FromUserName>
<CreateTime>1531633910</CreateTime>
<MsgType><![CDATA[event]]></MsgType>
<Event><![CDATA[VIEW]]></Event>
<EventKey><![CDATA[http://orderamz.oneap.net/app/index.php?i=2&c=entry&eid=3]]></EventKey>
<MenuId>813904688</MenuId>
</xml>

2018-07-15 13:51:51 params :
------------
String:
array (
  'rule' => -2,
  'module' => '',
  'message' => 
  array (
    'tousername' => 'gh_6ace08fd00cf',
    'fromusername' => 'oIP0X0oF5n7OLu49EpAwdouhzRkU',
    'createtime' => '1531633910',
    'msgtype' => 'event',
    'event' => 'VIEW',
    'eventkey' => 'http://orderamz.oneap.net/app/index.php?i=2&c=entry&eid=3',
    'menuid' => '813904688',
    'from' => 'oIP0X0oF5n7OLu49EpAwdouhzRkU',
    'to' => 'gh_6ace08fd00cf',
    'time' => '1531633910',
    'type' => 'text',
    'content' => 'http://orderamz.oneap.net/app/index.php?i=2&c=entry&eid=3',
    'redirection' => true,
    'source' => 'VIEW',
  ),
)

2018-07-15 13:51:51 response :
------------

2018-07-15 13:57:47 pay :
------------
String:
array (
  'appid' => 'wxbca5dd09334f3ae0',
  'attach' => '2',
  'bank_type' => 'CFT',
  'cash_fee' => '10',
  'fee_type' => 'CNY',
  'is_subscribe' => 'Y',
  'mch_id' => '1502298101',
  'nonce_str' => 'aoe8mp6G',
  'openid' => 'oIP0X0nRmf4w6LhtWw_cwGj7NlyA',
  'out_trade_no' => '2018071513232100001294618285',
  'result_code' => 'SUCCESS',
  'return_code' => 'SUCCESS',
  'sign' => '36C9FB947EBC10423FD9084706AE3C4B',
  'time_end' => '20180715132339',
  'total_fee' => '10',
  'trade_type' => 'JSAPI',
  'transaction_id' => '4200000148201807159193756013',
)

2018-07-15 14:27:49 pay :
------------
String:
array (
  'appid' => 'wxbca5dd09334f3ae0',
  'attach' => '2',
  'bank_type' => 'CFT',
  'cash_fee' => '10',
  'fee_type' => 'CNY',
  'is_subscribe' => 'Y',
  'mch_id' => '1502298101',
  'nonce_str' => 'aoe8mp6G',
  'openid' => 'oIP0X0nRmf4w6LhtWw_cwGj7NlyA',
  'out_trade_no' => '2018071513232100001294618285',
  'result_code' => 'SUCCESS',
  'return_code' => 'SUCCESS',
  'sign' => '36C9FB947EBC10423FD9084706AE3C4B',
  'time_end' => '20180715132339',
  'total_fee' => '10',
  'trade_type' => 'JSAPI',
  'transaction_id' => '4200000148201807159193756013',
)

2018-07-15 14:40:06 pay-alipay :
------------
String:
array (
  'payment_type' => '1',
  'trade_no' => '2018071521001004230537104450',
  'subject' => '餐饮20180715317088769231',
  'buyer_email' => 'han***@msn.com',
  'gmt_create' => '2018-07-15 13:16:13',
  'notify_type' => 'trade_status_sync',
  'quantity' => '1',
  'out_trade_no' => '2018071513151600001298638796',
  'seller_id' => '2088621957819369',
  'notify_time' => '2018-07-15 14:40:06',
  'body' => '2',
  'trade_status' => 'TRADE_SUCCESS',
  'is_total_fee_adjust' => 'N',
  'total_fee' => '0.10',
  'gmt_payment' => '2018-07-15 13:16:14',
  'seller_email' => 'jin703@outlook.com',
  'price' => '0.10',
  'buyer_id' => '2088002328471230',
  'notify_id' => '86634dee142d14bf8dada70a34e7dc9hs1',
  'use_coupon' => 'N',
  'sign_type' => 'MD5',
  'sign' => '834a74cf3d5c9e1757b99b4d3d138058',
  'query_type' => 'notify',
)

2018-07-15 14:57:51 pay :
------------
String:
array (
  'appid' => 'wxbca5dd09334f3ae0',
  'attach' => '2',
  'bank_type' => 'CFT',
  'cash_fee' => '10',
  'fee_type' => 'CNY',
  'is_subscribe' => 'Y',
  'mch_id' => '1502298101',
  'nonce_str' => 'aoe8mp6G',
  'openid' => 'oIP0X0nRmf4w6LhtWw_cwGj7NlyA',
  'out_trade_no' => '2018071513232100001294618285',
  'result_code' => 'SUCCESS',
  'return_code' => 'SUCCESS',
  'sign' => '36C9FB947EBC10423FD9084706AE3C4B',
  'time_end' => '20180715132339',
  'total_fee' => '10',
  'trade_type' => 'JSAPI',
  'transaction_id' => '4200000148201807159193756013',
)

2018-07-15 15:27:53 pay :
------------
String:
array (
  'appid' => 'wxbca5dd09334f3ae0',
  'attach' => '2',
  'bank_type' => 'CFT',
  'cash_fee' => '10',
  'fee_type' => 'CNY',
  'is_subscribe' => 'Y',
  'mch_id' => '1502298101',
  'nonce_str' => 'aoe8mp6G',
  'openid' => 'oIP0X0nRmf4w6LhtWw_cwGj7NlyA',
  'out_trade_no' => '2018071513232100001294618285',
  'result_code' => 'SUCCESS',
  'return_code' => 'SUCCESS',
  'sign' => '36C9FB947EBC10423FD9084706AE3C4B',
  'time_end' => '20180715132339',
  'total_fee' => '10',
  'trade_type' => 'JSAPI',
  'transaction_id' => '4200000148201807159193756013',
)

2018-07-15 16:27:55 pay :
------------
String:
array (
  'appid' => 'wxbca5dd09334f3ae0',
  'attach' => '2',
  'bank_type' => 'CFT',
  'cash_fee' => '10',
  'fee_type' => 'CNY',
  'is_subscribe' => 'Y',
  'mch_id' => '1502298101',
  'nonce_str' => 'aoe8mp6G',
  'openid' => 'oIP0X0nRmf4w6LhtWw_cwGj7NlyA',
  'out_trade_no' => '2018071513232100001294618285',
  'result_code' => 'SUCCESS',
  'return_code' => 'SUCCESS',
  'sign' => '36C9FB947EBC10423FD9084706AE3C4B',
  'time_end' => '20180715132339',
  'total_fee' => '10',
  'trade_type' => 'JSAPI',
  'transaction_id' => '4200000148201807159193756013',
)

2018-07-15 16:40:23 pay-alipay :
------------
String:
array (
  'payment_type' => '1',
  'trade_no' => '2018071521001004230537104450',
  'subject' => '餐饮20180715317088769231',
  'buyer_email' => 'han***@msn.com',
  'gmt_create' => '2018-07-15 13:16:13',
  'notify_type' => 'trade_status_sync',
  'quantity' => '1',
  'out_trade_no' => '2018071513151600001298638796',
  'seller_id' => '2088621957819369',
  'notify_time' => '2018-07-15 16:40:23',
  'body' => '2',
  'trade_status' => 'TRADE_SUCCESS',
  'is_total_fee_adjust' => 'N',
  'total_fee' => '0.10',
  'gmt_payment' => '2018-07-15 13:16:14',
  'seller_email' => 'jin703@outlook.com',
  'price' => '0.10',
  'buyer_id' => '2088002328471230',
  'notify_id' => '86634dee142d14bf8dada70a34e7dc9hs1',
  'use_coupon' => 'N',
  'sign_type' => 'MD5',
  'sign' => '20df045f555b27a4846166aad9e30a5c',
  'query_type' => 'notify',
)

2018-07-15 22:40:13 pay-alipay :
------------
String:
array (
  'payment_type' => '1',
  'trade_no' => '2018071521001004230537104450',
  'subject' => '餐饮20180715317088769231',
  'buyer_email' => 'han***@msn.com',
  'gmt_create' => '2018-07-15 13:16:13',
  'notify_type' => 'trade_status_sync',
  'quantity' => '1',
  'out_trade_no' => '2018071513151600001298638796',
  'seller_id' => '2088621957819369',
  'notify_time' => '2018-07-15 22:40:12',
  'body' => '2',
  'trade_status' => 'TRADE_SUCCESS',
  'is_total_fee_adjust' => 'N',
  'total_fee' => '0.10',
  'gmt_payment' => '2018-07-15 13:16:14',
  'seller_email' => 'jin703@outlook.com',
  'price' => '0.10',
  'buyer_id' => '2088002328471230',
  'notify_id' => '86634dee142d14bf8dada70a34e7dc9hs1',
  'use_coupon' => 'N',
  'sign_type' => 'MD5',
  'sign' => '4ca55369c42a8ed8b000680dcb76547a',
  'query_type' => 'notify',
)

