2018-02-02 09:11:05 trace :
------------
String:
<xml><ToUserName><![CDATA[gh_7bcd94754b84]]></ToUserName>
<FromUserName><![CDATA[o01Wu01-zSLzut3cB22KEbJ3JxzY]]></FromUserName>
<CreateTime>1517534021</CreateTime>
<MsgType><![CDATA[event]]></MsgType>
<Event><![CDATA[VIEW]]></Event>
<EventKey><![CDATA[http://ordernow.oneap.net/app/index.php?i=2&c=entry&eid=5]]></EventKey>
<MenuId>830669761</MenuId>
</xml>

2018-02-02 09:11:05 params :
------------
String:
array (
  'rule' => -2,
  'module' => '',
  'message' => 
  array (
    'tousername' => 'gh_7bcd94754b84',
    'fromusername' => 'o01Wu01-zSLzut3cB22KEbJ3JxzY',
    'createtime' => '1517534021',
    'msgtype' => 'event',
    'event' => 'VIEW',
    'eventkey' => 'http://ordernow.oneap.net/app/index.php?i=2&c=entry&eid=5',
    'menuid' => '830669761',
    'from' => 'o01Wu01-zSLzut3cB22KEbJ3JxzY',
    'to' => 'gh_7bcd94754b84',
    'time' => '1517534021',
    'type' => 'text',
    'content' => 'http://ordernow.oneap.net/app/index.php?i=2&c=entry&eid=5',
    'redirection' => true,
    'source' => 'VIEW',
  ),
)

2018-02-02 09:11:05 response :
------------

2018-02-02 09:12:09 pay :
------------
String:
array (
  'appid' => 'wx6e79d28ccc2a8c05',
  'attach' => '2',
  'bank_type' => 'CFT',
  'cash_fee' => '200',
  'fee_type' => 'CNY',
  'is_subscribe' => 'Y',
  'mch_id' => '1490957872',
  'nonce_str' => 'i5R99145',
  'openid' => 'o01Wu01-zSLzut3cB22KEbJ3JxzY',
  'out_trade_no' => '2018020209115900001274246834',
  'result_code' => 'SUCCESS',
  'return_code' => 'SUCCESS',
  'sign' => '418D3F08E39BDFC64D45BEE98AE70B41',
  'time_end' => '20180202091445',
  'total_fee' => '200',
  'trade_type' => 'JSAPI',
  'transaction_id' => '4200000097201802025415765737',
)

2018-02-02 09:12:10 trace :
------------
String:
<xml><ToUserName><![CDATA[gh_7bcd94754b84]]></ToUserName>
<FromUserName><![CDATA[o01Wu01-zSLzut3cB22KEbJ3JxzY]]></FromUserName>
<CreateTime>1517534086</CreateTime>
<MsgType><![CDATA[event]]></MsgType>
<Event><![CDATA[TEMPLATESENDJOBFINISH]]></Event>
<MsgID>133241549898235904</MsgID>
<Status><![CDATA[success]]></Status>
</xml>

2018-02-02 09:12:10 params :
------------
String:
array (
  'rule' => -2,
  'module' => '',
  'message' => 
  array (
    'tousername' => 'gh_7bcd94754b84',
    'fromusername' => 'o01Wu01-zSLzut3cB22KEbJ3JxzY',
    'createtime' => '1517534086',
    'msgtype' => 'event',
    'event' => 'TEMPLATESENDJOBFINISH',
    'msgid' => '133241549898235904',
    'status' => 'success',
    'from' => 'o01Wu01-zSLzut3cB22KEbJ3JxzY',
    'to' => 'gh_7bcd94754b84',
    'time' => '1517534086',
    'type' => 'event',
  ),
)

2018-02-02 09:12:10 response :
------------

2018-02-02 09:12:11 trace :
------------
String:
<xml><ToUserName><![CDATA[gh_7bcd94754b84]]></ToUserName>
<FromUserName><![CDATA[o01Wu09x8WFY1ZBV-HAf-R-a3ytI]]></FromUserName>
<CreateTime>1517534087</CreateTime>
<MsgType><![CDATA[event]]></MsgType>
<Event><![CDATA[TEMPLATESENDJOBFINISH]]></Event>
<MsgID>133241569074610178</MsgID>
<Status><![CDATA[success]]></Status>
</xml>

2018-02-02 09:12:11 params :
------------
String:
array (
  'rule' => -2,
  'module' => '',
  'message' => 
  array (
    'tousername' => 'gh_7bcd94754b84',
    'fromusername' => 'o01Wu09x8WFY1ZBV-HAf-R-a3ytI',
    'createtime' => '1517534087',
    'msgtype' => 'event',
    'event' => 'TEMPLATESENDJOBFINISH',
    'msgid' => '133241569074610178',
    'status' => 'success',
    'from' => 'o01Wu09x8WFY1ZBV-HAf-R-a3ytI',
    'to' => 'gh_7bcd94754b84',
    'time' => '1517534087',
    'type' => 'event',
  ),
)

2018-02-02 09:12:11 response :
------------

2018-02-02 09:12:26 pay :
------------
String:
array (
  'appid' => 'wx6e79d28ccc2a8c05',
  'attach' => '2',
  'bank_type' => 'CFT',
  'cash_fee' => '200',
  'fee_type' => 'CNY',
  'is_subscribe' => 'Y',
  'mch_id' => '1490957872',
  'nonce_str' => 'i5R99145',
  'openid' => 'o01Wu01-zSLzut3cB22KEbJ3JxzY',
  'out_trade_no' => '2018020209115900001274246834',
  'result_code' => 'SUCCESS',
  'return_code' => 'SUCCESS',
  'sign' => '418D3F08E39BDFC64D45BEE98AE70B41',
  'time_end' => '20180202091445',
  'total_fee' => '200',
  'trade_type' => 'JSAPI',
  'transaction_id' => '4200000097201802025415765737',
)

2018-02-02 09:12:43 pay :
------------
String:
array (
  'appid' => 'wx6e79d28ccc2a8c05',
  'attach' => '2',
  'bank_type' => 'CFT',
  'cash_fee' => '200',
  'fee_type' => 'CNY',
  'is_subscribe' => 'Y',
  'mch_id' => '1490957872',
  'nonce_str' => 'i5R99145',
  'openid' => 'o01Wu01-zSLzut3cB22KEbJ3JxzY',
  'out_trade_no' => '2018020209115900001274246834',
  'result_code' => 'SUCCESS',
  'return_code' => 'SUCCESS',
  'sign' => '418D3F08E39BDFC64D45BEE98AE70B41',
  'time_end' => '20180202091445',
  'total_fee' => '200',
  'trade_type' => 'JSAPI',
  'transaction_id' => '4200000097201802025415765737',
)

2018-02-02 09:13:14 pay :
------------
String:
array (
  'appid' => 'wx6e79d28ccc2a8c05',
  'attach' => '2',
  'bank_type' => 'CFT',
  'cash_fee' => '200',
  'fee_type' => 'CNY',
  'is_subscribe' => 'Y',
  'mch_id' => '1490957872',
  'nonce_str' => 'i5R99145',
  'openid' => 'o01Wu01-zSLzut3cB22KEbJ3JxzY',
  'out_trade_no' => '2018020209115900001274246834',
  'result_code' => 'SUCCESS',
  'return_code' => 'SUCCESS',
  'sign' => '418D3F08E39BDFC64D45BEE98AE70B41',
  'time_end' => '20180202091445',
  'total_fee' => '200',
  'trade_type' => 'JSAPI',
  'transaction_id' => '4200000097201802025415765737',
)

2018-02-02 09:16:17 pay :
------------
String:
array (
  'appid' => 'wx6e79d28ccc2a8c05',
  'attach' => '2',
  'bank_type' => 'CFT',
  'cash_fee' => '200',
  'fee_type' => 'CNY',
  'is_subscribe' => 'Y',
  'mch_id' => '1490957872',
  'nonce_str' => 'i5R99145',
  'openid' => 'o01Wu01-zSLzut3cB22KEbJ3JxzY',
  'out_trade_no' => '2018020209115900001274246834',
  'result_code' => 'SUCCESS',
  'return_code' => 'SUCCESS',
  'sign' => '418D3F08E39BDFC64D45BEE98AE70B41',
  'time_end' => '20180202091445',
  'total_fee' => '200',
  'trade_type' => 'JSAPI',
  'transaction_id' => '4200000097201802025415765737',
)

2018-02-02 09:46:18 pay :
------------
String:
array (
  'appid' => 'wx6e79d28ccc2a8c05',
  'attach' => '2',
  'bank_type' => 'CFT',
  'cash_fee' => '200',
  'fee_type' => 'CNY',
  'is_subscribe' => 'Y',
  'mch_id' => '1490957872',
  'nonce_str' => 'i5R99145',
  'openid' => 'o01Wu01-zSLzut3cB22KEbJ3JxzY',
  'out_trade_no' => '2018020209115900001274246834',
  'result_code' => 'SUCCESS',
  'return_code' => 'SUCCESS',
  'sign' => '418D3F08E39BDFC64D45BEE98AE70B41',
  'time_end' => '20180202091445',
  'total_fee' => '200',
  'trade_type' => 'JSAPI',
  'transaction_id' => '4200000097201802025415765737',
)

2018-02-02 10:16:20 pay :
------------
String:
array (
  'appid' => 'wx6e79d28ccc2a8c05',
  'attach' => '2',
  'bank_type' => 'CFT',
  'cash_fee' => '200',
  'fee_type' => 'CNY',
  'is_subscribe' => 'Y',
  'mch_id' => '1490957872',
  'nonce_str' => 'i5R99145',
  'openid' => 'o01Wu01-zSLzut3cB22KEbJ3JxzY',
  'out_trade_no' => '2018020209115900001274246834',
  'result_code' => 'SUCCESS',
  'return_code' => 'SUCCESS',
  'sign' => '418D3F08E39BDFC64D45BEE98AE70B41',
  'time_end' => '20180202091445',
  'total_fee' => '200',
  'trade_type' => 'JSAPI',
  'transaction_id' => '4200000097201802025415765737',
)

2018-02-02 10:46:22 pay :
------------
String:
array (
  'appid' => 'wx6e79d28ccc2a8c05',
  'attach' => '2',
  'bank_type' => 'CFT',
  'cash_fee' => '200',
  'fee_type' => 'CNY',
  'is_subscribe' => 'Y',
  'mch_id' => '1490957872',
  'nonce_str' => 'i5R99145',
  'openid' => 'o01Wu01-zSLzut3cB22KEbJ3JxzY',
  'out_trade_no' => '2018020209115900001274246834',
  'result_code' => 'SUCCESS',
  'return_code' => 'SUCCESS',
  'sign' => '418D3F08E39BDFC64D45BEE98AE70B41',
  'time_end' => '20180202091445',
  'total_fee' => '200',
  'trade_type' => 'JSAPI',
  'transaction_id' => '4200000097201802025415765737',
)

2018-02-02 11:16:26 pay :
------------
String:
array (
  'appid' => 'wx6e79d28ccc2a8c05',
  'attach' => '2',
  'bank_type' => 'CFT',
  'cash_fee' => '200',
  'fee_type' => 'CNY',
  'is_subscribe' => 'Y',
  'mch_id' => '1490957872',
  'nonce_str' => 'i5R99145',
  'openid' => 'o01Wu01-zSLzut3cB22KEbJ3JxzY',
  'out_trade_no' => '2018020209115900001274246834',
  'result_code' => 'SUCCESS',
  'return_code' => 'SUCCESS',
  'sign' => '418D3F08E39BDFC64D45BEE98AE70B41',
  'time_end' => '20180202091445',
  'total_fee' => '200',
  'trade_type' => 'JSAPI',
  'transaction_id' => '4200000097201802025415765737',
)

2018-02-02 12:16:28 pay :
------------
String:
array (
  'appid' => 'wx6e79d28ccc2a8c05',
  'attach' => '2',
  'bank_type' => 'CFT',
  'cash_fee' => '200',
  'fee_type' => 'CNY',
  'is_subscribe' => 'Y',
  'mch_id' => '1490957872',
  'nonce_str' => 'i5R99145',
  'openid' => 'o01Wu01-zSLzut3cB22KEbJ3JxzY',
  'out_trade_no' => '2018020209115900001274246834',
  'result_code' => 'SUCCESS',
  'return_code' => 'SUCCESS',
  'sign' => '418D3F08E39BDFC64D45BEE98AE70B41',
  'time_end' => '20180202091445',
  'total_fee' => '200',
  'trade_type' => 'JSAPI',
  'transaction_id' => '4200000097201802025415765737',
)

