2018-02-20 20:42:18 trace :
------------
String:
<xml><ToUserName><![CDATA[gh_7bcd94754b84]]></ToUserName>
<FromUserName><![CDATA[o01Wu01-zSLzut3cB22KEbJ3JxzY]]></FromUserName>
<CreateTime>1519130744</CreateTime>
<MsgType><![CDATA[event]]></MsgType>
<Event><![CDATA[VIEW]]></Event>
<EventKey><![CDATA[http://ordernow.oneap.net/app/index.php?i=2&c=entry&eid=5]]></EventKey>
<MenuId>830669761</MenuId>
</xml>

2018-02-20 20:42:18 params :
------------
String:
array (
  'rule' => -2,
  'module' => '',
  'message' => 
  array (
    'tousername' => 'gh_7bcd94754b84',
    'fromusername' => 'o01Wu01-zSLzut3cB22KEbJ3JxzY',
    'createtime' => '1519130744',
    'msgtype' => 'event',
    'event' => 'VIEW',
    'eventkey' => 'http://ordernow.oneap.net/app/index.php?i=2&c=entry&eid=5',
    'menuid' => '830669761',
    'from' => 'o01Wu01-zSLzut3cB22KEbJ3JxzY',
    'to' => 'gh_7bcd94754b84',
    'time' => '1519130744',
    'type' => 'text',
    'content' => 'http://ordernow.oneap.net/app/index.php?i=2&c=entry&eid=5',
    'redirection' => true,
    'source' => 'VIEW',
  ),
)

2018-02-20 20:42:18 response :
------------

2018-02-20 20:42:27 trace :
------------
String:
<xml><ToUserName><![CDATA[gh_7bcd94754b84]]></ToUserName>
<FromUserName><![CDATA[o01Wu01-zSLzut3cB22KEbJ3JxzY]]></FromUserName>
<CreateTime>1519130753</CreateTime>
<MsgType><![CDATA[event]]></MsgType>
<Event><![CDATA[VIEW]]></Event>
<EventKey><![CDATA[http://ordernow.oneap.net/app/index.php?i=2&c=entry&eid=5]]></EventKey>
<MenuId>830669761</MenuId>
</xml>

2018-02-20 20:42:27 params :
------------
String:
array (
  'rule' => -2,
  'module' => '',
  'message' => 
  array (
    'tousername' => 'gh_7bcd94754b84',
    'fromusername' => 'o01Wu01-zSLzut3cB22KEbJ3JxzY',
    'createtime' => '1519130753',
    'msgtype' => 'event',
    'event' => 'VIEW',
    'eventkey' => 'http://ordernow.oneap.net/app/index.php?i=2&c=entry&eid=5',
    'menuid' => '830669761',
    'from' => 'o01Wu01-zSLzut3cB22KEbJ3JxzY',
    'to' => 'gh_7bcd94754b84',
    'time' => '1519130753',
    'type' => 'text',
    'content' => 'http://ordernow.oneap.net/app/index.php?i=2&c=entry&eid=5',
    'redirection' => true,
    'source' => 'VIEW',
  ),
)

2018-02-20 20:42:27 response :
------------

2018-02-20 20:43:33 pay :
------------
String:
array (
  'appid' => 'wx6e79d28ccc2a8c05',
  'attach' => '2',
  'bank_type' => 'CFT',
  'cash_fee' => '200',
  'fee_type' => 'CNY',
  'is_subscribe' => 'Y',
  'mch_id' => '1490957872',
  'nonce_str' => 'LCqq2sCA',
  'openid' => 'o01Wu01-zSLzut3cB22KEbJ3JxzY',
  'out_trade_no' => '2018022020432200001287346288',
  'result_code' => 'SUCCESS',
  'return_code' => 'SUCCESS',
  'sign' => '8143933F827148BEC21F40A87222EEF2',
  'time_end' => '20180220204659',
  'total_fee' => '200',
  'trade_type' => 'JSAPI',
  'transaction_id' => '4200000063201802205603988701',
)

2018-02-20 20:43:33 trace :
------------
String:
<xml><ToUserName><![CDATA[gh_7bcd94754b84]]></ToUserName>
<FromUserName><![CDATA[o01Wu01-zSLzut3cB22KEbJ3JxzY]]></FromUserName>
<CreateTime>1519130820</CreateTime>
<MsgType><![CDATA[event]]></MsgType>
<Event><![CDATA[TEMPLATESENDJOBFINISH]]></Event>
<MsgID>160030304432668672</MsgID>
<Status><![CDATA[success]]></Status>
</xml>

2018-02-20 20:43:33 params :
------------
String:
array (
  'rule' => -2,
  'module' => '',
  'message' => 
  array (
    'tousername' => 'gh_7bcd94754b84',
    'fromusername' => 'o01Wu01-zSLzut3cB22KEbJ3JxzY',
    'createtime' => '1519130820',
    'msgtype' => 'event',
    'event' => 'TEMPLATESENDJOBFINISH',
    'msgid' => '160030304432668672',
    'status' => 'success',
    'from' => 'o01Wu01-zSLzut3cB22KEbJ3JxzY',
    'to' => 'gh_7bcd94754b84',
    'time' => '1519130820',
    'type' => 'event',
  ),
)

2018-02-20 20:43:33 response :
------------

2018-02-20 20:43:35 trace :
------------
String:
<xml><ToUserName><![CDATA[gh_7bcd94754b84]]></ToUserName>
<FromUserName><![CDATA[o01Wu09x8WFY1ZBV-HAf-R-a3ytI]]></FromUserName>
<CreateTime>1519130821</CreateTime>
<MsgType><![CDATA[event]]></MsgType>
<Event><![CDATA[TEMPLATESENDJOBFINISH]]></Event>
<MsgID>160030323307053056</MsgID>
<Status><![CDATA[success]]></Status>
</xml>

2018-02-20 20:43:35 params :
------------
String:
array (
  'rule' => -2,
  'module' => '',
  'message' => 
  array (
    'tousername' => 'gh_7bcd94754b84',
    'fromusername' => 'o01Wu09x8WFY1ZBV-HAf-R-a3ytI',
    'createtime' => '1519130821',
    'msgtype' => 'event',
    'event' => 'TEMPLATESENDJOBFINISH',
    'msgid' => '160030323307053056',
    'status' => 'success',
    'from' => 'o01Wu09x8WFY1ZBV-HAf-R-a3ytI',
    'to' => 'gh_7bcd94754b84',
    'time' => '1519130821',
    'type' => 'event',
  ),
)

2018-02-20 20:43:35 response :
------------

2018-02-20 20:43:45 pay :
------------
String:
array (
  'appid' => 'wx6e79d28ccc2a8c05',
  'attach' => '2',
  'bank_type' => 'CFT',
  'cash_fee' => '200',
  'fee_type' => 'CNY',
  'is_subscribe' => 'Y',
  'mch_id' => '1490957872',
  'nonce_str' => 'LCqq2sCA',
  'openid' => 'o01Wu01-zSLzut3cB22KEbJ3JxzY',
  'out_trade_no' => '2018022020432200001287346288',
  'result_code' => 'SUCCESS',
  'return_code' => 'SUCCESS',
  'sign' => '8143933F827148BEC21F40A87222EEF2',
  'time_end' => '20180220204659',
  'total_fee' => '200',
  'trade_type' => 'JSAPI',
  'transaction_id' => '4200000063201802205603988701',
)

2018-02-20 20:44:02 pay :
------------
String:
array (
  'appid' => 'wx6e79d28ccc2a8c05',
  'attach' => '2',
  'bank_type' => 'CFT',
  'cash_fee' => '200',
  'fee_type' => 'CNY',
  'is_subscribe' => 'Y',
  'mch_id' => '1490957872',
  'nonce_str' => 'LCqq2sCA',
  'openid' => 'o01Wu01-zSLzut3cB22KEbJ3JxzY',
  'out_trade_no' => '2018022020432200001287346288',
  'result_code' => 'SUCCESS',
  'return_code' => 'SUCCESS',
  'sign' => '8143933F827148BEC21F40A87222EEF2',
  'time_end' => '20180220204659',
  'total_fee' => '200',
  'trade_type' => 'JSAPI',
  'transaction_id' => '4200000063201802205603988701',
)

2018-02-20 20:44:35 pay :
------------
String:
array (
  'appid' => 'wx6e79d28ccc2a8c05',
  'attach' => '2',
  'bank_type' => 'CFT',
  'cash_fee' => '200',
  'fee_type' => 'CNY',
  'is_subscribe' => 'Y',
  'mch_id' => '1490957872',
  'nonce_str' => 'LCqq2sCA',
  'openid' => 'o01Wu01-zSLzut3cB22KEbJ3JxzY',
  'out_trade_no' => '2018022020432200001287346288',
  'result_code' => 'SUCCESS',
  'return_code' => 'SUCCESS',
  'sign' => '8143933F827148BEC21F40A87222EEF2',
  'time_end' => '20180220204659',
  'total_fee' => '200',
  'trade_type' => 'JSAPI',
  'transaction_id' => '4200000063201802205603988701',
)

2018-02-20 20:47:38 pay :
------------
String:
array (
  'appid' => 'wx6e79d28ccc2a8c05',
  'attach' => '2',
  'bank_type' => 'CFT',
  'cash_fee' => '200',
  'fee_type' => 'CNY',
  'is_subscribe' => 'Y',
  'mch_id' => '1490957872',
  'nonce_str' => 'LCqq2sCA',
  'openid' => 'o01Wu01-zSLzut3cB22KEbJ3JxzY',
  'out_trade_no' => '2018022020432200001287346288',
  'result_code' => 'SUCCESS',
  'return_code' => 'SUCCESS',
  'sign' => '8143933F827148BEC21F40A87222EEF2',
  'time_end' => '20180220204659',
  'total_fee' => '200',
  'trade_type' => 'JSAPI',
  'transaction_id' => '4200000063201802205603988701',
)

2018-02-20 21:17:41 pay :
------------
String:
array (
  'appid' => 'wx6e79d28ccc2a8c05',
  'attach' => '2',
  'bank_type' => 'CFT',
  'cash_fee' => '200',
  'fee_type' => 'CNY',
  'is_subscribe' => 'Y',
  'mch_id' => '1490957872',
  'nonce_str' => 'LCqq2sCA',
  'openid' => 'o01Wu01-zSLzut3cB22KEbJ3JxzY',
  'out_trade_no' => '2018022020432200001287346288',
  'result_code' => 'SUCCESS',
  'return_code' => 'SUCCESS',
  'sign' => '8143933F827148BEC21F40A87222EEF2',
  'time_end' => '20180220204659',
  'total_fee' => '200',
  'trade_type' => 'JSAPI',
  'transaction_id' => '4200000063201802205603988701',
)

2018-02-20 21:47:44 pay :
------------
String:
array (
  'appid' => 'wx6e79d28ccc2a8c05',
  'attach' => '2',
  'bank_type' => 'CFT',
  'cash_fee' => '200',
  'fee_type' => 'CNY',
  'is_subscribe' => 'Y',
  'mch_id' => '1490957872',
  'nonce_str' => 'LCqq2sCA',
  'openid' => 'o01Wu01-zSLzut3cB22KEbJ3JxzY',
  'out_trade_no' => '2018022020432200001287346288',
  'result_code' => 'SUCCESS',
  'return_code' => 'SUCCESS',
  'sign' => '8143933F827148BEC21F40A87222EEF2',
  'time_end' => '20180220204659',
  'total_fee' => '200',
  'trade_type' => 'JSAPI',
  'transaction_id' => '4200000063201802205603988701',
)

2018-02-20 22:17:47 pay :
------------
String:
array (
  'appid' => 'wx6e79d28ccc2a8c05',
  'attach' => '2',
  'bank_type' => 'CFT',
  'cash_fee' => '200',
  'fee_type' => 'CNY',
  'is_subscribe' => 'Y',
  'mch_id' => '1490957872',
  'nonce_str' => 'LCqq2sCA',
  'openid' => 'o01Wu01-zSLzut3cB22KEbJ3JxzY',
  'out_trade_no' => '2018022020432200001287346288',
  'result_code' => 'SUCCESS',
  'return_code' => 'SUCCESS',
  'sign' => '8143933F827148BEC21F40A87222EEF2',
  'time_end' => '20180220204659',
  'total_fee' => '200',
  'trade_type' => 'JSAPI',
  'transaction_id' => '4200000063201802205603988701',
)

2018-02-20 22:47:48 pay :
------------
String:
array (
  'appid' => 'wx6e79d28ccc2a8c05',
  'attach' => '2',
  'bank_type' => 'CFT',
  'cash_fee' => '200',
  'fee_type' => 'CNY',
  'is_subscribe' => 'Y',
  'mch_id' => '1490957872',
  'nonce_str' => 'LCqq2sCA',
  'openid' => 'o01Wu01-zSLzut3cB22KEbJ3JxzY',
  'out_trade_no' => '2018022020432200001287346288',
  'result_code' => 'SUCCESS',
  'return_code' => 'SUCCESS',
  'sign' => '8143933F827148BEC21F40A87222EEF2',
  'time_end' => '20180220204659',
  'total_fee' => '200',
  'trade_type' => 'JSAPI',
  'transaction_id' => '4200000063201802205603988701',
)

2018-02-20 23:47:51 pay :
------------
String:
array (
  'appid' => 'wx6e79d28ccc2a8c05',
  'attach' => '2',
  'bank_type' => 'CFT',
  'cash_fee' => '200',
  'fee_type' => 'CNY',
  'is_subscribe' => 'Y',
  'mch_id' => '1490957872',
  'nonce_str' => 'LCqq2sCA',
  'openid' => 'o01Wu01-zSLzut3cB22KEbJ3JxzY',
  'out_trade_no' => '2018022020432200001287346288',
  'result_code' => 'SUCCESS',
  'return_code' => 'SUCCESS',
  'sign' => '8143933F827148BEC21F40A87222EEF2',
  'time_end' => '20180220204659',
  'total_fee' => '200',
  'trade_type' => 'JSAPI',
  'transaction_id' => '4200000063201802205603988701',
)

