array (
  'payx_score' => 1,
  'totalprice' => '0.10',
  'orderid' => '195',
)
array (
  'payx_score' => 1,
  'totalprice' => '0.10',
  'orderid' => '201',
)
array (
  'payx_score' => 1,
  'totalprice' => '47.00',
  'orderid' => '204',
)
array (
  'payx_score' => 1,
  'totalprice' => '3.00',
  'orderid' => '151',
)
array (
  'payx_score' => 1,
  'totalprice' => '5.00',
  'orderid' => '205',
)
array (
  'payx_score' => 1,
  'totalprice' => '8.00',
  'orderid' => '206',
)
array (
  'payx_score' => 1,
  'totalprice' => '57.00',
  'orderid' => '198',
)
array (
  'payx_score' => 1,
  'totalprice' => '8.00',
  'orderid' => '207',
)
array (
  'payx_score' => 1,
  'totalprice' => '57.10',
  'orderid' => '208',
)
array (
  'payx_score' => 1,
  'totalprice' => '5.00',
  'orderid' => '209',
)
array (
  'payx_score' => 1,
  'totalprice' => '6.00',
  'orderid' => '210',
)
array (
  'payx_score' => 1,
  'totalprice' => '0.20',
  'orderid' => '203',
)
array (
  'payx_score' => 1,
  'totalprice' => '0.70',
  'orderid' => '44',
)
array (
  'payx_score' => 1,
  'totalprice' => '57.00',
  'orderid' => '211',
)
array (
  'payx_score' => 1,
  'totalprice' => '0.10',
  'orderid' => '213',
)
array (
  'payx_score' => 1,
  'totalprice' => '1.00',
  'orderid' => '138',
)
array (
  'payx_score' => 1,
  'totalprice' => '79.10',
  'orderid' => '226',
)
array (
  'payx_score' => 1,
  'totalprice' => '0.10',
  'orderid' => '182',
)
array (
  'payx_score' => 1,
  'totalprice' => '0.10',
  'orderid' => '181',
)
array (
  'payx_score' => 1,
  'totalprice' => '0.10',
  'orderid' => '180',
)
array (
  'payx_score' => 1,
  'totalprice' => '0.10',
  'orderid' => '179',
)
array (
  'payx_score' => 1,
  'totalprice' => '0.10',
  'orderid' => '178',
)
array (
  'payx_score' => 1,
  'totalprice' => '5.30',
  'orderid' => '225',
)
array (
  'payx_score' => 1,
  'totalprice' => '0.10',
  'orderid' => '228',
)
array (
  'payx_score' => 1,
  'totalprice' => '48.00',
  'orderid' => '227',
)
array (
  'payx_score' => 1,
  'totalprice' => '204.00',
  'orderid' => '28',
)
array (
  'payx_score' => 1,
  'totalprice' => '18.00',
  'orderid' => '31',
)
array (
  'payx_score' => 1,
  'totalprice' => '12.00',
  'orderid' => '30',
)
array (
  'payx_score' => 1,
  'totalprice' => '53.00',
  'orderid' => '32',
)
array (
  'payx_score' => 1,
  'totalprice' => '0.30',
  'orderid' => '73',
)
array (
  'payx_score' => 1,
  'totalprice' => '0.10',
  'orderid' => '233',
)
array (
  'payx_score' => 1,
  'totalprice' => '0.30',
  'orderid' => '231',
)
array (
  'payx_score' => 1,
  'totalprice' => '5.10',
  'orderid' => '230',
)
array (
  'payx_score' => 1,
  'totalprice' => '0.20',
  'orderid' => '229',
)
array (
  'payx_score' => 1,
  'totalprice' => '10.00',
  'orderid' => '234',
)
array (
  'payx_score' => 1,
  'totalprice' => '5.00',
  'orderid' => '235',
)
array (
  'payx_score' => 1,
  'totalprice' => '72.00',
  'orderid' => '238',
)
array (
  'payx_score' => 1,
  'totalprice' => '810.00',
  'orderid' => '239',
)
array (
  'payx_score' => 1,
  'totalprice' => '1.05',
  'orderid' => '247',
)
array (
  'payx_score' => 1,
  'totalprice' => '0.10',
  'orderid' => '249',
)
array (
  'payx_score' => 1,
  'totalprice' => '0.10',
  'orderid' => '250',
)
array (
  'payx_score' => 1,
  'totalprice' => '0.30',
  'orderid' => '253',
)
array (
  'payx_score' => 1,
  'totalprice' => '0.10',
  'orderid' => '260',
)
array (
  'payx_score' => 1,
  'totalprice' => '0.20',
  'orderid' => '262',
)
array (
  'payx_score' => 1,
  'totalprice' => '0.20',
  'orderid' => '264',
)
array (
  'payx_score' => 1,
  'totalprice' => '0.10',
  'orderid' => '263',
)
array (
  'payx_score' => 1,
  'totalprice' => '85.20',
  'orderid' => '268',
)
array (
  'payx_score' => 1,
  'totalprice' => '49.23',
  'orderid' => '270',
)
array (
  'payx_score' => 1,
  'totalprice' => '0.10',
  'orderid' => '267',
)
array (
  'payx_score' => 1,
  'totalprice' => '0.10',
  'orderid' => '266',
)
array (
  'payx_score' => 1,
  'totalprice' => '0.10',
  'orderid' => '269',
)
array (
  'payx_score' => 1,
  'totalprice' => '0.10',
  'orderid' => '256',
)
array (
  'payx_score' => 1,
  'totalprice' => '0.10',
  'orderid' => '271',
)
array (
  'payx_score' => 1,
  'totalprice' => '0.10',
  'orderid' => '272',
)
array (
  'payx_score' => 1,
  'totalprice' => '0.00',
  'orderid' => '294',
)
array (
  'payx_score' => 1,
  'totalprice' => '0.00',
  'orderid' => '296',
)
array (
  'payx_score' => 1,
  'totalprice' => '0.00',
  'orderid' => '307',
)
array (
  'payx_score' => 1,
  'totalprice' => '0.01',
  'orderid' => '308',
)
array (
  'payx_score' => 1,
  'totalprice' => '68.10',
  'orderid' => '311',
)
array (
  'payx_score' => 1,
  'totalprice' => '68.20',
  'orderid' => '312',
)
array (
  'payx_score' => 1,
  'totalprice' => '324.00',
  'orderid' => '313',
)
array (
  'payx_score' => 1,
  'totalprice' => '228.10',
  'orderid' => '314',
)
array (
  'payx_score' => 1,
  'totalprice' => '196.10',
  'orderid' => '325',
)
array (
  'payx_score' => 1,
  'totalprice' => '313.03',
  'orderid' => '315',
)
array (
  'payx_score' => 1,
  'totalprice' => '40.00',
  'orderid' => '326',
)
array (
  'payx_score' => 1,
  'totalprice' => '0.10',
  'orderid' => '324',
)
array (
  'payx_score' => 1,
  'totalprice' => '0.10',
  'orderid' => '323',
)
array (
  'payx_score' => 1,
  'totalprice' => '0.10',
  'orderid' => '322',
)
array (
  'payx_score' => 1,
  'totalprice' => '1247.23',
  'orderid' => '327',
)
array (
  'payx_score' => 1,
  'totalprice' => '0.10',
  'orderid' => '328',
)
array (
  'payx_score' => 1,
  'totalprice' => '0.10',
  'orderid' => '329',
)
array (
  'payx_score' => 1,
  'totalprice' => '0.10',
  'orderid' => '330',
)
