array (
  'weid' => NULL,
  'uniacid' => '2',
  'result' => 'success',
  'type' => 'alipay',
  'from' => 'notify',
  'tid' => '146',
  'uniontid' => '2018041813565900001234102508',
  'transaction_id' => '2018041821001004230576755192',
  'user' => '15',
  'fee' => '1.00',
  'is_usecard' => '0',
  'card_type' => '0',
  'card_fee' => '1.00',
  'card_id' => '0',
)
array (
  'weid' => NULL,
  'uniacid' => '2',
  'result' => 'success',
  'type' => 'alipay',
  'from' => 'notify',
  'tid' => '152',
  'uniontid' => '2018042814362200001235976364',
  'transaction_id' => '2018042821001004230514752263',
  'user' => '15',
  'fee' => '1.00',
  'is_usecard' => '0',
  'card_type' => '0',
  'card_fee' => '1.00',
  'card_id' => '0',
)
array (
  'weid' => NULL,
  'uniacid' => '2',
  'result' => 'success',
  'type' => 'alipay',
  'from' => 'notify',
  'tid' => '155',
  'uniontid' => '2018050420395900001208677680',
  'transaction_id' => '2018050421001004230537879610',
  'user' => '15',
  'fee' => '1.00',
  'is_usecard' => '0',
  'card_type' => '0',
  'card_fee' => '1.00',
  'card_id' => '0',
)
array (
  'weid' => NULL,
  'uniacid' => '2',
  'result' => 'success',
  'type' => 'alipay',
  'from' => 'notify',
  'tid' => '156',
  'uniontid' => '2018050422263700001203419762',
  'transaction_id' => '2018050421001004230538313028',
  'user' => '15',
  'fee' => '2.00',
  'is_usecard' => '0',
  'card_type' => '0',
  'card_fee' => '2.00',
  'card_id' => '0',
)
array (
  'weid' => NULL,
  'uniacid' => '2',
  'result' => 'success',
  'type' => 'alipay',
  'from' => 'notify',
  'tid' => '157',
  'uniontid' => '2018050511405900001288820613',
  'transaction_id' => '2018050521001004230538389603',
  'user' => '15',
  'fee' => '1.00',
  'is_usecard' => '0',
  'card_type' => '0',
  'card_fee' => '1.00',
  'card_id' => '0',
)
array (
  'weid' => NULL,
  'uniacid' => '2',
  'result' => 'success',
  'type' => 'alipay',
  'from' => 'notify',
  'tid' => '158',
  'uniontid' => '2018050514551100001290562442',
  'transaction_id' => '2018050521001004230539515440',
  'user' => '15',
  'fee' => '2.00',
  'is_usecard' => '0',
  'card_type' => '0',
  'card_fee' => '2.00',
  'card_id' => '0',
)
array (
  'weid' => NULL,
  'uniacid' => '2',
  'result' => 'success',
  'type' => 'alipay',
  'from' => 'notify',
  'tid' => '159',
  'uniontid' => '2018050515040800001246426734',
  'transaction_id' => '2018050521001004230538973065',
  'user' => '15',
  'fee' => '1.00',
  'is_usecard' => '0',
  'card_type' => '0',
  'card_fee' => '1.00',
  'card_id' => '0',
)
array (
  'weid' => NULL,
  'uniacid' => '2',
  'result' => 'success',
  'type' => 'alipay',
  'from' => 'notify',
  'tid' => '160',
  'uniontid' => '2018050515245500001228426292',
  'transaction_id' => '2018050521001004230539474192',
  'user' => '15',
  'fee' => '2.00',
  'is_usecard' => '0',
  'card_type' => '0',
  'card_fee' => '2.00',
  'card_id' => '0',
)
array (
  'weid' => NULL,
  'uniacid' => '2',
  'result' => 'success',
  'type' => 'alipay',
  'from' => 'notify',
  'tid' => '161',
  'uniontid' => '2018050515423900001254684438',
  'transaction_id' => '2018050521001004230539516849',
  'user' => '15',
  'fee' => '2.00',
  'is_usecard' => '0',
  'card_type' => '0',
  'card_fee' => '2.00',
  'card_id' => '0',
)
array (
  'weid' => NULL,
  'uniacid' => '2',
  'result' => 'success',
  'type' => 'alipay',
  'from' => 'notify',
  'tid' => '162',
  'uniontid' => '2018050517455600001224101874',
  'transaction_id' => '2018050521001004230541071366',
  'user' => '15',
  'fee' => '1.00',
  'is_usecard' => '0',
  'card_type' => '0',
  'card_fee' => '1.00',
  'card_id' => '0',
)
array (
  'weid' => NULL,
  'uniacid' => '2',
  'result' => 'success',
  'type' => 'alipay',
  'from' => 'notify',
  'tid' => '163',
  'uniontid' => '2018050517542500001282782268',
  'transaction_id' => '2018050521001004230541142379',
  'user' => '15',
  'fee' => '0.10',
  'is_usecard' => '0',
  'card_type' => '0',
  'card_fee' => '0.10',
  'card_id' => '0',
)
array (
  'weid' => NULL,
  'uniacid' => '2',
  'result' => 'success',
  'type' => 'alipay',
  'from' => 'notify',
  'tid' => '167',
  'uniontid' => '2018050522223900001258872028',
  'transaction_id' => '2018050521001004230541794019',
  'user' => '15',
  'fee' => '0.20',
  'is_usecard' => '0',
  'card_type' => '0',
  'card_fee' => '0.20',
  'card_id' => '0',
)
array (
  'weid' => NULL,
  'uniacid' => '2',
  'acid' => '2',
  'result' => 'success',
  'type' => 'wechat',
  'from' => 'notify',
  'tid' => '168',
  'uniontid' => '2018050522412100001221652406',
  'transaction_id' => NULL,
  'trade_type' => 'JSAPI',
  'follow' => 1,
  'user' => 'oIP0X0nRmf4w6LhtWw_cwGj7NlyA',
  'fee' => '0.10',
  'tag' => 
  array (
    'acid' => '2',
    'uid' => '15',
    'transaction_id' => '4200000139201805053610614057',
  ),
  'is_usecard' => '0',
  'card_type' => '0',
  'card_fee' => '0.10',
  'card_id' => '0',
  'paytime' => 1525533038,
)
array (
  'weid' => NULL,
  'uniacid' => '2',
  'result' => 'success',
  'type' => 'alipay',
  'from' => 'notify',
  'tid' => '169',
  'uniontid' => '2018050609405300001229483221',
  'transaction_id' => '2018050621001004230542302290',
  'user' => '15',
  'fee' => '0.10',
  'is_usecard' => '0',
  'card_type' => '0',
  'card_fee' => '0.10',
  'card_id' => '0',
)
array (
  'weid' => NULL,
  'uniacid' => '2',
  'acid' => '2',
  'result' => 'success',
  'type' => 'wechat',
  'from' => 'notify',
  'tid' => '170',
  'uniontid' => '2018050609595500001222583964',
  'transaction_id' => NULL,
  'trade_type' => 'JSAPI',
  'follow' => 1,
  'user' => 'oIP0X0nRmf4w6LhtWw_cwGj7NlyA',
  'fee' => '0.10',
  'tag' => 
  array (
    'acid' => '2',
    'uid' => '15',
    'transaction_id' => '4200000158201805063649519631',
  ),
  'is_usecard' => '0',
  'card_type' => '0',
  'card_fee' => '0.10',
  'card_id' => '0',
  'paytime' => 1525572272,
)
array (
  'result' => 'success',
  'type' => 'credit',
  'from' => 'notify',
  'tid' => '174',
  'user' => '15',
  'fee' => '0.10',
  'weid' => NULL,
  'uniacid' => '2',
  'acid' => '2',
  'is_usecard' => '0',
  'card_type' => '0',
  'card_fee' => '0.10',
  'card_id' => '0',
)
array (
  'weid' => NULL,
  'uniacid' => '2',
  'result' => 'success',
  'type' => 'alipay',
  'from' => 'notify',
  'tid' => '175',
  'uniontid' => '2018051010550700001264087488',
  'transaction_id' => '2018051021001004230556824946',
  'user' => '15',
  'fee' => '0.10',
  'is_usecard' => '0',
  'card_type' => '0',
  'card_fee' => '0.10',
  'card_id' => '0',
)
array (
  'result' => 'success',
  'type' => 'credit',
  'from' => 'notify',
  'tid' => '177',
  'user' => '15',
  'fee' => '0.10',
  'weid' => NULL,
  'uniacid' => '2',
  'acid' => '2',
  'is_usecard' => '0',
  'card_type' => '0',
  'card_fee' => '0.10',
  'card_id' => '0',
)
array (
  'weid' => NULL,
  'uniacid' => '2',
  'acid' => '2',
  'result' => 'success',
  'type' => 'wechat',
  'from' => 'notify',
  'tid' => '179',
  'uniontid' => '2018051011125800001281824422',
  'transaction_id' => NULL,
  'trade_type' => 'JSAPI',
  'follow' => 1,
  'user' => 'oIP0X0nRmf4w6LhtWw_cwGj7NlyA',
  'fee' => '0.10',
  'tag' => 
  array (
    'acid' => '2',
    'uid' => '15',
    'transaction_id' => '4200000151201805106405228875',
  ),
  'is_usecard' => '0',
  'card_type' => '0',
  'card_fee' => '0.10',
  'card_id' => '0',
  'paytime' => 1525921990,
)
array (
  'weid' => NULL,
  'uniacid' => '2',
  'result' => 'success',
  'type' => 'alipay',
  'from' => 'notify',
  'tid' => '180',
  'uniontid' => '2018051011135400001288986894',
  'transaction_id' => '2018051021001004230556793498',
  'user' => '15',
  'fee' => '0.10',
  'is_usecard' => '0',
  'card_type' => '0',
  'card_fee' => '0.10',
  'card_id' => '0',
)
array (
  'weid' => NULL,
  'uniacid' => '2',
  'result' => 'success',
  'type' => 'alipay',
  'from' => 'notify',
  'tid' => '181',
  'uniontid' => '2018051011154100001222145228',
  'transaction_id' => '2018051021001004230557019090',
  'user' => '15',
  'fee' => '0.10',
  'is_usecard' => '0',
  'card_type' => '0',
  'card_fee' => '0.10',
  'card_id' => '0',
)
array (
  'weid' => NULL,
  'uniacid' => '2',
  'result' => 'success',
  'type' => 'alipay',
  'from' => 'notify',
  'tid' => '182',
  'uniontid' => '2018051011194500001275268842',
  'transaction_id' => '2018051021001004230556937689',
  'user' => '15',
  'fee' => '0.10',
  'is_usecard' => '0',
  'card_type' => '0',
  'card_fee' => '0.10',
  'card_id' => '0',
)
array (
  'weid' => NULL,
  'uniacid' => '2',
  'acid' => '2',
  'result' => 'success',
  'type' => 'wechat',
  'from' => 'notify',
  'tid' => '186',
  'uniontid' => '2018051215523000001232489542',
  'transaction_id' => NULL,
  'trade_type' => 'JSAPI',
  'follow' => 1,
  'user' => 'oIP0X0nRmf4w6LhtWw_cwGj7NlyA',
  'fee' => '1.80',
  'tag' => 
  array (
    'acid' => '2',
    'uid' => '15',
    'transaction_id' => '4200000158201805128249628713',
  ),
  'is_usecard' => '0',
  'card_type' => '0',
  'card_fee' => '1.80',
  'card_id' => '0',
  'paytime' => 1526111566,
)
array (
  'result' => 'success',
  'type' => 'credit',
  'from' => 'notify',
  'tid' => '190',
  'user' => '15',
  'fee' => '0.10',
  'weid' => NULL,
  'uniacid' => '2',
  'acid' => '2',
  'is_usecard' => '0',
  'card_type' => '0',
  'card_fee' => '0.10',
  'card_id' => '0',
)
array (
  'weid' => NULL,
  'uniacid' => '2',
  'acid' => '2',
  'result' => 'success',
  'type' => 'wechat',
  'from' => 'notify',
  'tid' => '191',
  'uniontid' => '2018051217081300001288561057',
  'transaction_id' => NULL,
  'trade_type' => 'JSAPI',
  'follow' => 1,
  'user' => 'oIP0X0nRmf4w6LhtWw_cwGj7NlyA',
  'fee' => '0.10',
  'tag' => 
  array (
    'acid' => '2',
    'uid' => '15',
    'transaction_id' => '4200000157201805128253085741',
  ),
  'is_usecard' => '0',
  'card_type' => '0',
  'card_fee' => '0.10',
  'card_id' => '0',
  'paytime' => 1526116178,
)
array (
  'weid' => NULL,
  'uniacid' => '2',
  'acid' => '2',
  'result' => 'success',
  'type' => 'wechat',
  'from' => 'notify',
  'tid' => '195',
  'uniontid' => '2018051312041500001262856787',
  'transaction_id' => NULL,
  'trade_type' => 'JSAPI',
  'follow' => 1,
  'user' => 'oIP0X0g5j5OmrQEgSHLTECZbCFHw',
  'fee' => '0.10',
  'tag' => 
  array (
    'acid' => '2',
    'uid' => '17',
    'transaction_id' => '4200000142201805138865966729',
  ),
  'is_usecard' => '0',
  'card_type' => '0',
  'card_fee' => '0.10',
  'card_id' => '0',
  'paytime' => 1526184851,
)
array (
  'weid' => NULL,
  'uniacid' => '2',
  'acid' => '2',
  'result' => 'success',
  'type' => 'wechat',
  'from' => 'notify',
  'tid' => '193',
  'uniontid' => '2018051311522000001260562804',
  'transaction_id' => NULL,
  'trade_type' => 'JSAPI',
  'follow' => 1,
  'user' => 'oIP0X0g5j5OmrQEgSHLTECZbCFHw',
  'fee' => '0.10',
  'tag' => 
  array (
    'acid' => '2',
    'uid' => '17',
    'transaction_id' => '4200000150201805138893863097',
  ),
  'is_usecard' => '0',
  'card_type' => '0',
  'card_fee' => '0.10',
  'card_id' => '0',
  'paytime' => 1526201957,
)
array (
  'result' => 'success',
  'type' => 'credit',
  'from' => 'notify',
  'tid' => '201',
  'user' => '15',
  'fee' => '0.10',
  'weid' => NULL,
  'uniacid' => '2',
  'acid' => '2',
  'is_usecard' => '0',
  'card_type' => '0',
  'card_fee' => '0.10',
  'card_id' => '0',
)
array (
  'result' => 'success',
  'type' => 'credit',
  'from' => 'notify',
  'tid' => '213',
  'user' => '15',
  'fee' => '0.10',
  'weid' => NULL,
  'uniacid' => '2',
  'acid' => '2',
  'is_usecard' => '0',
  'card_type' => '0',
  'card_fee' => '0.10',
  'card_id' => '0',
)
array (
  'result' => 'success',
  'type' => 'credit',
  'from' => 'notify',
  'tid' => '225',
  'user' => '17',
  'fee' => '5.30',
  'weid' => NULL,
  'uniacid' => '2',
  'acid' => '2',
  'is_usecard' => '0',
  'card_type' => '0',
  'card_fee' => '5.30',
  'card_id' => '0',
)
array (
  'result' => 'success',
  'type' => 'credit',
  'from' => 'notify',
  'tid' => '240',
  'user' => '17',
  'fee' => '5.00',
  'weid' => NULL,
  'uniacid' => '2',
  'acid' => '2',
  'is_usecard' => '0',
  'card_type' => '0',
  'card_fee' => '5.00',
  'card_id' => '0',
)
array (
  'weid' => NULL,
  'uniacid' => '2',
  'acid' => '2',
  'result' => 'success',
  'type' => 'wechat',
  'from' => 'notify',
  'tid' => '242',
  'uniontid' => '2018062111224700001227774596',
  'transaction_id' => NULL,
  'trade_type' => 'JSAPI',
  'follow' => 1,
  'user' => 'oIP0X0nRmf4w6LhtWw_cwGj7NlyA',
  'fee' => '0.10',
  'tag' => 
  array (
    'acid' => '2',
    'uid' => '15',
    'transaction_id' => '4200000151201806211965240858',
  ),
  'is_usecard' => '0',
  'card_type' => '0',
  'card_fee' => '0.10',
  'card_id' => '0',
  'paytime' => 1529551403,
)
array (
  'weid' => NULL,
  'uniacid' => '2',
  'acid' => '2',
  'result' => 'success',
  'type' => 'wechat',
  'from' => 'notify',
  'tid' => '244',
  'uniontid' => '2018062114180500001268091928',
  'transaction_id' => NULL,
  'trade_type' => 'JSAPI',
  'follow' => 1,
  'user' => 'oIP0X0nRmf4w6LhtWw_cwGj7NlyA',
  'fee' => '0.20',
  'tag' => 
  array (
    'acid' => '2',
    'uid' => '15',
    'transaction_id' => '4200000144201806212359383158',
  ),
  'is_usecard' => '0',
  'card_type' => '0',
  'card_fee' => '0.20',
  'card_id' => '0',
  'paytime' => 1529561897,
)
array (
  'weid' => NULL,
  'uniacid' => '2',
  'acid' => '2',
  'result' => 'success',
  'type' => 'wechat',
  'from' => 'notify',
  'tid' => '245',
  'uniontid' => '2018062215433400001262206252',
  'transaction_id' => NULL,
  'trade_type' => 'JSAPI',
  'follow' => 1,
  'user' => 'oIP0X0nRmf4w6LhtWw_cwGj7NlyA',
  'fee' => '0.10',
  'tag' => 
  array (
    'acid' => '2',
    'uid' => '15',
    'transaction_id' => '4200000145201806220171138296',
  ),
  'is_usecard' => '0',
  'card_type' => '0',
  'card_fee' => '0.10',
  'card_id' => '0',
  'paytime' => 1529653436,
)
array (
  'weid' => NULL,
  'uniacid' => '2',
  'acid' => '2',
  'result' => 'success',
  'type' => 'wechat',
  'from' => 'notify',
  'tid' => '246',
  'uniontid' => '2018062215550200001214551341',
  'transaction_id' => NULL,
  'trade_type' => 'JSAPI',
  'follow' => 1,
  'user' => 'oIP0X0nRmf4w6LhtWw_cwGj7NlyA',
  'fee' => '0.10',
  'tag' => 
  array (
    'acid' => '2',
    'uid' => '15',
    'transaction_id' => '4200000154201806220817269340',
  ),
  'is_usecard' => '0',
  'card_type' => '0',
  'card_fee' => '0.10',
  'card_id' => '0',
  'paytime' => 1529654114,
)
array (
  'weid' => NULL,
  'uniacid' => '2',
  'acid' => '2',
  'result' => 'success',
  'type' => 'wechat',
  'from' => 'notify',
  'tid' => '247',
  'uniontid' => '2018062216003500001248445478',
  'transaction_id' => NULL,
  'trade_type' => 'JSAPI',
  'follow' => 1,
  'user' => 'oIP0X0nRmf4w6LhtWw_cwGj7NlyA',
  'fee' => '1.05',
  'tag' => 
  array (
    'acid' => '2',
    'uid' => '15',
    'transaction_id' => '4200000143201806229340069654',
  ),
  'is_usecard' => '0',
  'card_type' => '0',
  'card_fee' => '1.05',
  'card_id' => '0',
  'paytime' => 1529654446,
)
array (
  'weid' => NULL,
  'uniacid' => '2',
  'acid' => '2',
  'result' => 'success',
  'type' => 'wechat',
  'from' => 'notify',
  'tid' => '248',
  'uniontid' => '2018062216062600001224053796',
  'transaction_id' => NULL,
  'trade_type' => 'JSAPI',
  'follow' => 1,
  'user' => 'oIP0X0nRmf4w6LhtWw_cwGj7NlyA',
  'fee' => '0.05',
  'tag' => 
  array (
    'acid' => '2',
    'uid' => '15',
    'transaction_id' => '4200000148201806229686008204',
  ),
  'is_usecard' => '0',
  'card_type' => '0',
  'card_fee' => '0.05',
  'card_id' => '0',
  'paytime' => 1529654797,
)
array (
  'weid' => NULL,
  'uniacid' => '2',
  'acid' => '2',
  'result' => 'success',
  'type' => 'wechat',
  'from' => 'notify',
  'tid' => '249',
  'uniontid' => '2018062216191800001246641929',
  'transaction_id' => NULL,
  'trade_type' => 'JSAPI',
  'follow' => 1,
  'user' => 'oIP0X0nRmf4w6LhtWw_cwGj7NlyA',
  'fee' => '0.10',
  'tag' => 
  array (
    'acid' => '2',
    'uid' => '15',
    'transaction_id' => '4200000142201806229595978156',
  ),
  'is_usecard' => '0',
  'card_type' => '0',
  'card_fee' => '0.10',
  'card_id' => '0',
  'paytime' => 1529655568,
)
array (
  'weid' => NULL,
  'uniacid' => '2',
  'acid' => '2',
  'result' => 'success',
  'type' => 'wechat',
  'from' => 'notify',
  'tid' => '250',
  'uniontid' => '2018062216253800001215564454',
  'transaction_id' => NULL,
  'trade_type' => 'JSAPI',
  'follow' => 1,
  'user' => 'oIP0X0nRmf4w6LhtWw_cwGj7NlyA',
  'fee' => '0.10',
  'tag' => 
  array (
    'acid' => '2',
    'uid' => '15',
    'transaction_id' => '4200000149201806221262527408',
  ),
  'is_usecard' => '0',
  'card_type' => '0',
  'card_fee' => '0.10',
  'card_id' => '0',
  'paytime' => 1529655947,
)
array (
  'weid' => NULL,
  'uniacid' => '2',
  'result' => 'success',
  'type' => 'alipay',
  'from' => 'notify',
  'tid' => '251',
  'uniontid' => '2018062217463600001245724295',
  'transaction_id' => '2018062221001004230543073571',
  'user' => '15',
  'fee' => '0.10',
  'is_usecard' => '0',
  'card_type' => '0',
  'card_fee' => '0.10',
  'card_id' => '0',
)
array (
  'weid' => NULL,
  'uniacid' => '2',
  'result' => 'success',
  'type' => 'alipay',
  'from' => 'notify',
  'tid' => '252',
  'uniontid' => '2018062217504100001207404150',
  'transaction_id' => '2018062221001004230541884820',
  'user' => '15',
  'fee' => '0.20',
  'is_usecard' => '0',
  'card_type' => '0',
  'card_fee' => '0.20',
  'card_id' => '0',
)
array (
  'weid' => NULL,
  'uniacid' => '2',
  'result' => 'success',
  'type' => 'alipay',
  'from' => 'notify',
  'tid' => '253',
  'uniontid' => '2018062222095500001220382149',
  'transaction_id' => '2018062221001004230542156318',
  'user' => '15',
  'fee' => '0.30',
  'is_usecard' => '0',
  'card_type' => '0',
  'card_fee' => '0.30',
  'card_id' => '0',
)
array (
  'result' => 'success',
  'type' => 'credit',
  'from' => 'notify',
  'tid' => '254',
  'user' => '15',
  'fee' => '0.10',
  'weid' => NULL,
  'uniacid' => '2',
  'acid' => '2',
  'is_usecard' => '0',
  'card_type' => '0',
  'card_fee' => '0.10',
  'card_id' => '0',
)
array (
  'weid' => NULL,
  'uniacid' => '2',
  'result' => 'success',
  'type' => 'alipay',
  'from' => 'notify',
  'tid' => '256',
  'uniontid' => '2018062314123500001221823248',
  'transaction_id' => '2018062321001004230546064764',
  'user' => '17',
  'fee' => '0.10',
  'is_usecard' => '0',
  'card_type' => '0',
  'card_fee' => '0.10',
  'card_id' => '0',
)
array (
  'weid' => NULL,
  'uniacid' => '2',
  'result' => 'success',
  'type' => 'alipay',
  'from' => 'notify',
  'tid' => '260',
  'uniontid' => '2018062315230500001246438321',
  'transaction_id' => '2018062321001004230545666188',
  'user' => '15',
  'fee' => '0.10',
  'is_usecard' => '0',
  'card_type' => '0',
  'card_fee' => '0.10',
  'card_id' => '0',
)
array (
  'weid' => NULL,
  'uniacid' => '2',
  'result' => 'success',
  'type' => 'alipay',
  'from' => 'notify',
  'tid' => '262',
  'uniontid' => '2018062315543500001232885259',
  'transaction_id' => '2018062321001004230546898869',
  'user' => '15',
  'fee' => '0.20',
  'is_usecard' => '0',
  'card_type' => '0',
  'card_fee' => '0.20',
  'card_id' => '0',
)
array (
  'weid' => NULL,
  'uniacid' => '2',
  'result' => 'success',
  'type' => 'alipay',
  'from' => 'notify',
  'tid' => '263',
  'uniontid' => '2018062315593400001274855106',
  'transaction_id' => '2018062321001004230547104613',
  'user' => '15',
  'fee' => '0.10',
  'is_usecard' => '0',
  'card_type' => '0',
  'card_fee' => '0.10',
  'card_id' => '0',
)
array (
  'weid' => NULL,
  'uniacid' => '2',
  'result' => 'success',
  'type' => 'alipay',
  'from' => 'notify',
  'tid' => '264',
  'uniontid' => '2018062316022900001255620982',
  'transaction_id' => '2018062321001004230545185369',
  'user' => '15',
  'fee' => '0.20',
  'is_usecard' => '0',
  'card_type' => '0',
  'card_fee' => '0.20',
  'card_id' => '0',
)
array (
  'weid' => NULL,
  'uniacid' => '2',
  'result' => 'success',
  'type' => 'alipay',
  'from' => 'notify',
  'tid' => '266',
  'uniontid' => '2018062316174000001228384787',
  'transaction_id' => '2018062321001004230547104820',
  'user' => '15',
  'fee' => '0.10',
  'is_usecard' => '0',
  'card_type' => '0',
  'card_fee' => '0.10',
  'card_id' => '0',
)
array (
  'result' => 'success',
  'type' => 'credit',
  'from' => 'notify',
  'tid' => '267',
  'user' => '15',
  'fee' => '0.10',
  'weid' => NULL,
  'uniacid' => '2',
  'acid' => '2',
  'is_usecard' => '0',
  'card_type' => '0',
  'card_fee' => '0.10',
  'card_id' => '0',
)
array (
  'result' => 'success',
  'type' => 'credit',
  'from' => 'notify',
  'tid' => '271',
  'user' => '15',
  'fee' => '0.10',
  'weid' => NULL,
  'uniacid' => '2',
  'acid' => '2',
  'is_usecard' => '0',
  'card_type' => '0',
  'card_fee' => '0.10',
  'card_id' => '0',
)
array (
  'result' => 'success',
  'type' => 'credit',
  'from' => 'notify',
  'tid' => '302',
  'user' => '17',
  'fee' => '0.10',
  'weid' => NULL,
  'uniacid' => '2',
  'acid' => '2',
  'is_usecard' => '0',
  'card_type' => '0',
  'card_fee' => '0.10',
  'card_id' => '0',
)
array (
  'result' => 'success',
  'type' => 'credit',
  'from' => 'notify',
  'tid' => '304',
  'user' => '17',
  'fee' => '0.10',
  'weid' => NULL,
  'uniacid' => '2',
  'acid' => '2',
  'is_usecard' => '0',
  'card_type' => '0',
  'card_fee' => '0.10',
  'card_id' => '0',
)
array (
  'result' => 'success',
  'type' => 'credit',
  'from' => 'notify',
  'tid' => '308',
  'user' => '15',
  'fee' => '0.01',
  'weid' => NULL,
  'uniacid' => '2',
  'acid' => '2',
  'is_usecard' => '0',
  'card_type' => '0',
  'card_fee' => '0.01',
  'card_id' => '0',
)
array (
  'weid' => NULL,
  'uniacid' => '2',
  'result' => 'success',
  'type' => 'alipay',
  'from' => 'notify',
  'tid' => '318',
  'uniontid' => '2018071410454200001220920881',
  'transaction_id' => '2018071421001004230533316257',
  'user' => '17',
  'fee' => '0.10',
  'is_usecard' => '0',
  'card_type' => '0',
  'card_fee' => '0.10',
  'card_id' => '0',
)
array (
  'result' => 'success',
  'type' => 'credit',
  'from' => 'notify',
  'tid' => '319',
  'user' => '17',
  'fee' => '0.20',
  'weid' => NULL,
  'uniacid' => '2',
  'acid' => '2',
  'is_usecard' => '0',
  'card_type' => '0',
  'card_fee' => '0.20',
  'card_id' => '0',
)
array (
  'weid' => NULL,
  'uniacid' => '2',
  'acid' => '2',
  'result' => 'success',
  'type' => 'wechat',
  'from' => 'notify',
  'tid' => '321',
  'uniontid' => '2018071411185500001293845618',
  'transaction_id' => NULL,
  'trade_type' => 'JSAPI',
  'follow' => 1,
  'user' => 'oIP0X0nRmf4w6LhtWw_cwGj7NlyA',
  'fee' => '0.40',
  'tag' => 
  array (
    'acid' => '2',
    'uid' => '15',
    'transaction_id' => '4200000139201807140234533348',
  ),
  'is_usecard' => '0',
  'card_type' => '0',
  'card_fee' => '0.40',
  'card_id' => '0',
  'paytime' => 1531538345,
)
array (
  'weid' => NULL,
  'uniacid' => '2',
  'result' => 'success',
  'type' => 'alipay',
  'from' => 'notify',
  'tid' => '322',
  'uniontid' => '2018071513151600001298638796',
  'transaction_id' => '2018071521001004230537104450',
  'user' => '15',
  'fee' => '0.10',
  'is_usecard' => '0',
  'card_type' => '0',
  'card_fee' => '0.10',
  'card_id' => '0',
)
array (
  'result' => 'success',
  'type' => 'credit',
  'from' => 'notify',
  'tid' => '323',
  'user' => '15',
  'fee' => '0.10',
  'weid' => NULL,
  'uniacid' => '2',
  'acid' => '2',
  'is_usecard' => '0',
  'card_type' => '0',
  'card_fee' => '0.10',
  'card_id' => '0',
)
array (
  'weid' => NULL,
  'uniacid' => '2',
  'acid' => '2',
  'result' => 'success',
  'type' => 'wechat',
  'from' => 'notify',
  'tid' => '324',
  'uniontid' => '2018071513232100001294618285',
  'transaction_id' => NULL,
  'trade_type' => 'JSAPI',
  'follow' => 1,
  'user' => 'oIP0X0nRmf4w6LhtWw_cwGj7NlyA',
  'fee' => '0.10',
  'tag' => 
  array (
    'acid' => '2',
    'uid' => '15',
    'transaction_id' => '4200000148201807159193756013',
  ),
  'is_usecard' => '0',
  'card_type' => '0',
  'card_fee' => '0.10',
  'card_id' => '0',
  'paytime' => 1531632219,
)
array (
  'result' => 'success',
  'type' => 'credit',
  'from' => 'notify',
  'tid' => '329',
  'user' => '15',
  'fee' => '0.10',
  'weid' => NULL,
  'uniacid' => '2',
  'acid' => '2',
  'is_usecard' => '0',
  'card_type' => '0',
  'card_fee' => '0.10',
  'card_id' => '0',
)
array (
  'result' => 'success',
  'type' => 'credit',
  'from' => 'notify',
  'tid' => '330',
  'user' => '17',
  'fee' => '0.10',
  'weid' => NULL,
  'uniacid' => '2',
  'acid' => '2',
  'is_usecard' => '0',
  'card_type' => '0',
  'card_fee' => '0.10',
  'card_id' => '0',
)
